Log file open, 08/26/22 13:13:54
LogWindows: Failed to load 'aqProf.dll' (GetLastError=126)
LogWindows: File 'aqProf.dll' does not exist
LogWindows: Failed to load 'VtuneApi.dll' (GetLastError=126)
LogWindows: File 'VtuneApi.dll' does not exist
LogWindows: Failed to load 'VtuneApi32e.dll' (GetLastError=126)
LogWindows: File 'VtuneApi32e.dll' does not exist
LogConsoleResponse: Display: Failed to find resolution value strings in scalability ini. Falling back to default.
LogConsoleResponse: Display: Failed to find resolution value strings in scalability ini. Falling back to default.
LogPakFile: Display: Found Pak file ../../../TwoDSSG/Content/Paks/TwoDSSG-WindowsServer.pak attempting to mount.
LogPakFile: Display: Mounting pak file ../../../TwoDSSG/Content/Paks/TwoDSSG-WindowsServer.pak.
LogPakFile: PakFile PrimaryIndexSize=58306
LogPakFile: PakFile PathHashIndexSize=71451
LogPakFile: PakFile FullDirectoryIndexSize=129146
LogShaderLibrary: Display: ShaderCodeLibraryPakFileMountedCallback: PakFile '../../../TwoDSSG/Content/Paks/TwoDSSG-WindowsServer.pak' (chunk index -1, root '../../../') mounted
LogShaderLibrary: Display: ShaderCodeLibraryPakFileMountedCallback: pending pak file info (ChunkID:-1 Root:../../../ File:../../../TwoDSSG/Content/Paks/TwoDSSG-WindowsServer.pak)
LogPakFile: OnPakFileMounted2Time == 0.000079
LogPlatformFile: Not using cached read wrapper
LogTaskGraph: Started task graph with 5 named threads and 9 total threads with 1 sets of task threads.
LogStats: Stats thread started at 0.106009
LogICUInternationalization: ICU TimeZone Detection - Raw Offset: +2:00, Platform Override: ''
LogInit: Display: Loading text-based GConfig....
LogPluginManager: Mounting plugin Paper2D
LogPluginManager: Mounting plugin NativizedAssets
LogPluginManager: Mounting plugin MagicLeapPassableWorld
LogPluginManager: Mounting plugin AISupport
LogPluginManager: Mounting plugin EnvironmentQueryEditor
LogPluginManager: Mounting plugin LightPropagationVolume
LogPluginManager: Mounting plugin CameraShakePreviewer
LogPluginManager: Mounting plugin GameplayCameras
LogPluginManager: Mounting plugin TemplateSequence
LogPluginManager: Mounting plugin LevelSequenceEditor
LogPluginManager: Mounting plugin OodleData
LogPluginManager: Mounting plugin OodleNetwork
LogPluginManager: Mounting plugin AnimationSharing
LogPluginManager: Mounting plugin SignificanceManager
LogPluginManager: Mounting plugin PluginUtils
LogPluginManager: Mounting plugin PropertyAccessEditor
LogPluginManager: Mounting plugin UObjectPlugin
LogPluginManager: Mounting plugin AssetManagerEditor
LogPluginManager: Mounting plugin FacialAnimation
LogPluginManager: Mounting plugin GeometryMode
LogPluginManager: Mounting plugin SpeedTreeImporter
LogPluginManager: Mounting plugin DatasmithContent
LogPluginManager: Mounting plugin VariantManagerContent
LogPluginManager: Mounting plugin AlembicImporter
LogPluginManager: Mounting plugin GeometryCache
LogPluginManager: Mounting plugin AutomationUtils
LogPluginManager: Mounting plugin ScreenshotTools
LogPluginManager: Mounting plugin BackChannel
LogPluginManager: Mounting plugin ChaosClothEditor
LogPluginManager: Mounting plugin ChaosCloth
LogPluginManager: Mounting plugin ChaosEditor
LogPluginManager: Mounting plugin PlanarCut
LogPluginManager: Mounting plugin GeometryProcessing
LogPluginManager: Mounting plugin EditableMesh
LogPluginManager: Mounting plugin GeometryCollectionPlugin
LogPluginManager: Mounting plugin ProceduralMeshComponent
LogPluginManager: Mounting plugin ChaosSolverPlugin
LogPluginManager: Mounting plugin ChaosNiagara
LogPluginManager: Mounting plugin Niagara
LogPluginManager: Mounting plugin PythonScriptPlugin
LogPluginManager: Mounting plugin CharacterAI
LogPluginManager: Mounting plugin MotoSynth
LogPluginManager: Mounting plugin OpenImageDenoise
LogPluginManager: Mounting plugin PlatformCrypto
LogPluginManager: Mounting plugin MagicLeap
LogPluginManager: Mounting plugin MLSDK
LogPluginManager: Mounting plugin MagicLeapLightEstimation
LogPluginManager: Mounting plugin AvfMedia
LogPluginManager: Mounting plugin ImgMedia
LogPluginManager: Mounting plugin MediaCompositing
LogPluginManager: Mounting plugin MeshPainting
LogPluginManager: Mounting plugin TcpMessaging
LogPluginManager: Mounting plugin UdpMessaging
LogPluginManager: Mounting plugin ActorSequence
LogPluginManager: Mounting plugin MatineeToLevelSequence
LogPluginManager: Mounting plugin OnlineSubsystemNull
LogPluginManager: Mounting plugin OnlineSubsystem
LogPluginManager: Mounting plugin OnlineSubsystemUtils
LogPluginManager: Mounting plugin LauncherChunkInstaller
LogPluginManager: Mounting plugin ActorLayerUtilities
LogPluginManager: Mounting plugin AndroidPermission
LogPluginManager: Mounting plugin AppleImageUtils
LogPluginManager: Mounting plugin ArchVisCharacter
LogPluginManager: Mounting plugin AssetTags
LogPluginManager: Mounting plugin AudioCapture
LogPluginManager: Mounting plugin CableComponent
LogPluginManager: Mounting plugin ChunkDownloader
LogPluginManager: Mounting plugin CustomMeshComponent
LogPluginManager: Mounting plugin ExampleDeviceProfileSelector
LogPluginManager: Mounting plugin GooglePAD
LogPluginManager: Mounting plugin LocationServicesBPLibrary
LogPluginManager: Mounting plugin MobilePatchingUtils
LogPluginManager: Mounting plugin OculusVR
LogPluginManager: Mounting plugin OpenXREyeTracker
LogPluginManager: Mounting plugin OpenXR
LogPluginManager: Mounting plugin OpenXRHandTracking
LogPluginManager: Mounting plugin LiveLink
LogPluginManager: Mounting plugin Takes
LogPluginManager: Mounting plugin PhysXVehicles
LogPluginManager: Mounting plugin RuntimePhysXCooking
LogPluginManager: Mounting plugin SoundFields
LogPluginManager: Mounting plugin SteamVR
LogPluginManager: Mounting plugin Synthesis
LogPluginManager: Mounting plugin AudioSynesthesia
LogPluginManager: Mounting plugin WindowsMoviePlayer
LogLuminAPIImpl: Warning: MLSDK not found.  This likely means the MLSDK environment variable is not set.
LogInit: Using libcurl 7.55.1-DEV
LogInit:  - built for x86_64-pc-win32
LogInit:  - supports SSL with OpenSSL/1.1.1
LogInit:  - supports HTTP deflate (compression) using libz 1.2.8
LogInit:  - other features:
LogInit:      CURL_VERSION_SSL
LogInit:      CURL_VERSION_LIBZ
LogInit:      CURL_VERSION_IPV6
LogInit:      CURL_VERSION_ASYNCHDNS
LogInit:      CURL_VERSION_LARGEFILE
LogInit:      CURL_VERSION_IDN
LogInit:  CurlRequestOptions (configurable via config and command line):
LogInit:  - bVerifyPeer = true  - Libcurl will verify peer certificate
LogInit:  - bUseHttpProxy = false  - Libcurl will NOT use HTTP proxy
LogInit:  - bDontReuseConnections = false  - Libcurl will reuse connections
LogInit:  - MaxHostConnections = 16  - Libcurl will limit the number of connections to a host
LogInit:  - LocalHostAddr = Default
LogInit:  - BufferSize = 65536
LogOnline: OSS: Creating online subsystem instance for: NULL
LogInit: WinSock: version 1.1 (2.2), MaxSocks=32767, MaxUdp=65467
LogOnline: OSS: TryLoadSubsystemAndSetDefault: Loaded subsystem for module [NULL]
LogInit: Build: ++UE4+Release-4.27-CL-0
LogInit: Engine Version: 4.27.2-0+++UE4+Release-4.27
LogInit: Compatible Engine Version: 4.27.0-0+++UE4+Release-4.27
LogInit: Net CL: 0
LogInit: OS: Windows 10 (Release 2009) (), CPU: Intel(R) Core(TM) i5-10500 CPU @ 3.10GHz, GPU: NVIDIA GeForce RTX 3070
LogInit: Compiled (64-bit): Aug 26 2022 12:55:47
LogInit: Compiled with Visual C++: 19.29.30145.00
LogInit: Build Configuration: Development
LogInit: Branch Name: ++UE4+Release-4.27
LogInit: Command Line: 
LogInit: Base Directory: C:/Users/Sagi/Documents/Unreal Projects/TwoDSSG 4.27/Packaged/WindowsServer/TwoDSSG/Binaries/Win64/
LogInit: Allocator: binned2
LogInit: Installed Engine Build: 0
LogDevObjectVersion: Number of dev versions registered: 29
LogDevObjectVersion:   Dev-Blueprints (B0D832E4-1F89-4F0D-ACCF-7EB736FD4AA2): 10
LogDevObjectVersion:   Dev-Build (E1C64328-A22C-4D53-A36C-8E866417BD8C): 0
LogDevObjectVersion:   Dev-Core (375EC13C-06E4-48FB-B500-84F0262A717E): 4
LogDevObjectVersion:   Dev-Editor (E4B068ED-F494-42E9-A231-DA0B2E46BB41): 40
LogDevObjectVersion:   Dev-Framework (CFFC743F-43B0-4480-9391-14DF171D2073): 37
LogDevObjectVersion:   Dev-Mobile (B02B49B5-BB20-44E9-A304-32B752E40360): 3
LogDevObjectVersion:   Dev-Networking (A4E4105C-59A1-49B5-A7C5-40C4547EDFEE): 0
LogDevObjectVersion:   Dev-Online (39C831C9-5AE6-47DC-9A44-9C173E1C8E7C): 0
LogDevObjectVersion:   Dev-Physics (78F01B33-EBEA-4F98-B9B4-84EACCB95AA2): 14
LogDevObjectVersion:   Dev-Platform (6631380F-2D4D-43E0-8009-CF276956A95A): 0
LogDevObjectVersion:   Dev-Rendering (12F88B9F-8875-4AFC-A67C-D90C383ABD29): 45
LogDevObjectVersion:   Dev-Sequencer (7B5AE74C-D270-4C10-A958-57980B212A5A): 13
LogDevObjectVersion:   Dev-VR (D7296918-1DD6-4BDD-9DE2-64A83CC13884): 3
LogDevObjectVersion:   Dev-LoadTimes (C2A15278-BFE7-4AFE-6C17-90FF531DF755): 1
LogDevObjectVersion:   Private-Geometry (6EACA3D4-40EC-4CC1-B786-8BED09428FC5): 3
LogDevObjectVersion:   Dev-AnimPhys (29E575DD-E0A3-4627-9D10-D276232CDCEA): 17
LogDevObjectVersion:   Dev-Anim (AF43A65D-7FD3-4947-9873-3E8ED9C1BB05): 15
LogDevObjectVersion:   Dev-ReflectionCapture (6B266CEC-1EC7-4B8F-A30B-E4D90942FC07): 1
LogDevObjectVersion:   Dev-Automation (0DF73D61-A23F-47EA-B727-89E90C41499A): 1
LogDevObjectVersion:   FortniteMain (601D1886-AC64-4F84-AA16-D3DE0DEAC7D6): 47
LogDevObjectVersion:   FortniteRelease (E7086368-6B23-4C58-8439-1B7016265E91): 1
LogDevObjectVersion:   Dev-Enterprise (9DFFBCD6-494F-0158-E221-12823C92A888): 10
LogDevObjectVersion:   Dev-Niagara (F2AED0AC-9AFE-416F-8664-AA7FFA26D6FC): 1
LogDevObjectVersion:   Dev-Destruction (174F1F0B-B4C6-45A5-B13F-2EE8D0FB917D): 10
LogDevObjectVersion:   Dev-Physics-Ext (35F94A83-E258-406C-A318-09F59610247C): 41
LogDevObjectVersion:   Dev-PhysicsMaterial-Chaos (B68FC16E-8B1B-42E2-B453-215C058844FE): 1
LogDevObjectVersion:   Dev-CineCamera (B2E18506-4273-CFC2-A54E-F4BB758BBA07): 1
LogDevObjectVersion:   Dev-VirtualProduction (64F58936-FD1B-42BA-BA96-7289D5D0FA4E): 1
LogDevObjectVersion:   Dev-MediaFramework (6F0ED827-A609-4895-9C91-998D90180EA4): 2
LogInit: Presizing for max 2097152 objects, including 1 objects not considered by GC, pre-allocating 0 bytes for permanent pool.
LogConfig: Applying CVar settings from Section [/Script/Engine.StreamingSettings] File [../../../TwoDSSG/Saved/Config/WindowsServer/Engine.ini]
LogConfig: Setting CVar [[s.MinBulkDataSizeForAsyncLoading:131072]]
LogConfig: Setting CVar [[s.AsyncLoadingThreadEnabled:0]]
LogConfig: Setting CVar [[s.EventDrivenLoaderEnabled:1]]
LogConfig: Setting CVar [[s.WarnIfTimeLimitExceeded:0]]
LogConfig: Setting CVar [[s.TimeLimitExceededMultiplier:1.5]]
LogConfig: Setting CVar [[s.TimeLimitExceededMinTime:0.005]]
LogConfig: Setting CVar [[s.UseBackgroundLevelStreaming:1]]
LogConfig: Setting CVar [[s.PriorityAsyncLoadingExtraTime:15.0]]
LogConfig: Setting CVar [[s.LevelStreamingActorsUpdateTimeLimit:5.0]]
LogConfig: Setting CVar [[s.PriorityLevelStreamingActorsUpdateExtraTime:5.0]]
LogConfig: Setting CVar [[s.LevelStreamingComponentsRegistrationGranularity:10]]
LogConfig: Setting CVar [[s.UnregisterComponentsTimeLimit:1.0]]
LogConfig: Setting CVar [[s.LevelStreamingComponentsUnregistrationGranularity:5]]
LogConfig: Setting CVar [[s.FlushStreamingOnExit:1]]
LogStreaming: Display: Async Loading initialized: Event Driven Loader: true, Async Loading Thread: false, Async Post Load: false
LogInit: Object subsystem initialized
LogConfig: Setting CVar [[con.DebugEarlyDefault:1]]
LogConfig: Setting CVar [[r.setres:1280x720]]
LogConfig: Setting CVar [[fx.NiagaraAllowRuntimeScalabilityChanges:1]]
[2022.08.26-10.13.54:442][  0]LogConfig: Setting CVar [[con.DebugEarlyDefault:1]]
[2022.08.26-10.13.54:442][  0]LogConfig: Setting CVar [[r.setres:1280x720]]
[2022.08.26-10.13.54:442][  0]LogConfig: Setting CVar [[fx.NiagaraAllowRuntimeScalabilityChanges:1]]
[2022.08.26-10.13.54:442][  0]LogConfig: Applying CVar settings from Section [/Script/Engine.RendererSettings] File [../../../TwoDSSG/Saved/Config/WindowsServer/Engine.ini]
[2022.08.26-10.13.54:442][  0]LogConfig: Setting CVar [[r.GPUCrashDebugging:0]]
[2022.08.26-10.13.54:442][  0]LogConfig: Setting CVar [[r.MobileHDR:0]]
[2022.08.26-10.13.54:442][  0]LogConfig: Setting CVar [[r.DefaultFeature.AntiAliasing:0]]
[2022.08.26-10.13.54:442][  0]LogConfig: Setting CVar [[r.TranslucentSortPolicy:2]]
[2022.08.26-10.13.54:442][  0]LogConfig: Setting CVar [[r.DefaultFeature.AutoExposure:1]]
[2022.08.26-10.13.54:442][  0]LogConfig: Applying CVar settings from Section [/Script/Engine.RendererOverrideSettings] File [../../../TwoDSSG/Saved/Config/WindowsServer/Engine.ini]
[2022.08.26-10.13.54:442][  0]LogConfig: Applying CVar settings from Section [/Script/Engine.StreamingSettings] File [../../../TwoDSSG/Saved/Config/WindowsServer/Engine.ini]
[2022.08.26-10.13.54:442][  0]LogConfig: Setting CVar [[s.MinBulkDataSizeForAsyncLoading:131072]]
[2022.08.26-10.13.54:442][  0]LogConfig: Setting CVar [[s.AsyncLoadingThreadEnabled:0]]
[2022.08.26-10.13.54:442][  0]LogConfig: Setting CVar [[s.EventDrivenLoaderEnabled:1]]
[2022.08.26-10.13.54:442][  0]LogConfig: Setting CVar [[s.WarnIfTimeLimitExceeded:0]]
[2022.08.26-10.13.54:442][  0]LogConfig: Setting CVar [[s.TimeLimitExceededMultiplier:1.5]]
[2022.08.26-10.13.54:442][  0]LogConfig: Setting CVar [[s.TimeLimitExceededMinTime:0.005]]
[2022.08.26-10.13.54:442][  0]LogConfig: Setting CVar [[s.UseBackgroundLevelStreaming:1]]
[2022.08.26-10.13.54:442][  0]LogConfig: Setting CVar [[s.PriorityAsyncLoadingExtraTime:15.0]]
[2022.08.26-10.13.54:442][  0]LogConfig: Setting CVar [[s.LevelStreamingActorsUpdateTimeLimit:5.0]]
[2022.08.26-10.13.54:442][  0]LogConfig: Setting CVar [[s.PriorityLevelStreamingActorsUpdateExtraTime:5.0]]
[2022.08.26-10.13.54:442][  0]LogConfig: Setting CVar [[s.LevelStreamingComponentsRegistrationGranularity:10]]
[2022.08.26-10.13.54:442][  0]LogConfig: Setting CVar [[s.UnregisterComponentsTimeLimit:1.0]]
[2022.08.26-10.13.54:442][  0]LogConfig: Setting CVar [[s.LevelStreamingComponentsUnregistrationGranularity:5]]
[2022.08.26-10.13.54:442][  0]LogConfig: Setting CVar [[s.FlushStreamingOnExit:1]]
[2022.08.26-10.13.54:442][  0]LogConfig: Applying CVar settings from Section [/Script/Engine.GarbageCollectionSettings] File [../../../TwoDSSG/Saved/Config/WindowsServer/Engine.ini]
[2022.08.26-10.13.54:442][  0]LogConfig: Setting CVar [[gc.MaxObjectsNotConsideredByGC:1]]
[2022.08.26-10.13.54:442][  0]LogConfig: Setting CVar [[gc.SizeOfPermanentObjectPool:0]]
[2022.08.26-10.13.54:442][  0]LogConfig: Setting CVar [[gc.FlushStreamingOnGC:0]]
[2022.08.26-10.13.54:442][  0]LogConfig: Setting CVar [[gc.NumRetriesBeforeForcingGC:10]]
[2022.08.26-10.13.54:442][  0]LogConfig: Setting CVar [[gc.AllowParallelGC:1]]
[2022.08.26-10.13.54:442][  0]LogConfig: Setting CVar [[gc.TimeBetweenPurgingPendingKillObjects:61.1]]
[2022.08.26-10.13.54:442][  0]LogConfig: Setting CVar [[gc.MaxObjectsInEditor:25165824]]
[2022.08.26-10.13.54:442][  0]LogConfig: Setting CVar [[gc.IncrementalBeginDestroyEnabled:1]]
[2022.08.26-10.13.54:442][  0]LogConfig: Setting CVar [[gc.CreateGCClusters:1]]
[2022.08.26-10.13.54:442][  0]LogConfig: Setting CVar [[gc.MinGCClusterSize:5]]
[2022.08.26-10.13.54:442][  0]LogConfig: Setting CVar [[gc.ActorClusteringEnabled:0]]
[2022.08.26-10.13.54:442][  0]LogConfig: Setting CVar [[gc.BlueprintClusteringEnabled:0]]
[2022.08.26-10.13.54:443][  0]LogConfig: Setting CVar [[gc.UseDisregardForGCOnDedicatedServers:0]]
[2022.08.26-10.13.54:443][  0]LogConfig: Setting CVar [[gc.MultithreadedDestructionEnabled:1]]
[2022.08.26-10.13.54:443][  0]LogConfig: Applying CVar settings from Section [/Script/Engine.NetworkSettings] File [../../../TwoDSSG/Saved/Config/WindowsServer/Engine.ini]
[2022.08.26-10.13.54:443][  0]LogConfig: Applying CVar settings from Section [ViewDistanceQuality@3] File [../../../TwoDSSG/Saved/Config/WindowsServer/Scalability.ini]
[2022.08.26-10.13.54:443][  0]LogConfig: Setting CVar [[r.SkeletalMeshLODBias:0]]
[2022.08.26-10.13.54:443][  0]LogConfig: Setting CVar [[r.ViewDistanceScale:1.0]]
[2022.08.26-10.13.54:443][  0]LogConfig: Applying CVar settings from Section [AntiAliasingQuality@3] File [../../../TwoDSSG/Saved/Config/WindowsServer/Scalability.ini]
[2022.08.26-10.13.54:443][  0]LogConfig: Setting CVar [[r.PostProcessAAQuality:4]]
[2022.08.26-10.13.54:443][  0]LogConfig: Applying CVar settings from Section [ShadowQuality@3] File [../../../TwoDSSG/Saved/Config/WindowsServer/Scalability.ini]
[2022.08.26-10.13.54:443][  0]LogConfig: Setting CVar [[r.LightFunctionQuality:1]]
[2022.08.26-10.13.54:443][  0]LogConfig: Setting CVar [[r.ShadowQuality:5]]
[2022.08.26-10.13.54:443][  0]LogConfig: Setting CVar [[r.Shadow.CSM.MaxCascades:10]]
[2022.08.26-10.13.54:443][  0]LogConfig: Setting CVar [[r.Shadow.MaxResolution:2048]]
[2022.08.26-10.13.54:443][  0]LogConfig: Setting CVar [[r.Shadow.MaxCSMResolution:2048]]
[2022.08.26-10.13.54:443][  0]LogConfig: Setting CVar [[r.Shadow.RadiusThreshold:0.01]]
[2022.08.26-10.13.54:443][  0]LogConfig: Setting CVar [[r.Shadow.DistanceScale:1.0]]
[2022.08.26-10.13.54:443][  0]LogConfig: Setting CVar [[r.Shadow.CSM.TransitionScale:1.0]]
[2022.08.26-10.13.54:443][  0]LogConfig: Setting CVar [[r.Shadow.PreShadowResolutionFactor:1.0]]
[2022.08.26-10.13.54:443][  0]LogConfig: Setting CVar [[r.DistanceFieldShadowing:1]]
[2022.08.26-10.13.54:443][  0]LogConfig: Setting CVar [[r.DistanceFieldAO:1]]
[2022.08.26-10.13.54:443][  0]LogConfig: Setting CVar [[r.AOQuality:2]]
[2022.08.26-10.13.54:443][  0]LogConfig: Setting CVar [[r.VolumetricFog:1]]
[2022.08.26-10.13.54:443][  0]LogConfig: Setting CVar [[r.VolumetricFog.GridPixelSize:8]]
[2022.08.26-10.13.54:443][  0]LogConfig: Setting CVar [[r.VolumetricFog.GridSizeZ:128]]
[2022.08.26-10.13.54:443][  0]LogConfig: Setting CVar [[r.VolumetricFog.HistoryMissSupersampleCount:4]]
[2022.08.26-10.13.54:443][  0]LogConfig: Setting CVar [[r.LightMaxDrawDistanceScale:1]]
[2022.08.26-10.13.54:443][  0]LogConfig: Setting CVar [[r.CapsuleShadows:1]]
[2022.08.26-10.13.54:443][  0]LogConfig: Applying CVar settings from Section [PostProcessQuality@3] File [../../../TwoDSSG/Saved/Config/WindowsServer/Scalability.ini]
[2022.08.26-10.13.54:443][  0]LogConfig: Setting CVar [[r.MotionBlurQuality:4]]
[2022.08.26-10.13.54:443][  0]LogConfig: Setting CVar [[r.AmbientOcclusionMipLevelFactor:0.4]]
[2022.08.26-10.13.54:443][  0]LogConfig: Setting CVar [[r.AmbientOcclusionMaxQuality:100]]
[2022.08.26-10.13.54:443][  0]LogConfig: Setting CVar [[r.AmbientOcclusionLevels:-1]]
[2022.08.26-10.13.54:443][  0]LogConfig: Setting CVar [[r.AmbientOcclusionRadiusScale:1.0]]
[2022.08.26-10.13.54:443][  0]LogConfig: Setting CVar [[r.DepthOfFieldQuality:2]]
[2022.08.26-10.13.54:443][  0]LogConfig: Setting CVar [[r.RenderTargetPoolMin:400]]
[2022.08.26-10.13.54:443][  0]LogConfig: Setting CVar [[r.LensFlareQuality:2]]
[2022.08.26-10.13.54:443][  0]LogConfig: Setting CVar [[r.SceneColorFringeQuality:1]]
[2022.08.26-10.13.54:443][  0]LogConfig: Setting CVar [[r.EyeAdaptationQuality:2]]
[2022.08.26-10.13.54:443][  0]LogConfig: Setting CVar [[r.BloomQuality:5]]
[2022.08.26-10.13.54:443][  0]LogConfig: Setting CVar [[r.FastBlurThreshold:100]]
[2022.08.26-10.13.54:443][  0]LogConfig: Setting CVar [[r.Upscale.Quality:3]]
[2022.08.26-10.13.54:443][  0]LogConfig: Setting CVar [[r.Tonemapper.GrainQuantization:1]]
[2022.08.26-10.13.54:443][  0]LogConfig: Setting CVar [[r.LightShaftQuality:1]]
[2022.08.26-10.13.54:443][  0]LogConfig: Setting CVar [[r.Filter.SizeScale:1]]
[2022.08.26-10.13.54:443][  0]LogConfig: Setting CVar [[r.Tonemapper.Quality:5]]
[2022.08.26-10.13.54:443][  0]LogConfig: Setting CVar [[r.DOF.Gather.AccumulatorQuality:1        ; higher gathering accumulator quality]]
[2022.08.26-10.13.54:443][  0]LogConfig: Setting CVar [[r.DOF.Gather.PostfilterMethod:1          ; Median3x3 postfilering method]]
[2022.08.26-10.13.54:443][  0]LogConfig: Setting CVar [[r.DOF.Gather.EnableBokehSettings:0       ; no bokeh simulation when gathering]]
[2022.08.26-10.13.54:443][  0]LogConfig: Setting CVar [[r.DOF.Gather.RingCount:4                 ; medium number of samples when gathering]]
[2022.08.26-10.13.54:443][  0]LogConfig: Setting CVar [[r.DOF.Scatter.ForegroundCompositing:1    ; additive foreground scattering]]
[2022.08.26-10.13.54:443][  0]LogConfig: Setting CVar [[r.DOF.Scatter.BackgroundCompositing:2    ; additive background scattering]]
[2022.08.26-10.13.54:443][  0]LogConfig: Setting CVar [[r.DOF.Scatter.EnableBokehSettings:1      ; bokeh simulation when scattering]]
[2022.08.26-10.13.54:443][  0]LogConfig: Setting CVar [[r.DOF.Scatter.MaxSpriteRatio:0.1         ; only a maximum of 10% of scattered bokeh]]
[2022.08.26-10.13.54:443][  0]LogConfig: Setting CVar [[r.DOF.Recombine.Quality:1                ; cheap slight out of focus]]
[2022.08.26-10.13.54:443][  0]LogConfig: Setting CVar [[r.DOF.Recombine.EnableBokehSettings:0    ; no bokeh simulation on slight out of focus]]
[2022.08.26-10.13.54:443][  0]LogConfig: Setting CVar [[r.DOF.TemporalAAQuality:1                ; more stable temporal accumulation]]
[2022.08.26-10.13.54:443][  0]LogConfig: Setting CVar [[r.DOF.Kernel.MaxForegroundRadius:0.025]]
[2022.08.26-10.13.54:443][  0]LogConfig: Setting CVar [[r.DOF.Kernel.MaxBackgroundRadius:0.025]]
[2022.08.26-10.13.54:443][  0]LogConfig: Applying CVar settings from Section [TextureQuality@3] File [../../../TwoDSSG/Saved/Config/WindowsServer/Scalability.ini]
[2022.08.26-10.13.54:443][  0]LogConfig: Setting CVar [[r.Streaming.MipBias:0]]
[2022.08.26-10.13.54:443][  0]LogConfig: Setting CVar [[r.Streaming.AmortizeCPUToGPUCopy:0]]
[2022.08.26-10.13.54:443][  0]LogConfig: Setting CVar [[r.Streaming.MaxNumTexturesToStreamPerFrame:0]]
[2022.08.26-10.13.54:443][  0]LogConfig: Setting CVar [[r.Streaming.Boost:1]]
[2022.08.26-10.13.54:443][  0]LogConfig: Setting CVar [[r.MaxAnisotropy:8]]
[2022.08.26-10.13.54:443][  0]LogConfig: Setting CVar [[r.VT.MaxAnisotropy:8]]
[2022.08.26-10.13.54:443][  0]LogConfig: Setting CVar [[r.Streaming.LimitPoolSizeToVRAM:0]]
[2022.08.26-10.13.54:443][  0]LogConfig: Setting CVar [[r.Streaming.PoolSize:1000]]
[2022.08.26-10.13.54:443][  0]LogConfig: Setting CVar [[r.Streaming.MaxEffectiveScreenSize:0]]
[2022.08.26-10.13.54:443][  0]LogConfig: Applying CVar settings from Section [EffectsQuality@3] File [../../../TwoDSSG/Saved/Config/WindowsServer/Scalability.ini]
[2022.08.26-10.13.54:443][  0]LogConfig: Setting CVar [[r.TranslucencyLightingVolumeDim:64]]
[2022.08.26-10.13.54:443][  0]LogConfig: Setting CVar [[r.RefractionQuality:2]]
[2022.08.26-10.13.54:443][  0]LogConfig: Setting CVar [[r.SSR.Quality:3]]
[2022.08.26-10.13.54:443][  0]LogConfig: Setting CVar [[r.SSR.HalfResSceneColor:0]]
[2022.08.26-10.13.54:443][  0]LogConfig: Setting CVar [[r.SceneColorFormat:4]]
[2022.08.26-10.13.54:443][  0]LogConfig: Setting CVar [[r.DetailMode:2]]
[2022.08.26-10.13.54:443][  0]LogConfig: Setting CVar [[r.TranslucencyVolumeBlur:1]]
[2022.08.26-10.13.54:443][  0]LogConfig: Setting CVar [[r.MaterialQualityLevel:1 ; High quality]]
[2022.08.26-10.13.54:443][  0]LogConfig: Setting CVar [[r.AnisotropicMaterials:1]]
[2022.08.26-10.13.54:443][  0]LogConfig: Setting CVar [[r.SSS.Scale:1]]
[2022.08.26-10.13.54:443][  0]LogConfig: Setting CVar [[r.SSS.SampleSet:2]]
[2022.08.26-10.13.54:443][  0]LogConfig: Setting CVar [[r.SSS.Quality:1]]
[2022.08.26-10.13.54:443][  0]LogConfig: Setting CVar [[r.SSS.HalfRes:0]]
[2022.08.26-10.13.54:443][  0]LogConfig: Setting CVar [[r.SSGI.Quality:3]]
[2022.08.26-10.13.54:443][  0]LogConfig: Setting CVar [[r.EmitterSpawnRateScale:1.0]]
[2022.08.26-10.13.54:443][  0]LogConfig: Setting CVar [[r.ParticleLightQuality:2]]
[2022.08.26-10.13.54:443][  0]LogConfig: Setting CVar [[r.SkyAtmosphere.AerialPerspectiveLUT.FastApplyOnOpaque:1 ; Always have FastSkyLUT 1 in this case to avoid wrong sky]]
[2022.08.26-10.13.54:443][  0]LogConfig: Setting CVar [[r.SkyAtmosphere.AerialPerspectiveLUT.SampleCountMaxPerSlice:4]]
[2022.08.26-10.13.54:443][  0]LogConfig: Setting CVar [[r.SkyAtmosphere.AerialPerspectiveLUT.DepthResolution:16.0]]
[2022.08.26-10.13.54:443][  0]LogConfig: Setting CVar [[r.SkyAtmosphere.FastSkyLUT:1]]
[2022.08.26-10.13.54:443][  0]LogConfig: Setting CVar [[r.SkyAtmosphere.FastSkyLUT.SampleCountMin:4.0]]
[2022.08.26-10.13.54:443][  0]LogConfig: Setting CVar [[r.SkyAtmosphere.FastSkyLUT.SampleCountMax:128.0]]
[2022.08.26-10.13.54:443][  0]LogConfig: Setting CVar [[r.SkyAtmosphere.SampleCountMin:4.0]]
[2022.08.26-10.13.54:443][  0]LogConfig: Setting CVar [[r.SkyAtmosphere.SampleCountMax:128.0]]
[2022.08.26-10.13.54:444][  0]LogConfig: Setting CVar [[r.SkyAtmosphere.TransmittanceLUT.UseSmallFormat:0]]
[2022.08.26-10.13.54:444][  0]LogConfig: Setting CVar [[r.SkyAtmosphere.TransmittanceLUT.SampleCount:10.0]]
[2022.08.26-10.13.54:444][  0]LogConfig: Setting CVar [[r.SkyAtmosphere.MultiScatteringLUT.SampleCount:15.0]]
[2022.08.26-10.13.54:444][  0]LogConfig: Setting CVar [[r.SkyLight.RealTimeReflectionCapture:1]]
[2022.08.26-10.13.54:444][  0]LogConfig: Setting CVar [[fx.Niagara.QualityLevel:3]]
[2022.08.26-10.13.54:444][  0]LogConfig: Applying CVar settings from Section [FoliageQuality@3] File [../../../TwoDSSG/Saved/Config/WindowsServer/Scalability.ini]
[2022.08.26-10.13.54:444][  0]LogConfig: Setting CVar [[foliage.DensityScale:1.0]]
[2022.08.26-10.13.54:444][  0]LogConfig: Setting CVar [[grass.DensityScale:1.0]]
[2022.08.26-10.13.54:444][  0]LogConfig: Applying CVar settings from Section [ShadingQuality@3] File [../../../TwoDSSG/Saved/Config/WindowsServer/Scalability.ini]
[2022.08.26-10.13.54:444][  0]LogConfig: Setting CVar [[r.HairStrands.SkyLighting.IntegrationType:2]]
[2022.08.26-10.13.54:444][  0]LogConfig: Setting CVar [[r.HairStrands.SkyAO.SampleCount:4]]
[2022.08.26-10.13.54:444][  0]LogConfig: Setting CVar [[r.HairStrands.Visibility.MSAA.SamplePerPixel:4]]
[2022.08.26-10.13.54:444][  0]LogInit: Selected Device Profile: [WindowsServer]
[2022.08.26-10.13.54:444][  0]LogInit: Applying CVar settings loaded from the selected device profile: [WindowsServer]
[2022.08.26-10.13.54:444][  0]LogHAL: Display: Platform has ~ 16 GB [17112363008 / 17179869184 / 16], which maps to Larger [LargestMinGB=32, LargerMinGB=12, DefaultMinGB=8, SmallerMinGB=6, SmallestMinGB=0)
[2022.08.26-10.13.54:444][  0]LogInit: Going up to parent DeviceProfile [Windows]
[2022.08.26-10.13.54:444][  0]LogInit: Going up to parent DeviceProfile []
[2022.08.26-10.13.54:444][  0]LogConfig: Applying CVar settings from Section [ViewDistanceQuality@3] File [../../../TwoDSSG/Saved/Config/WindowsServer/Scalability.ini]
[2022.08.26-10.13.54:444][  0]LogConfig: Setting CVar [[r.SkeletalMeshLODBias:0]]
[2022.08.26-10.13.54:444][  0]LogConfig: Setting CVar [[r.ViewDistanceScale:1.0]]
[2022.08.26-10.13.54:444][  0]LogConfig: Applying CVar settings from Section [AntiAliasingQuality@3] File [../../../TwoDSSG/Saved/Config/WindowsServer/Scalability.ini]
[2022.08.26-10.13.54:444][  0]LogConfig: Setting CVar [[r.PostProcessAAQuality:4]]
[2022.08.26-10.13.54:444][  0]LogConfig: Applying CVar settings from Section [ShadowQuality@3] File [../../../TwoDSSG/Saved/Config/WindowsServer/Scalability.ini]
[2022.08.26-10.13.54:444][  0]LogConfig: Setting CVar [[r.LightFunctionQuality:1]]
[2022.08.26-10.13.54:444][  0]LogConfig: Setting CVar [[r.ShadowQuality:5]]
[2022.08.26-10.13.54:444][  0]LogConfig: Setting CVar [[r.Shadow.CSM.MaxCascades:10]]
[2022.08.26-10.13.54:444][  0]LogConfig: Setting CVar [[r.Shadow.MaxResolution:2048]]
[2022.08.26-10.13.54:444][  0]LogConfig: Setting CVar [[r.Shadow.MaxCSMResolution:2048]]
[2022.08.26-10.13.54:444][  0]LogConfig: Setting CVar [[r.Shadow.RadiusThreshold:0.01]]
[2022.08.26-10.13.54:444][  0]LogConfig: Setting CVar [[r.Shadow.DistanceScale:1.0]]
[2022.08.26-10.13.54:444][  0]LogConfig: Setting CVar [[r.Shadow.CSM.TransitionScale:1.0]]
[2022.08.26-10.13.54:444][  0]LogConfig: Setting CVar [[r.Shadow.PreShadowResolutionFactor:1.0]]
[2022.08.26-10.13.54:444][  0]LogConfig: Setting CVar [[r.DistanceFieldShadowing:1]]
[2022.08.26-10.13.54:444][  0]LogConfig: Setting CVar [[r.DistanceFieldAO:1]]
[2022.08.26-10.13.54:444][  0]LogConfig: Setting CVar [[r.AOQuality:2]]
[2022.08.26-10.13.54:444][  0]LogConfig: Setting CVar [[r.VolumetricFog:1]]
[2022.08.26-10.13.54:444][  0]LogConfig: Setting CVar [[r.VolumetricFog.GridPixelSize:8]]
[2022.08.26-10.13.54:444][  0]LogConfig: Setting CVar [[r.VolumetricFog.GridSizeZ:128]]
[2022.08.26-10.13.54:444][  0]LogConfig: Setting CVar [[r.VolumetricFog.HistoryMissSupersampleCount:4]]
[2022.08.26-10.13.54:444][  0]LogConfig: Setting CVar [[r.LightMaxDrawDistanceScale:1]]
[2022.08.26-10.13.54:444][  0]LogConfig: Setting CVar [[r.CapsuleShadows:1]]
[2022.08.26-10.13.54:444][  0]LogConfig: Applying CVar settings from Section [PostProcessQuality@3] File [../../../TwoDSSG/Saved/Config/WindowsServer/Scalability.ini]
[2022.08.26-10.13.54:444][  0]LogConfig: Setting CVar [[r.MotionBlurQuality:4]]
[2022.08.26-10.13.54:444][  0]LogConfig: Setting CVar [[r.AmbientOcclusionMipLevelFactor:0.4]]
[2022.08.26-10.13.54:444][  0]LogConfig: Setting CVar [[r.AmbientOcclusionMaxQuality:100]]
[2022.08.26-10.13.54:444][  0]LogConfig: Setting CVar [[r.AmbientOcclusionLevels:-1]]
[2022.08.26-10.13.54:444][  0]LogConfig: Setting CVar [[r.AmbientOcclusionRadiusScale:1.0]]
[2022.08.26-10.13.54:444][  0]LogConfig: Setting CVar [[r.DepthOfFieldQuality:2]]
[2022.08.26-10.13.54:444][  0]LogConfig: Setting CVar [[r.RenderTargetPoolMin:400]]
[2022.08.26-10.13.54:444][  0]LogConfig: Setting CVar [[r.LensFlareQuality:2]]
[2022.08.26-10.13.54:444][  0]LogConfig: Setting CVar [[r.SceneColorFringeQuality:1]]
[2022.08.26-10.13.54:444][  0]LogConfig: Setting CVar [[r.EyeAdaptationQuality:2]]
[2022.08.26-10.13.54:444][  0]LogConfig: Setting CVar [[r.BloomQuality:5]]
[2022.08.26-10.13.54:444][  0]LogConfig: Setting CVar [[r.FastBlurThreshold:100]]
[2022.08.26-10.13.54:444][  0]LogConfig: Setting CVar [[r.Upscale.Quality:3]]
[2022.08.26-10.13.54:444][  0]LogConfig: Setting CVar [[r.Tonemapper.GrainQuantization:1]]
[2022.08.26-10.13.54:444][  0]LogConfig: Setting CVar [[r.LightShaftQuality:1]]
[2022.08.26-10.13.54:444][  0]LogConfig: Setting CVar [[r.Filter.SizeScale:1]]
[2022.08.26-10.13.54:444][  0]LogConfig: Setting CVar [[r.Tonemapper.Quality:5]]
[2022.08.26-10.13.54:444][  0]LogConfig: Setting CVar [[r.DOF.Gather.AccumulatorQuality:1        ; higher gathering accumulator quality]]
[2022.08.26-10.13.54:444][  0]LogConfig: Setting CVar [[r.DOF.Gather.PostfilterMethod:1          ; Median3x3 postfilering method]]
[2022.08.26-10.13.54:444][  0]LogConfig: Setting CVar [[r.DOF.Gather.EnableBokehSettings:0       ; no bokeh simulation when gathering]]
[2022.08.26-10.13.54:444][  0]LogConfig: Setting CVar [[r.DOF.Gather.RingCount:4                 ; medium number of samples when gathering]]
[2022.08.26-10.13.54:444][  0]LogConfig: Setting CVar [[r.DOF.Scatter.ForegroundCompositing:1    ; additive foreground scattering]]
[2022.08.26-10.13.54:444][  0]LogConfig: Setting CVar [[r.DOF.Scatter.BackgroundCompositing:2    ; additive background scattering]]
[2022.08.26-10.13.54:444][  0]LogConfig: Setting CVar [[r.DOF.Scatter.EnableBokehSettings:1      ; bokeh simulation when scattering]]
[2022.08.26-10.13.54:444][  0]LogConfig: Setting CVar [[r.DOF.Scatter.MaxSpriteRatio:0.1         ; only a maximum of 10% of scattered bokeh]]
[2022.08.26-10.13.54:444][  0]LogConfig: Setting CVar [[r.DOF.Recombine.Quality:1                ; cheap slight out of focus]]
[2022.08.26-10.13.54:444][  0]LogConfig: Setting CVar [[r.DOF.Recombine.EnableBokehSettings:0    ; no bokeh simulation on slight out of focus]]
[2022.08.26-10.13.54:444][  0]LogConfig: Setting CVar [[r.DOF.TemporalAAQuality:1                ; more stable temporal accumulation]]
[2022.08.26-10.13.54:444][  0]LogConfig: Setting CVar [[r.DOF.Kernel.MaxForegroundRadius:0.025]]
[2022.08.26-10.13.54:444][  0]LogConfig: Setting CVar [[r.DOF.Kernel.MaxBackgroundRadius:0.025]]
[2022.08.26-10.13.54:444][  0]LogConfig: Applying CVar settings from Section [TextureQuality@3] File [../../../TwoDSSG/Saved/Config/WindowsServer/Scalability.ini]
[2022.08.26-10.13.54:444][  0]LogConfig: Setting CVar [[r.Streaming.MipBias:0]]
[2022.08.26-10.13.54:444][  0]LogConfig: Setting CVar [[r.Streaming.AmortizeCPUToGPUCopy:0]]
[2022.08.26-10.13.54:444][  0]LogConfig: Setting CVar [[r.Streaming.MaxNumTexturesToStreamPerFrame:0]]
[2022.08.26-10.13.54:444][  0]LogConfig: Setting CVar [[r.Streaming.Boost:1]]
[2022.08.26-10.13.54:444][  0]LogConfig: Setting CVar [[r.MaxAnisotropy:8]]
[2022.08.26-10.13.54:444][  0]LogConfig: Setting CVar [[r.VT.MaxAnisotropy:8]]
[2022.08.26-10.13.54:444][  0]LogConfig: Setting CVar [[r.Streaming.LimitPoolSizeToVRAM:0]]
[2022.08.26-10.13.54:444][  0]LogConfig: Setting CVar [[r.Streaming.PoolSize:1000]]
[2022.08.26-10.13.54:444][  0]LogConfig: Setting CVar [[r.Streaming.MaxEffectiveScreenSize:0]]
[2022.08.26-10.13.54:444][  0]LogConfig: Applying CVar settings from Section [EffectsQuality@3] File [../../../TwoDSSG/Saved/Config/WindowsServer/Scalability.ini]
[2022.08.26-10.13.54:444][  0]LogConfig: Setting CVar [[r.TranslucencyLightingVolumeDim:64]]
[2022.08.26-10.13.54:445][  0]LogConfig: Setting CVar [[r.RefractionQuality:2]]
[2022.08.26-10.13.54:445][  0]LogConfig: Setting CVar [[r.SSR.Quality:3]]
[2022.08.26-10.13.54:445][  0]LogConfig: Setting CVar [[r.SSR.HalfResSceneColor:0]]
[2022.08.26-10.13.54:445][  0]LogConfig: Setting CVar [[r.SceneColorFormat:4]]
[2022.08.26-10.13.54:445][  0]LogConfig: Setting CVar [[r.DetailMode:2]]
[2022.08.26-10.13.54:445][  0]LogConfig: Setting CVar [[r.TranslucencyVolumeBlur:1]]
[2022.08.26-10.13.54:445][  0]LogConfig: Setting CVar [[r.MaterialQualityLevel:1 ; High quality]]
[2022.08.26-10.13.54:445][  0]LogConfig: Setting CVar [[r.AnisotropicMaterials:1]]
[2022.08.26-10.13.54:445][  0]LogConfig: Setting CVar [[r.SSS.Scale:1]]
[2022.08.26-10.13.54:445][  0]LogConfig: Setting CVar [[r.SSS.SampleSet:2]]
[2022.08.26-10.13.54:445][  0]LogConfig: Setting CVar [[r.SSS.Quality:1]]
[2022.08.26-10.13.54:445][  0]LogConfig: Setting CVar [[r.SSS.HalfRes:0]]
[2022.08.26-10.13.54:445][  0]LogConfig: Setting CVar [[r.SSGI.Quality:3]]
[2022.08.26-10.13.54:445][  0]LogConfig: Setting CVar [[r.EmitterSpawnRateScale:1.0]]
[2022.08.26-10.13.54:445][  0]LogConfig: Setting CVar [[r.ParticleLightQuality:2]]
[2022.08.26-10.13.54:445][  0]LogConfig: Setting CVar [[r.SkyAtmosphere.AerialPerspectiveLUT.FastApplyOnOpaque:1 ; Always have FastSkyLUT 1 in this case to avoid wrong sky]]
[2022.08.26-10.13.54:445][  0]LogConfig: Setting CVar [[r.SkyAtmosphere.AerialPerspectiveLUT.SampleCountMaxPerSlice:4]]
[2022.08.26-10.13.54:445][  0]LogConfig: Setting CVar [[r.SkyAtmosphere.AerialPerspectiveLUT.DepthResolution:16.0]]
[2022.08.26-10.13.54:445][  0]LogConfig: Setting CVar [[r.SkyAtmosphere.FastSkyLUT:1]]
[2022.08.26-10.13.54:445][  0]LogConfig: Setting CVar [[r.SkyAtmosphere.FastSkyLUT.SampleCountMin:4.0]]
[2022.08.26-10.13.54:445][  0]LogConfig: Setting CVar [[r.SkyAtmosphere.FastSkyLUT.SampleCountMax:128.0]]
[2022.08.26-10.13.54:445][  0]LogConfig: Setting CVar [[r.SkyAtmosphere.SampleCountMin:4.0]]
[2022.08.26-10.13.54:445][  0]LogConfig: Setting CVar [[r.SkyAtmosphere.SampleCountMax:128.0]]
[2022.08.26-10.13.54:445][  0]LogConfig: Setting CVar [[r.SkyAtmosphere.TransmittanceLUT.UseSmallFormat:0]]
[2022.08.26-10.13.54:445][  0]LogConfig: Setting CVar [[r.SkyAtmosphere.TransmittanceLUT.SampleCount:10.0]]
[2022.08.26-10.13.54:445][  0]LogConfig: Setting CVar [[r.SkyAtmosphere.MultiScatteringLUT.SampleCount:15.0]]
[2022.08.26-10.13.54:445][  0]LogConfig: Setting CVar [[r.SkyLight.RealTimeReflectionCapture:1]]
[2022.08.26-10.13.54:445][  0]LogConfig: Setting CVar [[fx.Niagara.QualityLevel:3]]
[2022.08.26-10.13.54:445][  0]LogConfig: Applying CVar settings from Section [FoliageQuality@3] File [../../../TwoDSSG/Saved/Config/WindowsServer/Scalability.ini]
[2022.08.26-10.13.54:445][  0]LogConfig: Setting CVar [[foliage.DensityScale:1.0]]
[2022.08.26-10.13.54:445][  0]LogConfig: Setting CVar [[grass.DensityScale:1.0]]
[2022.08.26-10.13.54:445][  0]LogConfig: Applying CVar settings from Section [ShadingQuality@3] File [../../../TwoDSSG/Saved/Config/WindowsServer/Scalability.ini]
[2022.08.26-10.13.54:445][  0]LogConfig: Setting CVar [[r.HairStrands.SkyLighting.IntegrationType:2]]
[2022.08.26-10.13.54:445][  0]LogConfig: Setting CVar [[r.HairStrands.SkyAO.SampleCount:4]]
[2022.08.26-10.13.54:445][  0]LogConfig: Setting CVar [[r.HairStrands.Visibility.MSAA.SamplePerPixel:4]]
[2022.08.26-10.13.54:445][  0]LogConfig: Applying CVar settings from Section [Startup] File [../../../Engine/Config/ConsoleVariables.ini]
[2022.08.26-10.13.54:445][  0]LogConfig: Setting CVar [[net.UseAdaptiveNetUpdateFrequency:0]]
[2022.08.26-10.13.54:445][  0]LogConfig: Setting CVar [[p.chaos.AllowCreatePhysxBodies:1]]
[2022.08.26-10.13.54:445][  0]LogConfig: Setting CVar [[fx.SkipVectorVMBackendOptimizations:1]]
[2022.08.26-10.13.54:445][  0]LogConfig: Applying CVar settings from Section [ConsoleVariables] File [../../../TwoDSSG/Saved/Config/WindowsServer/Engine.ini]
[2022.08.26-10.13.54:445][  0]LogInit: Computer: DESKTOP-B63J4BI
[2022.08.26-10.13.54:445][  0]LogInit: User: Sagi
[2022.08.26-10.13.54:445][  0]LogInit: CPU Page size=4096, Cores=6
[2022.08.26-10.13.54:445][  0]LogInit: High frequency timer resolution =10.000000 MHz
[2022.08.26-10.13.54:445][  0]LogMemory: Memory total: Physical=15.9GB (16GB approx)
[2022.08.26-10.13.54:445][  0]LogMemory: Platform Memory Stats for WindowsServer
[2022.08.26-10.13.54:445][  0]LogMemory: Process Physical Memory: 79.46 MB used, 79.46 MB peak
[2022.08.26-10.13.54:445][  0]LogMemory: Process Virtual Memory: 78.49 MB used, 78.49 MB peak
[2022.08.26-10.13.54:445][  0]LogMemory: Physical Memory: 6113.36 MB used,  10206.27 MB free, 16319.62 MB total
[2022.08.26-10.13.54:445][  0]LogMemory: Virtual Memory: 134203376.00 MB used,  14353.72 MB free, 134217728.00 MB total
[2022.08.26-10.13.54:456][  0]LogWindows: WindowsPlatformFeatures disabled or dedicated server build
[2022.08.26-10.13.54:567][  0]LogInit: Physics initialised using underlying interface: PhysX
[2022.08.26-10.13.54:567][  0]LogInit: Using OS detected language (en-US).
[2022.08.26-10.13.54:567][  0]LogInit: Using OS detected locale (en-US).
[2022.08.26-10.13.54:568][  0]LogTextLocalizationManager: No specific localization for 'en-US' exists, so the 'en' localization will be used.
[2022.08.26-10.13.54:590][  0]LogRendererCore: Ray tracing is disabled. Reason: r.RayTracing=0.
[2022.08.26-10.13.54:590][  0]LogODSC: ODSC Thread active.
[2022.08.26-10.13.54:595][  0]LogInit: Using OS detected language (en-US).
[2022.08.26-10.13.54:595][  0]LogInit: Using OS detected locale (en-US).
[2022.08.26-10.13.54:595][  0]LogTextLocalizationManager: No localization for 'en-US' exists, so 'en' will be used for the language.
[2022.08.26-10.13.54:596][  0]LogTextLocalizationManager: No localization for 'en-US' exists, so 'en' will be used for the locale.
[2022.08.26-10.13.54:597][  0]LogTextLocalizationManager: Compacting localization data took   0.81ms
[2022.08.26-10.13.54:597][  0]LogAssetRegistry: FAssetRegistry took 0.0009 seconds to start up
[2022.08.26-10.13.54:664][  0]LogStreaming: Display: FlushAsyncLoading: 1 QueuedPackages, 0 AsyncPackages
[2022.08.26-10.13.54:665][  0]LogPackageLocalizationCache: Processed 26 localized package path(s) for 1 prioritized culture(s) in 0.000091 seconds
[2022.08.26-10.13.54:665][  0]LogPakFile: New pak file ../../../TwoDSSG/Content/Paks/TwoDSSG-WindowsServer.pak added to pak precacher.
[2022.08.26-10.13.54:666][  0]LogInit: Selected Device Profile: [WindowsServer]
[2022.08.26-10.13.54:666][  0]LogInit: Active device profile: [0000017EFF022EC0][0000017EFAF10010 49] WindowsServer
[2022.08.26-10.13.54:666][  0]LogInit: Profiles: [0000017EFF023040][0000017EFD699250 49] Windows, [0000017EFF022EC0][0000017EFAF10010 49] WindowsServer, 
[2022.08.26-10.13.54:675][  0]LogSerialization: Display: AllowBulkDataInIoStore: 'true'
[2022.08.26-10.13.54:681][  0]LogNetVersion: TwoDSSG 1.0.0, NetCL: 0, EngineNetVer: 17, GameNetVer: 0 (Checksum: 2164445238)
[2022.08.26-10.13.54:703][  0]LogAudioCaptureCore: Display: No Audio Capture implementations found. Audio input will be silent.
[2022.08.26-10.13.54:703][  0]LogAudioCaptureCore: Display: No Audio Capture implementations found. Audio input will be silent.
[2022.08.26-10.13.54:704][  0]LogHMD: PokeAHoleMaterial loaded successfully
[2022.08.26-10.13.54:723][  0]LogUObjectArray: 15728 objects as part of root set at end of initial load.
[2022.08.26-10.13.54:723][  0]LogUObjectAllocator: 3190440 out of 0 bytes used by permanent object pool.
[2022.08.26-10.13.54:723][  0]LogUObjectArray: CloseDisregardForGC: 15728/0 objects in disregard for GC pool
[2022.08.26-10.13.54:745][  0]LogNiagaraDebuggerClient: Niagara Debugger Client Initialized | Session: 1FC7A12141F5A6BECA4838BFFD9936F1 | Instance: D78622D24754306FE513739055D9830C (DESKTOP-B63J4BI-9124).
[2022.08.26-10.13.54:747][  0]LogAndroidPermission: UAndroidPermissionCallbackProxy::GetInstance
[2022.08.26-10.13.54:747][  0]LogOcInput: OculusInput pre-init called
[2022.08.26-10.13.54:748][  0]LogEngine: Initializing Engine...
[2022.08.26-10.13.54:749][  0]LogStats: UGameplayTagsManager::InitializeManager -  0.000 s
[2022.08.26-10.13.54:753][  0]LogInit: Initializing FReadOnlyCVARCache
[2022.08.26-10.13.54:753][  0]LogNetVersion: Set ProjectVersion to 1.0.0.0. Version Checksum will be recalculated on next use.
[2022.08.26-10.13.54:753][  0]LogInit: Texture streaming: Disabled
[2022.08.26-10.13.54:761][  0]LogInit: Display: Game Engine Initialized.
[2022.08.26-10.13.54:761][  0]LogInit: Display: Starting Game.
[2022.08.26-10.13.54:761][  0]LogNet: Browse: /Game/GameSystem/Maps/WhereTheJourneyBegins?Name=Player
[2022.08.26-10.13.54:761][  0]LogLoad: LoadMap: /Game/GameSystem/Maps/WhereTheJourneyBegins?Name=Player
[2022.08.26-10.13.54:761][  0]LogWorld: BeginTearingDown for /Temp/Untitled_0
[2022.08.26-10.13.54:764][  0]LogWorld: UWorld::CleanupWorld for Untitled, bSessionEnded=true, bCleanupResources=true
[2022.08.26-10.13.54:766][  0]LogUObjectHash: Compacting FUObjectHashTables data took   0.60ms
[2022.08.26-10.13.54:825][  0]LogClass: Warning: Failed to bind native function MasterPortal_BP_C.return portal\'s map name
[2022.08.26-10.13.54:825][  0]LogClass: Warning: Failed to bind native function MasterMonster_C.Monster\'s Death - multicast
[2022.08.26-10.13.54:834][  0]LogClass: Warning: Failed to bind native function 2DSideScrollerCharacter_C.OnRep_player\'s Style_to Others
[2022.08.26-10.13.54:851][  0]LogAIModule: Creating AISystem for world WhereTheJourneyBegins
[2022.08.26-10.13.54:851][  0]LogLoad: Game class is '2DSideScrollerGameMode_C'
[2022.08.26-10.13.54:852][  0]LogNet: ReplicationDriverClass is null! Not using ReplicationDriver.
[2022.08.26-10.13.54:852][  0]LogNetCore: DDoS detection status: detection enabled: 0 analytics enabled: 0
[2022.08.26-10.13.54:852][  0]LogInit: WinSock: Socket queue. Rx: 131072 (config 131072) Tx: 131072 (config 131072)
[2022.08.26-10.13.54:852][  0]LogNet: Created socket for bind address: 0.0.0.0 on port 7777
[2022.08.26-10.13.54:852][  0]PacketHandlerLog: Loaded PacketHandler component: Engine.EngineHandlerComponentFactory (StatelessConnectHandlerComponent)
[2022.08.26-10.13.54:852][  0]LogNet: GameNetDriver IpNetDriver_2147482567 IpNetDriver listening on port 7777
[2022.08.26-10.13.54:854][  0]LogWorld: Bringing World /Game/GameSystem/Maps/WhereTheJourneyBegins.WhereTheJourneyBegins up for play (max tick rate 30) at 2022.08.26-13.13.54
[2022.08.26-10.13.54:854][  0]LogWorld: Bringing up level for play took: 0.001622
[2022.08.26-10.13.54:856][  0]LogLoad: Took 0.094052 seconds to LoadMap(/Game/GameSystem/Maps/WhereTheJourneyBegins)
[2022.08.26-10.13.54:856][  0]LogPakFile: AllPaks IndexSizes: DirectoryHashSize=411132, PathHashSize=16, EntriesSize=61440, TotalSize=472588
[2022.08.26-10.13.54:856][  0]LogInit: Display: Engine is initialized. Leaving FEngineLoop::Init()
[2022.08.26-10.13.54:856][  0]LogLoad: (Engine Initialization) Total time: 0.81 seconds
[2022.08.26-10.14.08:977][426]LogNet: NotifyAcceptingConnection accepted from: 127.0.0.1:59496
[2022.08.26-10.14.08:977][426]LogHandshake: SendConnectChallenge. Timestamp: 14.121034, Cookie: 238061215054009055024094247104237011216190067199092173120056
[2022.08.26-10.14.09:010][427]LogNet: NotifyAcceptingConnection accepted from: 127.0.0.1:59496
[2022.08.26-10.14.09:010][427]LogHandshake: SendChallengeAck. InCookie: 238061215054009055024094247104237011216190067199092173120056
[2022.08.26-10.14.09:010][427]LogNet: Server accepting post-challenge connection from: 127.0.0.1:59496
[2022.08.26-10.14.09:010][427]PacketHandlerLog: Loaded PacketHandler component: Engine.EngineHandlerComponentFactory (StatelessConnectHandlerComponent)
[2022.08.26-10.14.09:010][427]LogNet: NotifyAcceptedConnection: Name: WhereTheJourneyBegins, TimeStamp: 08/26/22 13:14:09, [UNetConnection] RemoteAddr: 127.0.0.1:59496, Name: IpConnection_2147482549, Driver: GameNetDriver IpNetDriver_2147482567, IsServer: YES, PC: NULL, Owner: NULL, UniqueId: INVALID
[2022.08.26-10.14.09:010][427]LogNet: AddClientConnection: Added client connection: [UNetConnection] RemoteAddr: 127.0.0.1:59496, Name: IpConnection_2147482549, Driver: GameNetDriver IpNetDriver_2147482567, IsServer: YES, PC: NULL, Owner: NULL, UniqueId: INVALID
[2022.08.26-10.14.09:043][428]LogNet: NotifyAcceptingChannel Control 0 server World /Game/GameSystem/Maps/WhereTheJourneyBegins.WhereTheJourneyBegins: Accepted
[2022.08.26-10.14.09:043][428]LogNet: Remote platform little endian=1
[2022.08.26-10.14.09:043][428]LogNet: This platform little endian=1
[2022.08.26-10.14.09:043][428]LogNetVersion: TwoDSSG 1.0.0.0, NetCL: 0, EngineNetVer: 17, GameNetVer: 0 (Checksum: 2372109795)
[2022.08.26-10.14.09:076][429]LogNet: Login request: ?Name=DESKTOP-B63J4BI-8BB590E74BF337866A7359B3CAFFF150 userId: NULL:DESKTOP-B63J4BI-8BB590E74BF337866A7359B3CAFFF150 platform: NULL
[2022.08.26-10.14.09:110][430]LogNet: Client netspeed is 100000
[2022.08.26-10.14.09:508][442]LogNet: Join request: /Game/GameSystem/Maps/WhereTheJourneyBegins?Name=DESKTOP-B63J4BI-8BB590E74BF337866A7359B3CAFFF150?SplitscreenCount=1
[2022.08.26-10.14.09:510][442]LogOnlineSession: Warning: OSS: No game present to join for session (GameSession)
[2022.08.26-10.14.09:527][442]LogOutputDevice: Warning: 

Script Stack (2 frames):
2DSideScrollerCharacter_C.ReceiveBeginPlay
2DSideScrollerGameMode_C.K2_PostLogin

[2022.08.26-10.14.09:528][442]LogWindows: Windows GetLastError: The operation completed successfully. (0)
[2022.08.26-10.14.09:725][442]LogWindows: Error: === Critical error: ===
[2022.08.26-10.14.09:726][442]LogWindows: Error: 
[2022.08.26-10.14.09:726][442]LogWindows: Error: Assertion failed: IsValid() [File:C:\Program Files\Epic Games\UE_4.27.2_source\Engine\Source\Runtime\Core\Public\Templates/SharedPointer.h] [Line: 879] 
[2022.08.26-10.14.09:726][442]LogWindows: Error: 
[2022.08.26-10.14.09:726][442]LogWindows: Error: 
[2022.08.26-10.14.09:726][442]LogWindows: Error: 
[2022.08.26-10.14.09:726][442]LogWindows: Error: [Callstack] 0x00007fffbd5f474c KERNELBASE.dll!UnknownFunction []
[2022.08.26-10.14.09:726][442]LogWindows: Error: [Callstack] 0x00007ff624a89d46 TwoDSSGServer.exe!UnknownFunction []
[2022.08.26-10.14.09:726][442]LogWindows: Error: [Callstack] 0x00007ff624a8da98 TwoDSSGServer.exe!UnknownFunction []
[2022.08.26-10.14.09:726][442]LogWindows: Error: [Callstack] 0x00007ff6247cbcfd TwoDSSGServer.exe!UnknownFunction []
[2022.08.26-10.14.09:727][442]LogWindows: Error: [Callstack] 0x00007ff624754e8b TwoDSSGServer.exe!UnknownFunction []
[2022.08.26-10.14.09:727][442]LogWindows: Error: [Callstack] 0x00007ff624757090 TwoDSSGServer.exe!UnknownFunction []
[2022.08.26-10.14.09:727][442]LogWindows: Error: [Callstack] 0x00007ff6272bbb3b TwoDSSGServer.exe!UnknownFunction []
[2022.08.26-10.14.09:727][442]LogWindows: Error: [Callstack] 0x00007ff6232812ca TwoDSSGServer.exe!UnknownFunction []
[2022.08.26-10.14.09:727][442]LogWindows: Error: [Callstack] 0x00007ff62325b891 TwoDSSGServer.exe!UnknownFunction []
[2022.08.26-10.14.09:727][442]LogWindows: Error: [Callstack] 0x00007ff624c0b129 TwoDSSGServer.exe!UnknownFunction []
[2022.08.26-10.14.09:727][442]LogWindows: Error: [Callstack] 0x00007ff624e9d3a7 TwoDSSGServer.exe!UnknownFunction []
[2022.08.26-10.14.09:727][442]LogWindows: Error: [Callstack] 0x00007ff627732c1e TwoDSSGServer.exe!UnknownFunction []
[2022.08.26-10.14.09:727][442]LogWindows: Error: [Callstack] 0x00007ff62770db44 TwoDSSGServer.exe!UnknownFunction []
[2022.08.26-10.14.09:727][442]LogWindows: Error: [Callstack] 0x00007ff627713d47 TwoDSSGServer.exe!UnknownFunction []
[2022.08.26-10.14.09:727][442]LogWindows: Error: [Callstack] 0x00007ff6277300be TwoDSSGServer.exe!UnknownFunction []
[2022.08.26-10.14.09:727][442]LogWindows: Error: [Callstack] 0x00007ff62771ba5b TwoDSSGServer.exe!UnknownFunction []
[2022.08.26-10.14.09:728][442]LogWindows: Error: [Callstack] 0x00007ff627c622d0 TwoDSSGServer.exe!UnknownFunction []
[2022.08.26-10.14.09:728][442]LogWindows: Error: [Callstack] 0x00007ff6232b5fc6 TwoDSSGServer.exe!UnknownFunction []
[2022.08.26-10.14.09:728][442]LogWindows: Error: [Callstack] 0x00007ff623529f99 TwoDSSGServer.exe!UnknownFunction []
[2022.08.26-10.14.09:728][442]LogWindows: Error: [Callstack] 0x00007ff624c0b129 TwoDSSGServer.exe!UnknownFunction []
[2022.08.26-10.14.09:728][442]LogWindows: Error: [Callstack] 0x00007ff624e9d3a7 TwoDSSGServer.exe!UnknownFunction []
[2022.08.26-10.14.09:728][442]LogWindows: Error: [Callstack] 0x00007ff627732c1e TwoDSSGServer.exe!UnknownFunction []
[2022.08.26-10.14.09:728][442]LogWindows: Error: [Callstack] 0x00007ff628745a02 TwoDSSGServer.exe!UnknownFunction []
[2022.08.26-10.14.09:728][442]LogWindows: Error: [Callstack] 0x00007ff627c7a4e7 TwoDSSGServer.exe!UnknownFunction []
[2022.08.26-10.14.09:728][442]LogWindows: Error: [Callstack] 0x00007ff627dd8028 TwoDSSGServer.exe!UnknownFunction []
[2022.08.26-10.14.09:728][442]LogWindows: Error: [Callstack] 0x00007ff628630c0b TwoDSSGServer.exe!UnknownFunction []
[2022.08.26-10.14.09:728][442]LogWindows: Error: [Callstack] 0x00007ff627b27fb3 TwoDSSGServer.exe!UnknownFunction []
[2022.08.26-10.14.09:728][442]LogWindows: Error: [Callstack] 0x00007ff627b2ae9b TwoDSSGServer.exe!UnknownFunction []
[2022.08.26-10.14.09:729][442]LogWindows: Error: [Callstack] 0x00007ff627b2a3b8 TwoDSSGServer.exe!UnknownFunction []
[2022.08.26-10.14.09:729][442]LogWindows: Error: [Callstack] 0x00007ff627b2aa0a TwoDSSGServer.exe!UnknownFunction []
[2022.08.26-10.14.09:729][442]LogWindows: Error: [Callstack] 0x00007ff627edf700 TwoDSSGServer.exe!UnknownFunction []
[2022.08.26-10.14.09:729][442]LogWindows: Error: [Callstack] 0x00007ff627ee11b5 TwoDSSGServer.exe!UnknownFunction []
[2022.08.26-10.14.09:729][442]LogWindows: Error: [Callstack] 0x00007ff6242478e0 TwoDSSGServer.exe!UnknownFunction []
[2022.08.26-10.14.09:729][442]LogWindows: Error: [Callstack] 0x00007ff627f1a310 TwoDSSGServer.exe!UnknownFunction []
[2022.08.26-10.14.09:729][442]LogWindows: Error: [Callstack] 0x00007ff625124ae0 TwoDSSGServer.exe!UnknownFunction []
[2022.08.26-10.14.09:729][442]LogWindows: Error: [Callstack] 0x00007ff627dd88c5 TwoDSSGServer.exe!UnknownFunction []
[2022.08.26-10.14.09:729][442]LogWindows: Error: [Callstack] 0x00007ff627c37555 TwoDSSGServer.exe!UnknownFunction []
[2022.08.26-10.14.09:729][442]LogWindows: Error: [Callstack] 0x00007ff6231a87dc TwoDSSGServer.exe!UnknownFunction []
[2022.08.26-10.14.09:730][442]LogWindows: Error: [Callstack] 0x00007ff6231bccec TwoDSSGServer.exe!UnknownFunction []
[2022.08.26-10.14.09:730][442]LogWindows: Error: [Callstack] 0x00007ff6231bcdba TwoDSSGServer.exe!UnknownFunction []
[2022.08.26-10.14.09:730][442]LogWindows: Error: [Callstack] 0x00007ff6231bee2c TwoDSSGServer.exe!UnknownFunction []
[2022.08.26-10.14.09:730][442]LogWindows: Error: [Callstack] 0x00007ff6231cd5b4 TwoDSSGServer.exe!UnknownFunction []
[2022.08.26-10.14.09:730][442]LogWindows: Error: [Callstack] 0x00007ff6299c9e8e TwoDSSGServer.exe!UnknownFunction []
[2022.08.26-10.14.09:730][442]LogWindows: Error: [Callstack] 0x00007fffbf7f54e0 KERNEL32.DLL!UnknownFunction []
[2022.08.26-10.14.09:730][442]LogWindows: Error: [Callstack] 0x00007fffbfee485b ntdll.dll!UnknownFunction []
[2022.08.26-10.14.09:730][442]LogWindows: Error: 
[2022.08.26-10.14.09:735][442]LogExit: Executing StaticShutdownAfterError
[2022.08.26-10.14.09:743][442]LogWindows: FPlatformMisc::RequestExit(1)
[2022.08.26-10.14.09:743][442]LogWindows: FPlatformMisc::RequestExitWithStatus(1, 3)
[2022.08.26-10.14.09:743][442]LogCore: Engine exit requested (reason: Win RequestExit)
[2022.08.26-10.14.09:746][442]Log file closed, 08/26/22 13:14:09
