Log file open, 08/27/22 15:09:09
LogWindows: Failed to load 'aqProf.dll' (GetLastError=126)
LogWindows: File 'aqProf.dll' does not exist
LogWindows: Failed to load 'VtuneApi.dll' (GetLastError=126)
LogWindows: File 'VtuneApi.dll' does not exist
LogWindows: Failed to load 'VtuneApi32e.dll' (GetLastError=126)
LogWindows: File 'VtuneApi32e.dll' does not exist
LogConsoleResponse: Display: Failed to find resolution value strings in scalability ini. Falling back to default.
LogConsoleResponse: Display: Failed to find resolution value strings in scalability ini. Falling back to default.
LogPakFile: Display: Found Pak file ../../../TwoDSSG/Content/Paks/TwoDSSG-WindowsServer.pak attempting to mount.
LogPakFile: Display: Mounting pak file ../../../TwoDSSG/Content/Paks/TwoDSSG-WindowsServer.pak.
LogPakFile: PakFile PrimaryIndexSize=63414
LogPakFile: PakFile PathHashIndexSize=74651
LogPakFile: PakFile FullDirectoryIndexSize=138247
LogShaderLibrary: Display: ShaderCodeLibraryPakFileMountedCallback: PakFile '../../../TwoDSSG/Content/Paks/TwoDSSG-WindowsServer.pak' (chunk index -1, root '../../../') mounted
LogShaderLibrary: Display: ShaderCodeLibraryPakFileMountedCallback: pending pak file info (ChunkID:-1 Root:../../../ File:../../../TwoDSSG/Content/Paks/TwoDSSG-WindowsServer.pak)
LogPakFile: OnPakFileMounted2Time == 0.000042
LogPlatformFile: Not using cached read wrapper
LogTaskGraph: Started task graph with 5 named threads and 9 total threads with 1 sets of task threads.
LogStats: Stats thread started at 0.101591
LogICUInternationalization: ICU TimeZone Detection - Raw Offset: +2:00, Platform Override: ''
LogInit: Display: Loading text-based GConfig....
LogPluginManager: Mounting plugin Paper2D
LogPluginManager: Mounting plugin AISupport
LogPluginManager: Mounting plugin EnvironmentQueryEditor
LogPluginManager: Mounting plugin LightPropagationVolume
LogPluginManager: Mounting plugin CameraShakePreviewer
LogPluginManager: Mounting plugin GameplayCameras
LogPluginManager: Mounting plugin TemplateSequence
LogPluginManager: Mounting plugin LevelSequenceEditor
LogPluginManager: Mounting plugin OodleData
LogPluginManager: Mounting plugin OodleNetwork
LogPluginManager: Mounting plugin AnimationSharing
LogPluginManager: Mounting plugin SignificanceManager
LogPluginManager: Mounting plugin PluginUtils
LogPluginManager: Mounting plugin PropertyAccessEditor
LogPluginManager: Mounting plugin UObjectPlugin
LogPluginManager: Mounting plugin AssetManagerEditor
LogPluginManager: Mounting plugin FacialAnimation
LogPluginManager: Mounting plugin GeometryMode
LogPluginManager: Mounting plugin SpeedTreeImporter
LogPluginManager: Mounting plugin DatasmithContent
LogPluginManager: Mounting plugin VariantManagerContent
LogPluginManager: Mounting plugin AlembicImporter
LogPluginManager: Mounting plugin GeometryCache
LogPluginManager: Mounting plugin AutomationUtils
LogPluginManager: Mounting plugin ScreenshotTools
LogPluginManager: Mounting plugin BackChannel
LogPluginManager: Mounting plugin ChaosClothEditor
LogPluginManager: Mounting plugin ChaosCloth
LogPluginManager: Mounting plugin ChaosEditor
LogPluginManager: Mounting plugin PlanarCut
LogPluginManager: Mounting plugin GeometryProcessing
LogPluginManager: Mounting plugin EditableMesh
LogPluginManager: Mounting plugin GeometryCollectionPlugin
LogPluginManager: Mounting plugin ProceduralMeshComponent
LogPluginManager: Mounting plugin ChaosSolverPlugin
LogPluginManager: Mounting plugin ChaosNiagara
LogPluginManager: Mounting plugin Niagara
LogPluginManager: Mounting plugin PythonScriptPlugin
LogPluginManager: Mounting plugin CharacterAI
LogPluginManager: Mounting plugin MotoSynth
LogPluginManager: Mounting plugin OpenImageDenoise
LogPluginManager: Mounting plugin PlatformCrypto
LogPluginManager: Mounting plugin MagicLeapPassableWorld
LogPluginManager: Mounting plugin MagicLeap
LogPluginManager: Mounting plugin MLSDK
LogPluginManager: Mounting plugin MagicLeapLightEstimation
LogPluginManager: Mounting plugin AvfMedia
LogPluginManager: Mounting plugin ImgMedia
LogPluginManager: Mounting plugin MediaCompositing
LogPluginManager: Mounting plugin MeshPainting
LogPluginManager: Mounting plugin TcpMessaging
LogPluginManager: Mounting plugin UdpMessaging
LogPluginManager: Mounting plugin ActorSequence
LogPluginManager: Mounting plugin MatineeToLevelSequence
LogPluginManager: Mounting plugin OnlineSubsystemNull
LogPluginManager: Mounting plugin OnlineSubsystem
LogPluginManager: Mounting plugin OnlineSubsystemUtils
LogPluginManager: Mounting plugin LauncherChunkInstaller
LogPluginManager: Mounting plugin ActorLayerUtilities
LogPluginManager: Mounting plugin AndroidPermission
LogPluginManager: Mounting plugin AppleImageUtils
LogPluginManager: Mounting plugin ArchVisCharacter
LogPluginManager: Mounting plugin AssetTags
LogPluginManager: Mounting plugin AudioCapture
LogPluginManager: Mounting plugin CableComponent
LogPluginManager: Mounting plugin ChunkDownloader
LogPluginManager: Mounting plugin CustomMeshComponent
LogPluginManager: Mounting plugin ExampleDeviceProfileSelector
LogPluginManager: Mounting plugin GooglePAD
LogPluginManager: Mounting plugin LocationServicesBPLibrary
LogPluginManager: Mounting plugin MobilePatchingUtils
LogPluginManager: Mounting plugin OculusVR
LogPluginManager: Mounting plugin OpenXREyeTracker
LogPluginManager: Mounting plugin OpenXR
LogPluginManager: Mounting plugin OpenXRHandTracking
LogPluginManager: Mounting plugin LiveLink
LogPluginManager: Mounting plugin Takes
LogPluginManager: Mounting plugin PhysXVehicles
LogPluginManager: Mounting plugin RuntimePhysXCooking
LogPluginManager: Mounting plugin SoundFields
LogPluginManager: Mounting plugin SteamVR
LogPluginManager: Mounting plugin Synthesis
LogPluginManager: Mounting plugin AudioSynesthesia
LogPluginManager: Mounting plugin WindowsMoviePlayer
LogLuminAPIImpl: Warning: MLSDK not found.  This likely means the MLSDK environment variable is not set.
LogInit: Using libcurl 7.55.1-DEV
LogInit:  - built for x86_64-pc-win32
LogInit:  - supports SSL with OpenSSL/1.1.1
LogInit:  - supports HTTP deflate (compression) using libz 1.2.8
LogInit:  - other features:
LogInit:      CURL_VERSION_SSL
LogInit:      CURL_VERSION_LIBZ
LogInit:      CURL_VERSION_IPV6
LogInit:      CURL_VERSION_ASYNCHDNS
LogInit:      CURL_VERSION_LARGEFILE
LogInit:      CURL_VERSION_IDN
LogInit:  CurlRequestOptions (configurable via config and command line):
LogInit:  - bVerifyPeer = true  - Libcurl will verify peer certificate
LogInit:  - bUseHttpProxy = false  - Libcurl will NOT use HTTP proxy
LogInit:  - bDontReuseConnections = false  - Libcurl will reuse connections
LogInit:  - MaxHostConnections = 16  - Libcurl will limit the number of connections to a host
LogInit:  - LocalHostAddr = Default
LogInit:  - BufferSize = 65536
LogOnline: OSS: Creating online subsystem instance for: NULL
LogInit: WinSock: version 1.1 (2.2), MaxSocks=32767, MaxUdp=65467
LogOnline: OSS: TryLoadSubsystemAndSetDefault: Loaded subsystem for module [NULL]
LogInit: Build: ++UE4+Release-4.27-CL-0
LogInit: Engine Version: 4.27.2-0+++UE4+Release-4.27
LogInit: Compatible Engine Version: 4.27.0-0+++UE4+Release-4.27
LogInit: Net CL: 0
LogInit: OS: Windows 10 (Release 2009) (), CPU: Intel(R) Core(TM) i5-10500 CPU @ 3.10GHz, GPU: NVIDIA GeForce RTX 3070
LogInit: Compiled (64-bit): Aug 27 2022 14:49:36
LogInit: Compiled with Visual C++: 19.29.30145.00
LogInit: Build Configuration: Development
LogInit: Branch Name: ++UE4+Release-4.27
LogInit: Command Line:  -log
LogInit: Base Directory: C:/Users/Sagi/Documents/Unreal Projects/TwoDSSG 4.27/Packaged/WindowsServer/TwoDSSG/Binaries/Win64/
LogInit: Allocator: binned2
LogInit: Installed Engine Build: 0
LogDevObjectVersion: Number of dev versions registered: 29
LogDevObjectVersion:   Dev-Blueprints (B0D832E4-1F89-4F0D-ACCF-7EB736FD4AA2): 10
LogDevObjectVersion:   Dev-Build (E1C64328-A22C-4D53-A36C-8E866417BD8C): 0
LogDevObjectVersion:   Dev-Core (375EC13C-06E4-48FB-B500-84F0262A717E): 4
LogDevObjectVersion:   Dev-Editor (E4B068ED-F494-42E9-A231-DA0B2E46BB41): 40
LogDevObjectVersion:   Dev-Framework (CFFC743F-43B0-4480-9391-14DF171D2073): 37
LogDevObjectVersion:   Dev-Mobile (B02B49B5-BB20-44E9-A304-32B752E40360): 3
LogDevObjectVersion:   Dev-Networking (A4E4105C-59A1-49B5-A7C5-40C4547EDFEE): 0
LogDevObjectVersion:   Dev-Online (39C831C9-5AE6-47DC-9A44-9C173E1C8E7C): 0
LogDevObjectVersion:   Dev-Physics (78F01B33-EBEA-4F98-B9B4-84EACCB95AA2): 14
LogDevObjectVersion:   Dev-Platform (6631380F-2D4D-43E0-8009-CF276956A95A): 0
LogDevObjectVersion:   Dev-Rendering (12F88B9F-8875-4AFC-A67C-D90C383ABD29): 45
LogDevObjectVersion:   Dev-Sequencer (7B5AE74C-D270-4C10-A958-57980B212A5A): 13
LogDevObjectVersion:   Dev-VR (D7296918-1DD6-4BDD-9DE2-64A83CC13884): 3
LogDevObjectVersion:   Dev-LoadTimes (C2A15278-BFE7-4AFE-6C17-90FF531DF755): 1
LogDevObjectVersion:   Private-Geometry (6EACA3D4-40EC-4CC1-B786-8BED09428FC5): 3
LogDevObjectVersion:   Dev-AnimPhys (29E575DD-E0A3-4627-9D10-D276232CDCEA): 17
LogDevObjectVersion:   Dev-Anim (AF43A65D-7FD3-4947-9873-3E8ED9C1BB05): 15
LogDevObjectVersion:   Dev-ReflectionCapture (6B266CEC-1EC7-4B8F-A30B-E4D90942FC07): 1
LogDevObjectVersion:   Dev-Automation (0DF73D61-A23F-47EA-B727-89E90C41499A): 1
LogDevObjectVersion:   FortniteMain (601D1886-AC64-4F84-AA16-D3DE0DEAC7D6): 47
LogDevObjectVersion:   FortniteRelease (E7086368-6B23-4C58-8439-1B7016265E91): 1
LogDevObjectVersion:   Dev-Enterprise (9DFFBCD6-494F-0158-E221-12823C92A888): 10
LogDevObjectVersion:   Dev-Niagara (F2AED0AC-9AFE-416F-8664-AA7FFA26D6FC): 1
LogDevObjectVersion:   Dev-Destruction (174F1F0B-B4C6-45A5-B13F-2EE8D0FB917D): 10
LogDevObjectVersion:   Dev-Physics-Ext (35F94A83-E258-406C-A318-09F59610247C): 41
LogDevObjectVersion:   Dev-PhysicsMaterial-Chaos (B68FC16E-8B1B-42E2-B453-215C058844FE): 1
LogDevObjectVersion:   Dev-CineCamera (B2E18506-4273-CFC2-A54E-F4BB758BBA07): 1
LogDevObjectVersion:   Dev-VirtualProduction (64F58936-FD1B-42BA-BA96-7289D5D0FA4E): 1
LogDevObjectVersion:   Dev-MediaFramework (6F0ED827-A609-4895-9C91-998D90180EA4): 2
LogInit: Presizing for max 2097152 objects, including 1 objects not considered by GC, pre-allocating 0 bytes for permanent pool.
LogConfig: Applying CVar settings from Section [/Script/Engine.StreamingSettings] File [../../../TwoDSSG/Saved/Config/WindowsServer/Engine.ini]
LogConfig: Setting CVar [[s.MinBulkDataSizeForAsyncLoading:131072]]
LogConfig: Setting CVar [[s.AsyncLoadingThreadEnabled:0]]
LogConfig: Setting CVar [[s.EventDrivenLoaderEnabled:1]]
LogConfig: Setting CVar [[s.WarnIfTimeLimitExceeded:0]]
LogConfig: Setting CVar [[s.TimeLimitExceededMultiplier:1.5]]
LogConfig: Setting CVar [[s.TimeLimitExceededMinTime:0.005]]
LogConfig: Setting CVar [[s.UseBackgroundLevelStreaming:1]]
LogConfig: Setting CVar [[s.PriorityAsyncLoadingExtraTime:15.0]]
LogConfig: Setting CVar [[s.LevelStreamingActorsUpdateTimeLimit:5.0]]
LogConfig: Setting CVar [[s.PriorityLevelStreamingActorsUpdateExtraTime:5.0]]
LogConfig: Setting CVar [[s.LevelStreamingComponentsRegistrationGranularity:10]]
LogConfig: Setting CVar [[s.UnregisterComponentsTimeLimit:1.0]]
LogConfig: Setting CVar [[s.LevelStreamingComponentsUnregistrationGranularity:5]]
LogConfig: Setting CVar [[s.FlushStreamingOnExit:1]]
LogStreaming: Display: Async Loading initialized: Event Driven Loader: true, Async Loading Thread: false, Async Post Load: false
LogInit: Object subsystem initialized
LogConfig: Setting CVar [[con.DebugEarlyDefault:1]]
LogConfig: Setting CVar [[r.setres:1280x720]]
LogConfig: Setting CVar [[fx.NiagaraAllowRuntimeScalabilityChanges:1]]
[2022.08.27-12.09.12:544][  0]LogConfig: Setting CVar [[con.DebugEarlyDefault:1]]
[2022.08.27-12.09.12:544][  0]LogConfig: Setting CVar [[r.setres:1280x720]]
[2022.08.27-12.09.12:544][  0]LogConfig: Setting CVar [[fx.NiagaraAllowRuntimeScalabilityChanges:1]]
[2022.08.27-12.09.12:545][  0]LogConfig: Applying CVar settings from Section [/Script/Engine.RendererSettings] File [../../../TwoDSSG/Saved/Config/WindowsServer/Engine.ini]
[2022.08.27-12.09.12:545][  0]LogConfig: Setting CVar [[r.GPUCrashDebugging:0]]
[2022.08.27-12.09.12:545][  0]LogConfig: Setting CVar [[r.MobileHDR:0]]
[2022.08.27-12.09.12:546][  0]LogConfig: Setting CVar [[r.DefaultFeature.AntiAliasing:0]]
[2022.08.27-12.09.12:546][  0]LogConfig: Setting CVar [[r.TranslucentSortPolicy:2]]
[2022.08.27-12.09.12:546][  0]LogConfig: Setting CVar [[r.DefaultFeature.AutoExposure:1]]
[2022.08.27-12.09.12:546][  0]LogConfig: Applying CVar settings from Section [/Script/Engine.RendererOverrideSettings] File [../../../TwoDSSG/Saved/Config/WindowsServer/Engine.ini]
[2022.08.27-12.09.12:546][  0]LogConfig: Applying CVar settings from Section [/Script/Engine.StreamingSettings] File [../../../TwoDSSG/Saved/Config/WindowsServer/Engine.ini]
[2022.08.27-12.09.12:547][  0]LogConfig: Setting CVar [[s.MinBulkDataSizeForAsyncLoading:131072]]
[2022.08.27-12.09.12:549][  0]LogConfig: Setting CVar [[s.AsyncLoadingThreadEnabled:0]]
[2022.08.27-12.09.12:550][  0]LogConfig: Setting CVar [[s.EventDrivenLoaderEnabled:1]]
[2022.08.27-12.09.12:550][  0]LogConfig: Setting CVar [[s.WarnIfTimeLimitExceeded:0]]
[2022.08.27-12.09.12:550][  0]LogConfig: Setting CVar [[s.TimeLimitExceededMultiplier:1.5]]
[2022.08.27-12.09.12:550][  0]LogConfig: Setting CVar [[s.TimeLimitExceededMinTime:0.005]]
[2022.08.27-12.09.12:551][  0]LogConfig: Setting CVar [[s.UseBackgroundLevelStreaming:1]]
[2022.08.27-12.09.12:551][  0]LogConfig: Setting CVar [[s.PriorityAsyncLoadingExtraTime:15.0]]
[2022.08.27-12.09.12:551][  0]LogConfig: Setting CVar [[s.LevelStreamingActorsUpdateTimeLimit:5.0]]
[2022.08.27-12.09.12:551][  0]LogConfig: Setting CVar [[s.PriorityLevelStreamingActorsUpdateExtraTime:5.0]]
[2022.08.27-12.09.12:552][  0]LogConfig: Setting CVar [[s.LevelStreamingComponentsRegistrationGranularity:10]]
[2022.08.27-12.09.12:553][  0]LogConfig: Setting CVar [[s.UnregisterComponentsTimeLimit:1.0]]
[2022.08.27-12.09.12:553][  0]LogConfig: Setting CVar [[s.LevelStreamingComponentsUnregistrationGranularity:5]]
[2022.08.27-12.09.12:553][  0]LogConfig: Setting CVar [[s.FlushStreamingOnExit:1]]
[2022.08.27-12.09.12:553][  0]LogConfig: Applying CVar settings from Section [/Script/Engine.GarbageCollectionSettings] File [../../../TwoDSSG/Saved/Config/WindowsServer/Engine.ini]
[2022.08.27-12.09.12:554][  0]LogConfig: Setting CVar [[gc.MaxObjectsNotConsideredByGC:1]]
[2022.08.27-12.09.12:554][  0]LogConfig: Setting CVar [[gc.SizeOfPermanentObjectPool:0]]
[2022.08.27-12.09.12:554][  0]LogConfig: Setting CVar [[gc.FlushStreamingOnGC:0]]
[2022.08.27-12.09.12:554][  0]LogConfig: Setting CVar [[gc.NumRetriesBeforeForcingGC:10]]
[2022.08.27-12.09.12:555][  0]LogConfig: Setting CVar [[gc.AllowParallelGC:1]]
[2022.08.27-12.09.12:555][  0]LogConfig: Setting CVar [[gc.TimeBetweenPurgingPendingKillObjects:61.1]]
[2022.08.27-12.09.12:555][  0]LogConfig: Setting CVar [[gc.MaxObjectsInEditor:25165824]]
[2022.08.27-12.09.12:555][  0]LogConfig: Setting CVar [[gc.IncrementalBeginDestroyEnabled:1]]
[2022.08.27-12.09.12:556][  0]LogConfig: Setting CVar [[gc.CreateGCClusters:1]]
[2022.08.27-12.09.12:556][  0]LogConfig: Setting CVar [[gc.MinGCClusterSize:5]]
[2022.08.27-12.09.12:556][  0]LogConfig: Setting CVar [[gc.ActorClusteringEnabled:0]]
[2022.08.27-12.09.12:557][  0]LogConfig: Setting CVar [[gc.BlueprintClusteringEnabled:0]]
[2022.08.27-12.09.12:557][  0]LogConfig: Setting CVar [[gc.UseDisregardForGCOnDedicatedServers:0]]
[2022.08.27-12.09.12:557][  0]LogConfig: Setting CVar [[gc.MultithreadedDestructionEnabled:1]]
[2022.08.27-12.09.12:558][  0]LogConfig: Applying CVar settings from Section [/Script/Engine.NetworkSettings] File [../../../TwoDSSG/Saved/Config/WindowsServer/Engine.ini]
[2022.08.27-12.09.12:558][  0]LogConfig: Applying CVar settings from Section [ViewDistanceQuality@3] File [../../../TwoDSSG/Saved/Config/WindowsServer/Scalability.ini]
[2022.08.27-12.09.12:558][  0]LogConfig: Setting CVar [[r.SkeletalMeshLODBias:0]]
[2022.08.27-12.09.12:558][  0]LogConfig: Setting CVar [[r.ViewDistanceScale:1.0]]
[2022.08.27-12.09.12:559][  0]LogConfig: Applying CVar settings from Section [AntiAliasingQuality@3] File [../../../TwoDSSG/Saved/Config/WindowsServer/Scalability.ini]
[2022.08.27-12.09.12:559][  0]LogConfig: Setting CVar [[r.PostProcessAAQuality:4]]
[2022.08.27-12.09.12:559][  0]LogConfig: Applying CVar settings from Section [ShadowQuality@3] File [../../../TwoDSSG/Saved/Config/WindowsServer/Scalability.ini]
[2022.08.27-12.09.12:559][  0]LogConfig: Setting CVar [[r.LightFunctionQuality:1]]
[2022.08.27-12.09.12:560][  0]LogConfig: Setting CVar [[r.ShadowQuality:5]]
[2022.08.27-12.09.12:560][  0]LogConfig: Setting CVar [[r.Shadow.CSM.MaxCascades:10]]
[2022.08.27-12.09.12:560][  0]LogConfig: Setting CVar [[r.Shadow.MaxResolution:2048]]
[2022.08.27-12.09.12:560][  0]LogConfig: Setting CVar [[r.Shadow.MaxCSMResolution:2048]]
[2022.08.27-12.09.12:561][  0]LogConfig: Setting CVar [[r.Shadow.RadiusThreshold:0.01]]
[2022.08.27-12.09.12:561][  0]LogConfig: Setting CVar [[r.Shadow.DistanceScale:1.0]]
[2022.08.27-12.09.12:561][  0]LogConfig: Setting CVar [[r.Shadow.CSM.TransitionScale:1.0]]
[2022.08.27-12.09.12:561][  0]LogConfig: Setting CVar [[r.Shadow.PreShadowResolutionFactor:1.0]]
[2022.08.27-12.09.12:562][  0]LogConfig: Setting CVar [[r.DistanceFieldShadowing:1]]
[2022.08.27-12.09.12:564][  0]LogConfig: Setting CVar [[r.DistanceFieldAO:1]]
[2022.08.27-12.09.12:565][  0]LogConfig: Setting CVar [[r.AOQuality:2]]
[2022.08.27-12.09.12:565][  0]LogConfig: Setting CVar [[r.VolumetricFog:1]]
[2022.08.27-12.09.12:565][  0]LogConfig: Setting CVar [[r.VolumetricFog.GridPixelSize:8]]
[2022.08.27-12.09.12:565][  0]LogConfig: Setting CVar [[r.VolumetricFog.GridSizeZ:128]]
[2022.08.27-12.09.12:566][  0]LogConfig: Setting CVar [[r.VolumetricFog.HistoryMissSupersampleCount:4]]
[2022.08.27-12.09.12:566][  0]LogConfig: Setting CVar [[r.LightMaxDrawDistanceScale:1]]
[2022.08.27-12.09.12:566][  0]LogConfig: Setting CVar [[r.CapsuleShadows:1]]
[2022.08.27-12.09.12:566][  0]LogConfig: Applying CVar settings from Section [PostProcessQuality@3] File [../../../TwoDSSG/Saved/Config/WindowsServer/Scalability.ini]
[2022.08.27-12.09.12:567][  0]LogConfig: Setting CVar [[r.MotionBlurQuality:4]]
[2022.08.27-12.09.12:567][  0]LogConfig: Setting CVar [[r.AmbientOcclusionMipLevelFactor:0.4]]
[2022.08.27-12.09.12:568][  0]LogConfig: Setting CVar [[r.AmbientOcclusionMaxQuality:100]]
[2022.08.27-12.09.12:568][  0]LogConfig: Setting CVar [[r.AmbientOcclusionLevels:-1]]
[2022.08.27-12.09.12:568][  0]LogConfig: Setting CVar [[r.AmbientOcclusionRadiusScale:1.0]]
[2022.08.27-12.09.12:568][  0]LogConfig: Setting CVar [[r.DepthOfFieldQuality:2]]
[2022.08.27-12.09.12:569][  0]LogConfig: Setting CVar [[r.RenderTargetPoolMin:400]]
[2022.08.27-12.09.12:569][  0]LogConfig: Setting CVar [[r.LensFlareQuality:2]]
[2022.08.27-12.09.12:569][  0]LogConfig: Setting CVar [[r.SceneColorFringeQuality:1]]
[2022.08.27-12.09.12:569][  0]LogConfig: Setting CVar [[r.EyeAdaptationQuality:2]]
[2022.08.27-12.09.12:570][  0]LogConfig: Setting CVar [[r.BloomQuality:5]]
[2022.08.27-12.09.12:570][  0]LogConfig: Setting CVar [[r.FastBlurThreshold:100]]
[2022.08.27-12.09.12:570][  0]LogConfig: Setting CVar [[r.Upscale.Quality:3]]
[2022.08.27-12.09.12:570][  0]LogConfig: Setting CVar [[r.Tonemapper.GrainQuantization:1]]
[2022.08.27-12.09.12:571][  0]LogConfig: Setting CVar [[r.LightShaftQuality:1]]
[2022.08.27-12.09.12:571][  0]LogConfig: Setting CVar [[r.Filter.SizeScale:1]]
[2022.08.27-12.09.12:571][  0]LogConfig: Setting CVar [[r.Tonemapper.Quality:5]]
[2022.08.27-12.09.12:572][  0]LogConfig: Setting CVar [[r.DOF.Gather.AccumulatorQuality:1        ; higher gathering accumulator quality]]
[2022.08.27-12.09.12:572][  0]LogConfig: Setting CVar [[r.DOF.Gather.PostfilterMethod:1          ; Median3x3 postfilering method]]
[2022.08.27-12.09.12:572][  0]LogConfig: Setting CVar [[r.DOF.Gather.EnableBokehSettings:0       ; no bokeh simulation when gathering]]
[2022.08.27-12.09.12:572][  0]LogConfig: Setting CVar [[r.DOF.Gather.RingCount:4                 ; medium number of samples when gathering]]
[2022.08.27-12.09.12:573][  0]LogConfig: Setting CVar [[r.DOF.Scatter.ForegroundCompositing:1    ; additive foreground scattering]]
[2022.08.27-12.09.12:573][  0]LogConfig: Setting CVar [[r.DOF.Scatter.BackgroundCompositing:2    ; additive background scattering]]
[2022.08.27-12.09.12:573][  0]LogConfig: Setting CVar [[r.DOF.Scatter.EnableBokehSettings:1      ; bokeh simulation when scattering]]
[2022.08.27-12.09.12:573][  0]LogConfig: Setting CVar [[r.DOF.Scatter.MaxSpriteRatio:0.1         ; only a maximum of 10% of scattered bokeh]]
[2022.08.27-12.09.12:574][  0]LogConfig: Setting CVar [[r.DOF.Recombine.Quality:1                ; cheap slight out of focus]]
[2022.08.27-12.09.12:574][  0]LogConfig: Setting CVar [[r.DOF.Recombine.EnableBokehSettings:0    ; no bokeh simulation on slight out of focus]]
[2022.08.27-12.09.12:574][  0]LogConfig: Setting CVar [[r.DOF.TemporalAAQuality:1                ; more stable temporal accumulation]]
[2022.08.27-12.09.12:575][  0]LogConfig: Setting CVar [[r.DOF.Kernel.MaxForegroundRadius:0.025]]
[2022.08.27-12.09.12:576][  0]LogConfig: Setting CVar [[r.DOF.Kernel.MaxBackgroundRadius:0.025]]
[2022.08.27-12.09.12:576][  0]LogConfig: Applying CVar settings from Section [TextureQuality@3] File [../../../TwoDSSG/Saved/Config/WindowsServer/Scalability.ini]
[2022.08.27-12.09.12:576][  0]LogConfig: Setting CVar [[r.Streaming.MipBias:0]]
[2022.08.27-12.09.12:576][  0]LogConfig: Setting CVar [[r.Streaming.AmortizeCPUToGPUCopy:0]]
[2022.08.27-12.09.12:577][  0]LogConfig: Setting CVar [[r.Streaming.MaxNumTexturesToStreamPerFrame:0]]
[2022.08.27-12.09.12:577][  0]LogConfig: Setting CVar [[r.Streaming.Boost:1]]
[2022.08.27-12.09.12:577][  0]LogConfig: Setting CVar [[r.MaxAnisotropy:8]]
[2022.08.27-12.09.12:577][  0]LogConfig: Setting CVar [[r.VT.MaxAnisotropy:8]]
[2022.08.27-12.09.12:578][  0]LogConfig: Setting CVar [[r.Streaming.LimitPoolSizeToVRAM:0]]
[2022.08.27-12.09.12:580][  0]LogConfig: Setting CVar [[r.Streaming.PoolSize:1000]]
[2022.08.27-12.09.12:581][  0]LogConfig: Setting CVar [[r.Streaming.MaxEffectiveScreenSize:0]]
[2022.08.27-12.09.12:581][  0]LogConfig: Applying CVar settings from Section [EffectsQuality@3] File [../../../TwoDSSG/Saved/Config/WindowsServer/Scalability.ini]
[2022.08.27-12.09.12:581][  0]LogConfig: Setting CVar [[r.TranslucencyLightingVolumeDim:64]]
[2022.08.27-12.09.12:581][  0]LogConfig: Setting CVar [[r.RefractionQuality:2]]
[2022.08.27-12.09.12:582][  0]LogConfig: Setting CVar [[r.SSR.Quality:3]]
[2022.08.27-12.09.12:582][  0]LogConfig: Setting CVar [[r.SSR.HalfResSceneColor:0]]
[2022.08.27-12.09.12:582][  0]LogConfig: Setting CVar [[r.SceneColorFormat:4]]
[2022.08.27-12.09.12:583][  0]LogConfig: Setting CVar [[r.DetailMode:2]]
[2022.08.27-12.09.12:583][  0]LogConfig: Setting CVar [[r.TranslucencyVolumeBlur:1]]
[2022.08.27-12.09.12:583][  0]LogConfig: Setting CVar [[r.MaterialQualityLevel:1 ; High quality]]
[2022.08.27-12.09.12:583][  0]LogConfig: Setting CVar [[r.AnisotropicMaterials:1]]
[2022.08.27-12.09.12:584][  0]LogConfig: Setting CVar [[r.SSS.Scale:1]]
[2022.08.27-12.09.12:584][  0]LogConfig: Setting CVar [[r.SSS.SampleSet:2]]
[2022.08.27-12.09.12:584][  0]LogConfig: Setting CVar [[r.SSS.Quality:1]]
[2022.08.27-12.09.12:584][  0]LogConfig: Setting CVar [[r.SSS.HalfRes:0]]
[2022.08.27-12.09.12:585][  0]LogConfig: Setting CVar [[r.SSGI.Quality:3]]
[2022.08.27-12.09.12:585][  0]LogConfig: Setting CVar [[r.EmitterSpawnRateScale:1.0]]
[2022.08.27-12.09.12:585][  0]LogConfig: Setting CVar [[r.ParticleLightQuality:2]]
[2022.08.27-12.09.12:585][  0]LogConfig: Setting CVar [[r.SkyAtmosphere.AerialPerspectiveLUT.FastApplyOnOpaque:1 ; Always have FastSkyLUT 1 in this case to avoid wrong sky]]
[2022.08.27-12.09.12:586][  0]LogConfig: Setting CVar [[r.SkyAtmosphere.AerialPerspectiveLUT.SampleCountMaxPerSlice:4]]
[2022.08.27-12.09.12:586][  0]LogConfig: Setting CVar [[r.SkyAtmosphere.AerialPerspectiveLUT.DepthResolution:16.0]]
[2022.08.27-12.09.12:587][  0]LogConfig: Setting CVar [[r.SkyAtmosphere.FastSkyLUT:1]]
[2022.08.27-12.09.12:588][  0]LogConfig: Setting CVar [[r.SkyAtmosphere.FastSkyLUT.SampleCountMin:4.0]]
[2022.08.27-12.09.12:588][  0]LogConfig: Setting CVar [[r.SkyAtmosphere.FastSkyLUT.SampleCountMax:128.0]]
[2022.08.27-12.09.12:588][  0]LogConfig: Setting CVar [[r.SkyAtmosphere.SampleCountMin:4.0]]
[2022.08.27-12.09.12:589][  0]LogConfig: Setting CVar [[r.SkyAtmosphere.SampleCountMax:128.0]]
[2022.08.27-12.09.12:589][  0]LogConfig: Setting CVar [[r.SkyAtmosphere.TransmittanceLUT.UseSmallFormat:0]]
[2022.08.27-12.09.12:590][  0]LogConfig: Setting CVar [[r.SkyAtmosphere.TransmittanceLUT.SampleCount:10.0]]
[2022.08.27-12.09.12:590][  0]LogConfig: Setting CVar [[r.SkyAtmosphere.MultiScatteringLUT.SampleCount:15.0]]
[2022.08.27-12.09.12:591][  0]LogConfig: Setting CVar [[r.SkyLight.RealTimeReflectionCapture:1]]
[2022.08.27-12.09.12:591][  0]LogConfig: Setting CVar [[fx.Niagara.QualityLevel:3]]
[2022.08.27-12.09.12:591][  0]LogConfig: Applying CVar settings from Section [FoliageQuality@3] File [../../../TwoDSSG/Saved/Config/WindowsServer/Scalability.ini]
[2022.08.27-12.09.12:592][  0]LogConfig: Setting CVar [[foliage.DensityScale:1.0]]
[2022.08.27-12.09.12:592][  0]LogConfig: Setting CVar [[grass.DensityScale:1.0]]
[2022.08.27-12.09.12:592][  0]LogConfig: Applying CVar settings from Section [ShadingQuality@3] File [../../../TwoDSSG/Saved/Config/WindowsServer/Scalability.ini]
[2022.08.27-12.09.12:593][  0]LogConfig: Setting CVar [[r.HairStrands.SkyLighting.IntegrationType:2]]
[2022.08.27-12.09.12:593][  0]LogConfig: Setting CVar [[r.HairStrands.SkyAO.SampleCount:4]]
[2022.08.27-12.09.12:593][  0]LogConfig: Setting CVar [[r.HairStrands.Visibility.MSAA.SamplePerPixel:4]]
[2022.08.27-12.09.12:593][  0]LogInit: Selected Device Profile: [WindowsServer]
[2022.08.27-12.09.12:594][  0]LogInit: Applying CVar settings loaded from the selected device profile: [WindowsServer]
[2022.08.27-12.09.12:597][  0]LogHAL: Display: Platform has ~ 16 GB [17112363008 / 17179869184 / 16], which maps to Larger [LargestMinGB=32, LargerMinGB=12, DefaultMinGB=8, SmallerMinGB=6, SmallestMinGB=0)
[2022.08.27-12.09.12:597][  0]LogInit: Going up to parent DeviceProfile [Windows]
[2022.08.27-12.09.12:599][  0]LogInit: Going up to parent DeviceProfile []
[2022.08.27-12.09.12:599][  0]LogConfig: Applying CVar settings from Section [ViewDistanceQuality@3] File [../../../TwoDSSG/Saved/Config/WindowsServer/Scalability.ini]
[2022.08.27-12.09.12:599][  0]LogConfig: Setting CVar [[r.SkeletalMeshLODBias:0]]
[2022.08.27-12.09.12:600][  0]LogConfig: Setting CVar [[r.ViewDistanceScale:1.0]]
[2022.08.27-12.09.12:600][  0]LogConfig: Applying CVar settings from Section [AntiAliasingQuality@3] File [../../../TwoDSSG/Saved/Config/WindowsServer/Scalability.ini]
[2022.08.27-12.09.12:601][  0]LogConfig: Setting CVar [[r.PostProcessAAQuality:4]]
[2022.08.27-12.09.12:601][  0]LogConfig: Applying CVar settings from Section [ShadowQuality@3] File [../../../TwoDSSG/Saved/Config/WindowsServer/Scalability.ini]
[2022.08.27-12.09.12:602][  0]LogConfig: Setting CVar [[r.LightFunctionQuality:1]]
[2022.08.27-12.09.12:602][  0]LogConfig: Setting CVar [[r.ShadowQuality:5]]
[2022.08.27-12.09.12:603][  0]LogConfig: Setting CVar [[r.Shadow.CSM.MaxCascades:10]]
[2022.08.27-12.09.12:603][  0]LogConfig: Setting CVar [[r.Shadow.MaxResolution:2048]]
[2022.08.27-12.09.12:603][  0]LogConfig: Setting CVar [[r.Shadow.MaxCSMResolution:2048]]
[2022.08.27-12.09.12:604][  0]LogConfig: Setting CVar [[r.Shadow.RadiusThreshold:0.01]]
[2022.08.27-12.09.12:604][  0]LogConfig: Setting CVar [[r.Shadow.DistanceScale:1.0]]
[2022.08.27-12.09.12:605][  0]LogConfig: Setting CVar [[r.Shadow.CSM.TransitionScale:1.0]]
[2022.08.27-12.09.12:605][  0]LogConfig: Setting CVar [[r.Shadow.PreShadowResolutionFactor:1.0]]
[2022.08.27-12.09.12:606][  0]LogConfig: Setting CVar [[r.DistanceFieldShadowing:1]]
[2022.08.27-12.09.12:606][  0]LogConfig: Setting CVar [[r.DistanceFieldAO:1]]
[2022.08.27-12.09.12:607][  0]LogConfig: Setting CVar [[r.AOQuality:2]]
[2022.08.27-12.09.12:607][  0]LogConfig: Setting CVar [[r.VolumetricFog:1]]
[2022.08.27-12.09.12:608][  0]LogConfig: Setting CVar [[r.VolumetricFog.GridPixelSize:8]]
[2022.08.27-12.09.12:608][  0]LogConfig: Setting CVar [[r.VolumetricFog.GridSizeZ:128]]
[2022.08.27-12.09.12:609][  0]LogConfig: Setting CVar [[r.VolumetricFog.HistoryMissSupersampleCount:4]]
[2022.08.27-12.09.12:610][  0]LogConfig: Setting CVar [[r.LightMaxDrawDistanceScale:1]]
[2022.08.27-12.09.12:613][  0]LogConfig: Setting CVar [[r.CapsuleShadows:1]]
[2022.08.27-12.09.12:613][  0]LogConfig: Applying CVar settings from Section [PostProcessQuality@3] File [../../../TwoDSSG/Saved/Config/WindowsServer/Scalability.ini]
[2022.08.27-12.09.12:614][  0]LogConfig: Setting CVar [[r.MotionBlurQuality:4]]
[2022.08.27-12.09.12:615][  0]LogConfig: Setting CVar [[r.AmbientOcclusionMipLevelFactor:0.4]]
[2022.08.27-12.09.12:615][  0]LogConfig: Setting CVar [[r.AmbientOcclusionMaxQuality:100]]
[2022.08.27-12.09.12:616][  0]LogConfig: Setting CVar [[r.AmbientOcclusionLevels:-1]]
[2022.08.27-12.09.12:616][  0]LogConfig: Setting CVar [[r.AmbientOcclusionRadiusScale:1.0]]
[2022.08.27-12.09.12:616][  0]LogConfig: Setting CVar [[r.DepthOfFieldQuality:2]]
[2022.08.27-12.09.12:617][  0]LogConfig: Setting CVar [[r.RenderTargetPoolMin:400]]
[2022.08.27-12.09.12:617][  0]LogConfig: Setting CVar [[r.LensFlareQuality:2]]
[2022.08.27-12.09.12:617][  0]LogConfig: Setting CVar [[r.SceneColorFringeQuality:1]]
[2022.08.27-12.09.12:617][  0]LogConfig: Setting CVar [[r.EyeAdaptationQuality:2]]
[2022.08.27-12.09.12:617][  0]LogConfig: Setting CVar [[r.BloomQuality:5]]
[2022.08.27-12.09.12:618][  0]LogConfig: Setting CVar [[r.FastBlurThreshold:100]]
[2022.08.27-12.09.12:618][  0]LogConfig: Setting CVar [[r.Upscale.Quality:3]]
[2022.08.27-12.09.12:619][  0]LogConfig: Setting CVar [[r.Tonemapper.GrainQuantization:1]]
[2022.08.27-12.09.12:619][  0]LogConfig: Setting CVar [[r.LightShaftQuality:1]]
[2022.08.27-12.09.12:619][  0]LogConfig: Setting CVar [[r.Filter.SizeScale:1]]
[2022.08.27-12.09.12:620][  0]LogConfig: Setting CVar [[r.Tonemapper.Quality:5]]
[2022.08.27-12.09.12:620][  0]LogConfig: Setting CVar [[r.DOF.Gather.AccumulatorQuality:1        ; higher gathering accumulator quality]]
[2022.08.27-12.09.12:620][  0]LogConfig: Setting CVar [[r.DOF.Gather.PostfilterMethod:1          ; Median3x3 postfilering method]]
[2022.08.27-12.09.12:621][  0]LogConfig: Setting CVar [[r.DOF.Gather.EnableBokehSettings:0       ; no bokeh simulation when gathering]]
[2022.08.27-12.09.12:621][  0]LogConfig: Setting CVar [[r.DOF.Gather.RingCount:4                 ; medium number of samples when gathering]]
[2022.08.27-12.09.12:621][  0]LogConfig: Setting CVar [[r.DOF.Scatter.ForegroundCompositing:1    ; additive foreground scattering]]
[2022.08.27-12.09.12:622][  0]LogConfig: Setting CVar [[r.DOF.Scatter.BackgroundCompositing:2    ; additive background scattering]]
[2022.08.27-12.09.12:622][  0]LogConfig: Setting CVar [[r.DOF.Scatter.EnableBokehSettings:1      ; bokeh simulation when scattering]]
[2022.08.27-12.09.12:622][  0]LogConfig: Setting CVar [[r.DOF.Scatter.MaxSpriteRatio:0.1         ; only a maximum of 10% of scattered bokeh]]
[2022.08.27-12.09.12:622][  0]LogConfig: Setting CVar [[r.DOF.Recombine.Quality:1                ; cheap slight out of focus]]
[2022.08.27-12.09.12:623][  0]LogConfig: Setting CVar [[r.DOF.Recombine.EnableBokehSettings:0    ; no bokeh simulation on slight out of focus]]
[2022.08.27-12.09.12:623][  0]LogConfig: Setting CVar [[r.DOF.TemporalAAQuality:1                ; more stable temporal accumulation]]
[2022.08.27-12.09.12:623][  0]LogConfig: Setting CVar [[r.DOF.Kernel.MaxForegroundRadius:0.025]]
[2022.08.27-12.09.12:624][  0]LogConfig: Setting CVar [[r.DOF.Kernel.MaxBackgroundRadius:0.025]]
[2022.08.27-12.09.12:624][  0]LogConfig: Applying CVar settings from Section [TextureQuality@3] File [../../../TwoDSSG/Saved/Config/WindowsServer/Scalability.ini]
[2022.08.27-12.09.12:624][  0]LogConfig: Setting CVar [[r.Streaming.MipBias:0]]
[2022.08.27-12.09.12:625][  0]LogConfig: Setting CVar [[r.Streaming.AmortizeCPUToGPUCopy:0]]
[2022.08.27-12.09.12:625][  0]LogConfig: Setting CVar [[r.Streaming.MaxNumTexturesToStreamPerFrame:0]]
[2022.08.27-12.09.12:625][  0]LogConfig: Setting CVar [[r.Streaming.Boost:1]]
[2022.08.27-12.09.12:626][  0]LogConfig: Setting CVar [[r.MaxAnisotropy:8]]
[2022.08.27-12.09.12:628][  0]LogConfig: Setting CVar [[r.VT.MaxAnisotropy:8]]
[2022.08.27-12.09.12:628][  0]LogConfig: Setting CVar [[r.Streaming.LimitPoolSizeToVRAM:0]]
[2022.08.27-12.09.12:629][  0]LogConfig: Setting CVar [[r.Streaming.PoolSize:1000]]
[2022.08.27-12.09.12:629][  0]LogConfig: Setting CVar [[r.Streaming.MaxEffectiveScreenSize:0]]
[2022.08.27-12.09.12:629][  0]LogConfig: Applying CVar settings from Section [EffectsQuality@3] File [../../../TwoDSSG/Saved/Config/WindowsServer/Scalability.ini]
[2022.08.27-12.09.12:630][  0]LogConfig: Setting CVar [[r.TranslucencyLightingVolumeDim:64]]
[2022.08.27-12.09.12:630][  0]LogConfig: Setting CVar [[r.RefractionQuality:2]]
[2022.08.27-12.09.12:630][  0]LogConfig: Setting CVar [[r.SSR.Quality:3]]
[2022.08.27-12.09.12:630][  0]LogConfig: Setting CVar [[r.SSR.HalfResSceneColor:0]]
[2022.08.27-12.09.12:631][  0]LogConfig: Setting CVar [[r.SceneColorFormat:4]]
[2022.08.27-12.09.12:631][  0]LogConfig: Setting CVar [[r.DetailMode:2]]
[2022.08.27-12.09.12:631][  0]LogConfig: Setting CVar [[r.TranslucencyVolumeBlur:1]]
[2022.08.27-12.09.12:631][  0]LogConfig: Setting CVar [[r.MaterialQualityLevel:1 ; High quality]]
[2022.08.27-12.09.12:632][  0]LogConfig: Setting CVar [[r.AnisotropicMaterials:1]]
[2022.08.27-12.09.12:632][  0]LogConfig: Setting CVar [[r.SSS.Scale:1]]
[2022.08.27-12.09.12:632][  0]LogConfig: Setting CVar [[r.SSS.SampleSet:2]]
[2022.08.27-12.09.12:632][  0]LogConfig: Setting CVar [[r.SSS.Quality:1]]
[2022.08.27-12.09.12:633][  0]LogConfig: Setting CVar [[r.SSS.HalfRes:0]]
[2022.08.27-12.09.12:633][  0]LogConfig: Setting CVar [[r.SSGI.Quality:3]]
[2022.08.27-12.09.12:633][  0]LogConfig: Setting CVar [[r.EmitterSpawnRateScale:1.0]]
[2022.08.27-12.09.12:633][  0]LogConfig: Setting CVar [[r.ParticleLightQuality:2]]
[2022.08.27-12.09.12:634][  0]LogConfig: Setting CVar [[r.SkyAtmosphere.AerialPerspectiveLUT.FastApplyOnOpaque:1 ; Always have FastSkyLUT 1 in this case to avoid wrong sky]]
[2022.08.27-12.09.12:634][  0]LogConfig: Setting CVar [[r.SkyAtmosphere.AerialPerspectiveLUT.SampleCountMaxPerSlice:4]]
[2022.08.27-12.09.12:634][  0]LogConfig: Setting CVar [[r.SkyAtmosphere.AerialPerspectiveLUT.DepthResolution:16.0]]
[2022.08.27-12.09.12:634][  0]LogConfig: Setting CVar [[r.SkyAtmosphere.FastSkyLUT:1]]
[2022.08.27-12.09.12:635][  0]LogConfig: Setting CVar [[r.SkyAtmosphere.FastSkyLUT.SampleCountMin:4.0]]
[2022.08.27-12.09.12:635][  0]LogConfig: Setting CVar [[r.SkyAtmosphere.FastSkyLUT.SampleCountMax:128.0]]
[2022.08.27-12.09.12:635][  0]LogConfig: Setting CVar [[r.SkyAtmosphere.SampleCountMin:4.0]]
[2022.08.27-12.09.12:636][  0]LogConfig: Setting CVar [[r.SkyAtmosphere.SampleCountMax:128.0]]
[2022.08.27-12.09.12:636][  0]LogConfig: Setting CVar [[r.SkyAtmosphere.TransmittanceLUT.UseSmallFormat:0]]
[2022.08.27-12.09.12:636][  0]LogConfig: Setting CVar [[r.SkyAtmosphere.TransmittanceLUT.SampleCount:10.0]]
[2022.08.27-12.09.12:636][  0]LogConfig: Setting CVar [[r.SkyAtmosphere.MultiScatteringLUT.SampleCount:15.0]]
[2022.08.27-12.09.12:637][  0]LogConfig: Setting CVar [[r.SkyLight.RealTimeReflectionCapture:1]]
[2022.08.27-12.09.12:637][  0]LogConfig: Setting CVar [[fx.Niagara.QualityLevel:3]]
[2022.08.27-12.09.12:637][  0]LogConfig: Applying CVar settings from Section [FoliageQuality@3] File [../../../TwoDSSG/Saved/Config/WindowsServer/Scalability.ini]
[2022.08.27-12.09.12:637][  0]LogConfig: Setting CVar [[foliage.DensityScale:1.0]]
[2022.08.27-12.09.12:637][  0]LogConfig: Setting CVar [[grass.DensityScale:1.0]]
[2022.08.27-12.09.12:638][  0]LogConfig: Applying CVar settings from Section [ShadingQuality@3] File [../../../TwoDSSG/Saved/Config/WindowsServer/Scalability.ini]
[2022.08.27-12.09.12:638][  0]LogConfig: Setting CVar [[r.HairStrands.SkyLighting.IntegrationType:2]]
[2022.08.27-12.09.12:638][  0]LogConfig: Setting CVar [[r.HairStrands.SkyAO.SampleCount:4]]
[2022.08.27-12.09.12:638][  0]LogConfig: Setting CVar [[r.HairStrands.Visibility.MSAA.SamplePerPixel:4]]
[2022.08.27-12.09.12:639][  0]LogConfig: Applying CVar settings from Section [Startup] File [../../../Engine/Config/ConsoleVariables.ini]
[2022.08.27-12.09.12:639][  0]LogConfig: Setting CVar [[net.UseAdaptiveNetUpdateFrequency:0]]
[2022.08.27-12.09.12:639][  0]LogConfig: Setting CVar [[p.chaos.AllowCreatePhysxBodies:1]]
[2022.08.27-12.09.12:640][  0]LogConfig: Setting CVar [[fx.SkipVectorVMBackendOptimizations:1]]
[2022.08.27-12.09.12:640][  0]LogConfig: Applying CVar settings from Section [ConsoleVariables] File [../../../TwoDSSG/Saved/Config/WindowsServer/Engine.ini]
[2022.08.27-12.09.12:641][  0]LogInit: Computer: DESKTOP-B63J4BI
[2022.08.27-12.09.12:641][  0]LogInit: User: Sagi
[2022.08.27-12.09.12:641][  0]LogInit: CPU Page size=4096, Cores=6
[2022.08.27-12.09.12:641][  0]LogInit: High frequency timer resolution =10.000000 MHz
[2022.08.27-12.09.12:642][  0]LogMemory: Memory total: Physical=15.9GB (16GB approx)
[2022.08.27-12.09.12:644][  0]LogMemory: Platform Memory Stats for WindowsServer
[2022.08.27-12.09.12:645][  0]LogMemory: Process Physical Memory: 77.53 MB used, 77.53 MB peak
[2022.08.27-12.09.12:645][  0]LogMemory: Process Virtual Memory: 78.23 MB used, 78.23 MB peak
[2022.08.27-12.09.12:646][  0]LogMemory: Physical Memory: 6758.25 MB used,  9561.37 MB free, 16319.62 MB total
[2022.08.27-12.09.12:646][  0]LogMemory: Virtual Memory: 134208752.00 MB used,  8976.25 MB free, 134217728.00 MB total
[2022.08.27-12.09.12:649][  0]LogWindows: WindowsPlatformFeatures disabled or dedicated server build
[2022.08.27-12.09.12:766][  0]LogInit: Physics initialised using underlying interface: PhysX
[2022.08.27-12.09.12:766][  0]LogInit: Using OS detected language (en-US).
[2022.08.27-12.09.12:767][  0]LogInit: Using OS detected locale (en-US).
[2022.08.27-12.09.12:768][  0]LogTextLocalizationManager: No specific localization for 'en-US' exists, so the 'en' localization will be used.
[2022.08.27-12.09.12:795][  0]LogRendererCore: Ray tracing is disabled. Reason: r.RayTracing=0.
[2022.08.27-12.09.12:795][  0]LogODSC: ODSC Thread active.
[2022.08.27-12.09.12:802][  0]LogInit: Using OS detected language (en-US).
[2022.08.27-12.09.12:802][  0]LogInit: Using OS detected locale (en-US).
[2022.08.27-12.09.12:802][  0]LogTextLocalizationManager: No localization for 'en-US' exists, so 'en' will be used for the language.
[2022.08.27-12.09.12:803][  0]LogTextLocalizationManager: No localization for 'en-US' exists, so 'en' will be used for the locale.
[2022.08.27-12.09.12:805][  0]LogAssetRegistry: FAssetRegistry took 0.0014 seconds to start up
[2022.08.27-12.09.12:884][  0]LogTextLocalizationManager: Compacting localization data took   1.38ms
[2022.08.27-12.09.12:884][  0]LogStreaming: Display: FlushAsyncLoading: 1 QueuedPackages, 0 AsyncPackages
[2022.08.27-12.09.12:886][  0]LogPackageLocalizationCache: Processed 26 localized package path(s) for 1 prioritized culture(s) in 0.000076 seconds
[2022.08.27-12.09.12:886][  0]LogPakFile: New pak file ../../../TwoDSSG/Content/Paks/TwoDSSG-WindowsServer.pak added to pak precacher.
[2022.08.27-12.09.12:888][  0]LogInit: Selected Device Profile: [WindowsServer]
[2022.08.27-12.09.12:888][  0]LogInit: Active device profile: [0000013372970040][000001336E700010 49] WindowsServer
[2022.08.27-12.09.12:888][  0]LogInit: Profiles: [00000133729701C0][0000013370F89250 49] Windows, [0000013372970040][000001336E700010 49] WindowsServer, 
[2022.08.27-12.09.12:897][  0]LogSerialization: Display: AllowBulkDataInIoStore: 'true'
[2022.08.27-12.09.12:905][  0]LogNetVersion: TwoDSSG 1.0.0, NetCL: 0, EngineNetVer: 17, GameNetVer: 0 (Checksum: 2164445238)
[2022.08.27-12.09.12:929][  0]LogAudioCaptureCore: Display: No Audio Capture implementations found. Audio input will be silent.
[2022.08.27-12.09.12:929][  0]LogAudioCaptureCore: Display: No Audio Capture implementations found. Audio input will be silent.
[2022.08.27-12.09.12:931][  0]LogHMD: PokeAHoleMaterial loaded successfully
[2022.08.27-12.09.12:952][  0]LogUObjectArray: 15737 objects as part of root set at end of initial load.
[2022.08.27-12.09.12:953][  0]LogUObjectAllocator: 3183576 out of 0 bytes used by permanent object pool.
[2022.08.27-12.09.12:953][  0]LogUObjectArray: CloseDisregardForGC: 15737/0 objects in disregard for GC pool
[2022.08.27-12.09.12:972][  0]LogNiagaraDebuggerClient: Niagara Debugger Client Initialized | Session: 3EBC1B0E4404FE0EFB91E18D5A8DF4A1 | Instance: D781DB4D4443E378B23B5AAAE842CBD5 (DESKTOP-B63J4BI-10220).
[2022.08.27-12.09.12:973][  0]LogAndroidPermission: UAndroidPermissionCallbackProxy::GetInstance
[2022.08.27-12.09.12:974][  0]LogOcInput: OculusInput pre-init called
[2022.08.27-12.09.12:975][  0]LogEngine: Initializing Engine...
[2022.08.27-12.09.12:976][  0]LogStats: UGameplayTagsManager::InitializeManager -  0.000 s
[2022.08.27-12.09.12:981][  0]LogInit: Initializing FReadOnlyCVARCache
[2022.08.27-12.09.12:981][  0]LogNetVersion: Set ProjectVersion to 1.0.0.0. Version Checksum will be recalculated on next use.
[2022.08.27-12.09.12:982][  0]LogInit: Texture streaming: Disabled
[2022.08.27-12.09.12:991][  0]LogInit: Display: Game Engine Initialized.
[2022.08.27-12.09.12:991][  0]LogInit: Display: Starting Game.
[2022.08.27-12.09.12:992][  0]LogNet: Browse: /Game/GameSystem/Maps/WhereTheJourneyBegins?Name=Player
[2022.08.27-12.09.12:993][  0]LogLoad: LoadMap: /Game/GameSystem/Maps/WhereTheJourneyBegins?Name=Player
[2022.08.27-12.09.12:993][  0]LogWorld: BeginTearingDown for /Temp/Untitled_0
[2022.08.27-12.09.12:997][  0]LogWorld: UWorld::CleanupWorld for Untitled, bSessionEnded=true, bCleanupResources=true
[2022.08.27-12.09.12:998][  0]LogUObjectHash: Compacting FUObjectHashTables data took   0.62ms
[2022.08.27-12.09.13:134][  0]LogAIModule: Creating AISystem for world WhereTheJourneyBegins
[2022.08.27-12.09.13:135][  0]LogLoad: Game class is '2DSideScrollerGameMode_C'
[2022.08.27-12.09.13:136][  0]LogNet: ReplicationDriverClass is null! Not using ReplicationDriver.
[2022.08.27-12.09.13:136][  0]LogNetCore: DDoS detection status: detection enabled: 0 analytics enabled: 0
[2022.08.27-12.09.13:137][  0]LogInit: WinSock: Socket queue. Rx: 131072 (config 131072) Tx: 131072 (config 131072)
[2022.08.27-12.09.13:138][  0]LogNet: Created socket for bind address: 0.0.0.0 on port 7777
[2022.08.27-12.09.13:140][  0]PacketHandlerLog: Loaded PacketHandler component: Engine.EngineHandlerComponentFactory (StatelessConnectHandlerComponent)
[2022.08.27-12.09.13:142][  0]LogNet: GameNetDriver IpNetDriver_2147482567 IpNetDriver listening on port 7777
[2022.08.27-12.09.13:145][  0]LogWorld: Bringing World /Game/GameSystem/Maps/WhereTheJourneyBegins.WhereTheJourneyBegins up for play (max tick rate 30) at 2022.08.27-15.09.13
[2022.08.27-12.09.13:147][  0]LogWorld: Bringing up level for play took: 0.002898
[2022.08.27-12.09.13:149][  0]LogLoad: Took 0.155836 seconds to LoadMap(/Game/GameSystem/Maps/WhereTheJourneyBegins)
[2022.08.27-12.09.13:149][  0]LogPakFile: AllPaks IndexSizes: DirectoryHashSize=437784, PathHashSize=16, EntriesSize=65536, TotalSize=503336
[2022.08.27-12.09.13:150][  0]LogInit: Display: Engine is initialized. Leaving FEngineLoop::Init()
[2022.08.27-12.09.13:151][  0]LogLoad: (Engine Initialization) Total time: 3.30 seconds
[2022.08.27-12.09.42:688][892]LogNet: NotifyAcceptingConnection accepted from: 127.0.0.1:63456
[2022.08.27-12.09.42:688][892]LogHandshake: SendConnectChallenge. Timestamp: 29.534997, Cookie: 088038049042190158176187060024070181022188157198238238143005
[2022.08.27-12.09.42:721][893]LogNet: NotifyAcceptingConnection accepted from: 127.0.0.1:63456
[2022.08.27-12.09.42:721][893]LogHandshake: SendChallengeAck. InCookie: 088038049042190158176187060024070181022188157198238238143005
[2022.08.27-12.09.42:723][893]LogNet: Server accepting post-challenge connection from: 127.0.0.1:63456
[2022.08.27-12.09.42:724][893]PacketHandlerLog: Loaded PacketHandler component: Engine.EngineHandlerComponentFactory (StatelessConnectHandlerComponent)
[2022.08.27-12.09.42:724][893]LogNet: NotifyAcceptedConnection: Name: WhereTheJourneyBegins, TimeStamp: 08/27/22 15:09:42, [UNetConnection] RemoteAddr: 127.0.0.1:63456, Name: IpConnection_2147482549, Driver: GameNetDriver IpNetDriver_2147482567, IsServer: YES, PC: NULL, Owner: NULL, UniqueId: INVALID
[2022.08.27-12.09.42:725][893]LogNet: AddClientConnection: Added client connection: [UNetConnection] RemoteAddr: 127.0.0.1:63456, Name: IpConnection_2147482549, Driver: GameNetDriver IpNetDriver_2147482567, IsServer: YES, PC: NULL, Owner: NULL, UniqueId: INVALID
[2022.08.27-12.09.42:754][894]LogNet: NotifyAcceptingChannel Control 0 server World /Game/GameSystem/Maps/WhereTheJourneyBegins.WhereTheJourneyBegins: Accepted
[2022.08.27-12.09.42:754][894]LogNet: Remote platform little endian=1
[2022.08.27-12.09.42:756][894]LogNet: This platform little endian=1
[2022.08.27-12.09.42:756][894]LogNetVersion: TwoDSSG 1.0.0.0, NetCL: 0, EngineNetVer: 17, GameNetVer: 0 (Checksum: 2372109795)
[2022.08.27-12.09.42:788][895]LogNet: Login request: ?Name=DESKTOP-B63J4BI-C0EA5A11447C86B84E50858ADEEBB918 userId: NULL:DESKTOP-B63J4BI-C0EA5A11447C86B84E50858ADEEBB918 platform: NULL
[2022.08.27-12.09.43:284][910]LogNet: Client netspeed is 100000
[2022.08.27-12.09.43:284][910]LogNet: Join request: /Game/GameSystem/Maps/WhereTheJourneyBegins?Name=DESKTOP-B63J4BI-C0EA5A11447C86B84E50858ADEEBB918?SplitscreenCount=1
[2022.08.27-12.09.43:287][910]LogOnlineSession: Warning: OSS: No game present to join for session (GameSession)
[2022.08.27-12.09.43:299][910]LogNetPackageMap: Warning: FNetGUIDCache::SupportsObject: PaperSpriteComponent /Game/GameSystem/Maps/WhereTheJourneyBegins.WhereTheJourneyBegins:PersistentLevel.2DSideScrollerCharacter_C_2147482531.NODE_AddPaperSpriteComponent-65 NOT Supported.
[2022.08.27-12.09.43:301][910]LogNetPackageMap: Warning: FNetGUIDCache::SupportsObject: PaperSpriteComponent /Game/GameSystem/Maps/WhereTheJourneyBegins.WhereTheJourneyBegins:PersistentLevel.2DSideScrollerCharacter_C_2147482531.NODE_AddPaperSpriteComponent-66 NOT Supported.
[2022.08.27-12.09.43:305][910]LogNet: Join succeeded: DESKTOP-B63J4BI-C0EA
[2022.08.27-12.09.43:682][922]LogScript: Warning: Accessed None trying to read property TextRender
	MasterNPC_BP_C /Game/GameSystem/Maps/WhereTheJourneyBegins.WhereTheJourneyBegins:PersistentLevel.FirstMapNpc_2
	Function /Game/GameSystem/BluePrints/NPCs_BP/MasterNPC_BP.MasterNPC_BP_C:ExecuteUbergraph_MasterNPC_BP:03F9
[2022.08.27-12.09.43:684][922]LogScript: Warning: Script call stack:
	Function /Game/GameSystem/BluePrints/GameplayController.GameplayController_C:Event_CheckQuestIndicatorStatus_Serv
	Function /Game/GameSystem/BluePrints/GameplayController.GameplayController_C:ExecuteUbergraph_GameplayController
	Function /Game/GameSystem/BluePrints/NPCs_BP/MasterNPC_BP.MasterNPC_BP_C:call change quest indicator func interface
	Function /Game/GameSystem/BluePrints/NPCs_BP/MasterNPC_BP.MasterNPC_BP_C:ExecuteUbergraph_MasterNPC_BP
	Function /Game/GameSystem/BluePrints/NPCs_BP/MasterNPC_BP.MasterNPC_BP_C:ChangeQuestIndicator_Client
	Function /Game/GameSystem/BluePrints/NPCs_BP/MasterNPC_BP.MasterNPC_BP_C:ExecuteUbergraph_MasterNPC_BP

[2022.08.27-12.09.53:077][203]LogNet: UChannel::ReceivedSequencedBunch: Bunch.bClose == true. ChIndex == 0. Calling ConditionalCleanUp.
[2022.08.27-12.09.53:077][203]LogNet: UChannel::CleanUp: ChIndex == 0. Closing connection. [UChannel] ChIndex: 0, Closing: 0 [UNetConnection] RemoteAddr: 127.0.0.1:63456, Name: IpConnection_2147482549, Driver: GameNetDriver IpNetDriver_2147482567, IsServer: YES, PC: GameplayController_C_2147482545, Owner: GameplayController_C_2147482545, UniqueId: NULL:DESKTOP-B63J4BI-C0EA5A11447C86B84E50858ADEEBB918
[2022.08.27-12.09.53:078][203]LogNet: UNetConnection::Close: [UNetConnection] RemoteAddr: 127.0.0.1:63456, Name: IpConnection_2147482549, Driver: GameNetDriver IpNetDriver_2147482567, IsServer: YES, PC: GameplayController_C_2147482545, Owner: GameplayController_C_2147482545, UniqueId: NULL:DESKTOP-B63J4BI-C0EA5A11447C86B84E50858ADEEBB918, Channels: 13, Time: 2022.08.27-12.09.53
[2022.08.27-12.09.53:078][203]LogNet: UChannel::Close: Sending CloseBunch. ChIndex == 0. Name: [UChannel] ChIndex: 0, Closing: 0 [UNetConnection] RemoteAddr: 127.0.0.1:63456, Name: IpConnection_2147482549, Driver: GameNetDriver IpNetDriver_2147482567, IsServer: YES, PC: GameplayController_C_2147482545, Owner: GameplayController_C_2147482545, UniqueId: NULL:DESKTOP-B63J4BI-C0EA5A11447C86B84E50858ADEEBB918
[2022.08.27-12.09.53:079][203]LogOnlineSession: Warning: OSS: No game present to leave for session (GameSession)
[2022.08.27-12.51.24:799][529]LogNet: NotifyAcceptingConnection accepted from: 127.0.0.1:50061
[2022.08.27-12.51.24:799][529]LogHandshake: SendConnectChallenge. Timestamp: 2531.645964, Cookie: 221122091172057203058241112035053206107109082020087218170177
[2022.08.27-12.51.24:832][530]LogNet: NotifyAcceptingConnection accepted from: 127.0.0.1:50061
[2022.08.27-12.51.24:832][530]LogHandshake: SendChallengeAck. InCookie: 221122091172057203058241112035053206107109082020087218170177
[2022.08.27-12.51.24:832][530]LogNet: Server accepting post-challenge connection from: 127.0.0.1:50061
[2022.08.27-12.51.24:833][530]PacketHandlerLog: Loaded PacketHandler component: Engine.EngineHandlerComponentFactory (StatelessConnectHandlerComponent)
[2022.08.27-12.51.24:833][530]LogNet: NotifyAcceptedConnection: Name: WhereTheJourneyBegins, TimeStamp: 08/27/22 15:51:24, [UNetConnection] RemoteAddr: 127.0.0.1:50061, Name: IpConnection_2147482513, Driver: GameNetDriver IpNetDriver_2147482567, IsServer: YES, PC: NULL, Owner: NULL, UniqueId: INVALID
[2022.08.27-12.51.24:833][530]LogNet: AddClientConnection: Added client connection: [UNetConnection] RemoteAddr: 127.0.0.1:50061, Name: IpConnection_2147482513, Driver: GameNetDriver IpNetDriver_2147482567, IsServer: YES, PC: NULL, Owner: NULL, UniqueId: INVALID
[2022.08.27-12.51.24:833][530]LogNet: NotifyAcceptingChannel Control 0 server World /Game/GameSystem/Maps/WhereTheJourneyBegins.WhereTheJourneyBegins: Accepted
[2022.08.27-12.51.24:833][530]LogNet: Remote platform little endian=1
[2022.08.27-12.51.24:833][530]LogNet: This platform little endian=1
[2022.08.27-12.51.24:865][531]LogNet: Login request: ?Name=DESKTOP-B63J4BI-67E911934DE9CD8EA4E8809C17CE6DC5 userId: NULL:DESKTOP-B63J4BI-67E911934DE9CD8EA4E8809C17CE6DC5 platform: NULL
[2022.08.27-12.51.25:328][545]LogNet: Client netspeed is 100000
[2022.08.27-12.51.25:328][545]LogNet: Join request: /Game/GameSystem/Maps/WhereTheJourneyBegins?Name=DESKTOP-B63J4BI-67E911934DE9CD8EA4E8809C17CE6DC5?SplitscreenCount=1
[2022.08.27-12.51.25:329][545]LogOnlineSession: Warning: OSS: No game present to join for session (GameSession)
[2022.08.27-12.51.25:331][545]LogNetPackageMap: Warning: FNetGUIDCache::SupportsObject: PaperSpriteComponent /Game/GameSystem/Maps/WhereTheJourneyBegins.WhereTheJourneyBegins:PersistentLevel.2DSideScrollerCharacter_C_2147482495.NODE_AddPaperSpriteComponent-65 NOT Supported.
[2022.08.27-12.51.25:332][545]LogNetPackageMap: Warning: FNetGUIDCache::SupportsObject: PaperSpriteComponent /Game/GameSystem/Maps/WhereTheJourneyBegins.WhereTheJourneyBegins:PersistentLevel.2DSideScrollerCharacter_C_2147482495.NODE_AddPaperSpriteComponent-66 NOT Supported.
[2022.08.27-12.51.25:333][545]LogNet: Join succeeded: DESKTOP-B63J4BI-67E9
[2022.08.27-12.51.25:595][553]LogScript: Warning: Accessed None trying to read property TextRender
	MasterNPC_BP_C /Game/GameSystem/Maps/WhereTheJourneyBegins.WhereTheJourneyBegins:PersistentLevel.FirstMapNpc_2
	Function /Game/GameSystem/BluePrints/NPCs_BP/MasterNPC_BP.MasterNPC_BP_C:ExecuteUbergraph_MasterNPC_BP:03F9
[2022.08.27-12.51.25:597][553]LogScript: Warning: Script call stack:
	Function /Game/GameSystem/BluePrints/GameplayController.GameplayController_C:Event_CheckQuestIndicatorStatus_Serv
	Function /Game/GameSystem/BluePrints/GameplayController.GameplayController_C:ExecuteUbergraph_GameplayController
	Function /Game/GameSystem/BluePrints/NPCs_BP/MasterNPC_BP.MasterNPC_BP_C:call change quest indicator func interface
	Function /Game/GameSystem/BluePrints/NPCs_BP/MasterNPC_BP.MasterNPC_BP_C:ExecuteUbergraph_MasterNPC_BP
	Function /Game/GameSystem/BluePrints/NPCs_BP/MasterNPC_BP.MasterNPC_BP_C:ChangeQuestIndicator_Client
	Function /Game/GameSystem/BluePrints/NPCs_BP/MasterNPC_BP.MasterNPC_BP_C:ExecuteUbergraph_MasterNPC_BP

[2022.08.27-12.51.32:393][756]LogNetPackageMap: Warning: FNetGUIDCache::SupportsObject: PaperSpriteComponent /Game/GameSystem/Maps/WhereTheJourneyBegins.WhereTheJourneyBegins:PersistentLevel.2DSideScrollerCharacter_C_2147482495.NODE_AddPaperSpriteComponent-57 NOT Supported.
[2022.08.27-12.52.08:411][832]LogScript: Warning: Accessed None trying to read property TextRender
	MasterNPC_BP_C /Game/GameSystem/Maps/WhereTheJourneyBegins.WhereTheJourneyBegins:PersistentLevel.FirstMapNpc_2
	Function /Game/GameSystem/BluePrints/NPCs_BP/MasterNPC_BP.MasterNPC_BP_C:ExecuteUbergraph_MasterNPC_BP:0446
[2022.08.27-12.52.08:412][832]LogScript: Warning: Script call stack:
	Function /Game/GameSystem/BluePrints/GameplayController.GameplayController_C:ChangeQuestStatus_Serv
	Function /Game/GameSystem/BluePrints/GameplayController.GameplayController_C:ExecuteUbergraph_GameplayController
	Function /Game/GameSystem/BluePrints/GameplayController.GameplayController_C:Event_CheckQuestIndicatorStatus_Serv
	Function /Game/GameSystem/BluePrints/GameplayController.GameplayController_C:ExecuteUbergraph_GameplayController
	Function /Game/GameSystem/BluePrints/NPCs_BP/MasterNPC_BP.MasterNPC_BP_C:call change quest indicator func interface
	Function /Game/GameSystem/BluePrints/NPCs_BP/MasterNPC_BP.MasterNPC_BP_C:ExecuteUbergraph_MasterNPC_BP
	Function /Game/GameSystem/BluePrints/NPCs_BP/MasterNPC_BP.MasterNPC_BP_C:ChangeQuestIndicator_Client
	Function /Game/GameSystem/BluePrints/NPCs_BP/MasterNPC_BP.MasterNPC_BP_C:ExecuteUbergraph_MasterNPC_BP

[2022.08.27-12.53.10:665][692]LogNet: NotifyAcceptingConnection accepted from: 127.0.0.1:57729
[2022.08.27-12.53.10:665][692]LogHandshake: SendConnectChallenge. Timestamp: 2637.511554, Cookie: 088034172056062110103111094002017122117040192119253192170038
[2022.08.27-12.53.10:698][693]LogNet: NotifyAcceptingConnection accepted from: 127.0.0.1:57729
[2022.08.27-12.53.10:698][693]LogHandshake: SendChallengeAck. InCookie: 088034172056062110103111094002017122117040192119253192170038
[2022.08.27-12.53.10:698][693]LogNet: Server accepting post-challenge connection from: 127.0.0.1:57729
[2022.08.27-12.53.10:699][693]PacketHandlerLog: Loaded PacketHandler component: Engine.EngineHandlerComponentFactory (StatelessConnectHandlerComponent)
[2022.08.27-12.53.10:699][693]LogNet: NotifyAcceptedConnection: Name: WhereTheJourneyBegins, TimeStamp: 08/27/22 15:53:10, [UNetConnection] RemoteAddr: 127.0.0.1:57729, Name: IpConnection_2147482477, Driver: GameNetDriver IpNetDriver_2147482567, IsServer: YES, PC: NULL, Owner: NULL, UniqueId: INVALID
[2022.08.27-12.53.10:699][693]LogNet: AddClientConnection: Added client connection: [UNetConnection] RemoteAddr: 127.0.0.1:57729, Name: IpConnection_2147482477, Driver: GameNetDriver IpNetDriver_2147482567, IsServer: YES, PC: NULL, Owner: NULL, UniqueId: INVALID
[2022.08.27-12.53.10:700][693]LogNet: NotifyAcceptingChannel Control 0 server World /Game/GameSystem/Maps/WhereTheJourneyBegins.WhereTheJourneyBegins: Accepted
[2022.08.27-12.53.10:700][693]LogNet: Remote platform little endian=1
[2022.08.27-12.53.10:700][693]LogNet: This platform little endian=1
[2022.08.27-12.53.10:731][694]LogNet: Login request: ?Name=DESKTOP-B63J4BI-D10A71D449240E83C47858A810ED52C2 userId: NULL:DESKTOP-B63J4BI-D10A71D449240E83C47858A810ED52C2 platform: NULL
[2022.08.27-12.53.11:367][713]LogNet: Client netspeed is 100000
[2022.08.27-12.53.11:367][713]LogNet: Join request: /Game/GameSystem/Maps/WhereTheJourneyBegins?Name=DESKTOP-B63J4BI-D10A71D449240E83C47858A810ED52C2?SplitscreenCount=1
[2022.08.27-12.53.11:370][713]LogOnlineSession: Warning: OSS: No game present to join for session (GameSession)
[2022.08.27-12.53.11:374][713]LogNetPackageMap: Warning: FNetGUIDCache::SupportsObject: PaperSpriteComponent /Game/GameSystem/Maps/WhereTheJourneyBegins.WhereTheJourneyBegins:PersistentLevel.2DSideScrollerCharacter_C_2147482459.NODE_AddPaperSpriteComponent-65 NOT Supported.
[2022.08.27-12.53.11:375][713]LogNetPackageMap: Warning: FNetGUIDCache::SupportsObject: PaperSpriteComponent /Game/GameSystem/Maps/WhereTheJourneyBegins.WhereTheJourneyBegins:PersistentLevel.2DSideScrollerCharacter_C_2147482459.NODE_AddPaperSpriteComponent-66 NOT Supported.
[2022.08.27-12.53.11:377][713]LogNetPackageMap: Warning: FNetGUIDCache::SupportsObject: PaperSpriteComponent /Game/GameSystem/Maps/WhereTheJourneyBegins.WhereTheJourneyBegins:PersistentLevel.2DSideScrollerCharacter_C_2147482459.NODE_AddPaperSpriteComponent-65 NOT Supported.
[2022.08.27-12.53.11:378][713]LogNetPackageMap: Warning: FNetGUIDCache::SupportsObject: PaperSpriteComponent /Game/GameSystem/Maps/WhereTheJourneyBegins.WhereTheJourneyBegins:PersistentLevel.2DSideScrollerCharacter_C_2147482459.NODE_AddPaperSpriteComponent-66 NOT Supported.
[2022.08.27-12.53.11:380][713]LogNet: Join succeeded: DESKTOP-B63J4BI-D10A
[2022.08.27-12.53.11:402][714]LogNetPackageMap: Warning: FNetGUIDCache::SupportsObject: PaperSpriteComponent /Game/GameSystem/Maps/WhereTheJourneyBegins.WhereTheJourneyBegins:PersistentLevel.2DSideScrollerCharacter_C_2147482495.NODE_AddPaperSpriteComponent-65 NOT Supported.
[2022.08.27-12.53.11:404][714]LogNetPackageMap: Warning: FNetGUIDCache::SupportsObject: PaperSpriteComponent /Game/GameSystem/Maps/WhereTheJourneyBegins.WhereTheJourneyBegins:PersistentLevel.2DSideScrollerCharacter_C_2147482495.NODE_AddPaperSpriteComponent-66 NOT Supported.
[2022.08.27-12.53.11:406][714]LogNetPackageMap: Warning: FNetGUIDCache::SupportsObject: PaperSpriteComponent /Game/GameSystem/Maps/WhereTheJourneyBegins.WhereTheJourneyBegins:PersistentLevel.2DSideScrollerCharacter_C_2147482495.NODE_AddPaperSpriteComponent-57 NOT Supported.
[2022.08.27-12.53.11:799][726]LogScript: Warning: Accessed None trying to read property TextRender
	MasterNPC_BP_C /Game/GameSystem/Maps/WhereTheJourneyBegins.WhereTheJourneyBegins:PersistentLevel.FirstMapNpc_2
	Function /Game/GameSystem/BluePrints/NPCs_BP/MasterNPC_BP.MasterNPC_BP_C:ExecuteUbergraph_MasterNPC_BP:03F9
[2022.08.27-12.53.11:802][726]LogScript: Warning: Script call stack:
	Function /Game/GameSystem/BluePrints/GameplayController.GameplayController_C:Event_CheckQuestIndicatorStatus_Serv
	Function /Game/GameSystem/BluePrints/GameplayController.GameplayController_C:ExecuteUbergraph_GameplayController
	Function /Game/GameSystem/BluePrints/NPCs_BP/MasterNPC_BP.MasterNPC_BP_C:call change quest indicator func interface
	Function /Game/GameSystem/BluePrints/NPCs_BP/MasterNPC_BP.MasterNPC_BP_C:ExecuteUbergraph_MasterNPC_BP
	Function /Game/GameSystem/BluePrints/NPCs_BP/MasterNPC_BP.MasterNPC_BP_C:ChangeQuestIndicator_Client
	Function /Game/GameSystem/BluePrints/NPCs_BP/MasterNPC_BP.MasterNPC_BP_C:ExecuteUbergraph_MasterNPC_BP

[2022.08.27-12.53.28:252][220]LogNetPackageMap: Warning: FNetGUIDCache::SupportsObject: PaperSpriteComponent /Game/GameSystem/Maps/WhereTheJourneyBegins.WhereTheJourneyBegins:PersistentLevel.2DSideScrollerCharacter_C_2147482459.NODE_AddPaperSpriteComponent-57 NOT Supported.
[2022.08.27-12.53.28:254][220]LogNetPackageMap: Warning: FNetGUIDCache::SupportsObject: PaperSpriteComponent /Game/GameSystem/Maps/WhereTheJourneyBegins.WhereTheJourneyBegins:PersistentLevel.2DSideScrollerCharacter_C_2147482459.NODE_AddPaperSpriteComponent-57 NOT Supported.
[2022.08.27-12.54.17:756][704]LogBlueprintUserMessages: [2DSideScrollerCharacter_C_2147482495] 115
[2022.08.27-12.54.23:907][888]LogBlueprintUserMessages: [2DSideScrollerCharacter_C_2147482459] 115
[2022.08.27-12.54.28:825][ 35]LogBlueprintUserMessages: [2DSideScrollerCharacter_C_2147482459] 115
[2022.08.27-12.54.59:743][961]LogBlueprintUserMessages: [2DSideScrollerCharacter_C_2147482495] 115
[2022.08.27-12.55.04:100][ 91]LogBlueprintUserMessages: [2DSideScrollerCharacter_C_2147482495] 115
[2022.08.27-12.56.50:812][291]LogNet: UChannel::ReceivedSequencedBunch: Bunch.bClose == true. ChIndex == 0. Calling ConditionalCleanUp.
[2022.08.27-12.56.50:812][291]LogNet: UChannel::CleanUp: ChIndex == 0. Closing connection. [UChannel] ChIndex: 0, Closing: 0 [UNetConnection] RemoteAddr: 127.0.0.1:57729, Name: IpConnection_2147482477, Driver: GameNetDriver IpNetDriver_2147482567, IsServer: YES, PC: GameplayController_C_2147482473, Owner: GameplayController_C_2147482473, UniqueId: NULL:DESKTOP-B63J4BI-D10A71D449240E83C47858A810ED52C2
[2022.08.27-12.56.50:815][291]LogNet: UNetConnection::Close: [UNetConnection] RemoteAddr: 127.0.0.1:57729, Name: IpConnection_2147482477, Driver: GameNetDriver IpNetDriver_2147482567, IsServer: YES, PC: GameplayController_C_2147482473, Owner: GameplayController_C_2147482473, UniqueId: NULL:DESKTOP-B63J4BI-D10A71D449240E83C47858A810ED52C2, Channels: 17, Time: 2022.08.27-12.56.50
[2022.08.27-12.56.50:815][291]LogNet: UChannel::Close: Sending CloseBunch. ChIndex == 0. Name: [UChannel] ChIndex: 0, Closing: 0 [UNetConnection] RemoteAddr: 127.0.0.1:57729, Name: IpConnection_2147482477, Driver: GameNetDriver IpNetDriver_2147482567, IsServer: YES, PC: GameplayController_C_2147482473, Owner: GameplayController_C_2147482473, UniqueId: NULL:DESKTOP-B63J4BI-D10A71D449240E83C47858A810ED52C2
[2022.08.27-12.56.50:816][291]LogOnlineSession: Warning: OSS: No game present to leave for session (GameSession)
[2022.08.27-12.56.54:255][394]LogNet: NotifyAcceptingConnection accepted from: 127.0.0.1:55185
[2022.08.27-12.56.54:255][394]LogHandshake: SendConnectChallenge. Timestamp: 2861.101558, Cookie: 010233086103249090244033145079238190137072047174121020191020
[2022.08.27-12.56.54:289][395]LogNet: NotifyAcceptingConnection accepted from: 127.0.0.1:55185
[2022.08.27-12.56.54:290][395]LogHandshake: SendChallengeAck. InCookie: 010233086103249090244033145079238190137072047174121020191020
[2022.08.27-12.56.54:291][395]LogNet: Server accepting post-challenge connection from: 127.0.0.1:55185
[2022.08.27-12.56.54:293][395]PacketHandlerLog: Loaded PacketHandler component: Engine.EngineHandlerComponentFactory (StatelessConnectHandlerComponent)
[2022.08.27-12.56.54:294][395]LogNet: NotifyAcceptedConnection: Name: WhereTheJourneyBegins, TimeStamp: 08/27/22 15:56:54, [UNetConnection] RemoteAddr: 127.0.0.1:55185, Name: IpConnection_2147482435, Driver: GameNetDriver IpNetDriver_2147482567, IsServer: YES, PC: NULL, Owner: NULL, UniqueId: INVALID
[2022.08.27-12.56.54:295][395]LogNet: AddClientConnection: Added client connection: [UNetConnection] RemoteAddr: 127.0.0.1:55185, Name: IpConnection_2147482435, Driver: GameNetDriver IpNetDriver_2147482567, IsServer: YES, PC: NULL, Owner: NULL, UniqueId: INVALID
[2022.08.27-12.56.54:296][395]LogNet: NotifyAcceptingChannel Control 0 server World /Game/GameSystem/Maps/WhereTheJourneyBegins.WhereTheJourneyBegins: Accepted
[2022.08.27-12.56.54:297][395]LogNet: Remote platform little endian=1
[2022.08.27-12.56.54:297][395]LogNet: This platform little endian=1
[2022.08.27-12.56.54:322][396]LogNet: Login request: ?Name=DESKTOP-B63J4BI-D10A71D449240E83C47858A810ED52C2 userId: NULL:DESKTOP-B63J4BI-D10A71D449240E83C47858A810ED52C2 platform: NULL
[2022.08.27-12.56.54:355][397]LogNet: Client netspeed is 100000
[2022.08.27-12.56.54:929][414]LogNet: Join request: /Game/GameSystem/Maps/WhereTheJourneyBegins?Name=DESKTOP-B63J4BI-D10A71D449240E83C47858A810ED52C2?SplitscreenCount=1
[2022.08.27-12.56.54:930][414]LogOnlineSession: Warning: OSS: No game present to join for session (GameSession)
[2022.08.27-12.56.54:936][414]LogNetPackageMap: Warning: FNetGUIDCache::SupportsObject: PaperSpriteComponent /Game/GameSystem/Maps/WhereTheJourneyBegins.WhereTheJourneyBegins:PersistentLevel.2DSideScrollerCharacter_C_2147482418.NODE_AddPaperSpriteComponent-65 NOT Supported.
[2022.08.27-12.56.54:938][414]LogNetPackageMap: Warning: FNetGUIDCache::SupportsObject: PaperSpriteComponent /Game/GameSystem/Maps/WhereTheJourneyBegins.WhereTheJourneyBegins:PersistentLevel.2DSideScrollerCharacter_C_2147482418.NODE_AddPaperSpriteComponent-66 NOT Supported.
[2022.08.27-12.56.54:941][414]LogNetPackageMap: Warning: FNetGUIDCache::SupportsObject: PaperSpriteComponent /Game/GameSystem/Maps/WhereTheJourneyBegins.WhereTheJourneyBegins:PersistentLevel.2DSideScrollerCharacter_C_2147482418.NODE_AddPaperSpriteComponent-65 NOT Supported.
[2022.08.27-12.56.54:943][414]LogNetPackageMap: Warning: FNetGUIDCache::SupportsObject: PaperSpriteComponent /Game/GameSystem/Maps/WhereTheJourneyBegins.WhereTheJourneyBegins:PersistentLevel.2DSideScrollerCharacter_C_2147482418.NODE_AddPaperSpriteComponent-66 NOT Supported.
[2022.08.27-12.56.54:945][414]LogNet: Join succeeded: DESKTOP-B63J4BI-D10A
[2022.08.27-12.56.54:964][415]LogNetPackageMap: Warning: FNetGUIDCache::SupportsObject: PaperSpriteComponent /Game/GameSystem/Maps/WhereTheJourneyBegins.WhereTheJourneyBegins:PersistentLevel.2DSideScrollerCharacter_C_2147482495.NODE_AddPaperSpriteComponent-65 NOT Supported.
[2022.08.27-12.56.54:967][415]LogNetPackageMap: Warning: FNetGUIDCache::SupportsObject: PaperSpriteComponent /Game/GameSystem/Maps/WhereTheJourneyBegins.WhereTheJourneyBegins:PersistentLevel.2DSideScrollerCharacter_C_2147482495.NODE_AddPaperSpriteComponent-66 NOT Supported.
[2022.08.27-12.56.54:968][415]LogNetPackageMap: Warning: FNetGUIDCache::SupportsObject: PaperSpriteComponent /Game/GameSystem/Maps/WhereTheJourneyBegins.WhereTheJourneyBegins:PersistentLevel.2DSideScrollerCharacter_C_2147482495.NODE_AddPaperSpriteComponent-57 NOT Supported.
[2022.08.27-12.56.55:361][427]LogScript: Warning: Accessed None trying to read property TextRender
	MasterNPC_BP_C /Game/GameSystem/Maps/WhereTheJourneyBegins.WhereTheJourneyBegins:PersistentLevel.FirstMapNpc_2
	Function /Game/GameSystem/BluePrints/NPCs_BP/MasterNPC_BP.MasterNPC_BP_C:ExecuteUbergraph_MasterNPC_BP:03F9
[2022.08.27-12.56.55:364][427]LogScript: Warning: Script call stack:
	Function /Game/GameSystem/BluePrints/GameplayController.GameplayController_C:Event_CheckQuestIndicatorStatus_Serv
	Function /Game/GameSystem/BluePrints/GameplayController.GameplayController_C:ExecuteUbergraph_GameplayController
	Function /Game/GameSystem/BluePrints/NPCs_BP/MasterNPC_BP.MasterNPC_BP_C:call change quest indicator func interface
	Function /Game/GameSystem/BluePrints/NPCs_BP/MasterNPC_BP.MasterNPC_BP_C:ExecuteUbergraph_MasterNPC_BP
	Function /Game/GameSystem/BluePrints/NPCs_BP/MasterNPC_BP.MasterNPC_BP_C:ChangeQuestIndicator_Client
	Function /Game/GameSystem/BluePrints/NPCs_BP/MasterNPC_BP.MasterNPC_BP_C:ExecuteUbergraph_MasterNPC_BP

[2022.08.27-12.58.12:165][732]LogBlueprintUserMessages: [2DSideScrollerCharacter_C_2147482418] 100
[2022.08.27-12.58.20:419][980]LogNet: UChannel::ReceivedSequencedBunch: Bunch.bClose == true. ChIndex == 0. Calling ConditionalCleanUp.
[2022.08.27-12.58.20:419][980]LogNet: UChannel::CleanUp: ChIndex == 0. Closing connection. [UChannel] ChIndex: 0, Closing: 0 [UNetConnection] RemoteAddr: 127.0.0.1:50061, Name: IpConnection_2147482513, Driver: GameNetDriver IpNetDriver_2147482567, IsServer: YES, PC: GameplayController_C_2147482509, Owner: GameplayController_C_2147482509, UniqueId: NULL:DESKTOP-B63J4BI-67E911934DE9CD8EA4E8809C17CE6DC5
[2022.08.27-12.58.20:421][980]LogNet: UNetConnection::Close: [UNetConnection] RemoteAddr: 127.0.0.1:50061, Name: IpConnection_2147482513, Driver: GameNetDriver IpNetDriver_2147482567, IsServer: YES, PC: GameplayController_C_2147482509, Owner: GameplayController_C_2147482509, UniqueId: NULL:DESKTOP-B63J4BI-67E911934DE9CD8EA4E8809C17CE6DC5, Channels: 18, Time: 2022.08.27-12.58.20
[2022.08.27-12.58.20:421][980]LogNet: UChannel::Close: Sending CloseBunch. ChIndex == 0. Name: [UChannel] ChIndex: 0, Closing: 0 [UNetConnection] RemoteAddr: 127.0.0.1:50061, Name: IpConnection_2147482513, Driver: GameNetDriver IpNetDriver_2147482567, IsServer: YES, PC: GameplayController_C_2147482509, Owner: GameplayController_C_2147482509, UniqueId: NULL:DESKTOP-B63J4BI-67E911934DE9CD8EA4E8809C17CE6DC5
[2022.08.27-12.58.20:423][980]LogOnlineSession: Warning: OSS: No game present to leave for session (GameSession)
[2022.08.27-12.58.23:689][ 78]LogNet: NotifyAcceptingConnection accepted from: 127.0.0.1:63254
[2022.08.27-12.58.23:689][ 78]LogHandshake: SendConnectChallenge. Timestamp: 2950.535561, Cookie: 070174062174149162164240013165026248117093009154231078058112
[2022.08.27-12.58.23:722][ 79]LogNet: NotifyAcceptingConnection accepted from: 127.0.0.1:63254
[2022.08.27-12.58.23:722][ 79]LogHandshake: SendChallengeAck. InCookie: 070174062174149162164240013165026248117093009154231078058112
[2022.08.27-12.58.23:723][ 79]LogNet: Server accepting post-challenge connection from: 127.0.0.1:63254
[2022.08.27-12.58.23:724][ 79]PacketHandlerLog: Loaded PacketHandler component: Engine.EngineHandlerComponentFactory (StatelessConnectHandlerComponent)
[2022.08.27-12.58.23:725][ 79]LogNet: NotifyAcceptedConnection: Name: WhereTheJourneyBegins, TimeStamp: 08/27/22 15:58:23, [UNetConnection] RemoteAddr: 127.0.0.1:63254, Name: IpConnection_2147482394, Driver: GameNetDriver IpNetDriver_2147482567, IsServer: YES, PC: NULL, Owner: NULL, UniqueId: INVALID
[2022.08.27-12.58.23:725][ 79]LogNet: AddClientConnection: Added client connection: [UNetConnection] RemoteAddr: 127.0.0.1:63254, Name: IpConnection_2147482394, Driver: GameNetDriver IpNetDriver_2147482567, IsServer: YES, PC: NULL, Owner: NULL, UniqueId: INVALID
[2022.08.27-12.58.23:726][ 79]LogNet: NotifyAcceptingChannel Control 0 server World /Game/GameSystem/Maps/WhereTheJourneyBegins.WhereTheJourneyBegins: Accepted
[2022.08.27-12.58.23:726][ 79]LogNet: Remote platform little endian=1
[2022.08.27-12.58.23:726][ 79]LogNet: This platform little endian=1
[2022.08.27-12.58.23:755][ 80]LogNet: Login request: ?Name=DESKTOP-B63J4BI-67E911934DE9CD8EA4E8809C17CE6DC5 userId: NULL:DESKTOP-B63J4BI-67E911934DE9CD8EA4E8809C17CE6DC5 platform: NULL
[2022.08.27-12.58.23:788][ 81]LogNet: Client netspeed is 100000
[2022.08.27-12.58.24:289][ 96]LogNet: Join request: /Game/GameSystem/Maps/WhereTheJourneyBegins?Name=DESKTOP-B63J4BI-67E911934DE9CD8EA4E8809C17CE6DC5?SplitscreenCount=1
[2022.08.27-12.58.24:290][ 96]LogOnlineSession: Warning: OSS: No game present to join for session (GameSession)
[2022.08.27-12.58.24:295][ 96]LogNetPackageMap: Warning: FNetGUIDCache::SupportsObject: PaperSpriteComponent /Game/GameSystem/Maps/WhereTheJourneyBegins.WhereTheJourneyBegins:PersistentLevel.2DSideScrollerCharacter_C_2147482377.NODE_AddPaperSpriteComponent-65 NOT Supported.
[2022.08.27-12.58.24:296][ 96]LogNetPackageMap: Warning: FNetGUIDCache::SupportsObject: PaperSpriteComponent /Game/GameSystem/Maps/WhereTheJourneyBegins.WhereTheJourneyBegins:PersistentLevel.2DSideScrollerCharacter_C_2147482377.NODE_AddPaperSpriteComponent-66 NOT Supported.
[2022.08.27-12.58.24:299][ 96]LogNetPackageMap: Warning: FNetGUIDCache::SupportsObject: PaperSpriteComponent /Game/GameSystem/Maps/WhereTheJourneyBegins.WhereTheJourneyBegins:PersistentLevel.2DSideScrollerCharacter_C_2147482377.NODE_AddPaperSpriteComponent-65 NOT Supported.
[2022.08.27-12.58.24:301][ 96]LogNetPackageMap: Warning: FNetGUIDCache::SupportsObject: PaperSpriteComponent /Game/GameSystem/Maps/WhereTheJourneyBegins.WhereTheJourneyBegins:PersistentLevel.2DSideScrollerCharacter_C_2147482377.NODE_AddPaperSpriteComponent-66 NOT Supported.
[2022.08.27-12.58.24:302][ 96]LogNet: Join succeeded: DESKTOP-B63J4BI-67E9
[2022.08.27-12.58.24:324][ 97]LogNetPackageMap: Warning: FNetGUIDCache::SupportsObject: PaperSpriteComponent /Game/GameSystem/Maps/WhereTheJourneyBegins.WhereTheJourneyBegins:PersistentLevel.2DSideScrollerCharacter_C_2147482418.NODE_AddPaperSpriteComponent-65 NOT Supported.
[2022.08.27-12.58.24:326][ 97]LogNetPackageMap: Warning: FNetGUIDCache::SupportsObject: PaperSpriteComponent /Game/GameSystem/Maps/WhereTheJourneyBegins.WhereTheJourneyBegins:PersistentLevel.2DSideScrollerCharacter_C_2147482418.NODE_AddPaperSpriteComponent-66 NOT Supported.
[2022.08.27-12.58.24:724][109]LogScript: Warning: Accessed None trying to read property TextRender
	MasterNPC_BP_C /Game/GameSystem/Maps/WhereTheJourneyBegins.WhereTheJourneyBegins:PersistentLevel.FirstMapNpc_2
	Function /Game/GameSystem/BluePrints/NPCs_BP/MasterNPC_BP.MasterNPC_BP_C:ExecuteUbergraph_MasterNPC_BP:03F9
[2022.08.27-12.58.24:727][109]LogScript: Warning: Script call stack:
	Function /Game/GameSystem/BluePrints/GameplayController.GameplayController_C:Event_CheckQuestIndicatorStatus_Serv
	Function /Game/GameSystem/BluePrints/GameplayController.GameplayController_C:ExecuteUbergraph_GameplayController
	Function /Game/GameSystem/BluePrints/NPCs_BP/MasterNPC_BP.MasterNPC_BP_C:call change quest indicator func interface
	Function /Game/GameSystem/BluePrints/NPCs_BP/MasterNPC_BP.MasterNPC_BP_C:ExecuteUbergraph_MasterNPC_BP
	Function /Game/GameSystem/BluePrints/NPCs_BP/MasterNPC_BP.MasterNPC_BP_C:ChangeQuestIndicator_Client
	Function /Game/GameSystem/BluePrints/NPCs_BP/MasterNPC_BP.MasterNPC_BP_C:ExecuteUbergraph_MasterNPC_BP

[2022.08.27-12.58.34:751][410]LogBlueprintUserMessages: [2DSideScrollerCharacter_C_2147482377] 100
[2022.08.27-12.59.15:697][636]LogBlueprintUserMessages: [2DSideScrollerCharacter_C_2147482418] 100
[2022.08.27-12.59.20:337][734]LogNet: UChannel::ReceivedSequencedBunch: Bunch.bClose == true. ChIndex == 0. Calling ConditionalCleanUp.
[2022.08.27-12.59.20:337][734]LogNet: UChannel::CleanUp: ChIndex == 0. Closing connection. [UChannel] ChIndex: 0, Closing: 0 [UNetConnection] RemoteAddr: 127.0.0.1:55185, Name: IpConnection_2147482435, Driver: GameNetDriver IpNetDriver_2147482567, IsServer: YES, PC: GameplayController_C_2147482431, Owner: GameplayController_C_2147482431, UniqueId: NULL:DESKTOP-B63J4BI-D10A71D449240E83C47858A810ED52C2
[2022.08.27-12.59.20:338][734]LogNet: UNetConnection::Close: [UNetConnection] RemoteAddr: 127.0.0.1:55185, Name: IpConnection_2147482435, Driver: GameNetDriver IpNetDriver_2147482567, IsServer: YES, PC: GameplayController_C_2147482431, Owner: GameplayController_C_2147482431, UniqueId: NULL:DESKTOP-B63J4BI-D10A71D449240E83C47858A810ED52C2, Channels: 19, Time: 2022.08.27-12.59.20
[2022.08.27-12.59.20:338][734]LogNet: UChannel::Close: Sending CloseBunch. ChIndex == 0. Name: [UChannel] ChIndex: 0, Closing: 0 [UNetConnection] RemoteAddr: 127.0.0.1:55185, Name: IpConnection_2147482435, Driver: GameNetDriver IpNetDriver_2147482567, IsServer: YES, PC: GameplayController_C_2147482431, Owner: GameplayController_C_2147482431, UniqueId: NULL:DESKTOP-B63J4BI-D10A71D449240E83C47858A810ED52C2
[2022.08.27-12.59.20:339][734]LogOnlineSession: Warning: OSS: No game present to leave for session (GameSession)
[2022.08.27-12.59.24:681][826]LogNet: UChannel::ReceivedSequencedBunch: Bunch.bClose == true. ChIndex == 0. Calling ConditionalCleanUp.
[2022.08.27-12.59.24:681][826]LogNet: UChannel::CleanUp: ChIndex == 0. Closing connection. [UChannel] ChIndex: 0, Closing: 0 [UNetConnection] RemoteAddr: 127.0.0.1:63254, Name: IpConnection_2147482394, Driver: GameNetDriver IpNetDriver_2147482567, IsServer: YES, PC: GameplayController_C_2147482390, Owner: GameplayController_C_2147482390, UniqueId: NULL:DESKTOP-B63J4BI-67E911934DE9CD8EA4E8809C17CE6DC5
[2022.08.27-12.59.24:681][826]LogNet: UNetConnection::Close: [UNetConnection] RemoteAddr: 127.0.0.1:63254, Name: IpConnection_2147482394, Driver: GameNetDriver IpNetDriver_2147482567, IsServer: YES, PC: GameplayController_C_2147482390, Owner: GameplayController_C_2147482390, UniqueId: NULL:DESKTOP-B63J4BI-67E911934DE9CD8EA4E8809C17CE6DC5, Channels: 17, Time: 2022.08.27-12.59.24
[2022.08.27-12.59.24:681][826]LogNet: UChannel::Close: Sending CloseBunch. ChIndex == 0. Name: [UChannel] ChIndex: 0, Closing: 0 [UNetConnection] RemoteAddr: 127.0.0.1:63254, Name: IpConnection_2147482394, Driver: GameNetDriver IpNetDriver_2147482567, IsServer: YES, PC: GameplayController_C_2147482390, Owner: GameplayController_C_2147482390, UniqueId: NULL:DESKTOP-B63J4BI-67E911934DE9CD8EA4E8809C17CE6DC5
[2022.08.27-12.59.24:682][826]LogOnlineSession: Warning: OSS: No game present to leave for session (GameSession)
