Log file open, 08/27/22 19:48:44
LogWindows: Failed to load 'aqProf.dll' (GetLastError=126)
LogWindows: File 'aqProf.dll' does not exist
LogWindows: Failed to load 'VtuneApi.dll' (GetLastError=126)
LogWindows: File 'VtuneApi.dll' does not exist
LogWindows: Failed to load 'VtuneApi32e.dll' (GetLastError=126)
LogWindows: File 'VtuneApi32e.dll' does not exist
LogConsoleResponse: Display: Failed to find resolution value strings in scalability ini. Falling back to default.
LogConsoleResponse: Display: Failed to find resolution value strings in scalability ini. Falling back to default.
LogPakFile: Display: Found Pak file ../../../TwoDSSG/Content/Paks/TwoDSSG-WindowsServer.pak attempting to mount.
LogPakFile: Display: Mounting pak file ../../../TwoDSSG/Content/Paks/TwoDSSG-WindowsServer.pak.
LogPakFile: PakFile PrimaryIndexSize=63414
LogPakFile: PakFile PathHashIndexSize=74651
LogPakFile: PakFile FullDirectoryIndexSize=138247
LogShaderLibrary: Display: ShaderCodeLibraryPakFileMountedCallback: PakFile '../../../TwoDSSG/Content/Paks/TwoDSSG-WindowsServer.pak' (chunk index -1, root '../../../') mounted
LogShaderLibrary: Display: ShaderCodeLibraryPakFileMountedCallback: pending pak file info (ChunkID:-1 Root:../../../ File:../../../TwoDSSG/Content/Paks/TwoDSSG-WindowsServer.pak)
LogPakFile: OnPakFileMounted2Time == 0.000749
LogPlatformFile: Not using cached read wrapper
LogTaskGraph: Started task graph with 5 named threads and 9 total threads with 1 sets of task threads.
LogStats: Stats thread started at 0.234398
LogICUInternationalization: ICU TimeZone Detection - Raw Offset: +2:00, Platform Override: ''
LogInit: Display: Loading text-based GConfig....
LogPluginManager: Mounting plugin Paper2D
LogPluginManager: Mounting plugin AISupport
LogPluginManager: Mounting plugin EnvironmentQueryEditor
LogPluginManager: Mounting plugin LightPropagationVolume
LogPluginManager: Mounting plugin CameraShakePreviewer
LogPluginManager: Mounting plugin GameplayCameras
LogPluginManager: Mounting plugin TemplateSequence
LogPluginManager: Mounting plugin LevelSequenceEditor
LogPluginManager: Mounting plugin OodleData
LogPluginManager: Mounting plugin OodleNetwork
LogPluginManager: Mounting plugin AnimationSharing
LogPluginManager: Mounting plugin SignificanceManager
LogPluginManager: Mounting plugin PluginUtils
LogPluginManager: Mounting plugin PropertyAccessEditor
LogPluginManager: Mounting plugin UObjectPlugin
LogPluginManager: Mounting plugin AssetManagerEditor
LogPluginManager: Mounting plugin FacialAnimation
LogPluginManager: Mounting plugin GeometryMode
LogPluginManager: Mounting plugin SpeedTreeImporter
LogPluginManager: Mounting plugin DatasmithContent
LogPluginManager: Mounting plugin VariantManagerContent
LogPluginManager: Mounting plugin AlembicImporter
LogPluginManager: Mounting plugin GeometryCache
LogPluginManager: Mounting plugin AutomationUtils
LogPluginManager: Mounting plugin ScreenshotTools
LogPluginManager: Mounting plugin BackChannel
LogPluginManager: Mounting plugin ChaosClothEditor
LogPluginManager: Mounting plugin ChaosCloth
LogPluginManager: Mounting plugin ChaosEditor
LogPluginManager: Mounting plugin PlanarCut
LogPluginManager: Mounting plugin GeometryProcessing
LogPluginManager: Mounting plugin EditableMesh
LogPluginManager: Mounting plugin GeometryCollectionPlugin
LogPluginManager: Mounting plugin ProceduralMeshComponent
LogPluginManager: Mounting plugin ChaosSolverPlugin
LogPluginManager: Mounting plugin ChaosNiagara
LogPluginManager: Mounting plugin Niagara
LogPluginManager: Mounting plugin PythonScriptPlugin
LogPluginManager: Mounting plugin CharacterAI
LogPluginManager: Mounting plugin MotoSynth
LogPluginManager: Mounting plugin OpenImageDenoise
LogPluginManager: Mounting plugin PlatformCrypto
LogPluginManager: Mounting plugin MagicLeapPassableWorld
LogPluginManager: Mounting plugin MagicLeap
LogPluginManager: Mounting plugin MLSDK
LogPluginManager: Mounting plugin MagicLeapLightEstimation
LogPluginManager: Mounting plugin AvfMedia
LogPluginManager: Mounting plugin ImgMedia
LogPluginManager: Mounting plugin MediaCompositing
LogPluginManager: Mounting plugin MeshPainting
LogPluginManager: Mounting plugin TcpMessaging
LogPluginManager: Mounting plugin UdpMessaging
LogPluginManager: Mounting plugin ActorSequence
LogPluginManager: Mounting plugin MatineeToLevelSequence
LogPluginManager: Mounting plugin OnlineSubsystemNull
LogPluginManager: Mounting plugin OnlineSubsystem
LogPluginManager: Mounting plugin OnlineSubsystemUtils
LogPluginManager: Mounting plugin LauncherChunkInstaller
LogPluginManager: Mounting plugin ActorLayerUtilities
LogPluginManager: Mounting plugin AndroidPermission
LogPluginManager: Mounting plugin AppleImageUtils
LogPluginManager: Mounting plugin ArchVisCharacter
LogPluginManager: Mounting plugin AssetTags
LogPluginManager: Mounting plugin AudioCapture
LogPluginManager: Mounting plugin CableComponent
LogPluginManager: Mounting plugin ChunkDownloader
LogPluginManager: Mounting plugin CustomMeshComponent
LogPluginManager: Mounting plugin ExampleDeviceProfileSelector
LogPluginManager: Mounting plugin GooglePAD
LogPluginManager: Mounting plugin LocationServicesBPLibrary
LogPluginManager: Mounting plugin MobilePatchingUtils
LogPluginManager: Mounting plugin OculusVR
LogPluginManager: Mounting plugin OpenXREyeTracker
LogPluginManager: Mounting plugin OpenXR
LogPluginManager: Mounting plugin OpenXRHandTracking
LogPluginManager: Mounting plugin LiveLink
LogPluginManager: Mounting plugin Takes
LogPluginManager: Mounting plugin PhysXVehicles
LogPluginManager: Mounting plugin RuntimePhysXCooking
LogPluginManager: Mounting plugin SoundFields
LogPluginManager: Mounting plugin SteamVR
LogPluginManager: Mounting plugin Synthesis
LogPluginManager: Mounting plugin AudioSynesthesia
LogPluginManager: Mounting plugin WindowsMoviePlayer
LogLuminAPIImpl: Warning: MLSDK not found.  This likely means the MLSDK environment variable is not set.
LogInit: Using libcurl 7.55.1-DEV
LogInit:  - built for x86_64-pc-win32
LogInit:  - supports SSL with OpenSSL/1.1.1
LogInit:  - supports HTTP deflate (compression) using libz 1.2.8
LogInit:  - other features:
LogInit:      CURL_VERSION_SSL
LogInit:      CURL_VERSION_LIBZ
LogInit:      CURL_VERSION_IPV6
LogInit:      CURL_VERSION_ASYNCHDNS
LogInit:      CURL_VERSION_LARGEFILE
LogInit:      CURL_VERSION_IDN
LogInit:  CurlRequestOptions (configurable via config and command line):
LogInit:  - bVerifyPeer = true  - Libcurl will verify peer certificate
LogInit:  - bUseHttpProxy = false  - Libcurl will NOT use HTTP proxy
LogInit:  - bDontReuseConnections = false  - Libcurl will reuse connections
LogInit:  - MaxHostConnections = 16  - Libcurl will limit the number of connections to a host
LogInit:  - LocalHostAddr = Default
LogInit:  - BufferSize = 65536
LogOnline: OSS: Creating online subsystem instance for: NULL
LogInit: WinSock: version 1.1 (2.2), MaxSocks=32767, MaxUdp=65467
LogOnline: OSS: TryLoadSubsystemAndSetDefault: Loaded subsystem for module [NULL]
LogInit: Build: ++UE4+Release-4.27-CL-0
LogInit: Engine Version: 4.27.2-0+++UE4+Release-4.27
LogInit: Compatible Engine Version: 4.27.0-0+++UE4+Release-4.27
LogInit: Net CL: 0
LogInit: OS: Windows 10 (Release 2009) (), CPU: Intel(R) Core(TM) i5-10500 CPU @ 3.10GHz, GPU: NVIDIA GeForce RTX 3070
LogInit: Compiled (64-bit): Aug 27 2022 14:49:36
LogInit: Compiled with Visual C++: 19.29.30145.00
LogInit: Build Configuration: Development
LogInit: Branch Name: ++UE4+Release-4.27
LogInit: Command Line:  -log
LogInit: Base Directory: C:/Users/Sagi/Documents/Unreal Projects/TwoDSSG 4.27/Packaged/WindowsServer/TwoDSSG/Binaries/Win64/
LogInit: Allocator: binned2
LogInit: Installed Engine Build: 0
LogDevObjectVersion: Number of dev versions registered: 29
LogDevObjectVersion:   Dev-Blueprints (B0D832E4-1F89-4F0D-ACCF-7EB736FD4AA2): 10
LogDevObjectVersion:   Dev-Build (E1C64328-A22C-4D53-A36C-8E866417BD8C): 0
LogDevObjectVersion:   Dev-Core (375EC13C-06E4-48FB-B500-84F0262A717E): 4
LogDevObjectVersion:   Dev-Editor (E4B068ED-F494-42E9-A231-DA0B2E46BB41): 40
LogDevObjectVersion:   Dev-Framework (CFFC743F-43B0-4480-9391-14DF171D2073): 37
LogDevObjectVersion:   Dev-Mobile (B02B49B5-BB20-44E9-A304-32B752E40360): 3
LogDevObjectVersion:   Dev-Networking (A4E4105C-59A1-49B5-A7C5-40C4547EDFEE): 0
LogDevObjectVersion:   Dev-Online (39C831C9-5AE6-47DC-9A44-9C173E1C8E7C): 0
LogDevObjectVersion:   Dev-Physics (78F01B33-EBEA-4F98-B9B4-84EACCB95AA2): 14
LogDevObjectVersion:   Dev-Platform (6631380F-2D4D-43E0-8009-CF276956A95A): 0
LogDevObjectVersion:   Dev-Rendering (12F88B9F-8875-4AFC-A67C-D90C383ABD29): 45
LogDevObjectVersion:   Dev-Sequencer (7B5AE74C-D270-4C10-A958-57980B212A5A): 13
LogDevObjectVersion:   Dev-VR (D7296918-1DD6-4BDD-9DE2-64A83CC13884): 3
LogDevObjectVersion:   Dev-LoadTimes (C2A15278-BFE7-4AFE-6C17-90FF531DF755): 1
LogDevObjectVersion:   Private-Geometry (6EACA3D4-40EC-4CC1-B786-8BED09428FC5): 3
LogDevObjectVersion:   Dev-AnimPhys (29E575DD-E0A3-4627-9D10-D276232CDCEA): 17
LogDevObjectVersion:   Dev-Anim (AF43A65D-7FD3-4947-9873-3E8ED9C1BB05): 15
LogDevObjectVersion:   Dev-ReflectionCapture (6B266CEC-1EC7-4B8F-A30B-E4D90942FC07): 1
LogDevObjectVersion:   Dev-Automation (0DF73D61-A23F-47EA-B727-89E90C41499A): 1
LogDevObjectVersion:   FortniteMain (601D1886-AC64-4F84-AA16-D3DE0DEAC7D6): 47
LogDevObjectVersion:   FortniteRelease (E7086368-6B23-4C58-8439-1B7016265E91): 1
LogDevObjectVersion:   Dev-Enterprise (9DFFBCD6-494F-0158-E221-12823C92A888): 10
LogDevObjectVersion:   Dev-Niagara (F2AED0AC-9AFE-416F-8664-AA7FFA26D6FC): 1
LogDevObjectVersion:   Dev-Destruction (174F1F0B-B4C6-45A5-B13F-2EE8D0FB917D): 10
LogDevObjectVersion:   Dev-Physics-Ext (35F94A83-E258-406C-A318-09F59610247C): 41
LogDevObjectVersion:   Dev-PhysicsMaterial-Chaos (B68FC16E-8B1B-42E2-B453-215C058844FE): 1
LogDevObjectVersion:   Dev-CineCamera (B2E18506-4273-CFC2-A54E-F4BB758BBA07): 1
LogDevObjectVersion:   Dev-VirtualProduction (64F58936-FD1B-42BA-BA96-7289D5D0FA4E): 1
LogDevObjectVersion:   Dev-MediaFramework (6F0ED827-A609-4895-9C91-998D90180EA4): 2
LogInit: Presizing for max 2097152 objects, including 1 objects not considered by GC, pre-allocating 0 bytes for permanent pool.
LogConfig: Applying CVar settings from Section [/Script/Engine.StreamingSettings] File [../../../TwoDSSG/Saved/Config/WindowsServer/Engine.ini]
LogConfig: Setting CVar [[s.MinBulkDataSizeForAsyncLoading:131072]]
LogConfig: Setting CVar [[s.AsyncLoadingThreadEnabled:0]]
LogConfig: Setting CVar [[s.EventDrivenLoaderEnabled:1]]
LogConfig: Setting CVar [[s.WarnIfTimeLimitExceeded:0]]
LogConfig: Setting CVar [[s.TimeLimitExceededMultiplier:1.5]]
LogConfig: Setting CVar [[s.TimeLimitExceededMinTime:0.005]]
LogConfig: Setting CVar [[s.UseBackgroundLevelStreaming:1]]
LogConfig: Setting CVar [[s.PriorityAsyncLoadingExtraTime:15.0]]
LogConfig: Setting CVar [[s.LevelStreamingActorsUpdateTimeLimit:5.0]]
LogConfig: Setting CVar [[s.PriorityLevelStreamingActorsUpdateExtraTime:5.0]]
LogConfig: Setting CVar [[s.LevelStreamingComponentsRegistrationGranularity:10]]
LogConfig: Setting CVar [[s.UnregisterComponentsTimeLimit:1.0]]
LogConfig: Setting CVar [[s.LevelStreamingComponentsUnregistrationGranularity:5]]
LogConfig: Setting CVar [[s.FlushStreamingOnExit:1]]
LogStreaming: Display: Async Loading initialized: Event Driven Loader: true, Async Loading Thread: false, Async Post Load: false
LogInit: Object subsystem initialized
LogConfig: Setting CVar [[con.DebugEarlyDefault:1]]
LogConfig: Setting CVar [[r.setres:1280x720]]
LogConfig: Setting CVar [[fx.NiagaraAllowRuntimeScalabilityChanges:1]]
[2022.08.27-16.48.46:946][  0]LogConfig: Setting CVar [[con.DebugEarlyDefault:1]]
[2022.08.27-16.48.46:946][  0]LogConfig: Setting CVar [[r.setres:1280x720]]
[2022.08.27-16.48.46:946][  0]LogConfig: Setting CVar [[fx.NiagaraAllowRuntimeScalabilityChanges:1]]
[2022.08.27-16.48.46:947][  0]LogConfig: Applying CVar settings from Section [/Script/Engine.RendererSettings] File [../../../TwoDSSG/Saved/Config/WindowsServer/Engine.ini]
[2022.08.27-16.48.46:947][  0]LogConfig: Setting CVar [[r.GPUCrashDebugging:0]]
[2022.08.27-16.48.46:947][  0]LogConfig: Setting CVar [[r.MobileHDR:0]]
[2022.08.27-16.48.46:947][  0]LogConfig: Setting CVar [[r.DefaultFeature.AntiAliasing:0]]
[2022.08.27-16.48.46:948][  0]LogConfig: Setting CVar [[r.TranslucentSortPolicy:2]]
[2022.08.27-16.48.46:948][  0]LogConfig: Setting CVar [[r.DefaultFeature.AutoExposure:1]]
[2022.08.27-16.48.46:948][  0]LogConfig: Applying CVar settings from Section [/Script/Engine.RendererOverrideSettings] File [../../../TwoDSSG/Saved/Config/WindowsServer/Engine.ini]
[2022.08.27-16.48.46:949][  0]LogConfig: Applying CVar settings from Section [/Script/Engine.StreamingSettings] File [../../../TwoDSSG/Saved/Config/WindowsServer/Engine.ini]
[2022.08.27-16.48.46:949][  0]LogConfig: Setting CVar [[s.MinBulkDataSizeForAsyncLoading:131072]]
[2022.08.27-16.48.46:949][  0]LogConfig: Setting CVar [[s.AsyncLoadingThreadEnabled:0]]
[2022.08.27-16.48.46:950][  0]LogConfig: Setting CVar [[s.EventDrivenLoaderEnabled:1]]
[2022.08.27-16.48.46:950][  0]LogConfig: Setting CVar [[s.WarnIfTimeLimitExceeded:0]]
[2022.08.27-16.48.46:950][  0]LogConfig: Setting CVar [[s.TimeLimitExceededMultiplier:1.5]]
[2022.08.27-16.48.46:951][  0]LogConfig: Setting CVar [[s.TimeLimitExceededMinTime:0.005]]
[2022.08.27-16.48.46:951][  0]LogConfig: Setting CVar [[s.UseBackgroundLevelStreaming:1]]
[2022.08.27-16.48.46:951][  0]LogConfig: Setting CVar [[s.PriorityAsyncLoadingExtraTime:15.0]]
[2022.08.27-16.48.46:951][  0]LogConfig: Setting CVar [[s.LevelStreamingActorsUpdateTimeLimit:5.0]]
[2022.08.27-16.48.46:952][  0]LogConfig: Setting CVar [[s.PriorityLevelStreamingActorsUpdateExtraTime:5.0]]
[2022.08.27-16.48.46:952][  0]LogConfig: Setting CVar [[s.LevelStreamingComponentsRegistrationGranularity:10]]
[2022.08.27-16.48.46:952][  0]LogConfig: Setting CVar [[s.UnregisterComponentsTimeLimit:1.0]]
[2022.08.27-16.48.46:953][  0]LogConfig: Setting CVar [[s.LevelStreamingComponentsUnregistrationGranularity:5]]
[2022.08.27-16.48.46:953][  0]LogConfig: Setting CVar [[s.FlushStreamingOnExit:1]]
[2022.08.27-16.48.46:953][  0]LogConfig: Applying CVar settings from Section [/Script/Engine.GarbageCollectionSettings] File [../../../TwoDSSG/Saved/Config/WindowsServer/Engine.ini]
[2022.08.27-16.48.46:953][  0]LogConfig: Setting CVar [[gc.MaxObjectsNotConsideredByGC:1]]
[2022.08.27-16.48.46:954][  0]LogConfig: Setting CVar [[gc.SizeOfPermanentObjectPool:0]]
[2022.08.27-16.48.46:954][  0]LogConfig: Setting CVar [[gc.FlushStreamingOnGC:0]]
[2022.08.27-16.48.46:954][  0]LogConfig: Setting CVar [[gc.NumRetriesBeforeForcingGC:10]]
[2022.08.27-16.48.46:955][  0]LogConfig: Setting CVar [[gc.AllowParallelGC:1]]
[2022.08.27-16.48.46:955][  0]LogConfig: Setting CVar [[gc.TimeBetweenPurgingPendingKillObjects:61.1]]
[2022.08.27-16.48.46:955][  0]LogConfig: Setting CVar [[gc.MaxObjectsInEditor:25165824]]
[2022.08.27-16.48.46:955][  0]LogConfig: Setting CVar [[gc.IncrementalBeginDestroyEnabled:1]]
[2022.08.27-16.48.46:956][  0]LogConfig: Setting CVar [[gc.CreateGCClusters:1]]
[2022.08.27-16.48.46:956][  0]LogConfig: Setting CVar [[gc.MinGCClusterSize:5]]
[2022.08.27-16.48.46:956][  0]LogConfig: Setting CVar [[gc.ActorClusteringEnabled:0]]
[2022.08.27-16.48.46:956][  0]LogConfig: Setting CVar [[gc.BlueprintClusteringEnabled:0]]
[2022.08.27-16.48.46:957][  0]LogConfig: Setting CVar [[gc.UseDisregardForGCOnDedicatedServers:0]]
[2022.08.27-16.48.46:959][  0]LogConfig: Setting CVar [[gc.MultithreadedDestructionEnabled:1]]
[2022.08.27-16.48.46:959][  0]LogConfig: Applying CVar settings from Section [/Script/Engine.NetworkSettings] File [../../../TwoDSSG/Saved/Config/WindowsServer/Engine.ini]
[2022.08.27-16.48.46:960][  0]LogConfig: Applying CVar settings from Section [ViewDistanceQuality@3] File [../../../TwoDSSG/Saved/Config/WindowsServer/Scalability.ini]
[2022.08.27-16.48.46:960][  0]LogConfig: Setting CVar [[r.SkeletalMeshLODBias:0]]
[2022.08.27-16.48.46:960][  0]LogConfig: Setting CVar [[r.ViewDistanceScale:1.0]]
[2022.08.27-16.48.46:960][  0]LogConfig: Applying CVar settings from Section [AntiAliasingQuality@3] File [../../../TwoDSSG/Saved/Config/WindowsServer/Scalability.ini]
[2022.08.27-16.48.46:961][  0]LogConfig: Setting CVar [[r.PostProcessAAQuality:4]]
[2022.08.27-16.48.46:961][  0]LogConfig: Applying CVar settings from Section [ShadowQuality@3] File [../../../TwoDSSG/Saved/Config/WindowsServer/Scalability.ini]
[2022.08.27-16.48.46:961][  0]LogConfig: Setting CVar [[r.LightFunctionQuality:1]]
[2022.08.27-16.48.46:962][  0]LogConfig: Setting CVar [[r.ShadowQuality:5]]
[2022.08.27-16.48.46:962][  0]LogConfig: Setting CVar [[r.Shadow.CSM.MaxCascades:10]]
[2022.08.27-16.48.46:962][  0]LogConfig: Setting CVar [[r.Shadow.MaxResolution:2048]]
[2022.08.27-16.48.46:962][  0]LogConfig: Setting CVar [[r.Shadow.MaxCSMResolution:2048]]
[2022.08.27-16.48.46:963][  0]LogConfig: Setting CVar [[r.Shadow.RadiusThreshold:0.01]]
[2022.08.27-16.48.46:963][  0]LogConfig: Setting CVar [[r.Shadow.DistanceScale:1.0]]
[2022.08.27-16.48.46:963][  0]LogConfig: Setting CVar [[r.Shadow.CSM.TransitionScale:1.0]]
[2022.08.27-16.48.46:964][  0]LogConfig: Setting CVar [[r.Shadow.PreShadowResolutionFactor:1.0]]
[2022.08.27-16.48.46:964][  0]LogConfig: Setting CVar [[r.DistanceFieldShadowing:1]]
[2022.08.27-16.48.46:964][  0]LogConfig: Setting CVar [[r.DistanceFieldAO:1]]
[2022.08.27-16.48.46:964][  0]LogConfig: Setting CVar [[r.AOQuality:2]]
[2022.08.27-16.48.46:965][  0]LogConfig: Setting CVar [[r.VolumetricFog:1]]
[2022.08.27-16.48.46:965][  0]LogConfig: Setting CVar [[r.VolumetricFog.GridPixelSize:8]]
[2022.08.27-16.48.46:965][  0]LogConfig: Setting CVar [[r.VolumetricFog.GridSizeZ:128]]
[2022.08.27-16.48.46:966][  0]LogConfig: Setting CVar [[r.VolumetricFog.HistoryMissSupersampleCount:4]]
[2022.08.27-16.48.46:966][  0]LogConfig: Setting CVar [[r.LightMaxDrawDistanceScale:1]]
[2022.08.27-16.48.46:966][  0]LogConfig: Setting CVar [[r.CapsuleShadows:1]]
[2022.08.27-16.48.46:967][  0]LogConfig: Applying CVar settings from Section [PostProcessQuality@3] File [../../../TwoDSSG/Saved/Config/WindowsServer/Scalability.ini]
[2022.08.27-16.48.46:967][  0]LogConfig: Setting CVar [[r.MotionBlurQuality:4]]
[2022.08.27-16.48.46:967][  0]LogConfig: Setting CVar [[r.AmbientOcclusionMipLevelFactor:0.4]]
[2022.08.27-16.48.46:967][  0]LogConfig: Setting CVar [[r.AmbientOcclusionMaxQuality:100]]
[2022.08.27-16.48.46:968][  0]LogConfig: Setting CVar [[r.AmbientOcclusionLevels:-1]]
[2022.08.27-16.48.46:968][  0]LogConfig: Setting CVar [[r.AmbientOcclusionRadiusScale:1.0]]
[2022.08.27-16.48.46:968][  0]LogConfig: Setting CVar [[r.DepthOfFieldQuality:2]]
[2022.08.27-16.48.46:968][  0]LogConfig: Setting CVar [[r.RenderTargetPoolMin:400]]
[2022.08.27-16.48.46:969][  0]LogConfig: Setting CVar [[r.LensFlareQuality:2]]
[2022.08.27-16.48.46:969][  0]LogConfig: Setting CVar [[r.SceneColorFringeQuality:1]]
[2022.08.27-16.48.46:969][  0]LogConfig: Setting CVar [[r.EyeAdaptationQuality:2]]
[2022.08.27-16.48.46:970][  0]LogConfig: Setting CVar [[r.BloomQuality:5]]
[2022.08.27-16.48.46:970][  0]LogConfig: Setting CVar [[r.FastBlurThreshold:100]]
[2022.08.27-16.48.46:970][  0]LogConfig: Setting CVar [[r.Upscale.Quality:3]]
[2022.08.27-16.48.46:971][  0]LogConfig: Setting CVar [[r.Tonemapper.GrainQuantization:1]]
[2022.08.27-16.48.46:971][  0]LogConfig: Setting CVar [[r.LightShaftQuality:1]]
[2022.08.27-16.48.46:972][  0]LogConfig: Setting CVar [[r.Filter.SizeScale:1]]
[2022.08.27-16.48.46:972][  0]LogConfig: Setting CVar [[r.Tonemapper.Quality:5]]
[2022.08.27-16.48.46:972][  0]LogConfig: Setting CVar [[r.DOF.Gather.AccumulatorQuality:1        ; higher gathering accumulator quality]]
[2022.08.27-16.48.46:972][  0]LogConfig: Setting CVar [[r.DOF.Gather.PostfilterMethod:1          ; Median3x3 postfilering method]]
[2022.08.27-16.48.46:973][  0]LogConfig: Setting CVar [[r.DOF.Gather.EnableBokehSettings:0       ; no bokeh simulation when gathering]]
[2022.08.27-16.48.46:975][  0]LogConfig: Setting CVar [[r.DOF.Gather.RingCount:4                 ; medium number of samples when gathering]]
[2022.08.27-16.48.46:975][  0]LogConfig: Setting CVar [[r.DOF.Scatter.ForegroundCompositing:1    ; additive foreground scattering]]
[2022.08.27-16.48.46:976][  0]LogConfig: Setting CVar [[r.DOF.Scatter.BackgroundCompositing:2    ; additive background scattering]]
[2022.08.27-16.48.46:976][  0]LogConfig: Setting CVar [[r.DOF.Scatter.EnableBokehSettings:1      ; bokeh simulation when scattering]]
[2022.08.27-16.48.46:976][  0]LogConfig: Setting CVar [[r.DOF.Scatter.MaxSpriteRatio:0.1         ; only a maximum of 10% of scattered bokeh]]
[2022.08.27-16.48.46:977][  0]LogConfig: Setting CVar [[r.DOF.Recombine.Quality:1                ; cheap slight out of focus]]
[2022.08.27-16.48.46:977][  0]LogConfig: Setting CVar [[r.DOF.Recombine.EnableBokehSettings:0    ; no bokeh simulation on slight out of focus]]
[2022.08.27-16.48.46:977][  0]LogConfig: Setting CVar [[r.DOF.TemporalAAQuality:1                ; more stable temporal accumulation]]
[2022.08.27-16.48.46:978][  0]LogConfig: Setting CVar [[r.DOF.Kernel.MaxForegroundRadius:0.025]]
[2022.08.27-16.48.46:978][  0]LogConfig: Setting CVar [[r.DOF.Kernel.MaxBackgroundRadius:0.025]]
[2022.08.27-16.48.46:978][  0]LogConfig: Applying CVar settings from Section [TextureQuality@3] File [../../../TwoDSSG/Saved/Config/WindowsServer/Scalability.ini]
[2022.08.27-16.48.46:978][  0]LogConfig: Setting CVar [[r.Streaming.MipBias:0]]
[2022.08.27-16.48.46:979][  0]LogConfig: Setting CVar [[r.Streaming.AmortizeCPUToGPUCopy:0]]
[2022.08.27-16.48.46:979][  0]LogConfig: Setting CVar [[r.Streaming.MaxNumTexturesToStreamPerFrame:0]]
[2022.08.27-16.48.46:979][  0]LogConfig: Setting CVar [[r.Streaming.Boost:1]]
[2022.08.27-16.48.46:979][  0]LogConfig: Setting CVar [[r.MaxAnisotropy:8]]
[2022.08.27-16.48.46:980][  0]LogConfig: Setting CVar [[r.VT.MaxAnisotropy:8]]
[2022.08.27-16.48.46:980][  0]LogConfig: Setting CVar [[r.Streaming.LimitPoolSizeToVRAM:0]]
[2022.08.27-16.48.46:980][  0]LogConfig: Setting CVar [[r.Streaming.PoolSize:1000]]
[2022.08.27-16.48.46:981][  0]LogConfig: Setting CVar [[r.Streaming.MaxEffectiveScreenSize:0]]
[2022.08.27-16.48.46:981][  0]LogConfig: Applying CVar settings from Section [EffectsQuality@3] File [../../../TwoDSSG/Saved/Config/WindowsServer/Scalability.ini]
[2022.08.27-16.48.46:981][  0]LogConfig: Setting CVar [[r.TranslucencyLightingVolumeDim:64]]
[2022.08.27-16.48.46:981][  0]LogConfig: Setting CVar [[r.RefractionQuality:2]]
[2022.08.27-16.48.46:982][  0]LogConfig: Setting CVar [[r.SSR.Quality:3]]
[2022.08.27-16.48.46:982][  0]LogConfig: Setting CVar [[r.SSR.HalfResSceneColor:0]]
[2022.08.27-16.48.46:982][  0]LogConfig: Setting CVar [[r.SceneColorFormat:4]]
[2022.08.27-16.48.46:983][  0]LogConfig: Setting CVar [[r.DetailMode:2]]
[2022.08.27-16.48.46:983][  0]LogConfig: Setting CVar [[r.TranslucencyVolumeBlur:1]]
[2022.08.27-16.48.46:983][  0]LogConfig: Setting CVar [[r.MaterialQualityLevel:1 ; High quality]]
[2022.08.27-16.48.46:984][  0]LogConfig: Setting CVar [[r.AnisotropicMaterials:1]]
[2022.08.27-16.48.46:984][  0]LogConfig: Setting CVar [[r.SSS.Scale:1]]
[2022.08.27-16.48.46:985][  0]LogConfig: Setting CVar [[r.SSS.SampleSet:2]]
[2022.08.27-16.48.46:985][  0]LogConfig: Setting CVar [[r.SSS.Quality:1]]
[2022.08.27-16.48.46:985][  0]LogConfig: Setting CVar [[r.SSS.HalfRes:0]]
[2022.08.27-16.48.46:985][  0]LogConfig: Setting CVar [[r.SSGI.Quality:3]]
[2022.08.27-16.48.46:986][  0]LogConfig: Setting CVar [[r.EmitterSpawnRateScale:1.0]]
[2022.08.27-16.48.46:986][  0]LogConfig: Setting CVar [[r.ParticleLightQuality:2]]
[2022.08.27-16.48.46:986][  0]LogConfig: Setting CVar [[r.SkyAtmosphere.AerialPerspectiveLUT.FastApplyOnOpaque:1 ; Always have FastSkyLUT 1 in this case to avoid wrong sky]]
[2022.08.27-16.48.46:986][  0]LogConfig: Setting CVar [[r.SkyAtmosphere.AerialPerspectiveLUT.SampleCountMaxPerSlice:4]]
[2022.08.27-16.48.46:986][  0]LogConfig: Setting CVar [[r.SkyAtmosphere.AerialPerspectiveLUT.DepthResolution:16.0]]
[2022.08.27-16.48.46:987][  0]LogConfig: Setting CVar [[r.SkyAtmosphere.FastSkyLUT:1]]
[2022.08.27-16.48.46:987][  0]LogConfig: Setting CVar [[r.SkyAtmosphere.FastSkyLUT.SampleCountMin:4.0]]
[2022.08.27-16.48.46:988][  0]LogConfig: Setting CVar [[r.SkyAtmosphere.FastSkyLUT.SampleCountMax:128.0]]
[2022.08.27-16.48.46:988][  0]LogConfig: Setting CVar [[r.SkyAtmosphere.SampleCountMin:4.0]]
[2022.08.27-16.48.46:988][  0]LogConfig: Setting CVar [[r.SkyAtmosphere.SampleCountMax:128.0]]
[2022.08.27-16.48.46:989][  0]LogConfig: Setting CVar [[r.SkyAtmosphere.TransmittanceLUT.UseSmallFormat:0]]
[2022.08.27-16.48.46:991][  0]LogConfig: Setting CVar [[r.SkyAtmosphere.TransmittanceLUT.SampleCount:10.0]]
[2022.08.27-16.48.46:992][  0]LogConfig: Setting CVar [[r.SkyAtmosphere.MultiScatteringLUT.SampleCount:15.0]]
[2022.08.27-16.48.46:992][  0]LogConfig: Setting CVar [[r.SkyLight.RealTimeReflectionCapture:1]]
[2022.08.27-16.48.46:993][  0]LogConfig: Setting CVar [[fx.Niagara.QualityLevel:3]]
[2022.08.27-16.48.46:993][  0]LogConfig: Applying CVar settings from Section [FoliageQuality@3] File [../../../TwoDSSG/Saved/Config/WindowsServer/Scalability.ini]
[2022.08.27-16.48.46:994][  0]LogConfig: Setting CVar [[foliage.DensityScale:1.0]]
[2022.08.27-16.48.46:994][  0]LogConfig: Setting CVar [[grass.DensityScale:1.0]]
[2022.08.27-16.48.46:994][  0]LogConfig: Applying CVar settings from Section [ShadingQuality@3] File [../../../TwoDSSG/Saved/Config/WindowsServer/Scalability.ini]
[2022.08.27-16.48.46:995][  0]LogConfig: Setting CVar [[r.HairStrands.SkyLighting.IntegrationType:2]]
[2022.08.27-16.48.46:995][  0]LogConfig: Setting CVar [[r.HairStrands.SkyAO.SampleCount:4]]
[2022.08.27-16.48.46:996][  0]LogConfig: Setting CVar [[r.HairStrands.Visibility.MSAA.SamplePerPixel:4]]
[2022.08.27-16.48.46:996][  0]LogInit: Selected Device Profile: [WindowsServer]
[2022.08.27-16.48.46:996][  0]LogInit: Applying CVar settings loaded from the selected device profile: [WindowsServer]
[2022.08.27-16.48.46:997][  0]LogHAL: Display: Platform has ~ 16 GB [17112363008 / 17179869184 / 16], which maps to Larger [LargestMinGB=32, LargerMinGB=12, DefaultMinGB=8, SmallerMinGB=6, SmallestMinGB=0)
[2022.08.27-16.48.46:997][  0]LogInit: Going up to parent DeviceProfile [Windows]
[2022.08.27-16.48.46:997][  0]LogInit: Going up to parent DeviceProfile []
[2022.08.27-16.48.46:998][  0]LogConfig: Applying CVar settings from Section [ViewDistanceQuality@3] File [../../../TwoDSSG/Saved/Config/WindowsServer/Scalability.ini]
[2022.08.27-16.48.46:998][  0]LogConfig: Setting CVar [[r.SkeletalMeshLODBias:0]]
[2022.08.27-16.48.46:998][  0]LogConfig: Setting CVar [[r.ViewDistanceScale:1.0]]
[2022.08.27-16.48.46:998][  0]LogConfig: Applying CVar settings from Section [AntiAliasingQuality@3] File [../../../TwoDSSG/Saved/Config/WindowsServer/Scalability.ini]
[2022.08.27-16.48.46:999][  0]LogConfig: Setting CVar [[r.PostProcessAAQuality:4]]
[2022.08.27-16.48.46:999][  0]LogConfig: Applying CVar settings from Section [ShadowQuality@3] File [../../../TwoDSSG/Saved/Config/WindowsServer/Scalability.ini]
[2022.08.27-16.48.47:000][  0]LogConfig: Setting CVar [[r.LightFunctionQuality:1]]
[2022.08.27-16.48.47:000][  0]LogConfig: Setting CVar [[r.ShadowQuality:5]]
[2022.08.27-16.48.47:000][  0]LogConfig: Setting CVar [[r.Shadow.CSM.MaxCascades:10]]
[2022.08.27-16.48.47:001][  0]LogConfig: Setting CVar [[r.Shadow.MaxResolution:2048]]
[2022.08.27-16.48.47:001][  0]LogConfig: Setting CVar [[r.Shadow.MaxCSMResolution:2048]]
[2022.08.27-16.48.47:001][  0]LogConfig: Setting CVar [[r.Shadow.RadiusThreshold:0.01]]
[2022.08.27-16.48.47:001][  0]LogConfig: Setting CVar [[r.Shadow.DistanceScale:1.0]]
[2022.08.27-16.48.47:002][  0]LogConfig: Setting CVar [[r.Shadow.CSM.TransitionScale:1.0]]
[2022.08.27-16.48.47:002][  0]LogConfig: Setting CVar [[r.Shadow.PreShadowResolutionFactor:1.0]]
[2022.08.27-16.48.47:002][  0]LogConfig: Setting CVar [[r.DistanceFieldShadowing:1]]
[2022.08.27-16.48.47:003][  0]LogConfig: Setting CVar [[r.DistanceFieldAO:1]]
[2022.08.27-16.48.47:003][  0]LogConfig: Setting CVar [[r.AOQuality:2]]
[2022.08.27-16.48.47:003][  0]LogConfig: Setting CVar [[r.VolumetricFog:1]]
[2022.08.27-16.48.47:003][  0]LogConfig: Setting CVar [[r.VolumetricFog.GridPixelSize:8]]
[2022.08.27-16.48.47:004][  0]LogConfig: Setting CVar [[r.VolumetricFog.GridSizeZ:128]]
[2022.08.27-16.48.47:004][  0]LogConfig: Setting CVar [[r.VolumetricFog.HistoryMissSupersampleCount:4]]
[2022.08.27-16.48.47:005][  0]LogConfig: Setting CVar [[r.LightMaxDrawDistanceScale:1]]
[2022.08.27-16.48.47:007][  0]LogConfig: Setting CVar [[r.CapsuleShadows:1]]
[2022.08.27-16.48.47:007][  0]LogConfig: Applying CVar settings from Section [PostProcessQuality@3] File [../../../TwoDSSG/Saved/Config/WindowsServer/Scalability.ini]
[2022.08.27-16.48.47:007][  0]LogConfig: Setting CVar [[r.MotionBlurQuality:4]]
[2022.08.27-16.48.47:008][  0]LogConfig: Setting CVar [[r.AmbientOcclusionMipLevelFactor:0.4]]
[2022.08.27-16.48.47:008][  0]LogConfig: Setting CVar [[r.AmbientOcclusionMaxQuality:100]]
[2022.08.27-16.48.47:008][  0]LogConfig: Setting CVar [[r.AmbientOcclusionLevels:-1]]
[2022.08.27-16.48.47:009][  0]LogConfig: Setting CVar [[r.AmbientOcclusionRadiusScale:1.0]]
[2022.08.27-16.48.47:009][  0]LogConfig: Setting CVar [[r.DepthOfFieldQuality:2]]
[2022.08.27-16.48.47:009][  0]LogConfig: Setting CVar [[r.RenderTargetPoolMin:400]]
[2022.08.27-16.48.47:009][  0]LogConfig: Setting CVar [[r.LensFlareQuality:2]]
[2022.08.27-16.48.47:010][  0]LogConfig: Setting CVar [[r.SceneColorFringeQuality:1]]
[2022.08.27-16.48.47:010][  0]LogConfig: Setting CVar [[r.EyeAdaptationQuality:2]]
[2022.08.27-16.48.47:010][  0]LogConfig: Setting CVar [[r.BloomQuality:5]]
[2022.08.27-16.48.47:010][  0]LogConfig: Setting CVar [[r.FastBlurThreshold:100]]
[2022.08.27-16.48.47:010][  0]LogConfig: Setting CVar [[r.Upscale.Quality:3]]
[2022.08.27-16.48.47:011][  0]LogConfig: Setting CVar [[r.Tonemapper.GrainQuantization:1]]
[2022.08.27-16.48.47:011][  0]LogConfig: Setting CVar [[r.LightShaftQuality:1]]
[2022.08.27-16.48.47:011][  0]LogConfig: Setting CVar [[r.Filter.SizeScale:1]]
[2022.08.27-16.48.47:011][  0]LogConfig: Setting CVar [[r.Tonemapper.Quality:5]]
[2022.08.27-16.48.47:012][  0]LogConfig: Setting CVar [[r.DOF.Gather.AccumulatorQuality:1        ; higher gathering accumulator quality]]
[2022.08.27-16.48.47:012][  0]LogConfig: Setting CVar [[r.DOF.Gather.PostfilterMethod:1          ; Median3x3 postfilering method]]
[2022.08.27-16.48.47:012][  0]LogConfig: Setting CVar [[r.DOF.Gather.EnableBokehSettings:0       ; no bokeh simulation when gathering]]
[2022.08.27-16.48.47:013][  0]LogConfig: Setting CVar [[r.DOF.Gather.RingCount:4                 ; medium number of samples when gathering]]
[2022.08.27-16.48.47:013][  0]LogConfig: Setting CVar [[r.DOF.Scatter.ForegroundCompositing:1    ; additive foreground scattering]]
[2022.08.27-16.48.47:013][  0]LogConfig: Setting CVar [[r.DOF.Scatter.BackgroundCompositing:2    ; additive background scattering]]
[2022.08.27-16.48.47:013][  0]LogConfig: Setting CVar [[r.DOF.Scatter.EnableBokehSettings:1      ; bokeh simulation when scattering]]
[2022.08.27-16.48.47:014][  0]LogConfig: Setting CVar [[r.DOF.Scatter.MaxSpriteRatio:0.1         ; only a maximum of 10% of scattered bokeh]]
[2022.08.27-16.48.47:014][  0]LogConfig: Setting CVar [[r.DOF.Recombine.Quality:1                ; cheap slight out of focus]]
[2022.08.27-16.48.47:014][  0]LogConfig: Setting CVar [[r.DOF.Recombine.EnableBokehSettings:0    ; no bokeh simulation on slight out of focus]]
[2022.08.27-16.48.47:015][  0]LogConfig: Setting CVar [[r.DOF.TemporalAAQuality:1                ; more stable temporal accumulation]]
[2022.08.27-16.48.47:015][  0]LogConfig: Setting CVar [[r.DOF.Kernel.MaxForegroundRadius:0.025]]
[2022.08.27-16.48.47:015][  0]LogConfig: Setting CVar [[r.DOF.Kernel.MaxBackgroundRadius:0.025]]
[2022.08.27-16.48.47:016][  0]LogConfig: Applying CVar settings from Section [TextureQuality@3] File [../../../TwoDSSG/Saved/Config/WindowsServer/Scalability.ini]
[2022.08.27-16.48.47:016][  0]LogConfig: Setting CVar [[r.Streaming.MipBias:0]]
[2022.08.27-16.48.47:016][  0]LogConfig: Setting CVar [[r.Streaming.AmortizeCPUToGPUCopy:0]]
[2022.08.27-16.48.47:017][  0]LogConfig: Setting CVar [[r.Streaming.MaxNumTexturesToStreamPerFrame:0]]
[2022.08.27-16.48.47:017][  0]LogConfig: Setting CVar [[r.Streaming.Boost:1]]
[2022.08.27-16.48.47:017][  0]LogConfig: Setting CVar [[r.MaxAnisotropy:8]]
[2022.08.27-16.48.47:018][  0]LogConfig: Setting CVar [[r.VT.MaxAnisotropy:8]]
[2022.08.27-16.48.47:018][  0]LogConfig: Setting CVar [[r.Streaming.LimitPoolSizeToVRAM:0]]
[2022.08.27-16.48.47:018][  0]LogConfig: Setting CVar [[r.Streaming.PoolSize:1000]]
[2022.08.27-16.48.47:018][  0]LogConfig: Setting CVar [[r.Streaming.MaxEffectiveScreenSize:0]]
[2022.08.27-16.48.47:019][  0]LogConfig: Applying CVar settings from Section [EffectsQuality@3] File [../../../TwoDSSG/Saved/Config/WindowsServer/Scalability.ini]
[2022.08.27-16.48.47:019][  0]LogConfig: Setting CVar [[r.TranslucencyLightingVolumeDim:64]]
[2022.08.27-16.48.47:019][  0]LogConfig: Setting CVar [[r.RefractionQuality:2]]
[2022.08.27-16.48.47:019][  0]LogConfig: Setting CVar [[r.SSR.Quality:3]]
[2022.08.27-16.48.47:020][  0]LogConfig: Setting CVar [[r.SSR.HalfResSceneColor:0]]
[2022.08.27-16.48.47:020][  0]LogConfig: Setting CVar [[r.SceneColorFormat:4]]
[2022.08.27-16.48.47:020][  0]LogConfig: Setting CVar [[r.DetailMode:2]]
[2022.08.27-16.48.47:021][  0]LogConfig: Setting CVar [[r.TranslucencyVolumeBlur:1]]
[2022.08.27-16.48.47:024][  0]LogConfig: Setting CVar [[r.MaterialQualityLevel:1 ; High quality]]
[2022.08.27-16.48.47:024][  0]LogConfig: Setting CVar [[r.AnisotropicMaterials:1]]
[2022.08.27-16.48.47:024][  0]LogConfig: Setting CVar [[r.SSS.Scale:1]]
[2022.08.27-16.48.47:024][  0]LogConfig: Setting CVar [[r.SSS.SampleSet:2]]
[2022.08.27-16.48.47:025][  0]LogConfig: Setting CVar [[r.SSS.Quality:1]]
[2022.08.27-16.48.47:025][  0]LogConfig: Setting CVar [[r.SSS.HalfRes:0]]
[2022.08.27-16.48.47:025][  0]LogConfig: Setting CVar [[r.SSGI.Quality:3]]
[2022.08.27-16.48.47:025][  0]LogConfig: Setting CVar [[r.EmitterSpawnRateScale:1.0]]
[2022.08.27-16.48.47:026][  0]LogConfig: Setting CVar [[r.ParticleLightQuality:2]]
[2022.08.27-16.48.47:026][  0]LogConfig: Setting CVar [[r.SkyAtmosphere.AerialPerspectiveLUT.FastApplyOnOpaque:1 ; Always have FastSkyLUT 1 in this case to avoid wrong sky]]
[2022.08.27-16.48.47:026][  0]LogConfig: Setting CVar [[r.SkyAtmosphere.AerialPerspectiveLUT.SampleCountMaxPerSlice:4]]
[2022.08.27-16.48.47:027][  0]LogConfig: Setting CVar [[r.SkyAtmosphere.AerialPerspectiveLUT.DepthResolution:16.0]]
[2022.08.27-16.48.47:027][  0]LogConfig: Setting CVar [[r.SkyAtmosphere.FastSkyLUT:1]]
[2022.08.27-16.48.47:027][  0]LogConfig: Setting CVar [[r.SkyAtmosphere.FastSkyLUT.SampleCountMin:4.0]]
[2022.08.27-16.48.47:027][  0]LogConfig: Setting CVar [[r.SkyAtmosphere.FastSkyLUT.SampleCountMax:128.0]]
[2022.08.27-16.48.47:028][  0]LogConfig: Setting CVar [[r.SkyAtmosphere.SampleCountMin:4.0]]
[2022.08.27-16.48.47:028][  0]LogConfig: Setting CVar [[r.SkyAtmosphere.SampleCountMax:128.0]]
[2022.08.27-16.48.47:028][  0]LogConfig: Setting CVar [[r.SkyAtmosphere.TransmittanceLUT.UseSmallFormat:0]]
[2022.08.27-16.48.47:029][  0]LogConfig: Setting CVar [[r.SkyAtmosphere.TransmittanceLUT.SampleCount:10.0]]
[2022.08.27-16.48.47:029][  0]LogConfig: Setting CVar [[r.SkyAtmosphere.MultiScatteringLUT.SampleCount:15.0]]
[2022.08.27-16.48.47:029][  0]LogConfig: Setting CVar [[r.SkyLight.RealTimeReflectionCapture:1]]
[2022.08.27-16.48.47:029][  0]LogConfig: Setting CVar [[fx.Niagara.QualityLevel:3]]
[2022.08.27-16.48.47:030][  0]LogConfig: Applying CVar settings from Section [FoliageQuality@3] File [../../../TwoDSSG/Saved/Config/WindowsServer/Scalability.ini]
[2022.08.27-16.48.47:030][  0]LogConfig: Setting CVar [[foliage.DensityScale:1.0]]
[2022.08.27-16.48.47:030][  0]LogConfig: Setting CVar [[grass.DensityScale:1.0]]
[2022.08.27-16.48.47:031][  0]LogConfig: Applying CVar settings from Section [ShadingQuality@3] File [../../../TwoDSSG/Saved/Config/WindowsServer/Scalability.ini]
[2022.08.27-16.48.47:031][  0]LogConfig: Setting CVar [[r.HairStrands.SkyLighting.IntegrationType:2]]
[2022.08.27-16.48.47:031][  0]LogConfig: Setting CVar [[r.HairStrands.SkyAO.SampleCount:4]]
[2022.08.27-16.48.47:031][  0]LogConfig: Setting CVar [[r.HairStrands.Visibility.MSAA.SamplePerPixel:4]]
[2022.08.27-16.48.47:032][  0]LogConfig: Applying CVar settings from Section [Startup] File [../../../Engine/Config/ConsoleVariables.ini]
[2022.08.27-16.48.47:032][  0]LogConfig: Setting CVar [[net.UseAdaptiveNetUpdateFrequency:0]]
[2022.08.27-16.48.47:032][  0]LogConfig: Setting CVar [[p.chaos.AllowCreatePhysxBodies:1]]
[2022.08.27-16.48.47:033][  0]LogConfig: Setting CVar [[fx.SkipVectorVMBackendOptimizations:1]]
[2022.08.27-16.48.47:033][  0]LogConfig: Applying CVar settings from Section [ConsoleVariables] File [../../../TwoDSSG/Saved/Config/WindowsServer/Engine.ini]
[2022.08.27-16.48.47:034][  0]LogInit: Computer: DESKTOP-B63J4BI
[2022.08.27-16.48.47:034][  0]LogInit: User: Sagi
[2022.08.27-16.48.47:034][  0]LogInit: CPU Page size=4096, Cores=6
[2022.08.27-16.48.47:034][  0]LogInit: High frequency timer resolution =10.000000 MHz
[2022.08.27-16.48.47:035][  0]LogMemory: Memory total: Physical=15.9GB (16GB approx)
[2022.08.27-16.48.47:035][  0]LogMemory: Platform Memory Stats for WindowsServer
[2022.08.27-16.48.47:035][  0]LogMemory: Process Physical Memory: 77.83 MB used, 77.83 MB peak
[2022.08.27-16.48.47:036][  0]LogMemory: Process Virtual Memory: 78.36 MB used, 78.36 MB peak
[2022.08.27-16.48.47:036][  0]LogMemory: Physical Memory: 11400.06 MB used,  4919.56 MB free, 16319.62 MB total
[2022.08.27-16.48.47:036][  0]LogMemory: Virtual Memory: 134212768.00 MB used,  4957.50 MB free, 134217728.00 MB total
[2022.08.27-16.48.47:043][  0]LogWindows: WindowsPlatformFeatures disabled or dedicated server build
[2022.08.27-16.48.47:099][  0]LogInit: Physics initialised using underlying interface: PhysX
[2022.08.27-16.48.47:100][  0]LogInit: Using OS detected language (en-US).
[2022.08.27-16.48.47:101][  0]LogInit: Using OS detected locale (en-US).
[2022.08.27-16.48.47:101][  0]LogTextLocalizationManager: No specific localization for 'en-US' exists, so the 'en' localization will be used.
[2022.08.27-16.48.47:131][  0]LogRendererCore: Ray tracing is disabled. Reason: r.RayTracing=0.
[2022.08.27-16.48.47:131][  0]LogODSC: ODSC Thread active.
[2022.08.27-16.48.47:140][  0]LogInit: Using OS detected language (en-US).
[2022.08.27-16.48.47:140][  0]LogInit: Using OS detected locale (en-US).
[2022.08.27-16.48.47:140][  0]LogTextLocalizationManager: No localization for 'en-US' exists, so 'en' will be used for the language.
[2022.08.27-16.48.47:140][  0]LogTextLocalizationManager: No localization for 'en-US' exists, so 'en' will be used for the locale.
[2022.08.27-16.48.47:142][  0]LogAssetRegistry: FAssetRegistry took 0.0012 seconds to start up
[2022.08.27-16.48.47:216][  0]LogTextLocalizationManager: Compacting localization data took   1.55ms
[2022.08.27-16.48.47:216][  0]LogStreaming: Display: FlushAsyncLoading: 1 QueuedPackages, 0 AsyncPackages
[2022.08.27-16.48.47:217][  0]LogPackageLocalizationCache: Processed 26 localized package path(s) for 1 prioritized culture(s) in 0.000058 seconds
[2022.08.27-16.48.47:218][  0]LogPakFile: New pak file ../../../TwoDSSG/Content/Paks/TwoDSSG-WindowsServer.pak added to pak precacher.
[2022.08.27-16.48.47:220][  0]LogInit: Selected Device Profile: [WindowsServer]
[2022.08.27-16.48.47:220][  0]LogInit: Active device profile: [00000200EE4A0040][00000200EA240010 49] WindowsServer
[2022.08.27-16.48.47:220][  0]LogInit: Profiles: [00000200EE4A01C0][00000200ECAB9250 49] Windows, [00000200EE4A0040][00000200EA240010 49] WindowsServer, 
[2022.08.27-16.48.47:230][  0]LogSerialization: Display: AllowBulkDataInIoStore: 'true'
[2022.08.27-16.48.47:238][  0]LogNetVersion: TwoDSSG 1.0.0, NetCL: 0, EngineNetVer: 17, GameNetVer: 0 (Checksum: 2164445238)
[2022.08.27-16.48.47:262][  0]LogAudioCaptureCore: Display: No Audio Capture implementations found. Audio input will be silent.
[2022.08.27-16.48.47:262][  0]LogAudioCaptureCore: Display: No Audio Capture implementations found. Audio input will be silent.
[2022.08.27-16.48.47:264][  0]LogHMD: PokeAHoleMaterial loaded successfully
[2022.08.27-16.48.47:285][  0]LogUObjectArray: 15737 objects as part of root set at end of initial load.
[2022.08.27-16.48.47:285][  0]LogUObjectAllocator: 3183576 out of 0 bytes used by permanent object pool.
[2022.08.27-16.48.47:286][  0]LogUObjectArray: CloseDisregardForGC: 15737/0 objects in disregard for GC pool
[2022.08.27-16.48.47:291][  0]LogNiagaraDebuggerClient: Niagara Debugger Client Initialized | Session: 14208E1E43DD39D6FE07E5818255D4AE | Instance: 6D344C0542BFEA8EAFB77BBD79809D33 (DESKTOP-B63J4BI-10204).
[2022.08.27-16.48.47:293][  0]LogAndroidPermission: UAndroidPermissionCallbackProxy::GetInstance
[2022.08.27-16.48.47:293][  0]LogOcInput: OculusInput pre-init called
[2022.08.27-16.48.47:294][  0]LogEngine: Initializing Engine...
[2022.08.27-16.48.47:295][  0]LogStats: UGameplayTagsManager::InitializeManager -  0.000 s
[2022.08.27-16.48.47:300][  0]LogInit: Initializing FReadOnlyCVARCache
[2022.08.27-16.48.47:300][  0]LogNetVersion: Set ProjectVersion to 1.0.0.0. Version Checksum will be recalculated on next use.
[2022.08.27-16.48.47:300][  0]LogInit: Texture streaming: Disabled
[2022.08.27-16.48.47:316][  0]LogInit: Display: Game Engine Initialized.
[2022.08.27-16.48.47:317][  0]LogInit: Display: Starting Game.
[2022.08.27-16.48.47:317][  0]LogNet: Browse: /Game/GameSystem/Maps/WhereTheJourneyBegins?Name=Player
[2022.08.27-16.48.47:317][  0]LogLoad: LoadMap: /Game/GameSystem/Maps/WhereTheJourneyBegins?Name=Player
[2022.08.27-16.48.47:318][  0]LogWorld: BeginTearingDown for /Temp/Untitled_0
[2022.08.27-16.48.47:323][  0]LogWorld: UWorld::CleanupWorld for Untitled, bSessionEnded=true, bCleanupResources=true
[2022.08.27-16.48.47:325][  0]LogUObjectHash: Compacting FUObjectHashTables data took   0.81ms
[2022.08.27-16.48.47:459][  0]LogAIModule: Creating AISystem for world WhereTheJourneyBegins
[2022.08.27-16.48.47:460][  0]LogLoad: Game class is '2DSideScrollerGameMode_C'
[2022.08.27-16.48.47:461][  0]LogNet: ReplicationDriverClass is null! Not using ReplicationDriver.
[2022.08.27-16.48.47:461][  0]LogNetCore: DDoS detection status: detection enabled: 0 analytics enabled: 0
[2022.08.27-16.48.47:461][  0]LogInit: WinSock: Socket queue. Rx: 131072 (config 131072) Tx: 131072 (config 131072)
[2022.08.27-16.48.47:462][  0]LogNet: Created socket for bind address: 0.0.0.0 on port 7777
[2022.08.27-16.48.47:462][  0]PacketHandlerLog: Loaded PacketHandler component: Engine.EngineHandlerComponentFactory (StatelessConnectHandlerComponent)
[2022.08.27-16.48.47:462][  0]LogNet: GameNetDriver IpNetDriver_2147482567 IpNetDriver listening on port 7777
[2022.08.27-16.48.47:466][  0]LogWorld: Bringing World /Game/GameSystem/Maps/WhereTheJourneyBegins.WhereTheJourneyBegins up for play (max tick rate 30) at 2022.08.27-19.48.47
[2022.08.27-16.48.47:466][  0]LogWorld: Bringing up level for play took: 0.003405
[2022.08.27-16.48.47:468][  0]LogLoad: Took 0.150643 seconds to LoadMap(/Game/GameSystem/Maps/WhereTheJourneyBegins)
[2022.08.27-16.48.47:468][  0]LogPakFile: AllPaks IndexSizes: DirectoryHashSize=437784, PathHashSize=16, EntriesSize=65536, TotalSize=503336
[2022.08.27-16.48.47:468][  0]LogInit: Display: Engine is initialized. Leaving FEngineLoop::Init()
[2022.08.27-16.48.47:469][  0]LogLoad: (Engine Initialization) Total time: 3.46 seconds
[2022.08.27-16.49.13:863][794]LogNet: NotifyAcceptingConnection accepted from: 127.0.0.1:50811
[2022.08.27-16.49.13:864][794]LogHandshake: SendConnectChallenge. Timestamp: 26.393392, Cookie: 227057137250254109044148050222080041071081251206048125043091
[2022.08.27-16.49.13:897][795]LogNet: NotifyAcceptingConnection accepted from: 127.0.0.1:50811
[2022.08.27-16.49.13:897][795]LogHandshake: SendChallengeAck. InCookie: 227057137250254109044148050222080041071081251206048125043091
[2022.08.27-16.49.13:898][795]LogNet: Server accepting post-challenge connection from: 127.0.0.1:50811
[2022.08.27-16.49.13:900][795]PacketHandlerLog: Loaded PacketHandler component: Engine.EngineHandlerComponentFactory (StatelessConnectHandlerComponent)
[2022.08.27-16.49.13:901][795]LogNet: NotifyAcceptedConnection: Name: WhereTheJourneyBegins, TimeStamp: 08/27/22 19:49:13, [UNetConnection] RemoteAddr: 127.0.0.1:50811, Name: IpConnection_2147482549, Driver: GameNetDriver IpNetDriver_2147482567, IsServer: YES, PC: NULL, Owner: NULL, UniqueId: INVALID
[2022.08.27-16.49.13:901][795]LogNet: AddClientConnection: Added client connection: [UNetConnection] RemoteAddr: 127.0.0.1:50811, Name: IpConnection_2147482549, Driver: GameNetDriver IpNetDriver_2147482567, IsServer: YES, PC: NULL, Owner: NULL, UniqueId: INVALID
[2022.08.27-16.49.13:904][795]LogNet: NotifyAcceptingChannel Control 0 server World /Game/GameSystem/Maps/WhereTheJourneyBegins.WhereTheJourneyBegins: Accepted
[2022.08.27-16.49.13:905][795]LogNet: Remote platform little endian=1
[2022.08.27-16.49.13:905][795]LogNet: This platform little endian=1
[2022.08.27-16.49.13:905][795]LogNetVersion: TwoDSSG 1.0.0.0, NetCL: 0, EngineNetVer: 17, GameNetVer: 0 (Checksum: 2372109795)
[2022.08.27-16.49.13:931][796]LogNet: Login request: ?Name=DESKTOP-B63J4BI-48E8246C42FD12683BBD598A841DD693 userId: NULL:DESKTOP-B63J4BI-48E8246C42FD12683BBD598A841DD693 platform: NULL
[2022.08.27-16.49.14:461][812]LogNet: Client netspeed is 100000
[2022.08.27-16.49.14:461][812]LogNet: Join request: /Game/GameSystem/Maps/WhereTheJourneyBegins?Name=DESKTOP-B63J4BI-48E8246C42FD12683BBD598A841DD693?SplitscreenCount=1
[2022.08.27-16.49.14:470][812]LogOnlineSession: Warning: OSS: No game present to join for session (GameSession)
[2022.08.27-16.49.14:507][812]LogNetPackageMap: Warning: FNetGUIDCache::SupportsObject: PaperSpriteComponent /Game/GameSystem/Maps/WhereTheJourneyBegins.WhereTheJourneyBegins:PersistentLevel.2DSideScrollerCharacter_C_2147482531.NODE_AddPaperSpriteComponent-65 NOT Supported.
[2022.08.27-16.49.14:510][812]LogNetPackageMap: Warning: FNetGUIDCache::SupportsObject: PaperSpriteComponent /Game/GameSystem/Maps/WhereTheJourneyBegins.WhereTheJourneyBegins:PersistentLevel.2DSideScrollerCharacter_C_2147482531.NODE_AddPaperSpriteComponent-66 NOT Supported.
[2022.08.27-16.49.14:520][812]LogNet: Join succeeded: DESKTOP-B63J4BI-48E8
[2022.08.27-16.49.14:821][822]LogScript: Warning: Accessed None trying to read property TextRender
	MasterNPC_BP_C /Game/GameSystem/Maps/WhereTheJourneyBegins.WhereTheJourneyBegins:PersistentLevel.FirstMapNpc_2
	Function /Game/GameSystem/BluePrints/NPCs_BP/MasterNPC_BP.MasterNPC_BP_C:ExecuteUbergraph_MasterNPC_BP:03F9
[2022.08.27-16.49.14:823][822]LogScript: Warning: Script call stack:
	Function /Game/GameSystem/BluePrints/GameplayController.GameplayController_C:Event_CheckQuestIndicatorStatus_Serv
	Function /Game/GameSystem/BluePrints/GameplayController.GameplayController_C:ExecuteUbergraph_GameplayController
	Function /Game/GameSystem/BluePrints/NPCs_BP/MasterNPC_BP.MasterNPC_BP_C:call change quest indicator func interface
	Function /Game/GameSystem/BluePrints/NPCs_BP/MasterNPC_BP.MasterNPC_BP_C:ExecuteUbergraph_MasterNPC_BP
	Function /Game/GameSystem/BluePrints/NPCs_BP/MasterNPC_BP.MasterNPC_BP_C:ChangeQuestIndicator_Client
	Function /Game/GameSystem/BluePrints/NPCs_BP/MasterNPC_BP.MasterNPC_BP_C:ExecuteUbergraph_MasterNPC_BP

[2022.08.27-16.49.38:438][529]LogNet: NotifyAcceptingConnection accepted from: 127.0.0.1:50815
[2022.08.27-16.49.38:438][529]LogHandshake: SendConnectChallenge. Timestamp: 50.968661, Cookie: 120184147065099125065145155023169056080098078036023185254196
[2022.08.27-16.49.38:471][530]LogNet: NotifyAcceptingConnection accepted from: 127.0.0.1:50815
[2022.08.27-16.49.38:471][530]LogHandshake: SendChallengeAck. InCookie: 120184147065099125065145155023169056080098078036023185254196
[2022.08.27-16.49.38:472][530]LogNet: Server accepting post-challenge connection from: 127.0.0.1:50815
[2022.08.27-16.49.38:475][530]PacketHandlerLog: Loaded PacketHandler component: Engine.EngineHandlerComponentFactory (StatelessConnectHandlerComponent)
[2022.08.27-16.49.38:475][530]LogNet: NotifyAcceptedConnection: Name: WhereTheJourneyBegins, TimeStamp: 08/27/22 19:49:38, [UNetConnection] RemoteAddr: 127.0.0.1:50815, Name: IpConnection_2147482513, Driver: GameNetDriver IpNetDriver_2147482567, IsServer: YES, PC: NULL, Owner: NULL, UniqueId: INVALID
[2022.08.27-16.49.38:475][530]LogNet: AddClientConnection: Added client connection: [UNetConnection] RemoteAddr: 127.0.0.1:50815, Name: IpConnection_2147482513, Driver: GameNetDriver IpNetDriver_2147482567, IsServer: YES, PC: NULL, Owner: NULL, UniqueId: INVALID
[2022.08.27-16.49.38:504][531]LogNet: NotifyAcceptingChannel Control 0 server World /Game/GameSystem/Maps/WhereTheJourneyBegins.WhereTheJourneyBegins: Accepted
[2022.08.27-16.49.38:504][531]LogNet: Remote platform little endian=1
[2022.08.27-16.49.38:506][531]LogNet: This platform little endian=1
[2022.08.27-16.49.38:537][532]LogNet: Login request: ?Name=DESKTOP-B63J4BI-D4E93E884933B89439165CAE99963E1F userId: NULL:DESKTOP-B63J4BI-D4E93E884933B89439165CAE99963E1F platform: NULL
[2022.08.27-16.49.38:570][533]LogNet: Client netspeed is 100000
[2022.08.27-16.49.39:139][550]LogNet: Join request: /Game/GameSystem/Maps/WhereTheJourneyBegins?Name=DESKTOP-B63J4BI-D4E93E884933B89439165CAE99963E1F?SplitscreenCount=1
[2022.08.27-16.49.39:141][550]LogOnlineSession: Warning: OSS: No game present to join for session (GameSession)
[2022.08.27-16.49.39:147][550]LogNetPackageMap: Warning: FNetGUIDCache::SupportsObject: PaperSpriteComponent /Game/GameSystem/Maps/WhereTheJourneyBegins.WhereTheJourneyBegins:PersistentLevel.2DSideScrollerCharacter_C_2147482495.NODE_AddPaperSpriteComponent-65 NOT Supported.
[2022.08.27-16.49.39:149][550]LogNetPackageMap: Warning: FNetGUIDCache::SupportsObject: PaperSpriteComponent /Game/GameSystem/Maps/WhereTheJourneyBegins.WhereTheJourneyBegins:PersistentLevel.2DSideScrollerCharacter_C_2147482495.NODE_AddPaperSpriteComponent-66 NOT Supported.
[2022.08.27-16.49.39:153][550]LogNetPackageMap: Warning: FNetGUIDCache::SupportsObject: PaperSpriteComponent /Game/GameSystem/Maps/WhereTheJourneyBegins.WhereTheJourneyBegins:PersistentLevel.2DSideScrollerCharacter_C_2147482495.NODE_AddPaperSpriteComponent-65 NOT Supported.
[2022.08.27-16.49.39:156][550]LogNetPackageMap: Warning: FNetGUIDCache::SupportsObject: PaperSpriteComponent /Game/GameSystem/Maps/WhereTheJourneyBegins.WhereTheJourneyBegins:PersistentLevel.2DSideScrollerCharacter_C_2147482495.NODE_AddPaperSpriteComponent-66 NOT Supported.
[2022.08.27-16.49.39:158][550]LogNet: Join succeeded: DESKTOP-B63J4BI-D4E9
[2022.08.27-16.49.39:175][551]LogNetPackageMap: Warning: FNetGUIDCache::SupportsObject: PaperSpriteComponent /Game/GameSystem/Maps/WhereTheJourneyBegins.WhereTheJourneyBegins:PersistentLevel.2DSideScrollerCharacter_C_2147482531.NODE_AddPaperSpriteComponent-65 NOT Supported.
[2022.08.27-16.49.39:176][551]LogNetPackageMap: Warning: FNetGUIDCache::SupportsObject: PaperSpriteComponent /Game/GameSystem/Maps/WhereTheJourneyBegins.WhereTheJourneyBegins:PersistentLevel.2DSideScrollerCharacter_C_2147482531.NODE_AddPaperSpriteComponent-66 NOT Supported.
[2022.08.27-16.49.39:540][562]LogScript: Warning: Accessed None trying to read property TextRender
	MasterNPC_BP_C /Game/GameSystem/Maps/WhereTheJourneyBegins.WhereTheJourneyBegins:PersistentLevel.FirstMapNpc_2
	Function /Game/GameSystem/BluePrints/NPCs_BP/MasterNPC_BP.MasterNPC_BP_C:ExecuteUbergraph_MasterNPC_BP:03F9
[2022.08.27-16.49.39:543][562]LogScript: Warning: Script call stack:
	Function /Game/GameSystem/BluePrints/GameplayController.GameplayController_C:Event_CheckQuestIndicatorStatus_Serv
	Function /Game/GameSystem/BluePrints/GameplayController.GameplayController_C:ExecuteUbergraph_GameplayController
	Function /Game/GameSystem/BluePrints/NPCs_BP/MasterNPC_BP.MasterNPC_BP_C:call change quest indicator func interface
	Function /Game/GameSystem/BluePrints/NPCs_BP/MasterNPC_BP.MasterNPC_BP_C:ExecuteUbergraph_MasterNPC_BP
	Function /Game/GameSystem/BluePrints/NPCs_BP/MasterNPC_BP.MasterNPC_BP_C:ChangeQuestIndicator_Client
	Function /Game/GameSystem/BluePrints/NPCs_BP/MasterNPC_BP.MasterNPC_BP_C:ExecuteUbergraph_MasterNPC_BP

[2022.08.27-16.51.08:315][213]LogNetPackageMap: Warning: FNetGUIDCache::SupportsObject: PaperSpriteComponent /Game/GameSystem/Maps/WhereTheJourneyBegins.WhereTheJourneyBegins:PersistentLevel.2DSideScrollerCharacter_C_2147482531.NODE_AddPaperSpriteComponent-57 NOT Supported.
