Log file open, 08/27/22 19:49:33
LogWindows: Failed to load 'aqProf.dll' (GetLastError=126)
LogWindows: File 'aqProf.dll' does not exist
LogWindows: Failed to load 'VtuneApi.dll' (GetLastError=126)
LogWindows: File 'VtuneApi.dll' does not exist
LogWindows: Failed to load 'VtuneApi32e.dll' (GetLastError=126)
LogWindows: File 'VtuneApi32e.dll' does not exist
LogConsoleResponse: Display: Failed to find resolution value strings in scalability ini. Falling back to default.
LogConsoleResponse: Display: Failed to find resolution value strings in scalability ini. Falling back to default.
LogPakFile: Display: Found Pak file ../../../TwoDSSG/Content/Paks/TwoDSSG-WindowsNoEditor.pak attempting to mount.
LogPakFile: Display: Mounting pak file ../../../TwoDSSG/Content/Paks/TwoDSSG-WindowsNoEditor.pak.
LogPakFile: PakFile PrimaryIndexSize=95550
LogPakFile: PakFile PathHashIndexSize=76827
LogPakFile: PakFile FullDirectoryIndexSize=143382
LogShaderLibrary: Display: ShaderCodeLibraryPakFileMountedCallback: PakFile '../../../TwoDSSG/Content/Paks/TwoDSSG-WindowsNoEditor.pak' (chunk index -1, root '../../../') mounted
LogShaderLibrary: Display: ShaderCodeLibraryPakFileMountedCallback: pending pak file info (ChunkID:-1 Root:../../../ File:../../../TwoDSSG/Content/Paks/TwoDSSG-WindowsNoEditor.pak)
LogPakFile: OnPakFileMounted2Time == 0.000029
LogPlatformFile: Not using cached read wrapper
LogTaskGraph: Started task graph with 5 named threads and 35 total threads with 3 sets of task threads.
LogStats: Stats thread started at 0.111549
LogICUInternationalization: ICU TimeZone Detection - Raw Offset: +2:00, Platform Override: ''
LogInit: Display: Loading text-based GConfig....
LogPluginManager: Mounting plugin Paper2D
LogPluginManager: Mounting plugin AISupport
LogPluginManager: Mounting plugin EnvironmentQueryEditor
LogPluginManager: Mounting plugin LightPropagationVolume
LogPluginManager: Mounting plugin CameraShakePreviewer
LogPluginManager: Mounting plugin GameplayCameras
LogPluginManager: Mounting plugin TemplateSequence
LogPluginManager: Mounting plugin LevelSequenceEditor
LogPluginManager: Mounting plugin OodleData
LogPluginManager: Mounting plugin OodleNetwork
LogPluginManager: Mounting plugin AnimationSharing
LogPluginManager: Mounting plugin SignificanceManager
LogPluginManager: Mounting plugin PixWinPlugin
LogPluginManager: Mounting plugin PluginUtils
LogPluginManager: Mounting plugin PropertyAccessEditor
LogPluginManager: Mounting plugin UObjectPlugin
LogPluginManager: Mounting plugin AssetManagerEditor
LogPluginManager: Mounting plugin FacialAnimation
LogPluginManager: Mounting plugin GeometryMode
LogPluginManager: Mounting plugin SpeedTreeImporter
LogPluginManager: Mounting plugin DatasmithContent
LogPluginManager: Mounting plugin VariantManagerContent
LogPluginManager: Mounting plugin AlembicImporter
LogPluginManager: Mounting plugin GeometryCache
LogPluginManager: Mounting plugin AutomationUtils
LogPluginManager: Mounting plugin ScreenshotTools
LogPluginManager: Mounting plugin BackChannel
LogPluginManager: Mounting plugin ChaosClothEditor
LogPluginManager: Mounting plugin ChaosCloth
LogPluginManager: Mounting plugin ChaosEditor
LogPluginManager: Mounting plugin PlanarCut
LogPluginManager: Mounting plugin GeometryProcessing
LogPluginManager: Mounting plugin EditableMesh
LogPluginManager: Mounting plugin GeometryCollectionPlugin
LogPluginManager: Mounting plugin ProceduralMeshComponent
LogPluginManager: Mounting plugin ChaosSolverPlugin
LogPluginManager: Mounting plugin ChaosNiagara
LogPluginManager: Mounting plugin Niagara
LogPluginManager: Mounting plugin PythonScriptPlugin
LogPluginManager: Mounting plugin CharacterAI
LogPluginManager: Mounting plugin MotoSynth
LogPluginManager: Mounting plugin OpenImageDenoise
LogPluginManager: Mounting plugin PlatformCrypto
LogPluginManager: Mounting plugin MagicLeapPassableWorld
LogPluginManager: Mounting plugin MagicLeap
LogPluginManager: Mounting plugin MLSDK
LogPluginManager: Mounting plugin MagicLeapLightEstimation
LogPluginManager: Mounting plugin AvfMedia
LogPluginManager: Mounting plugin ImgMedia
LogPluginManager: Mounting plugin MediaCompositing
LogPluginManager: Mounting plugin WmfMedia
LogPluginManager: Mounting plugin MeshPainting
LogPluginManager: Mounting plugin TcpMessaging
LogPluginManager: Mounting plugin UdpMessaging
LogPluginManager: Mounting plugin ActorSequence
LogPluginManager: Mounting plugin MatineeToLevelSequence
LogPluginManager: Mounting plugin OnlineSubsystemNull
LogPluginManager: Mounting plugin OnlineSubsystem
LogPluginManager: Mounting plugin OnlineSubsystemUtils
LogPluginManager: Mounting plugin LauncherChunkInstaller
LogPluginManager: Mounting plugin ActorLayerUtilities
LogPluginManager: Mounting plugin AndroidPermission
LogPluginManager: Mounting plugin AppleImageUtils
LogPluginManager: Mounting plugin ArchVisCharacter
LogPluginManager: Mounting plugin AssetTags
LogPluginManager: Mounting plugin AudioCapture
LogPluginManager: Mounting plugin CableComponent
LogPluginManager: Mounting plugin ChunkDownloader
LogPluginManager: Mounting plugin CustomMeshComponent
LogPluginManager: Mounting plugin ExampleDeviceProfileSelector
LogPluginManager: Mounting plugin GooglePAD
LogPluginManager: Mounting plugin LocationServicesBPLibrary
LogPluginManager: Mounting plugin MobilePatchingUtils
LogPluginManager: Mounting plugin OculusVR
LogPluginManager: Mounting plugin OpenXREyeTracker
LogPluginManager: Mounting plugin OpenXR
LogPluginManager: Mounting plugin OpenXRHandTracking
LogPluginManager: Mounting plugin LiveLink
LogPluginManager: Mounting plugin Takes
LogPluginManager: Mounting plugin PhysXVehicles
LogPluginManager: Mounting plugin RuntimePhysXCooking
LogPluginManager: Mounting plugin SoundFields
LogPluginManager: Mounting plugin SteamVR
LogPluginManager: Mounting plugin Synthesis
LogPluginManager: Mounting plugin AudioSynesthesia
LogPluginManager: Mounting plugin WebMMoviePlayer
LogPluginManager: Mounting plugin WebMMedia
LogPluginManager: Mounting plugin WindowsMoviePlayer
PixWinPlugin: PIX capture plugin failed to initialize! Check that the process is launched from PIX.
LogLuminAPIImpl: Warning: MLSDK not found.  This likely means the MLSDK environment variable is not set.
LogInit: Using libcurl 7.55.1-DEV
LogInit:  - built for x86_64-pc-win32
LogInit:  - supports SSL with OpenSSL/1.1.1
LogInit:  - supports HTTP deflate (compression) using libz 1.2.8
LogInit:  - other features:
LogInit:      CURL_VERSION_SSL
LogInit:      CURL_VERSION_LIBZ
LogInit:      CURL_VERSION_IPV6
LogInit:      CURL_VERSION_ASYNCHDNS
LogInit:      CURL_VERSION_LARGEFILE
LogInit:      CURL_VERSION_IDN
LogInit:  CurlRequestOptions (configurable via config and command line):
LogInit:  - bVerifyPeer = true  - Libcurl will verify peer certificate
LogInit:  - bUseHttpProxy = false  - Libcurl will NOT use HTTP proxy
LogInit:  - bDontReuseConnections = false  - Libcurl will reuse connections
LogInit:  - MaxHostConnections = 16  - Libcurl will limit the number of connections to a host
LogInit:  - LocalHostAddr = Default
LogInit:  - BufferSize = 65536
LogOnline: OSS: Creating online subsystem instance for: NULL
LogInit: WinSock: version 1.1 (2.2), MaxSocks=32767, MaxUdp=65467
LogOnline: OSS: TryLoadSubsystemAndSetDefault: Loaded subsystem for module [NULL]
LogOculusPluginWrapper: OculusPlugin initialized successfully
LogHMD: Failed initializing OVRPlugin 1.59.0
LogInit: Build: ++UE4+Release-4.27-CL-0
LogInit: Engine Version: 4.27.2-0+++UE4+Release-4.27
LogInit: Compatible Engine Version: 4.27.0-0+++UE4+Release-4.27
LogInit: Net CL: 0
LogInit: OS: Windows 10 (Release 2009) (), CPU: Intel(R) Core(TM) i5-10500 CPU @ 3.10GHz, GPU: NVIDIA GeForce RTX 3070
LogInit: Compiled (64-bit): Aug 27 2022 14:07:00
LogInit: Compiled with Visual C++: 19.29.30145.00
LogInit: Build Configuration: Development
LogInit: Branch Name: ++UE4+Release-4.27
LogInit: Command Line: 
LogInit: Base Directory: C:/Users/Sagi/Documents/Unreal Projects/TwoDSSG 4.27/Packaged/WindowsNoEditor/TwoDSSG/Binaries/Win64/
LogInit: Allocator: binned2
LogInit: Installed Engine Build: 0
LogDevObjectVersion: Number of dev versions registered: 29
LogDevObjectVersion:   Dev-Blueprints (B0D832E4-1F89-4F0D-ACCF-7EB736FD4AA2): 10
LogDevObjectVersion:   Dev-Build (E1C64328-A22C-4D53-A36C-8E866417BD8C): 0
LogDevObjectVersion:   Dev-Core (375EC13C-06E4-48FB-B500-84F0262A717E): 4
LogDevObjectVersion:   Dev-Editor (E4B068ED-F494-42E9-A231-DA0B2E46BB41): 40
LogDevObjectVersion:   Dev-Framework (CFFC743F-43B0-4480-9391-14DF171D2073): 37
LogDevObjectVersion:   Dev-Mobile (B02B49B5-BB20-44E9-A304-32B752E40360): 3
LogDevObjectVersion:   Dev-Networking (A4E4105C-59A1-49B5-A7C5-40C4547EDFEE): 0
LogDevObjectVersion:   Dev-Online (39C831C9-5AE6-47DC-9A44-9C173E1C8E7C): 0
LogDevObjectVersion:   Dev-Physics (78F01B33-EBEA-4F98-B9B4-84EACCB95AA2): 14
LogDevObjectVersion:   Dev-Platform (6631380F-2D4D-43E0-8009-CF276956A95A): 0
LogDevObjectVersion:   Dev-Rendering (12F88B9F-8875-4AFC-A67C-D90C383ABD29): 45
LogDevObjectVersion:   Dev-Sequencer (7B5AE74C-D270-4C10-A958-57980B212A5A): 13
LogDevObjectVersion:   Dev-VR (D7296918-1DD6-4BDD-9DE2-64A83CC13884): 3
LogDevObjectVersion:   Dev-LoadTimes (C2A15278-BFE7-4AFE-6C17-90FF531DF755): 1
LogDevObjectVersion:   Private-Geometry (6EACA3D4-40EC-4CC1-B786-8BED09428FC5): 3
LogDevObjectVersion:   Dev-AnimPhys (29E575DD-E0A3-4627-9D10-D276232CDCEA): 17
LogDevObjectVersion:   Dev-Anim (AF43A65D-7FD3-4947-9873-3E8ED9C1BB05): 15
LogDevObjectVersion:   Dev-ReflectionCapture (6B266CEC-1EC7-4B8F-A30B-E4D90942FC07): 1
LogDevObjectVersion:   Dev-Automation (0DF73D61-A23F-47EA-B727-89E90C41499A): 1
LogDevObjectVersion:   FortniteMain (601D1886-AC64-4F84-AA16-D3DE0DEAC7D6): 47
LogDevObjectVersion:   FortniteRelease (E7086368-6B23-4C58-8439-1B7016265E91): 1
LogDevObjectVersion:   Dev-Enterprise (9DFFBCD6-494F-0158-E221-12823C92A888): 10
LogDevObjectVersion:   Dev-Niagara (F2AED0AC-9AFE-416F-8664-AA7FFA26D6FC): 1
LogDevObjectVersion:   Dev-Destruction (174F1F0B-B4C6-45A5-B13F-2EE8D0FB917D): 10
LogDevObjectVersion:   Dev-Physics-Ext (35F94A83-E258-406C-A318-09F59610247C): 41
LogDevObjectVersion:   Dev-PhysicsMaterial-Chaos (B68FC16E-8B1B-42E2-B453-215C058844FE): 1
LogDevObjectVersion:   Dev-CineCamera (B2E18506-4273-CFC2-A54E-F4BB758BBA07): 1
LogDevObjectVersion:   Dev-VirtualProduction (64F58936-FD1B-42BA-BA96-7289D5D0FA4E): 1
LogDevObjectVersion:   Dev-MediaFramework (6F0ED827-A609-4895-9C91-998D90180EA4): 2
LogInit: Presizing for max 2097152 objects, including 1 objects not considered by GC, pre-allocating 0 bytes for permanent pool.
LogConfig: Applying CVar settings from Section [/Script/Engine.StreamingSettings] File [../../../TwoDSSG/Saved/Config/WindowsNoEditor/Engine.ini]
LogConfig: Setting CVar [[s.MinBulkDataSizeForAsyncLoading:131072]]
LogConfig: Setting CVar [[s.AsyncLoadingThreadEnabled:0]]
LogConfig: Setting CVar [[s.EventDrivenLoaderEnabled:1]]
LogConfig: Setting CVar [[s.WarnIfTimeLimitExceeded:0]]
LogConfig: Setting CVar [[s.TimeLimitExceededMultiplier:1.5]]
LogConfig: Setting CVar [[s.TimeLimitExceededMinTime:0.005]]
LogConfig: Setting CVar [[s.UseBackgroundLevelStreaming:1]]
LogConfig: Setting CVar [[s.PriorityAsyncLoadingExtraTime:15.0]]
LogConfig: Setting CVar [[s.LevelStreamingActorsUpdateTimeLimit:5.0]]
LogConfig: Setting CVar [[s.PriorityLevelStreamingActorsUpdateExtraTime:5.0]]
LogConfig: Setting CVar [[s.LevelStreamingComponentsRegistrationGranularity:10]]
LogConfig: Setting CVar [[s.UnregisterComponentsTimeLimit:1.0]]
LogConfig: Setting CVar [[s.LevelStreamingComponentsUnregistrationGranularity:5]]
LogConfig: Setting CVar [[s.FlushStreamingOnExit:1]]
LogStreaming: Display: Async Loading initialized: Event Driven Loader: true, Async Loading Thread: false, Async Post Load: true
LogInit: Object subsystem initialized
LogConfig: Setting CVar [[con.DebugEarlyDefault:1]]
LogConfig: Setting CVar [[r.setres:1280x720]]
LogConfig: Setting CVar [[fx.NiagaraAllowRuntimeScalabilityChanges:1]]
[2022.08.27-16.49.33:772][  0]LogConfig: Setting CVar [[con.DebugEarlyDefault:1]]
[2022.08.27-16.49.33:772][  0]LogConfig: Setting CVar [[r.setres:1280x720]]
[2022.08.27-16.49.33:772][  0]LogConfig: Setting CVar [[fx.NiagaraAllowRuntimeScalabilityChanges:1]]
[2022.08.27-16.49.33:772][  0]LogConfig: Applying CVar settings from Section [/Script/Engine.RendererSettings] File [../../../TwoDSSG/Saved/Config/WindowsNoEditor/Engine.ini]
[2022.08.27-16.49.33:772][  0]LogConfig: Setting CVar [[r.GPUCrashDebugging:0]]
[2022.08.27-16.49.33:772][  0]LogConfig: Setting CVar [[r.MobileHDR:0]]
[2022.08.27-16.49.33:772][  0]LogConfig: Setting CVar [[r.DefaultFeature.AntiAliasing:0]]
[2022.08.27-16.49.33:772][  0]LogConfig: Setting CVar [[r.TranslucentSortPolicy:2]]
[2022.08.27-16.49.33:772][  0]LogConfig: Setting CVar [[r.DefaultFeature.AutoExposure:1]]
[2022.08.27-16.49.33:772][  0]LogConfig: Applying CVar settings from Section [/Script/Engine.RendererOverrideSettings] File [../../../TwoDSSG/Saved/Config/WindowsNoEditor/Engine.ini]
[2022.08.27-16.49.33:772][  0]LogConfig: Applying CVar settings from Section [/Script/Engine.StreamingSettings] File [../../../TwoDSSG/Saved/Config/WindowsNoEditor/Engine.ini]
[2022.08.27-16.49.33:772][  0]LogConfig: Setting CVar [[s.MinBulkDataSizeForAsyncLoading:131072]]
[2022.08.27-16.49.33:772][  0]LogConfig: Setting CVar [[s.AsyncLoadingThreadEnabled:0]]
[2022.08.27-16.49.33:772][  0]LogConfig: Setting CVar [[s.EventDrivenLoaderEnabled:1]]
[2022.08.27-16.49.33:772][  0]LogConfig: Setting CVar [[s.WarnIfTimeLimitExceeded:0]]
[2022.08.27-16.49.33:772][  0]LogConfig: Setting CVar [[s.TimeLimitExceededMultiplier:1.5]]
[2022.08.27-16.49.33:772][  0]LogConfig: Setting CVar [[s.TimeLimitExceededMinTime:0.005]]
[2022.08.27-16.49.33:772][  0]LogConfig: Setting CVar [[s.UseBackgroundLevelStreaming:1]]
[2022.08.27-16.49.33:772][  0]LogConfig: Setting CVar [[s.PriorityAsyncLoadingExtraTime:15.0]]
[2022.08.27-16.49.33:772][  0]LogConfig: Setting CVar [[s.LevelStreamingActorsUpdateTimeLimit:5.0]]
[2022.08.27-16.49.33:772][  0]LogConfig: Setting CVar [[s.PriorityLevelStreamingActorsUpdateExtraTime:5.0]]
[2022.08.27-16.49.33:772][  0]LogConfig: Setting CVar [[s.LevelStreamingComponentsRegistrationGranularity:10]]
[2022.08.27-16.49.33:772][  0]LogConfig: Setting CVar [[s.UnregisterComponentsTimeLimit:1.0]]
[2022.08.27-16.49.33:772][  0]LogConfig: Setting CVar [[s.LevelStreamingComponentsUnregistrationGranularity:5]]
[2022.08.27-16.49.33:772][  0]LogConfig: Setting CVar [[s.FlushStreamingOnExit:1]]
[2022.08.27-16.49.33:772][  0]LogConfig: Applying CVar settings from Section [/Script/Engine.GarbageCollectionSettings] File [../../../TwoDSSG/Saved/Config/WindowsNoEditor/Engine.ini]
[2022.08.27-16.49.33:772][  0]LogConfig: Setting CVar [[gc.MaxObjectsNotConsideredByGC:1]]
[2022.08.27-16.49.33:772][  0]LogConfig: Setting CVar [[gc.SizeOfPermanentObjectPool:0]]
[2022.08.27-16.49.33:772][  0]LogConfig: Setting CVar [[gc.FlushStreamingOnGC:0]]
[2022.08.27-16.49.33:772][  0]LogConfig: Setting CVar [[gc.NumRetriesBeforeForcingGC:10]]
[2022.08.27-16.49.33:772][  0]LogConfig: Setting CVar [[gc.AllowParallelGC:1]]
[2022.08.27-16.49.33:772][  0]LogConfig: Setting CVar [[gc.TimeBetweenPurgingPendingKillObjects:61.1]]
[2022.08.27-16.49.33:772][  0]LogConfig: Setting CVar [[gc.MaxObjectsInEditor:25165824]]
[2022.08.27-16.49.33:772][  0]LogConfig: Setting CVar [[gc.IncrementalBeginDestroyEnabled:1]]
[2022.08.27-16.49.33:772][  0]LogConfig: Setting CVar [[gc.CreateGCClusters:1]]
[2022.08.27-16.49.33:772][  0]LogConfig: Setting CVar [[gc.MinGCClusterSize:5]]
[2022.08.27-16.49.33:772][  0]LogConfig: Setting CVar [[gc.ActorClusteringEnabled:0]]
[2022.08.27-16.49.33:772][  0]LogConfig: Setting CVar [[gc.BlueprintClusteringEnabled:0]]
[2022.08.27-16.49.33:772][  0]LogConfig: Setting CVar [[gc.UseDisregardForGCOnDedicatedServers:0]]
[2022.08.27-16.49.33:772][  0]LogConfig: Setting CVar [[gc.MultithreadedDestructionEnabled:1]]
[2022.08.27-16.49.33:772][  0]LogConfig: Applying CVar settings from Section [/Script/Engine.NetworkSettings] File [../../../TwoDSSG/Saved/Config/WindowsNoEditor/Engine.ini]
[2022.08.27-16.49.33:785][  0]LogConfig: Applying CVar settings from Section [ViewDistanceQuality@3] File [../../../TwoDSSG/Saved/Config/WindowsNoEditor/Scalability.ini]
[2022.08.27-16.49.33:785][  0]LogConfig: Setting CVar [[r.SkeletalMeshLODBias:0]]
[2022.08.27-16.49.33:785][  0]LogConfig: Setting CVar [[r.ViewDistanceScale:1.0]]
[2022.08.27-16.49.33:785][  0]LogConfig: Applying CVar settings from Section [AntiAliasingQuality@3] File [../../../TwoDSSG/Saved/Config/WindowsNoEditor/Scalability.ini]
[2022.08.27-16.49.33:785][  0]LogConfig: Setting CVar [[r.PostProcessAAQuality:4]]
[2022.08.27-16.49.33:785][  0]LogConfig: Applying CVar settings from Section [ShadowQuality@3] File [../../../TwoDSSG/Saved/Config/WindowsNoEditor/Scalability.ini]
[2022.08.27-16.49.33:785][  0]LogConfig: Setting CVar [[r.LightFunctionQuality:1]]
[2022.08.27-16.49.33:785][  0]LogConfig: Setting CVar [[r.ShadowQuality:5]]
[2022.08.27-16.49.33:785][  0]LogConfig: Setting CVar [[r.Shadow.CSM.MaxCascades:10]]
[2022.08.27-16.49.33:785][  0]LogConfig: Setting CVar [[r.Shadow.MaxResolution:2048]]
[2022.08.27-16.49.33:785][  0]LogConfig: Setting CVar [[r.Shadow.MaxCSMResolution:2048]]
[2022.08.27-16.49.33:785][  0]LogConfig: Setting CVar [[r.Shadow.RadiusThreshold:0.01]]
[2022.08.27-16.49.33:785][  0]LogConfig: Setting CVar [[r.Shadow.DistanceScale:1.0]]
[2022.08.27-16.49.33:785][  0]LogConfig: Setting CVar [[r.Shadow.CSM.TransitionScale:1.0]]
[2022.08.27-16.49.33:785][  0]LogConfig: Setting CVar [[r.Shadow.PreShadowResolutionFactor:1.0]]
[2022.08.27-16.49.33:785][  0]LogConfig: Setting CVar [[r.DistanceFieldShadowing:1]]
[2022.08.27-16.49.33:785][  0]LogConfig: Setting CVar [[r.DistanceFieldAO:1]]
[2022.08.27-16.49.33:785][  0]LogConfig: Setting CVar [[r.AOQuality:2]]
[2022.08.27-16.49.33:785][  0]LogConfig: Setting CVar [[r.VolumetricFog:1]]
[2022.08.27-16.49.33:785][  0]LogConfig: Setting CVar [[r.VolumetricFog.GridPixelSize:8]]
[2022.08.27-16.49.33:785][  0]LogConfig: Setting CVar [[r.VolumetricFog.GridSizeZ:128]]
[2022.08.27-16.49.33:785][  0]LogConfig: Setting CVar [[r.VolumetricFog.HistoryMissSupersampleCount:4]]
[2022.08.27-16.49.33:785][  0]LogConfig: Setting CVar [[r.LightMaxDrawDistanceScale:1]]
[2022.08.27-16.49.33:785][  0]LogConfig: Setting CVar [[r.CapsuleShadows:1]]
[2022.08.27-16.49.33:785][  0]LogConfig: Applying CVar settings from Section [PostProcessQuality@3] File [../../../TwoDSSG/Saved/Config/WindowsNoEditor/Scalability.ini]
[2022.08.27-16.49.33:785][  0]LogConfig: Setting CVar [[r.MotionBlurQuality:4]]
[2022.08.27-16.49.33:785][  0]LogConfig: Setting CVar [[r.AmbientOcclusionMipLevelFactor:0.4]]
[2022.08.27-16.49.33:785][  0]LogConfig: Setting CVar [[r.AmbientOcclusionMaxQuality:100]]
[2022.08.27-16.49.33:785][  0]LogConfig: Setting CVar [[r.AmbientOcclusionLevels:-1]]
[2022.08.27-16.49.33:785][  0]LogConfig: Setting CVar [[r.AmbientOcclusionRadiusScale:1.0]]
[2022.08.27-16.49.33:785][  0]LogConfig: Setting CVar [[r.DepthOfFieldQuality:2]]
[2022.08.27-16.49.33:785][  0]LogConfig: Setting CVar [[r.RenderTargetPoolMin:400]]
[2022.08.27-16.49.33:785][  0]LogConfig: Setting CVar [[r.LensFlareQuality:2]]
[2022.08.27-16.49.33:785][  0]LogConfig: Setting CVar [[r.SceneColorFringeQuality:1]]
[2022.08.27-16.49.33:785][  0]LogConfig: Setting CVar [[r.EyeAdaptationQuality:2]]
[2022.08.27-16.49.33:785][  0]LogConfig: Setting CVar [[r.BloomQuality:5]]
[2022.08.27-16.49.33:785][  0]LogConfig: Setting CVar [[r.FastBlurThreshold:100]]
[2022.08.27-16.49.33:785][  0]LogConfig: Setting CVar [[r.Upscale.Quality:3]]
[2022.08.27-16.49.33:785][  0]LogConfig: Setting CVar [[r.Tonemapper.GrainQuantization:1]]
[2022.08.27-16.49.33:785][  0]LogConfig: Setting CVar [[r.LightShaftQuality:1]]
[2022.08.27-16.49.33:785][  0]LogConfig: Setting CVar [[r.Filter.SizeScale:1]]
[2022.08.27-16.49.33:785][  0]LogConfig: Setting CVar [[r.Tonemapper.Quality:5]]
[2022.08.27-16.49.33:785][  0]LogConfig: Setting CVar [[r.DOF.Gather.AccumulatorQuality:1        ; higher gathering accumulator quality]]
[2022.08.27-16.49.33:785][  0]LogConfig: Setting CVar [[r.DOF.Gather.PostfilterMethod:1          ; Median3x3 postfilering method]]
[2022.08.27-16.49.33:785][  0]LogConfig: Setting CVar [[r.DOF.Gather.EnableBokehSettings:0       ; no bokeh simulation when gathering]]
[2022.08.27-16.49.33:785][  0]LogConfig: Setting CVar [[r.DOF.Gather.RingCount:4                 ; medium number of samples when gathering]]
[2022.08.27-16.49.33:785][  0]LogConfig: Setting CVar [[r.DOF.Scatter.ForegroundCompositing:1    ; additive foreground scattering]]
[2022.08.27-16.49.33:785][  0]LogConfig: Setting CVar [[r.DOF.Scatter.BackgroundCompositing:2    ; additive background scattering]]
[2022.08.27-16.49.33:785][  0]LogConfig: Setting CVar [[r.DOF.Scatter.EnableBokehSettings:1      ; bokeh simulation when scattering]]
[2022.08.27-16.49.33:785][  0]LogConfig: Setting CVar [[r.DOF.Scatter.MaxSpriteRatio:0.1         ; only a maximum of 10% of scattered bokeh]]
[2022.08.27-16.49.33:785][  0]LogConfig: Setting CVar [[r.DOF.Recombine.Quality:1                ; cheap slight out of focus]]
[2022.08.27-16.49.33:785][  0]LogConfig: Setting CVar [[r.DOF.Recombine.EnableBokehSettings:0    ; no bokeh simulation on slight out of focus]]
[2022.08.27-16.49.33:785][  0]LogConfig: Setting CVar [[r.DOF.TemporalAAQuality:1                ; more stable temporal accumulation]]
[2022.08.27-16.49.33:785][  0]LogConfig: Setting CVar [[r.DOF.Kernel.MaxForegroundRadius:0.025]]
[2022.08.27-16.49.33:785][  0]LogConfig: Setting CVar [[r.DOF.Kernel.MaxBackgroundRadius:0.025]]
[2022.08.27-16.49.33:785][  0]LogConfig: Applying CVar settings from Section [TextureQuality@3] File [../../../TwoDSSG/Saved/Config/WindowsNoEditor/Scalability.ini]
[2022.08.27-16.49.33:785][  0]LogConfig: Setting CVar [[r.Streaming.MipBias:0]]
[2022.08.27-16.49.33:785][  0]LogConfig: Setting CVar [[r.Streaming.AmortizeCPUToGPUCopy:0]]
[2022.08.27-16.49.33:785][  0]LogConfig: Setting CVar [[r.Streaming.MaxNumTexturesToStreamPerFrame:0]]
[2022.08.27-16.49.33:785][  0]LogConfig: Setting CVar [[r.Streaming.Boost:1]]
[2022.08.27-16.49.33:785][  0]LogConfig: Setting CVar [[r.MaxAnisotropy:8]]
[2022.08.27-16.49.33:785][  0]LogConfig: Setting CVar [[r.VT.MaxAnisotropy:8]]
[2022.08.27-16.49.33:785][  0]LogConfig: Setting CVar [[r.Streaming.LimitPoolSizeToVRAM:0]]
[2022.08.27-16.49.33:785][  0]LogConfig: Setting CVar [[r.Streaming.PoolSize:1000]]
[2022.08.27-16.49.33:785][  0]LogConfig: Setting CVar [[r.Streaming.MaxEffectiveScreenSize:0]]
[2022.08.27-16.49.33:785][  0]LogConfig: Applying CVar settings from Section [EffectsQuality@3] File [../../../TwoDSSG/Saved/Config/WindowsNoEditor/Scalability.ini]
[2022.08.27-16.49.33:785][  0]LogConfig: Setting CVar [[r.TranslucencyLightingVolumeDim:64]]
[2022.08.27-16.49.33:785][  0]LogConfig: Setting CVar [[r.RefractionQuality:2]]
[2022.08.27-16.49.33:785][  0]LogConfig: Setting CVar [[r.SSR.Quality:3]]
[2022.08.27-16.49.33:785][  0]LogConfig: Setting CVar [[r.SSR.HalfResSceneColor:0]]
[2022.08.27-16.49.33:785][  0]LogConfig: Setting CVar [[r.SceneColorFormat:4]]
[2022.08.27-16.49.33:785][  0]LogConfig: Setting CVar [[r.DetailMode:2]]
[2022.08.27-16.49.33:785][  0]LogConfig: Setting CVar [[r.TranslucencyVolumeBlur:1]]
[2022.08.27-16.49.33:785][  0]LogConfig: Setting CVar [[r.MaterialQualityLevel:1 ; High quality]]
[2022.08.27-16.49.33:785][  0]LogConfig: Setting CVar [[r.AnisotropicMaterials:1]]
[2022.08.27-16.49.33:785][  0]LogConfig: Setting CVar [[r.SSS.Scale:1]]
[2022.08.27-16.49.33:785][  0]LogConfig: Setting CVar [[r.SSS.SampleSet:2]]
[2022.08.27-16.49.33:785][  0]LogConfig: Setting CVar [[r.SSS.Quality:1]]
[2022.08.27-16.49.33:785][  0]LogConfig: Setting CVar [[r.SSS.HalfRes:0]]
[2022.08.27-16.49.33:785][  0]LogConfig: Setting CVar [[r.SSGI.Quality:3]]
[2022.08.27-16.49.33:785][  0]LogConfig: Setting CVar [[r.EmitterSpawnRateScale:1.0]]
[2022.08.27-16.49.33:785][  0]LogConfig: Setting CVar [[r.ParticleLightQuality:2]]
[2022.08.27-16.49.33:785][  0]LogConfig: Setting CVar [[r.SkyAtmosphere.AerialPerspectiveLUT.FastApplyOnOpaque:1 ; Always have FastSkyLUT 1 in this case to avoid wrong sky]]
[2022.08.27-16.49.33:785][  0]LogConfig: Setting CVar [[r.SkyAtmosphere.AerialPerspectiveLUT.SampleCountMaxPerSlice:4]]
[2022.08.27-16.49.33:786][  0]LogConfig: Setting CVar [[r.SkyAtmosphere.AerialPerspectiveLUT.DepthResolution:16.0]]
[2022.08.27-16.49.33:786][  0]LogConfig: Setting CVar [[r.SkyAtmosphere.FastSkyLUT:1]]
[2022.08.27-16.49.33:786][  0]LogConfig: Setting CVar [[r.SkyAtmosphere.FastSkyLUT.SampleCountMin:4.0]]
[2022.08.27-16.49.33:786][  0]LogConfig: Setting CVar [[r.SkyAtmosphere.FastSkyLUT.SampleCountMax:128.0]]
[2022.08.27-16.49.33:786][  0]LogConfig: Setting CVar [[r.SkyAtmosphere.SampleCountMin:4.0]]
[2022.08.27-16.49.33:786][  0]LogConfig: Setting CVar [[r.SkyAtmosphere.SampleCountMax:128.0]]
[2022.08.27-16.49.33:786][  0]LogConfig: Setting CVar [[r.SkyAtmosphere.TransmittanceLUT.UseSmallFormat:0]]
[2022.08.27-16.49.33:786][  0]LogConfig: Setting CVar [[r.SkyAtmosphere.TransmittanceLUT.SampleCount:10.0]]
[2022.08.27-16.49.33:786][  0]LogConfig: Setting CVar [[r.SkyAtmosphere.MultiScatteringLUT.SampleCount:15.0]]
[2022.08.27-16.49.33:786][  0]LogConfig: Setting CVar [[r.SkyLight.RealTimeReflectionCapture:1]]
[2022.08.27-16.49.33:786][  0]LogConfig: Setting CVar [[fx.Niagara.QualityLevel:3]]
[2022.08.27-16.49.33:786][  0]LogConfig: Applying CVar settings from Section [FoliageQuality@3] File [../../../TwoDSSG/Saved/Config/WindowsNoEditor/Scalability.ini]
[2022.08.27-16.49.33:786][  0]LogConfig: Setting CVar [[foliage.DensityScale:1.0]]
[2022.08.27-16.49.33:786][  0]LogConfig: Setting CVar [[grass.DensityScale:1.0]]
[2022.08.27-16.49.33:786][  0]LogConfig: Applying CVar settings from Section [ShadingQuality@3] File [../../../TwoDSSG/Saved/Config/WindowsNoEditor/Scalability.ini]
[2022.08.27-16.49.33:786][  0]LogConfig: Setting CVar [[r.HairStrands.SkyLighting.IntegrationType:2]]
[2022.08.27-16.49.33:786][  0]LogConfig: Setting CVar [[r.HairStrands.SkyAO.SampleCount:4]]
[2022.08.27-16.49.33:786][  0]LogConfig: Setting CVar [[r.HairStrands.Visibility.MSAA.SamplePerPixel:4]]
[2022.08.27-16.49.33:786][  0]LogInit: Selected Device Profile: [WindowsNoEditor]
[2022.08.27-16.49.33:786][  0]LogInit: Applying CVar settings loaded from the selected device profile: [WindowsNoEditor]
[2022.08.27-16.49.33:786][  0]LogHAL: Display: Platform has ~ 16 GB [17112363008 / 17179869184 / 16], which maps to Larger [LargestMinGB=32, LargerMinGB=12, DefaultMinGB=8, SmallerMinGB=6, SmallestMinGB=0)
[2022.08.27-16.49.33:786][  0]LogInit: Going up to parent DeviceProfile [Windows]
[2022.08.27-16.49.33:786][  0]LogInit: Going up to parent DeviceProfile []
[2022.08.27-16.49.33:786][  0]LogConfig: Applying CVar settings from Section [ViewDistanceQuality@3] File [../../../TwoDSSG/Saved/Config/WindowsNoEditor/Scalability.ini]
[2022.08.27-16.49.33:786][  0]LogConfig: Setting CVar [[r.SkeletalMeshLODBias:0]]
[2022.08.27-16.49.33:786][  0]LogConfig: Setting CVar [[r.ViewDistanceScale:1.0]]
[2022.08.27-16.49.33:786][  0]LogConfig: Applying CVar settings from Section [AntiAliasingQuality@3] File [../../../TwoDSSG/Saved/Config/WindowsNoEditor/Scalability.ini]
[2022.08.27-16.49.33:786][  0]LogConfig: Setting CVar [[r.PostProcessAAQuality:4]]
[2022.08.27-16.49.33:786][  0]LogConfig: Applying CVar settings from Section [ShadowQuality@3] File [../../../TwoDSSG/Saved/Config/WindowsNoEditor/Scalability.ini]
[2022.08.27-16.49.33:786][  0]LogConfig: Setting CVar [[r.LightFunctionQuality:1]]
[2022.08.27-16.49.33:786][  0]LogConfig: Setting CVar [[r.ShadowQuality:5]]
[2022.08.27-16.49.33:786][  0]LogConfig: Setting CVar [[r.Shadow.CSM.MaxCascades:10]]
[2022.08.27-16.49.33:786][  0]LogConfig: Setting CVar [[r.Shadow.MaxResolution:2048]]
[2022.08.27-16.49.33:786][  0]LogConfig: Setting CVar [[r.Shadow.MaxCSMResolution:2048]]
[2022.08.27-16.49.33:786][  0]LogConfig: Setting CVar [[r.Shadow.RadiusThreshold:0.01]]
[2022.08.27-16.49.33:786][  0]LogConfig: Setting CVar [[r.Shadow.DistanceScale:1.0]]
[2022.08.27-16.49.33:786][  0]LogConfig: Setting CVar [[r.Shadow.CSM.TransitionScale:1.0]]
[2022.08.27-16.49.33:786][  0]LogConfig: Setting CVar [[r.Shadow.PreShadowResolutionFactor:1.0]]
[2022.08.27-16.49.33:786][  0]LogConfig: Setting CVar [[r.DistanceFieldShadowing:1]]
[2022.08.27-16.49.33:786][  0]LogConfig: Setting CVar [[r.DistanceFieldAO:1]]
[2022.08.27-16.49.33:786][  0]LogConfig: Setting CVar [[r.AOQuality:2]]
[2022.08.27-16.49.33:786][  0]LogConfig: Setting CVar [[r.VolumetricFog:1]]
[2022.08.27-16.49.33:786][  0]LogConfig: Setting CVar [[r.VolumetricFog.GridPixelSize:8]]
[2022.08.27-16.49.33:786][  0]LogConfig: Setting CVar [[r.VolumetricFog.GridSizeZ:128]]
[2022.08.27-16.49.33:786][  0]LogConfig: Setting CVar [[r.VolumetricFog.HistoryMissSupersampleCount:4]]
[2022.08.27-16.49.33:786][  0]LogConfig: Setting CVar [[r.LightMaxDrawDistanceScale:1]]
[2022.08.27-16.49.33:786][  0]LogConfig: Setting CVar [[r.CapsuleShadows:1]]
[2022.08.27-16.49.33:786][  0]LogConfig: Applying CVar settings from Section [PostProcessQuality@3] File [../../../TwoDSSG/Saved/Config/WindowsNoEditor/Scalability.ini]
[2022.08.27-16.49.33:786][  0]LogConfig: Setting CVar [[r.MotionBlurQuality:4]]
[2022.08.27-16.49.33:786][  0]LogConfig: Setting CVar [[r.AmbientOcclusionMipLevelFactor:0.4]]
[2022.08.27-16.49.33:786][  0]LogConfig: Setting CVar [[r.AmbientOcclusionMaxQuality:100]]
[2022.08.27-16.49.33:786][  0]LogConfig: Setting CVar [[r.AmbientOcclusionLevels:-1]]
[2022.08.27-16.49.33:786][  0]LogConfig: Setting CVar [[r.AmbientOcclusionRadiusScale:1.0]]
[2022.08.27-16.49.33:786][  0]LogConfig: Setting CVar [[r.DepthOfFieldQuality:2]]
[2022.08.27-16.49.33:786][  0]LogConfig: Setting CVar [[r.RenderTargetPoolMin:400]]
[2022.08.27-16.49.33:786][  0]LogConfig: Setting CVar [[r.LensFlareQuality:2]]
[2022.08.27-16.49.33:786][  0]LogConfig: Setting CVar [[r.SceneColorFringeQuality:1]]
[2022.08.27-16.49.33:786][  0]LogConfig: Setting CVar [[r.EyeAdaptationQuality:2]]
[2022.08.27-16.49.33:786][  0]LogConfig: Setting CVar [[r.BloomQuality:5]]
[2022.08.27-16.49.33:786][  0]LogConfig: Setting CVar [[r.FastBlurThreshold:100]]
[2022.08.27-16.49.33:786][  0]LogConfig: Setting CVar [[r.Upscale.Quality:3]]
[2022.08.27-16.49.33:786][  0]LogConfig: Setting CVar [[r.Tonemapper.GrainQuantization:1]]
[2022.08.27-16.49.33:786][  0]LogConfig: Setting CVar [[r.LightShaftQuality:1]]
[2022.08.27-16.49.33:786][  0]LogConfig: Setting CVar [[r.Filter.SizeScale:1]]
[2022.08.27-16.49.33:786][  0]LogConfig: Setting CVar [[r.Tonemapper.Quality:5]]
[2022.08.27-16.49.33:786][  0]LogConfig: Setting CVar [[r.DOF.Gather.AccumulatorQuality:1        ; higher gathering accumulator quality]]
[2022.08.27-16.49.33:786][  0]LogConfig: Setting CVar [[r.DOF.Gather.PostfilterMethod:1          ; Median3x3 postfilering method]]
[2022.08.27-16.49.33:786][  0]LogConfig: Setting CVar [[r.DOF.Gather.EnableBokehSettings:0       ; no bokeh simulation when gathering]]
[2022.08.27-16.49.33:786][  0]LogConfig: Setting CVar [[r.DOF.Gather.RingCount:4                 ; medium number of samples when gathering]]
[2022.08.27-16.49.33:786][  0]LogConfig: Setting CVar [[r.DOF.Scatter.ForegroundCompositing:1    ; additive foreground scattering]]
[2022.08.27-16.49.33:786][  0]LogConfig: Setting CVar [[r.DOF.Scatter.BackgroundCompositing:2    ; additive background scattering]]
[2022.08.27-16.49.33:786][  0]LogConfig: Setting CVar [[r.DOF.Scatter.EnableBokehSettings:1      ; bokeh simulation when scattering]]
[2022.08.27-16.49.33:786][  0]LogConfig: Setting CVar [[r.DOF.Scatter.MaxSpriteRatio:0.1         ; only a maximum of 10% of scattered bokeh]]
[2022.08.27-16.49.33:786][  0]LogConfig: Setting CVar [[r.DOF.Recombine.Quality:1                ; cheap slight out of focus]]
[2022.08.27-16.49.33:786][  0]LogConfig: Setting CVar [[r.DOF.Recombine.EnableBokehSettings:0    ; no bokeh simulation on slight out of focus]]
[2022.08.27-16.49.33:786][  0]LogConfig: Setting CVar [[r.DOF.TemporalAAQuality:1                ; more stable temporal accumulation]]
[2022.08.27-16.49.33:786][  0]LogConfig: Setting CVar [[r.DOF.Kernel.MaxForegroundRadius:0.025]]
[2022.08.27-16.49.33:786][  0]LogConfig: Setting CVar [[r.DOF.Kernel.MaxBackgroundRadius:0.025]]
[2022.08.27-16.49.33:786][  0]LogConfig: Applying CVar settings from Section [TextureQuality@3] File [../../../TwoDSSG/Saved/Config/WindowsNoEditor/Scalability.ini]
[2022.08.27-16.49.33:786][  0]LogConfig: Setting CVar [[r.Streaming.MipBias:0]]
[2022.08.27-16.49.33:786][  0]LogConfig: Setting CVar [[r.Streaming.AmortizeCPUToGPUCopy:0]]
[2022.08.27-16.49.33:786][  0]LogConfig: Setting CVar [[r.Streaming.MaxNumTexturesToStreamPerFrame:0]]
[2022.08.27-16.49.33:786][  0]LogConfig: Setting CVar [[r.Streaming.Boost:1]]
[2022.08.27-16.49.33:786][  0]LogConfig: Setting CVar [[r.MaxAnisotropy:8]]
[2022.08.27-16.49.33:787][  0]LogConfig: Setting CVar [[r.VT.MaxAnisotropy:8]]
[2022.08.27-16.49.33:787][  0]LogConfig: Setting CVar [[r.Streaming.LimitPoolSizeToVRAM:0]]
[2022.08.27-16.49.33:787][  0]LogConfig: Setting CVar [[r.Streaming.PoolSize:1000]]
[2022.08.27-16.49.33:787][  0]LogConfig: Setting CVar [[r.Streaming.MaxEffectiveScreenSize:0]]
[2022.08.27-16.49.33:787][  0]LogConfig: Applying CVar settings from Section [EffectsQuality@3] File [../../../TwoDSSG/Saved/Config/WindowsNoEditor/Scalability.ini]
[2022.08.27-16.49.33:787][  0]LogConfig: Setting CVar [[r.TranslucencyLightingVolumeDim:64]]
[2022.08.27-16.49.33:787][  0]LogConfig: Setting CVar [[r.RefractionQuality:2]]
[2022.08.27-16.49.33:787][  0]LogConfig: Setting CVar [[r.SSR.Quality:3]]
[2022.08.27-16.49.33:787][  0]LogConfig: Setting CVar [[r.SSR.HalfResSceneColor:0]]
[2022.08.27-16.49.33:787][  0]LogConfig: Setting CVar [[r.SceneColorFormat:4]]
[2022.08.27-16.49.33:787][  0]LogConfig: Setting CVar [[r.DetailMode:2]]
[2022.08.27-16.49.33:787][  0]LogConfig: Setting CVar [[r.TranslucencyVolumeBlur:1]]
[2022.08.27-16.49.33:787][  0]LogConfig: Setting CVar [[r.MaterialQualityLevel:1 ; High quality]]
[2022.08.27-16.49.33:787][  0]LogConfig: Setting CVar [[r.AnisotropicMaterials:1]]
[2022.08.27-16.49.33:787][  0]LogConfig: Setting CVar [[r.SSS.Scale:1]]
[2022.08.27-16.49.33:787][  0]LogConfig: Setting CVar [[r.SSS.SampleSet:2]]
[2022.08.27-16.49.33:787][  0]LogConfig: Setting CVar [[r.SSS.Quality:1]]
[2022.08.27-16.49.33:787][  0]LogConfig: Setting CVar [[r.SSS.HalfRes:0]]
[2022.08.27-16.49.33:787][  0]LogConfig: Setting CVar [[r.SSGI.Quality:3]]
[2022.08.27-16.49.33:787][  0]LogConfig: Setting CVar [[r.EmitterSpawnRateScale:1.0]]
[2022.08.27-16.49.33:787][  0]LogConfig: Setting CVar [[r.ParticleLightQuality:2]]
[2022.08.27-16.49.33:787][  0]LogConfig: Setting CVar [[r.SkyAtmosphere.AerialPerspectiveLUT.FastApplyOnOpaque:1 ; Always have FastSkyLUT 1 in this case to avoid wrong sky]]
[2022.08.27-16.49.33:787][  0]LogConfig: Setting CVar [[r.SkyAtmosphere.AerialPerspectiveLUT.SampleCountMaxPerSlice:4]]
[2022.08.27-16.49.33:787][  0]LogConfig: Setting CVar [[r.SkyAtmosphere.AerialPerspectiveLUT.DepthResolution:16.0]]
[2022.08.27-16.49.33:787][  0]LogConfig: Setting CVar [[r.SkyAtmosphere.FastSkyLUT:1]]
[2022.08.27-16.49.33:787][  0]LogConfig: Setting CVar [[r.SkyAtmosphere.FastSkyLUT.SampleCountMin:4.0]]
[2022.08.27-16.49.33:787][  0]LogConfig: Setting CVar [[r.SkyAtmosphere.FastSkyLUT.SampleCountMax:128.0]]
[2022.08.27-16.49.33:787][  0]LogConfig: Setting CVar [[r.SkyAtmosphere.SampleCountMin:4.0]]
[2022.08.27-16.49.33:787][  0]LogConfig: Setting CVar [[r.SkyAtmosphere.SampleCountMax:128.0]]
[2022.08.27-16.49.33:787][  0]LogConfig: Setting CVar [[r.SkyAtmosphere.TransmittanceLUT.UseSmallFormat:0]]
[2022.08.27-16.49.33:787][  0]LogConfig: Setting CVar [[r.SkyAtmosphere.TransmittanceLUT.SampleCount:10.0]]
[2022.08.27-16.49.33:787][  0]LogConfig: Setting CVar [[r.SkyAtmosphere.MultiScatteringLUT.SampleCount:15.0]]
[2022.08.27-16.49.33:787][  0]LogConfig: Setting CVar [[r.SkyLight.RealTimeReflectionCapture:1]]
[2022.08.27-16.49.33:787][  0]LogConfig: Setting CVar [[fx.Niagara.QualityLevel:3]]
[2022.08.27-16.49.33:787][  0]LogConfig: Applying CVar settings from Section [FoliageQuality@3] File [../../../TwoDSSG/Saved/Config/WindowsNoEditor/Scalability.ini]
[2022.08.27-16.49.33:787][  0]LogConfig: Setting CVar [[foliage.DensityScale:1.0]]
[2022.08.27-16.49.33:787][  0]LogConfig: Setting CVar [[grass.DensityScale:1.0]]
[2022.08.27-16.49.33:787][  0]LogConfig: Applying CVar settings from Section [ShadingQuality@3] File [../../../TwoDSSG/Saved/Config/WindowsNoEditor/Scalability.ini]
[2022.08.27-16.49.33:787][  0]LogConfig: Setting CVar [[r.HairStrands.SkyLighting.IntegrationType:2]]
[2022.08.27-16.49.33:787][  0]LogConfig: Setting CVar [[r.HairStrands.SkyAO.SampleCount:4]]
[2022.08.27-16.49.33:787][  0]LogConfig: Setting CVar [[r.HairStrands.Visibility.MSAA.SamplePerPixel:4]]
[2022.08.27-16.49.33:787][  0]LogConfig: Applying CVar settings from Section [Startup] File [../../../Engine/Config/ConsoleVariables.ini]
[2022.08.27-16.49.33:787][  0]LogConfig: Setting CVar [[net.UseAdaptiveNetUpdateFrequency:0]]
[2022.08.27-16.49.33:787][  0]LogConfig: Setting CVar [[p.chaos.AllowCreatePhysxBodies:1]]
[2022.08.27-16.49.33:787][  0]LogConfig: Setting CVar [[fx.SkipVectorVMBackendOptimizations:1]]
[2022.08.27-16.49.33:787][  0]LogConfig: Applying CVar settings from Section [ConsoleVariables] File [../../../TwoDSSG/Saved/Config/WindowsNoEditor/Engine.ini]
[2022.08.27-16.49.33:787][  0]LogInit: Computer: DESKTOP-B63J4BI
[2022.08.27-16.49.33:788][  0]LogInit: User: Sagi
[2022.08.27-16.49.33:788][  0]LogInit: CPU Page size=4096, Cores=6
[2022.08.27-16.49.33:788][  0]LogInit: High frequency timer resolution =10.000000 MHz
[2022.08.27-16.49.33:788][  0]LogMemory: Memory total: Physical=15.9GB (16GB approx)
[2022.08.27-16.49.33:788][  0]LogMemory: Platform Memory Stats for WindowsNoEditor
[2022.08.27-16.49.33:788][  0]LogMemory: Process Physical Memory: 116.03 MB used, 116.03 MB peak
[2022.08.27-16.49.33:788][  0]LogMemory: Process Virtual Memory: 83.08 MB used, 83.08 MB peak
[2022.08.27-16.49.33:788][  0]LogMemory: Physical Memory: 11429.08 MB used,  4890.54 MB free, 16319.62 MB total
[2022.08.27-16.49.33:788][  0]LogMemory: Virtual Memory: 134213704.00 MB used,  4025.35 MB free, 134217728.00 MB total
[2022.08.27-16.49.33:790][  0]LogWindows: WindowsPlatformFeatures enabled
[2022.08.27-16.49.33:800][  0]LogInit: Physics initialised using underlying interface: PhysX
[2022.08.27-16.49.33:800][  0]LogInit: Using OS detected language (en-US).
[2022.08.27-16.49.33:800][  0]LogInit: Using OS detected locale (en-US).
[2022.08.27-16.49.33:800][  0]LogTextLocalizationManager: No specific localization for 'en-US' exists, so the 'en' localization will be used.
[2022.08.27-16.49.33:837][  0]LogWindowsTextInputMethodSystem: Display: IME system deactivated.
[2022.08.27-16.49.33:853][  0]LogSlate: New Slate User Created.  User Index 0, Is Virtual User: 0
[2022.08.27-16.49.33:854][  0]LogSlate: Slate User Registered.  User Index 0, Is Virtual User: 0
[2022.08.27-16.49.33:883][  0]LogD3D11RHI: Loaded GFSDK_Aftermath_Lib.x64.dll
[2022.08.27-16.49.33:887][  0]LogHMD: Failed to initialize OpenVR with code 110
[2022.08.27-16.49.33:887][  0]LogD3D11RHI: D3D11 min allowed feature level: 11_0
[2022.08.27-16.49.33:887][  0]LogD3D11RHI: D3D11 max allowed feature level: 11_0
[2022.08.27-16.49.33:887][  0]LogD3D11RHI: D3D11 adapters:
[2022.08.27-16.49.33:994][  0]LogD3D11RHI:    0. 'NVIDIA GeForce RTX 3070' (Feature Level 11_0)
[2022.08.27-16.49.33:994][  0]LogD3D11RHI:       8043/0/8159 MB DedicatedVideo/DedicatedSystem/SharedSystem, Outputs:2, VendorId:0x10de
[2022.08.27-16.49.33:997][  0]LogD3D11RHI:    1. 'Microsoft Basic Render Driver' (Feature Level 11_0)
[2022.08.27-16.49.33:997][  0]LogD3D11RHI:       0/0/8159 MB DedicatedVideo/DedicatedSystem/SharedSystem, Outputs:0, VendorId:0x1414
[2022.08.27-16.49.33:997][  0]LogD3D11RHI: Chosen D3D11 Adapter:
[2022.08.27-16.49.33:997][  0]LogD3D11RHI:     Description : NVIDIA GeForce RTX 3070
[2022.08.27-16.49.33:997][  0]LogD3D11RHI:     VendorId    : 10de
[2022.08.27-16.49.33:997][  0]LogD3D11RHI:     DeviceId    : 2484
[2022.08.27-16.49.33:997][  0]LogD3D11RHI:     SubSysId    : 146b10de
[2022.08.27-16.49.33:997][  0]LogD3D11RHI:     Revision    : 00a1
[2022.08.27-16.49.33:997][  0]LogD3D11RHI:     DedicatedVideoMemory : 8433696768 bytes
[2022.08.27-16.49.33:997][  0]LogD3D11RHI:     DedicatedSystemMemory : 0 bytes
[2022.08.27-16.49.33:997][  0]LogD3D11RHI:     SharedSystemMemory : 8556181504 bytes
[2022.08.27-16.49.33:997][  0]LogD3D11RHI:     AdapterLuid : 0 40610
[2022.08.27-16.49.34:006][  0]LogD3D11RHI: Creating new Direct3DDevice
[2022.08.27-16.49.34:006][  0]LogD3D11RHI:     GPU DeviceId: 0x2484 (for the marketing name, search the web for "GPU Device Id")
[2022.08.27-16.49.34:006][  0]LogWindows: EnumDisplayDevices:
[2022.08.27-16.49.34:006][  0]LogWindows:    0. 'NVIDIA GeForce RTX 3070' (P:0 D:1)
[2022.08.27-16.49.34:006][  0]LogWindows:    1. 'NVIDIA GeForce RTX 3070' (P:1 D:1)
[2022.08.27-16.49.34:006][  0]LogWindows:    2. 'NVIDIA GeForce RTX 3070' (P:0 D:0)
[2022.08.27-16.49.34:007][  0]LogWindows:    3. 'NVIDIA GeForce RTX 3070' (P:0 D:0)
[2022.08.27-16.49.34:007][  0]LogWindows: DebugString: FoundDriverCount:4 
[2022.08.27-16.49.34:007][  0]LogD3D11RHI:     Adapter Name: NVIDIA GeForce RTX 3070
[2022.08.27-16.49.34:007][  0]LogD3D11RHI:   Driver Version: 512.15 (internal:30.0.15.1215, unified:512.15)
[2022.08.27-16.49.34:007][  0]LogD3D11RHI:      Driver Date: 3-17-2022
[2022.08.27-16.49.34:007][  0]LogRHI: Texture pool is 5630 MB (70% of 8043 MB)
[2022.08.27-16.49.34:007][  0]LogD3D11RHI: Creating D3DDevice using adapter:
[2022.08.27-16.49.34:007][  0]LogD3D11RHI:     Description : NVIDIA GeForce RTX 3070
[2022.08.27-16.49.34:007][  0]LogD3D11RHI:     VendorId    : 10de
[2022.08.27-16.49.34:007][  0]LogD3D11RHI:     DeviceId    : 2484
[2022.08.27-16.49.34:007][  0]LogD3D11RHI:     SubSysId    : 146b10de
[2022.08.27-16.49.34:007][  0]LogD3D11RHI:     Revision    : 00a1
[2022.08.27-16.49.34:007][  0]LogD3D11RHI:     DedicatedVideoMemory : 8433696768 bytes
[2022.08.27-16.49.34:007][  0]LogD3D11RHI:     DedicatedSystemMemory : 0 bytes
[2022.08.27-16.49.34:007][  0]LogD3D11RHI:     SharedSystemMemory : 8556181504 bytes
[2022.08.27-16.49.34:007][  0]LogD3D11RHI:     AdapterLuid : 0 40610
[2022.08.27-16.49.34:081][  0]LogD3D11RHI: RHI has support for 64 bit atomics
[2022.08.27-16.49.34:081][  0]LogD3D11RHI: Async texture creation enabled
[2022.08.27-16.49.34:081][  0]LogD3D11RHI: Array index from any shader is supported
[2022.08.27-16.49.34:121][  0]LogD3D11RHI: GPU Timing Frequency: 1000.000000 (Debug: 2 1)
[2022.08.27-16.49.34:165][  0]LogRHI: GeForceNow SDK initialized: 1
[2022.08.27-16.49.34:165][  0]LogRendererCore: Ray tracing is disabled. Reason: r.RayTracing=0.
[2022.08.27-16.49.34:168][  0]LogShaderLibrary: Display: Using ../../../TwoDSSG/Content/ShaderArchive-Global-PCD3D_SM5.ushaderbytecode for material shader code. Total 1951 unique shaders.
[2022.08.27-16.49.34:169][  0]LogShaderLibrary: Display: Cooked Context: Using Shared Shader Library Global
[2022.08.27-16.49.34:169][  0]LogShaderLibrary: Display: Logical shader library 'Global' has been created, components 1
[2022.08.27-16.49.34:169][  0]LogTemp: Warning: Clearing the OS Cache
[2022.08.27-16.49.34:169][  0]LogODSC: ODSC Thread active.
[2022.08.27-16.49.34:172][  0]LogPakFile: New pak file ../../../TwoDSSG/Content/Paks/TwoDSSG-WindowsNoEditor.pak added to pak precacher.
[2022.08.27-16.49.34:198][  0]LogSlate: Using FreeType 2.10.0
[2022.08.27-16.49.34:198][  0]LogSlate: SlateFontServices - WITH_FREETYPE: 1, WITH_HARFBUZZ: 1
[2022.08.27-16.49.34:252][  0]LogShaderLibrary: Display: Using ../../../TwoDSSG/Content/ShaderArchive-TwoDSSG-PCD3D_SM5.ushaderbytecode for material shader code. Total 2634 unique shaders.
[2022.08.27-16.49.34:252][  0]LogShaderLibrary: Display: Cooked Context: Using Shared Shader Library TwoDSSG
[2022.08.27-16.49.34:252][  0]LogShaderLibrary: Display: Logical shader library 'TwoDSSG' has been created, components 1
[2022.08.27-16.49.34:252][  0]LogRHI: Display: Opened pipeline cache after state change and enqueued 0 of 0 tasks for precompile.
[2022.08.27-16.49.34:253][  0]LogShaderLibrary: Display: Using ../../../TwoDSSG/Content/ShaderArchive-TwoDSSG-PCD3D_SM5.ushaderbytecode for material shader code. Total 2634 unique shaders.
[2022.08.27-16.49.34:253][  0]LogShaderLibrary: Display: Cooked Context: Using Shared Shader Library TwoDSSG
[2022.08.27-16.49.34:253][  0]LogRHI: Display: Opened pipeline cache after state change and enqueued 0 of 0 tasks for precompile.
[2022.08.27-16.49.34:253][  0]LogRHI: Display: Failed to open default shader pipeline cache for TwoDSSG using shader platform 0.
[2022.08.27-16.49.34:253][  0]LogRHI: Display: Failed to open default shader pipeline cache for TwoDSSG using shader platform 0.
[2022.08.27-16.49.34:253][  0]LogInit: Using OS detected language (en-US).
[2022.08.27-16.49.34:253][  0]LogInit: Using OS detected locale (en-US).
[2022.08.27-16.49.34:253][  0]LogTextLocalizationManager: No localization for 'en-US' exists, so 'en' will be used for the language.
[2022.08.27-16.49.34:253][  0]LogTextLocalizationManager: No localization for 'en-US' exists, so 'en' will be used for the locale.
[2022.08.27-16.49.34:253][  0]LogSlate: FontCache flush requested. Reason: Culture for localization was changed
[2022.08.27-16.49.34:253][  0]LogSlate: FontCache flush requested. Reason: Culture for localization was changed
[2022.08.27-16.49.34:255][  0]LogAssetRegistry: FAssetRegistry took 0.0013 seconds to start up
[2022.08.27-16.49.34:346][  0]LogTextLocalizationManager: Compacting localization data took   1.56ms
[2022.08.27-16.49.34:346][  0]LogStreaming: Display: FlushAsyncLoading: 1 QueuedPackages, 0 AsyncPackages
[2022.08.27-16.49.34:346][  0]LogPackageLocalizationCache: Processed 26 localized package path(s) for 1 prioritized culture(s) in 0.000052 seconds
[2022.08.27-16.49.34:353][  0]LogSerialization: Display: AllowBulkDataInIoStore: 'true'
[2022.08.27-16.49.34:353][  0]LogInit: Selected Device Profile: [WindowsNoEditor]
[2022.08.27-16.49.34:353][  0]LogInit: Active device profile: [000002CCDCD17840][000002CCCC180010 49] WindowsNoEditor
[2022.08.27-16.49.34:353][  0]LogInit: Profiles: [000002CCDCD17540][000002CCD8310010 49] Windows, [000002CCDCD17840][000002CCCC180010 49] WindowsNoEditor, 
[2022.08.27-16.49.34:375][  0]LogNetVersion: TwoDSSG 1.0.0, NetCL: 0, EngineNetVer: 17, GameNetVer: 0 (Checksum: 2164445238)
[2022.08.27-16.49.34:422][  0]LogAudioCaptureCore: Display: No Audio Capture implementations found. Audio input will be silent.
[2022.08.27-16.49.34:422][  0]LogAudioCaptureCore: Display: No Audio Capture implementations found. Audio input will be silent.
[2022.08.27-16.49.34:423][  0]LogHMD: PokeAHoleMaterial loaded successfully
[2022.08.27-16.49.34:446][  0]LogMoviePlayer: Initializing movie player
[2022.08.27-16.49.34:446][  0]LogNiagaraDebuggerClient: Niagara Debugger Client Initialized | Session: 515ACCB54B794CBCA24BD48A54FC77EA | Instance: 51ED4A59455B102C8E30D6BDC491ECFB (DESKTOP-B63J4BI-8536).
[2022.08.27-16.49.34:447][  0]LogAndroidPermission: UAndroidPermissionCallbackProxy::GetInstance
[2022.08.27-16.49.34:447][  0]LogOcInput: OculusInput pre-init called
[2022.08.27-16.49.34:453][  0]LogUObjectArray: 15771 objects as part of root set at end of initial load.
[2022.08.27-16.49.34:453][  0]LogUObjectArray: 2 objects are not in the root set, but can never be destroyed because they are in the DisregardForGC set.
[2022.08.27-16.49.34:453][  0]LogUObjectAllocator: 3198280 out of 0 bytes used by permanent object pool.
[2022.08.27-16.49.34:453][  0]LogUObjectArray: CloseDisregardForGC: 15771/15771 objects in disregard for GC pool
[2022.08.27-16.49.34:455][  0]LogEngine: Initializing Engine...
[2022.08.27-16.49.34:456][  0]LogHMD: Failed to enumerate extensions. Please check that you have a valid OpenXR runtime installed.
[2022.08.27-16.49.34:456][  0]LogHMD: Failed to initialize OpenVR with code 110
[2022.08.27-16.49.34:458][  0]LogStats: UGameplayTagsManager::InitializeManager -  0.000 s
[2022.08.27-16.49.34:536][  0]LogInit: Initializing FReadOnlyCVARCache
[2022.08.27-16.49.34:536][  0]LogAudio: Display: Initializing Audio Device Manager...
[2022.08.27-16.49.34:536][  0]LogAudio: Display: Loading Default Audio Settings Objects...
[2022.08.27-16.49.34:536][  0]LogAudio: Display: No default SoundConcurrencyObject specified (or failed to load).
[2022.08.27-16.49.34:537][  0]LogAudio: Display: Audio Device Manager Initialized
[2022.08.27-16.49.34:537][  0]LogAudio: Display: Creating Audio Device:                 Id: 1, Scope: Shared, Realtime: True
[2022.08.27-16.49.34:537][  0]LogAudioMixer: Display: Audio Mixer Platform Settings:
[2022.08.27-16.49.34:537][  0]LogAudioMixer: Display: 	Sample Rate:						  48000
[2022.08.27-16.49.34:537][  0]LogAudioMixer: Display: 	Callback Buffer Frame Size Requested: 1024
[2022.08.27-16.49.34:537][  0]LogAudioMixer: Display: 	Callback Buffer Frame Size To Use:	  1024
[2022.08.27-16.49.34:537][  0]LogAudioMixer: Display: 	Number of buffers to queue:			  2
[2022.08.27-16.49.34:537][  0]LogAudioMixer: Display: 	Max Channels (voices):				  32
[2022.08.27-16.49.34:537][  0]LogAudioMixer: Display: 	Number of Async Source Workers:		  0
[2022.08.27-16.49.34:537][  0]LogAudio: Display: AudioDevice MaxSources: 32
[2022.08.27-16.49.34:537][  0]LogAudio: Display: Audio Spatialization Plugin: None (built-in).
[2022.08.27-16.49.34:537][  0]LogAudio: Display: Audio Reverb Plugin: None (built-in).
[2022.08.27-16.49.34:537][  0]LogAudio: Display: Audio Occlusion Plugin: None (built-in).
[2022.08.27-16.49.34:537][  0]LogAudioMixer: Display: Initializing audio mixer.
[2022.08.27-16.49.34:546][  0]LogAudioDebug: Display: Lib vorbis DLL was dynamically loaded.
[2022.08.27-16.49.34:554][  0]LogAudioMixer: Display: 0: FrontLeft
[2022.08.27-16.49.34:554][  0]LogAudioMixer: Display: 1: FrontRight
[2022.08.27-16.49.34:569][  0]LogAudioMixer: Display: Using Audio Device Speakers (Realtek High Definition Audio)
[2022.08.27-16.49.34:570][  0]LogAudioMixer: Display: Initializing Sound Submixes...
[2022.08.27-16.49.34:571][  0]LogAudioMixer: Display: Creating Master Submix 'MasterSubmixDefault'
[2022.08.27-16.49.34:571][  0]LogAudioMixer: Display: Creating Master Submix 'MasterReverbSubmixDefault'
[2022.08.27-16.49.34:573][  0]LogAudioMixer: Display: Creating Master Submix 'MasterEQSubmixDefault'
[2022.08.27-16.49.34:573][  0]LogAudioMixer: FMixerPlatformXAudio2::StartAudioStream() called
[2022.08.27-16.49.34:574][  0]LogAudioMixer: Display: Output buffers initialized: Frames=1024, Channels=2, Samples=2048
[2022.08.27-16.49.34:574][  0]LogAudioMixer: Display: Starting AudioMixerPlatformInterface::RunInternal()
[2022.08.27-16.49.34:574][  0]LogAudioMixer: Display: FMixerPlatformXAudio2::SubmitBuffer() called for the first time
[2022.08.27-16.49.34:574][  0]LogInit: FAudioDevice initialized.
[2022.08.27-16.49.34:575][  0]LogNetVersion: Set ProjectVersion to 1.0.0.0. Version Checksum will be recalculated on next use.
[2022.08.27-16.49.34:575][  0]LogInit: Texture streaming: Enabled
[2022.08.27-16.49.34:578][  0]LogAudio: Display: Audio Device (ID: 1) registered with world 'Untitled'.
[2022.08.27-16.49.34:579][  0]LogInit: Loading Cursor '../../../TwoDSSG/Content/Slate/MouseDefault.png'.
[2022.08.27-16.49.34:580][  0]LogInit: Loading Cursor '../../../TwoDSSG/Content/Slate/ClickedMouse3.png'.
[2022.08.27-16.49.34:581][  0]LogInit: Loading Cursor '../../../TwoDSSG/Content/Slate/ClickedMouse1.png'.
[2022.08.27-16.49.34:581][  0]LogInit: Loading Cursor '../../../TwoDSSG/Content/Slate/ClickedMouse2.png'.
[2022.08.27-16.49.34:582][  0]LogSlate: Updating window title bar state: overlay mode, drag disabled, window buttons hidden, title bar hidden
[2022.08.27-16.49.34:582][  0]LogInit: Display: Game Engine Initialized.
[2022.08.27-16.49.34:582][  0]LogInit: Display: Starting Game.
[2022.08.27-16.49.34:583][  0]LogNet: Browse: /Game/GameSystem/Maps/LoginScreen?Name=Player
[2022.08.27-16.49.34:583][  0]LogLoad: LoadMap: /Game/GameSystem/Maps/LoginScreen?Name=Player
[2022.08.27-16.49.34:583][  0]LogWorld: BeginTearingDown for /Temp/Untitled_0
[2022.08.27-16.49.34:583][  0]LogWorld: UWorld::CleanupWorld for Untitled, bSessionEnded=true, bCleanupResources=true
[2022.08.27-16.49.34:584][  0]LogSlate: InvalidateAllWidgets triggered.  All widgets were invalidated
[2022.08.27-16.49.34:585][  0]LogAudio: Display: Audio Device unregistered from world 'None'.
[2022.08.27-16.49.34:587][  0]LogUObjectHash: Compacting FUObjectHashTables data took   0.89ms
[2022.08.27-16.49.35:117][  0]LogAudio: Display: Audio Device (ID: 1) registered with world 'LoginScreen'.
[2022.08.27-16.49.35:119][  0]LogAIModule: Creating AISystem for world LoginScreen
[2022.08.27-16.49.35:120][  0]LogLoad: Game class is '2DSideScrollerGameMode_C'
[2022.08.27-16.49.35:121][  0]LogWorld: Bringing World /Game/GameSystem/Maps/LoginScreen.LoginScreen up for play (max tick rate 0) at 2022.08.27-19.49.35
[2022.08.27-16.49.35:122][  0]LogWorld: Bringing up level for play took: 0.001020
[2022.08.27-16.49.35:122][  0]LogGameMode: FindPlayerStart: PATHS NOT DEFINED or NO PLAYERSTART with positive rating
[2022.08.27-16.49.35:123][  0]LogSpawn: Warning: SpawnActor failed because no class was specified
[2022.08.27-16.49.35:131][  0]LogLoad: Took 0.548603 seconds to LoadMap(/Game/GameSystem/Maps/LoginScreen)
[2022.08.27-16.49.35:132][  0]LogSlate: Took 0.000628 seconds to synchronously load lazily loaded font '../../../Engine/Content/EngineFonts/Faces/RobotoBold.ufont' (160K)
[2022.08.27-16.49.35:134][  0]LogSlate: Took 0.000451 seconds to synchronously load lazily loaded font '../../../Engine/Content/EngineFonts/Faces/RobotoRegular.ufont' (155K)
[2022.08.27-16.49.35:135][  0]LogSlate: Took 0.000528 seconds to synchronously load lazily loaded font '../../../Engine/Content/Slate/Fonts/Roboto-Regular.ttf' (155K)
[2022.08.27-16.49.35:559][  0]LogRenderer: Reallocating scene render targets to support 1920x1012 Format 10 NumSamples 1 (Frame:1).
[2022.08.27-16.49.35:559][  0]LogRHI: Display: ShaderPipelineCache: Paused Batching. 1
[2022.08.27-16.49.35:559][  0]LogPakFile: AllPaks IndexSizes: DirectoryHashSize=453008, PathHashSize=16, EntriesSize=98304, TotalSize=551328
[2022.08.27-16.49.35:559][  0]LogRHI: Display: ShaderPipelineCache: Resumed Batching. 0
[2022.08.27-16.49.35:559][  0]LogRHI: Display: ShaderPipelineCache: Batching Resumed.
[2022.08.27-16.49.35:559][  0]LogInit: Display: Engine is initialized. Leaving FEngineLoop::Init()
[2022.08.27-16.49.35:559][  0]LogLoad: (Engine Initialization) Total time: 2.10 seconds
[2022.08.27-16.49.35:563][  0]LogContentStreaming: Texture pool size now 1000 MB
[2022.08.27-16.49.35:568][  0]LogSlate: InvalidateAllWidgets triggered.  All widgets were invalidated
[2022.08.27-16.49.35:583][  0]LogSlate: Slate font cache was flushed
[2022.08.27-16.49.35:590][  1]LogSlate: Took 0.000392 seconds to synchronously load lazily loaded font '../../../Engine/Content/Slate/Fonts/Roboto-Regular.ttf' (155K)
[2022.08.27-16.49.35:592][  1]LogSlate: Took 0.000443 seconds to synchronously load lazily loaded font '../../../Engine/Content/EngineFonts/Faces/RobotoBold.ufont' (160K)
[2022.08.27-16.49.35:593][  1]LogSlate: Took 0.000546 seconds to synchronously load lazily loaded font '../../../Engine/Content/EngineFonts/Faces/RobotoRegular.ufont' (155K)
[2022.08.27-16.49.37:398][481]LogNet: Browse: 127.0.0.1/Game/GameSystem/Maps/LoginScreen
[2022.08.27-16.49.37:399][481]LogInit: WinSock: Socket queue. Rx: 32768 (config 32768) Tx: 32768 (config 32768)
[2022.08.27-16.49.37:399][481]LogNet: Created socket for bind address: 0.0.0.0 on port 0
[2022.08.27-16.49.37:399][481]PacketHandlerLog: Loaded PacketHandler component: Engine.EngineHandlerComponentFactory (StatelessConnectHandlerComponent)
[2022.08.27-16.49.37:399][481]LogNet: Game client on port 7777, rate 100000
[2022.08.27-16.49.38:441][821]LogHandshake: SendChallengeResponse. Timestamp: 50.968661, Cookie: 120184147065099125065145155023169056080098078036023185254196
[2022.08.27-16.49.38:476][832]LogNetVersion: TwoDSSG 1.0.0.0, NetCL: 0, EngineNetVer: 17, GameNetVer: 0 (Checksum: 2372109795)
[2022.08.27-16.49.38:476][832]LogNet: UPendingNetGame::SendInitialJoin: Sending hello. [UNetConnection] RemoteAddr: 127.0.0.1:7777, Name: IpConnection_2147482511, Driver: PendingNetDriver IpNetDriver_2147482512, IsServer: NO, PC: NULL, Owner: NULL, UniqueId: INVALID
[2022.08.27-16.49.38:538][850]LogNet: Welcomed by server (Level: /Game/GameSystem/Maps/WhereTheJourneyBegins, Game: /Game/2DSideScrollerBP/Blueprints/2DSideScrollerGameMode.2DSideScrollerGameMode_C)
[2022.08.27-16.49.38:538][850]LogLoad: LoadMap: 127.0.0.1/Game/GameSystem/Maps/WhereTheJourneyBegins?game=/Game/2DSideScrollerBP/Blueprints/2DSideScrollerGameMode.2DSideScrollerGameMode_C
[2022.08.27-16.49.38:538][850]LogWorld: BeginTearingDown for /Game/GameSystem/Maps/LoginScreen
[2022.08.27-16.49.38:540][850]LogWorld: UWorld::CleanupWorld for LoginScreen, bSessionEnded=true, bCleanupResources=true
[2022.08.27-16.49.38:540][850]LogSlate: InvalidateAllWidgets triggered.  All widgets were invalidated
[2022.08.27-16.49.38:576][850]LogAudio: Display: Waited 35.192501 ms for audio thread.
[2022.08.27-16.49.38:590][850]LogAudio: Display: Waited 49.548500 ms for audio thread.
[2022.08.27-16.49.38:594][850]LogAudio: Display: Audio Device unregistered from world 'None'.
[2022.08.27-16.49.38:600][850]LogUObjectHash: Compacting FUObjectHashTables data took   1.05ms
[2022.08.27-16.49.38:604][850]LogStreaming: Display: FlushAsyncLoading: 1 QueuedPackages, 0 AsyncPackages
[2022.08.27-16.49.39:091][850]LogPakFile: Precache HighWater 16MB

[2022.08.27-16.49.39:105][850]LogAudio: Display: Audio Device (ID: 1) registered with world 'WhereTheJourneyBegins'.
[2022.08.27-16.49.39:111][850]LogWorld: Bringing World /Game/GameSystem/Maps/WhereTheJourneyBegins.WhereTheJourneyBegins up for play (max tick rate 0) at 2022.08.27-19.49.39
[2022.08.27-16.49.39:111][850]LogWorld: Bringing up level for play took: 0.001975
[2022.08.27-16.49.39:112][850]LogLoad: Took 0.573433 seconds to LoadMap(/Game/GameSystem/Maps/WhereTheJourneyBegins)
[2022.08.27-16.49.39:479][852]LogSpawn: Warning: SpawnActor failed because no class was specified
[2022.08.27-16.49.39:490][852]LogViewport: Display: Viewport MouseCaptureMode Changed, CapturePermanently_IncludingInitialMouseDown -> CapturePermanently
[2022.08.27-16.49.39:490][852]LogViewport: Display: Viewport MouseLockMode Changed, LockOnCapture -> LockAlways
[2022.08.27-16.49.39:490][852]LogViewport: Display: Viewport MouseCaptureMode Changed, CapturePermanently -> CaptureDuringMouseDown
[2022.08.27-16.49.39:491][852]LogOnlineSession: Warning: OSS: No game present to join for session (GameSession)
[2022.08.27-16.49.39:491][852]LogOnlineSession: Warning: OSS: No game present to join for session (GameSession)
[2022.08.27-16.49.39:491][852]LogBlueprintUserMessages: [2DSideScrollerCharacter_C_2147482451] inventory not valid yet
[2022.08.27-16.49.39:535][852]LogViewport: Display: Viewport MouseLockMode Changed, LockAlways -> LockOnCapture
[2022.08.27-16.49.39:535][852]LogViewport: Display: Viewport MouseCaptureMode Changed, CaptureDuringMouseDown -> CapturePermanently
[2022.08.27-16.49.39:541][852]LogAudio: Warning: Detected orphaned looping sound '春のテーマ-Spring-field-_Cue'.
[2022.08.27-16.49.39:541][852]LogSlate: Took 0.000506 seconds to synchronously load lazily loaded font '../../../Engine/Content/EngineFonts/Faces/RobotoBoldItalic.ufont' (162K)
[2022.08.27-16.49.39:542][852]LogSlate: Took 0.000451 seconds to synchronously load lazily loaded font '../../../Engine/Content/EngineFonts/Faces/RobotoLight.ufont' (167K)
[2022.08.27-16.50.45:323][494]LogAudioMixer: Warning: Changing default audio render device to new device: .
[2022.08.27-16.50.45:330][495]LogAudioMixer: Resetting audio stream to device id 
[2022.08.27-16.50.45:338][496]LogAudioMixer: Display: StartRunningNullDevice() called
[2022.08.27-16.50.46:833][812]LogAudioMixer: Warning: Changing default audio render device to new device: {0.0.0.00000000}.{194e75cf-0002-4b1c-88bd-f72f89795812}.
[2022.08.27-16.50.46:837][813]LogAudioMixer: Resetting audio stream to device id 
[2022.08.27-16.50.46:837][813]LogAudioMixer: Display: StopRunningNullDevice() called
[2022.08.27-16.50.46:878][813]LogAudioMixer: Display: 0: FrontLeft
[2022.08.27-16.50.46:878][813]LogAudioMixer: Display: 1: FrontRight
[2022.08.27-16.50.46:878][813]LogAudio: Display: Waited 35.713100 ms for audio thread.
[2022.08.27-16.50.46:889][813]LogAudio: Display: Waited 47.031998 ms for audio thread.
[2022.08.27-16.51.04:144][856]LogNet: Warning: UNetDriver::ProcessRemoteFunction: No owning connection for actor 2DSideScrollerCharacter_C_2147482444. Function Check for mode change on serv will not be processed.
[2022.08.27-16.51.05:571][235]LogNet: Warning: UNetDriver::ProcessRemoteFunction: No owning connection for actor 2DSideScrollerCharacter_C_2147482444. Function Check for mode change on serv will not be processed.
[2022.08.27-16.51.05:576][236]LogNet: Warning: UNetDriver::ProcessRemoteFunction: No owning connection for actor 2DSideScrollerCharacter_C_2147482444. Function Check for mode change on serv will not be processed.
[2022.08.27-16.51.09:996][396]LogNetPlayerMovement: Warning: CreateSavedMove: Hit limit of 96 saved moves (timing out or very bad ping?)
[2022.08.27-16.51.11:755][866]LogNetPlayerMovement: Warning: CreateSavedMove: Hit limit of 96 saved moves (timing out or very bad ping?)
[2022.08.27-16.51.13:508][423]LogNetPlayerMovement: Warning: CreateSavedMove: Hit limit of 96 saved moves (timing out or very bad ping?)
[2022.08.27-16.51.15:262][866]LogNetPlayerMovement: Warning: CreateSavedMove: Hit limit of 96 saved moves (timing out or very bad ping?)
[2022.08.27-16.51.17:023][331]LogNetPlayerMovement: Warning: CreateSavedMove: Hit limit of 96 saved moves (timing out or very bad ping?)
[2022.08.27-16.51.18:802][816]LogNetPlayerMovement: Warning: CreateSavedMove: Hit limit of 96 saved moves (timing out or very bad ping?)
[2022.08.27-16.51.20:579][278]LogNetPlayerMovement: Warning: CreateSavedMove: Hit limit of 96 saved moves (timing out or very bad ping?)
[2022.08.27-16.51.22:357][737]LogNetPlayerMovement: Warning: CreateSavedMove: Hit limit of 96 saved moves (timing out or very bad ping?)
[2022.08.27-16.51.24:104][202]LogNetPlayerMovement: Warning: CreateSavedMove: Hit limit of 96 saved moves (timing out or very bad ping?)
[2022.08.27-16.51.25:673][691]LogNetPlayerMovement: Warning: CreateSavedMove: Hit limit of 96 saved moves (timing out or very bad ping?)
[2022.08.27-16.51.25:865][755]LogNetPackageMap: Warning: FNetGUIDCache::SupportsObject: Inventory_C /Engine/Transient.GameEngine_2147482617:gameInfo_ginstance_C_2147482601.MainWidget_C_2147482416.WidgetTree.InventoryWidget NOT Supported.
[2022.08.27-16.51.27:412][237]LogNetPlayerMovement: Warning: CreateSavedMove: Hit limit of 96 saved moves (timing out or very bad ping?)
[2022.08.27-16.51.29:128][777]LogNetPlayerMovement: Warning: CreateSavedMove: Hit limit of 96 saved moves (timing out or very bad ping?)
[2022.08.27-16.51.30:893][270]LogNetPlayerMovement: Warning: CreateSavedMove: Hit limit of 96 saved moves (timing out or very bad ping?)
[2022.08.27-16.51.32:664][749]LogNetPlayerMovement: Warning: CreateSavedMove: Hit limit of 96 saved moves (timing out or very bad ping?)
[2022.08.27-16.51.34:420][249]LogNetPlayerMovement: Warning: CreateSavedMove: Hit limit of 96 saved moves (timing out or very bad ping?)
[2022.08.27-16.51.36:140][795]LogNetPlayerMovement: Warning: CreateSavedMove: Hit limit of 96 saved moves (timing out or very bad ping?)
[2022.08.27-16.51.36:631][942]LogScript: Warning: Script Msg: Attempted to access index -1 from array 'lastOpenedWidgetStack' of length 0 in '/Game/2DSideScrollerBP/Blueprints/2DSideScrollerCharacter.2DSideScrollerCharacter_C'!
[2022.08.27-16.51.37:859][341]LogNetPlayerMovement: Warning: CreateSavedMove: Hit limit of 96 saved moves (timing out or very bad ping?)
[2022.08.27-16.51.39:421][846]LogNetPlayerMovement: Warning: CreateSavedMove: Hit limit of 96 saved moves (timing out or very bad ping?)
[2022.08.27-16.51.40:616][227]LogNetPlayerMovement: Warning: CreateSavedMove: Hit limit of 96 saved moves (timing out or very bad ping?)
[2022.08.27-16.51.42:172][740]LogNet: Browse: /Game/GameSystem/Maps/LoginScreen
[2022.08.27-16.51.42:172][740]LogLoad: LoadMap: /Game/GameSystem/Maps/LoginScreen
[2022.08.27-16.51.42:172][740]LogWorld: BeginTearingDown for /Game/GameSystem/Maps/WhereTheJourneyBegins
[2022.08.27-16.51.42:173][740]LogNet: World NetDriver shutdown IpNetDriver_2147482512 [GameNetDriver]
[2022.08.27-16.51.42:173][740]LogNet: DestroyNamedNetDriver IpNetDriver_2147482512 [GameNetDriver]
[2022.08.27-16.51.42:173][740]LogNet: UNetConnection::Close: [UNetConnection] RemoteAddr: 127.0.0.1:7777, Name: IpConnection_2147482511, Driver: GameNetDriver IpNetDriver_2147482512, IsServer: NO, PC: GameplayController_C_2147482465, Owner: GameplayController_C_2147482465, UniqueId: NULL:DESKTOP-B63J4BI-D4E93E884933B89439165CAE99963E1F, Channels: 16, Time: 2022.08.27-16.51.42
[2022.08.27-16.51.42:174][740]LogNet: UChannel::Close: Sending CloseBunch. ChIndex == 0. Name: [UChannel] ChIndex: 0, Closing: 0 [UNetConnection] RemoteAddr: 127.0.0.1:7777, Name: IpConnection_2147482511, Driver: GameNetDriver IpNetDriver_2147482512, IsServer: NO, PC: GameplayController_C_2147482465, Owner: GameplayController_C_2147482465, UniqueId: NULL:DESKTOP-B63J4BI-D4E93E884933B89439165CAE99963E1F
[2022.08.27-16.51.42:174][740]LogExit: GameNetDriver IpNetDriver_2147482512 shut down
[2022.08.27-16.51.42:177][740]LogWorld: UWorld::CleanupWorld for WhereTheJourneyBegins, bSessionEnded=true, bCleanupResources=true
[2022.08.27-16.51.42:178][740]LogSlate: InvalidateAllWidgets triggered.  All widgets were invalidated
[2022.08.27-16.51.42:214][740]LogAudio: Display: Waited 35.665298 ms for audio thread.
[2022.08.27-16.51.42:216][740]LogAudio: Display: Waited 37.758400 ms for audio thread.
[2022.08.27-16.51.42:218][740]LogAudio: Display: Audio Device unregistered from world 'None'.
[2022.08.27-16.51.42:234][740]LogUObjectHash: Compacting FUObjectHashTables data took   1.14ms
[2022.08.27-16.51.42:238][740]LogStreaming: Display: FlushAsyncLoading: 1 QueuedPackages, 0 AsyncPackages
[2022.08.27-16.51.42:715][740]LogAudio: Display: Audio Device (ID: 1) registered with world 'LoginScreen'.
[2022.08.27-16.51.42:716][740]LogAIModule: Creating AISystem for world LoginScreen
[2022.08.27-16.51.42:717][740]LogLoad: Game class is '2DSideScrollerGameMode_C'
[2022.08.27-16.51.42:718][740]LogWorld: Bringing World /Game/GameSystem/Maps/LoginScreen.LoginScreen up for play (max tick rate 0) at 2022.08.27-19.51.42
[2022.08.27-16.51.42:718][740]LogWorld: Bringing up level for play took: 0.000418
[2022.08.27-16.51.42:718][740]LogGameMode: FindPlayerStart: PATHS NOT DEFINED or NO PLAYERSTART with positive rating
[2022.08.27-16.51.42:719][740]LogSpawn: Warning: SpawnActor failed because no class was specified
[2022.08.27-16.51.42:725][740]LogLoad: Took 0.552395 seconds to LoadMap(/Game/GameSystem/Maps/LoginScreen)
[2022.08.27-16.51.44:025][988]Closing by request
[2022.08.27-16.51.44:025][988]LogWindows: FPlatformMisc::RequestExit(0)
[2022.08.27-16.51.44:026][988]LogWindows: FPlatformMisc::RequestExitWithStatus(0, 0)
[2022.08.27-16.51.44:026][988]LogCore: Engine exit requested (reason: Win RequestExit)
[2022.08.27-16.51.44:028][989]LogCore: Engine exit requested (reason: EngineExit() was called; note: exit was already requested)
[2022.08.27-16.51.44:028][989]LogInit: Display: PreExit Game.
[2022.08.27-16.51.44:038][989]LogWorld: BeginTearingDown for /Game/GameSystem/Maps/LoginScreen
[2022.08.27-16.51.44:039][989]LogWorld: UWorld::CleanupWorld for LoginScreen, bSessionEnded=true, bCleanupResources=true
[2022.08.27-16.51.44:039][989]LogSlate: InvalidateAllWidgets triggered.  All widgets were invalidated
[2022.08.27-16.51.44:589][989]LogAudio: Display: Beginning Audio Device Manager Shutdown (Module: AudioMixerXAudio2)...
[2022.08.27-16.51.44:589][989]LogAudio: Display: Destroying 1 Remaining Audio Device(s)...
[2022.08.27-16.51.44:589][989]LogAudio: Display: Audio Device unregistered from world 'LoginScreen'.
[2022.08.27-16.51.44:625][989]LogAudioMixer: FMixerPlatformXAudio2::StopAudioStream() called
[2022.08.27-16.51.44:626][989]LogAudioMixer: FMixerPlatformXAudio2::StopAudioStream() called
[2022.08.27-16.51.44:632][989]LogAudio: Display: Audio Device Manager Shutdown
[2022.08.27-16.51.44:632][989]LogSlate: Request Window 'TwoDSSG (64-bit Development PCD3D_SM5) ' being destroyed
[2022.08.27-16.51.44:637][989]LogSlate: Window 'TwoDSSG (64-bit Development PCD3D_SM5) ' being destroyed
[2022.08.27-16.51.44:639][989]LogWindowsTextInputMethodSystem: Display: IME system deactivated.
[2022.08.27-16.51.44:669][989]LogExit: Preparing to exit.
[2022.08.27-16.51.44:671][989]LogMoviePlayer: Shutting down movie player
[2022.08.27-16.51.44:694][989]LogSlate: Updating window title bar state: overlay mode, drag disabled, window buttons hidden, title bar hidden
[2022.08.27-16.51.44:707][989]LogDemo: Cleaned up 0 splitscreen connections with owner deletion
[2022.08.27-16.51.44:712][989]LogExit: Game engine shut down
[2022.08.27-16.51.44:763][989]LogExit: Object subsystem successfully closed.
[2022.08.27-16.51.44:781][989]LogModuleManager: Shutting down and abandoning module AutomationController (360)
[2022.08.27-16.51.44:781][989]LogModuleManager: Shutting down and abandoning module AutomationWorker (358)
[2022.08.27-16.51.44:781][989]LogModuleManager: Shutting down and abandoning module Voice (356)
[2022.08.27-16.51.44:781][989]LogModuleManager: Shutting down and abandoning module AIModule (354)
[2022.08.27-16.51.44:781][989]LogModuleManager: Shutting down and abandoning module GameplayDebugger (353)
[2022.08.27-16.51.44:781][989]LogModuleManager: Shutting down and abandoning module NavigationSystem (351)
[2022.08.27-16.51.44:781][989]LogModuleManager: Shutting down and abandoning module WebMMediaFactory (348)
[2022.08.27-16.51.44:781][989]LogModuleManager: Shutting down and abandoning module WebMMedia (346)
[2022.08.27-16.51.44:781][989]LogModuleManager: Shutting down and abandoning module OpenXRInput (344)
[2022.08.27-16.51.44:782][989]LogModuleManager: Shutting down and abandoning module OculusMR (342)
[2022.08.27-16.51.44:782][989]LogModuleManager: Shutting down and abandoning module WmfMediaFactory (340)
[2022.08.27-16.51.44:782][989]LogModuleManager: Shutting down and abandoning module OpenExrWrapper (338)
[2022.08.27-16.51.44:782][989]LogModuleManager: Shutting down and abandoning module ImgMediaFactory (336)
[2022.08.27-16.51.44:782][989]LogModuleManager: Shutting down and abandoning module AvfMediaFactory (334)
[2022.08.27-16.51.44:782][989]LogModuleManager: Shutting down and abandoning module CharacterAI (332)
[2022.08.27-16.51.44:782][989]LogModuleManager: Shutting down and abandoning module PlanarCut (330)
[2022.08.27-16.51.44:782][989]LogModuleManager: Shutting down and abandoning module SessionServices (328)
[2022.08.27-16.51.44:782][989]LogModuleManager: Shutting down and abandoning module LiveCoding (326)
[2022.08.27-16.51.44:782][989]LogModuleManager: Shutting down and abandoning module LevelSequence (324)
[2022.08.27-16.51.44:782][989]LogModuleManager: Shutting down and abandoning module MovieSceneTracks (322)
[2022.08.27-16.51.44:782][989]LogModuleManager: Shutting down and abandoning module MovieScene (320)
[2022.08.27-16.51.44:783][989]LogModuleManager: Shutting down and abandoning module StreamingPauseRendering (318)
[2022.08.27-16.51.44:783][989]LogModuleManager: Shutting down and abandoning module AudioMixerXAudio2 (316)
[2022.08.27-16.51.44:783][989]LogModuleManager: Shutting down and abandoning module AudioMixerCore (315)
[2022.08.27-16.51.44:783][989]LogModuleManager: Shutting down and abandoning module ImageWriteQueue (312)
[2022.08.27-16.51.44:784][989]LogModuleManager: Shutting down and abandoning module ProfilerService (310)
[2022.08.27-16.51.44:997][989]LogModuleManager: Shutting down and abandoning module TaskGraph (308)
[2022.08.27-16.51.44:998][989]LogModuleManager: Shutting down and abandoning module Synthesis (306)
[2022.08.27-16.51.44:998][989]LogModuleManager: Shutting down and abandoning module TakeMovieScene (304)
[2022.08.27-16.51.44:998][989]LogModuleManager: Shutting down and abandoning module LiveLinkMovieScene (302)
[2022.08.27-16.51.44:998][989]LogModuleManager: Shutting down and abandoning module LiveLinkComponents (300)
[2022.08.27-16.51.44:998][989]LogModuleManager: Shutting down and abandoning module LiveLink (298)
[2022.08.27-16.51.45:579][989]LogModuleManager: Shutting down and abandoning module OculusInput (296)
[2022.08.27-16.51.45:579][989]LogModuleManager: Shutting down and abandoning module MobilePatchingUtils (294)
[2022.08.27-16.51.45:579][989]LogModuleManager: Shutting down and abandoning module GooglePAD (292)
[2022.08.27-16.51.45:579][989]LogModuleManager: Shutting down and abandoning module CustomMeshComponent (290)
[2022.08.27-16.51.45:579][989]LogModuleManager: Shutting down and abandoning module CableComponent (288)
[2022.08.27-16.51.45:579][989]LogModuleManager: Shutting down and abandoning module AudioCapture (286)
[2022.08.27-16.51.45:579][989]LogModuleManager: Shutting down and abandoning module AudioCaptureRtAudio (285)
[2022.08.27-16.51.45:579][989]LogModuleManager: Shutting down and abandoning module AssetTags (282)
[2022.08.27-16.51.45:579][989]LogModuleManager: Shutting down and abandoning module ArchVisCharacter (280)
[2022.08.27-16.51.45:579][989]LogModuleManager: Shutting down and abandoning module AppleImageUtils (278)
[2022.08.27-16.51.45:579][989]LogModuleManager: Shutting down and abandoning module AndroidPermission (276)
[2022.08.27-16.51.45:579][989]LogModuleManager: Shutting down and abandoning module ActorLayerUtilities (274)
[2022.08.27-16.51.45:579][989]LogModuleManager: Shutting down and abandoning module MediaCompositing (272)
[2022.08.27-16.51.45:579][989]LogModuleManager: Shutting down and abandoning module ImgMedia (270)
[2022.08.27-16.51.45:579][989]LogModuleManager: Shutting down and abandoning module MagicLeapLightEstimation (268)
[2022.08.27-16.51.45:579][989]LogModuleManager: Shutting down and abandoning module MagicLeapHelperVulkan (266)
[2022.08.27-16.51.45:579][989]LogModuleManager: Shutting down and abandoning module MagicLeapHelperOpenGL (264)
[2022.08.27-16.51.45:579][989]LogModuleManager: Shutting down and abandoning module MagicLeapAudio (262)
[2022.08.27-16.51.45:579][989]LogModuleManager: Shutting down and abandoning module MagicLeapSharedWorld (260)
[2022.08.27-16.51.45:579][989]LogModuleManager: Shutting down and abandoning module OpenImageDenoise (258)
[2022.08.27-16.51.45:579][989]LogModuleManager: Shutting down and abandoning module MotoSynth (256)
[2022.08.27-16.51.45:579][989]LogModuleManager: Shutting down and abandoning module ChaosNiagara (254)
[2022.08.27-16.51.45:579][989]LogModuleManager: Shutting down and abandoning module ProceduralMeshComponent (252)
[2022.08.27-16.51.45:579][989]LogModuleManager: Shutting down and abandoning module GeometryCollectionTracks (250)
[2022.08.27-16.51.45:579][989]LogModuleManager: Shutting down and abandoning module EditableMesh (248)
[2022.08.27-16.51.45:579][989]LogModuleManager: Shutting down and abandoning module MeshConversion (246)
[2022.08.27-16.51.45:579][989]LogModuleManager: Shutting down and abandoning module DynamicMesh (244)
[2022.08.27-16.51.45:579][989]LogModuleManager: Shutting down and abandoning module GeometryAlgorithms (242)
[2022.08.27-16.51.45:579][989]LogModuleManager: Shutting down and abandoning module GeometricObjects (240)
[2022.08.27-16.51.45:579][989]LogModuleManager: Shutting down and abandoning module BackChannel (238)
[2022.08.27-16.51.45:579][989]LogModuleManager: Shutting down and abandoning module AutomationUtils (236)
[2022.08.27-16.51.45:579][989]LogModuleManager: Shutting down and abandoning module GeometryCacheTracks (234)
[2022.08.27-16.51.45:579][989]LogModuleManager: Shutting down and abandoning module GeometryCache (232)
[2022.08.27-16.51.45:579][989]LogModuleManager: Shutting down and abandoning module UObjectPlugin (230)
[2022.08.27-16.51.45:579][989]LogModuleManager: Shutting down and abandoning module OodleNetworkHandlerComponent (228)
[2022.08.27-16.51.45:579][989]LogModuleManager: Shutting down and abandoning module TemplateSequence (226)
[2022.08.27-16.51.45:579][989]LogModuleManager: Shutting down and abandoning module TwoDSSG (224)
[2022.08.27-16.51.45:579][989]LogModuleManager: Shutting down and abandoning module AudioSynesthesia (222)
[2022.08.27-16.51.45:579][989]LogModuleManager: Shutting down and abandoning module AudioSynesthesiaCore (220)
[2022.08.27-16.51.45:579][989]LogModuleManager: Shutting down and abandoning module SoundFields (218)
[2022.08.27-16.51.45:579][989]LogModuleManager: Shutting down and abandoning module RuntimePhysXCooking (216)
[2022.08.27-16.51.45:579][989]LogModuleManager: Shutting down and abandoning module LocationServicesBPLibrary (212)
[2022.08.27-16.51.45:579][989]LogModuleManager: Shutting down and abandoning module ActorSequence (210)
[2022.08.27-16.51.45:579][989]LogModuleManager: Shutting down and abandoning module UdpMessaging (208)
[2022.08.27-16.51.45:580][989]LogModuleManager: Shutting down and abandoning module TcpMessaging (206)
[2022.08.27-16.51.45:580][989]LogModuleManager: Shutting down and abandoning module ImgMediaEngine (204)
[2022.08.27-16.51.45:580][989]LogModuleManager: Shutting down and abandoning module MagicLeapHandMeshing (202)
[2022.08.27-16.51.45:580][989]LogModuleManager: Shutting down and abandoning module MagicLeapSecureStorage (200)
[2022.08.27-16.51.45:580][989]LogModuleManager: Shutting down and abandoning module MagicLeapPrivileges (198)
[2022.08.27-16.51.45:580][989]LogModuleManager: Shutting down and abandoning module MagicLeapPlanes (196)
[2022.08.27-16.51.45:580][989]LogModuleManager: Shutting down and abandoning module MagicLeapImageTracker (194)
[2022.08.27-16.51.45:580][989]LogModuleManager: Shutting down and abandoning module MagicLeapIdentity (192)
[2022.08.27-16.51.45:580][989]LogModuleManager: Shutting down and abandoning module MagicLeapHandTracking (190)
[2022.08.27-16.51.45:580][989]LogModuleManager: Shutting down and abandoning module MagicLeapEyeTracker (188)
[2022.08.27-16.51.45:580][989]LogModuleManager: Shutting down and abandoning module MagicLeapController (186)
[2022.08.27-16.51.45:580][989]LogModuleManager: Shutting down and abandoning module MagicLeapARPinImpl (184)
[2022.08.27-16.51.45:580][989]LogModuleManager: Shutting down and abandoning module MagicLeapAR (182)
[2022.08.27-16.51.45:580][989]LogModuleManager: Shutting down and abandoning module MagicLeapARPin (180)
[2022.08.27-16.51.45:580][989]LogModuleManager: Shutting down and abandoning module NiagaraAnimNotifies (178)
[2022.08.27-16.51.45:580][989]LogModuleManager: Shutting down and abandoning module Niagara (176)
[2022.08.27-16.51.45:581][989]LogModuleManager: Shutting down and abandoning module SignalProcessing (175)
[2022.08.27-16.51.45:581][989]LogModuleManager: Shutting down and abandoning module NiagaraCore (172)
[2022.08.27-16.51.45:581][989]LogModuleManager: Shutting down and abandoning module FacialAnimation (170)
[2022.08.27-16.51.45:581][989]LogModuleManager: Shutting down and abandoning module SignificanceManager (168)
[2022.08.27-16.51.45:581][989]LogModuleManager: Shutting down and abandoning module AnimationSharing (166)
[2022.08.27-16.51.45:581][989]LogModuleManager: Shutting down and abandoning module GameplayCameras (164)
[2022.08.27-16.51.45:581][989]LogModuleManager: Shutting down and abandoning module LightPropagationVolumeRuntime (162)
[2022.08.27-16.51.45:581][989]LogModuleManager: Shutting down and abandoning module Paper2D (160)
[2022.08.27-16.51.45:581][989]LogModuleManager: Shutting down and abandoning module WindowsMoviePlayer (158)
[2022.08.27-16.51.45:582][989]LogModuleManager: Shutting down and abandoning module WebMMoviePlayer (156)
[2022.08.27-16.51.45:582][989]LogModuleManager: Shutting down and abandoning module NetworkReplayStreaming (154)
[2022.08.27-16.51.45:582][989]LogModuleManager: Shutting down and abandoning module PacketHandler (152)
[2022.08.27-16.51.45:582][989]LogModuleManager: Shutting down and abandoning module ClothingSystemRuntimeNv (150)
[2022.08.27-16.51.45:582][989]LogModuleManager: Shutting down and abandoning module MediaAssets (148)
[2022.08.27-16.51.45:582][989]LogModuleManager: Shutting down and abandoning module Overlay (146)
[2022.08.27-16.51.45:582][989]LogModuleManager: Shutting down and abandoning module FunctionalTesting (144)
[2022.08.27-16.51.45:582][989]LogModuleManager: Shutting down and abandoning module MessageLog (142)
[2022.08.27-16.51.45:584][989]LogModuleManager: Shutting down and abandoning module UMG (140)
[2022.08.27-16.51.45:584][989]LogModuleManager: Shutting down and abandoning module SlateReflector (138)
[2022.08.27-16.51.45:585][989]LogModuleManager: Shutting down and abandoning module Slate (136)
[2022.08.27-16.51.45:585][989]LogModuleManager: Shutting down and abandoning module SlateCore (134)
[2022.08.27-16.51.45:587][989]LogModuleManager: Shutting down and abandoning module MRMesh (132)
[2022.08.27-16.51.45:587][989]LogModuleManager: Shutting down and abandoning module Messaging (130)
[2022.08.27-16.51.45:587][989]LogModuleManager: Shutting down and abandoning module HeadMountedDisplay (128)
[2022.08.27-16.51.45:587][989]LogModuleManager: Shutting down and abandoning module XAudio2 (126)
[2022.08.27-16.51.45:587][989]LogModuleManager: Shutting down and abandoning module Networking (124)
[2022.08.27-16.51.45:587][989]LogModuleManager: Shutting down and abandoning module Core (122)
[2022.08.27-16.51.45:587][989]LogModuleManager: Shutting down and abandoning module FieldSystemEngine (120)
[2022.08.27-16.51.45:587][989]LogModuleManager: Shutting down and abandoning module ImageWrapper (116)
[2022.08.27-16.51.45:587][989]LogModuleManager: Shutting down and abandoning module D3D11RHI (114)
[2022.08.27-16.51.45:587][989]LogModuleManager: Shutting down and abandoning module InputCore (112)
[2022.08.27-16.51.45:587][989]LogModuleManager: Shutting down and abandoning module Settings (110)
[2022.08.27-16.51.45:587][989]LogModuleManager: Shutting down and abandoning module PhysXCooking (108)
[2022.08.27-16.51.45:587][989]LogModuleManager: Shutting down and abandoning module Chaos (106)
[2022.08.27-16.51.45:587][989]LogModuleManager: Shutting down and abandoning module WindowsPlatformFeatures (104)
[2022.08.27-16.51.45:587][989]LogModuleManager: Shutting down and abandoning module GameplayMediaEncoder (103)
[2022.08.27-16.51.45:587][989]LogModuleManager: Shutting down and abandoning module AVEncoder (102)
[2022.08.27-16.51.45:587][989]LogModuleManager: Shutting down and abandoning module SteamVRInputDevice (98)
[2022.08.27-16.51.45:587][989]LogModuleManager: Shutting down and abandoning module SteamVRInput (96)
[2022.08.27-16.51.45:587][989]LogModuleManager: Shutting down and abandoning module SteamVR (94)
[2022.08.27-16.51.45:588][989]LogHMD: Freeing OpenVRDLLHandle.
[2022.08.27-16.51.45:588][989]LogModuleManager: Shutting down and abandoning module OpenXRHandTracking (92)
[2022.08.27-16.51.45:588][989]LogSlate: Slate User Destroyed.  User Index 0, Is Virtual User: 0
[2022.08.27-16.51.45:588][989]LogModuleManager: Shutting down and abandoning module OpenXRAR (90)
[2022.08.27-16.51.45:588][989]LogModuleManager: Shutting down and abandoning module AugmentedReality (89)
[2022.08.27-16.51.45:588][989]LogModuleManager: Shutting down and abandoning module OpenXRHMD (86)
[2022.08.27-16.51.45:588][989]LogModuleManager: Shutting down and abandoning module OpenXREyeTracker (84)
[2022.08.27-16.51.45:588][989]LogModuleManager: Shutting down and abandoning module OculusHMD (82)
[2022.08.27-16.51.45:588][989]LogModuleManager: Shutting down and abandoning module ExampleDeviceProfileSelector (80)
[2022.08.27-16.51.45:588][989]LogModuleManager: Shutting down and abandoning module ChunkDownloader (78)
[2022.08.27-16.51.45:588][989]LogModuleManager: Shutting down and abandoning module LauncherChunkInstaller (76)
[2022.08.27-16.51.45:588][989]LogModuleManager: Shutting down and abandoning module OnlineSubsystem (72)
[2022.08.27-16.51.45:590][989]LogModuleManager: Shutting down and abandoning module HTTP (67)
[2022.08.27-16.51.45:590][989]LogHttp: Display: cleaning up 0 outstanding Http requests.
[2022.08.27-16.51.45:610][989]LogModuleManager: Shutting down and abandoning module SSL (66)
[2022.08.27-16.51.45:611][989]LogModuleManager: Shutting down and abandoning module WmfMedia (62)
[2022.08.27-16.51.45:611][989]LogModuleManager: Shutting down and abandoning module Media (61)
[2022.08.27-16.51.45:611][989]LogModuleManager: Shutting down and abandoning module MediaInfo (60)
[2022.08.27-16.51.45:611][989]LogModuleManager: Shutting down and abandoning module ExrReaderGpu (56)
[2022.08.27-16.51.45:611][989]LogModuleManager: Shutting down and abandoning module MLSDK (54)
[2022.08.27-16.51.45:611][989]LogModuleManager: Shutting down and abandoning module MagicLeap (52)
[2022.08.27-16.51.45:611][989]LogModuleManager: Shutting down and abandoning module NiagaraVertexFactories (50)
[2022.08.27-16.51.45:611][989]LogModuleManager: Shutting down and abandoning module NiagaraShader (48)
[2022.08.27-16.51.45:611][989]LogModuleManager: Shutting down and abandoning module ChaosCloth (46)
[2022.08.27-16.51.45:611][989]LogModuleManager: Shutting down and abandoning module VariantManagerContent (44)
[2022.08.27-16.51.45:611][989]LogModuleManager: Shutting down and abandoning module DatasmithContent (42)
[2022.08.27-16.51.45:611][989]LogModuleManager: Shutting down and abandoning module PixWinPlugin (40)
[2022.08.27-16.51.45:611][989]LogModuleManager: Shutting down and abandoning module AISupportModule (38)
[2022.08.27-16.51.45:611][989]LogModuleManager: Shutting down and abandoning module PlatformCryptoOpenSSL (36)
[2022.08.27-16.51.45:611][989]LogModuleManager: Shutting down and abandoning module PlatformCryptoTypes (34)
[2022.08.27-16.51.45:611][989]LogModuleManager: Shutting down and abandoning module PlatformCrypto (32)
[2022.08.27-16.51.45:611][989]LogModuleManager: Shutting down and abandoning module PythonScriptPluginPreload (30)
[2022.08.27-16.51.45:612][989]LogModuleManager: Shutting down and abandoning module OodleDataCompressionFormat (28)
[2022.08.27-16.51.45:612][989]LogModuleManager: Shutting down and abandoning module RenderCore (26)
[2022.08.27-16.51.45:612][989]LogModuleManager: Shutting down and abandoning module Landscape (24)
[2022.08.27-16.51.45:612][989]LogModuleManager: Shutting down and abandoning module SlateRHIRenderer (22)
[2022.08.27-16.51.45:613][989]LogModuleManager: Shutting down and abandoning module AnimGraphRuntime (20)
[2022.08.27-16.51.45:613][989]LogModuleManager: Shutting down and abandoning module Renderer (18)
[2022.08.27-16.51.45:613][989]LogModuleManager: Shutting down and abandoning module Engine (16)
[2022.08.27-16.51.45:613][989]LogModuleManager: Shutting down and abandoning module CoreUObject (14)
[2022.08.27-16.51.45:613][989]LogModuleManager: Shutting down and abandoning module NetworkFile (12)
[2022.08.27-16.51.45:613][989]LogModuleManager: Shutting down and abandoning module CookedIterativeFile (10)
[2022.08.27-16.51.45:613][989]LogModuleManager: Shutting down and abandoning module StreamingFile (8)
[2022.08.27-16.51.45:613][989]LogModuleManager: Shutting down and abandoning module SandboxFile (6)
[2022.08.27-16.51.45:613][989]LogModuleManager: Shutting down and abandoning module PakFile (4)
[2022.08.27-16.51.45:614][989]LogModuleManager: Shutting down and abandoning module RSA (3)
[2022.08.27-16.51.45:615][989]LogContentStreaming: Display: There are 1 unreleased StreamingManagers
[2022.08.27-16.51.45:622][989]LogD3D11RHI: Shutdown
[2022.08.27-16.51.45:622][989]LogD3D11RHI: CleanupD3DDevice
[2022.08.27-16.51.45:625][989]LogExit: Exiting.
[2022.08.27-16.51.45:631][989]Log file closed, 08/27/22 19:51:45
