Log file open, 05/26/22 20:10:14
LogWindows: Failed to load 'aqProf.dll' (GetLastError=126)
LogWindows: File 'aqProf.dll' does not exist
LogWindows: Failed to load 'VtuneApi.dll' (GetLastError=126)
LogWindows: File 'VtuneApi.dll' does not exist
LogWindows: Failed to load 'VtuneApi32e.dll' (GetLastError=126)
LogWindows: File 'VtuneApi32e.dll' does not exist
LogConsoleResponse: Display: Failed to find resolution value strings in scalability ini. Falling back to default.
LogConsoleResponse: Display: Failed to find resolution value strings in scalability ini. Falling back to default.
LogInit: Display: Running engine for game: TwoDSSG
LogPlatformFile: Not using cached read wrapper
LogTaskGraph: Started task graph with 5 named threads and 17 total threads with 3 sets of task threads.
LogStats: Stats thread started at 0.254134
LogICUInternationalization: ICU TimeZone Detection - Raw Offset: +2:00, Platform Override: ''
LogInit: Display: Loading text-based GConfig....
LogPluginManager: Mounting plugin MeshPainting
LogPluginManager: Mounting plugin XGEController
LogPluginManager: Mounting plugin Paper2D
LogPluginManager: Mounting plugin AISupport
LogPluginManager: Mounting plugin EnvironmentQueryEditor
LogPluginManager: Mounting plugin LiveLink
LogPluginManager: Mounting plugin LightPropagationVolume
LogPluginManager: Mounting plugin CameraShakePreviewer
LogPluginManager: Mounting plugin GameplayCameras
LogPluginManager: Mounting plugin OodleData
LogPluginManager: Mounting plugin OodleNetwork
LogPluginManager: Mounting plugin AnimationSharing
LogPluginManager: Mounting plugin CLionSourceCodeAccess
LogPluginManager: Mounting plugin CodeLiteSourceCodeAccess
LogPluginManager: Mounting plugin GitSourceControl
LogPluginManager: Mounting plugin KDevelopSourceCodeAccess
LogPluginManager: Mounting plugin NullSourceCodeAccess
LogPluginManager: Mounting plugin PerforceSourceControl
LogPluginManager: Mounting plugin PixWinPlugin
LogPluginManager: Mounting plugin PlasticSourceControl
LogPluginManager: Mounting plugin PluginUtils
LogPluginManager: Mounting plugin PropertyAccessNode
LogPluginManager: Mounting plugin RiderSourceCodeAccess
LogPluginManager: Mounting plugin SubversionSourceControl
LogPluginManager: Mounting plugin TextureFormatOodle
LogPluginManager: Mounting plugin UObjectPlugin
LogPluginManager: Mounting plugin VisualStudioCodeSourceCodeAccess
LogPluginManager: Mounting plugin VisualStudioSourceCodeAccess
LogPluginManager: Mounting plugin XCodeSourceCodeAccess
LogPluginManager: Mounting plugin AssetManagerEditor
LogPluginManager: Mounting plugin CryptoKeys
LogPluginManager: Mounting plugin CurveEditorTools
LogPluginManager: Mounting plugin DataValidation
LogPluginManager: Mounting plugin FacialAnimation
LogPluginManager: Mounting plugin GameplayTagsEditor
LogPluginManager: Mounting plugin GeometryMode
LogPluginManager: Mounting plugin MacGraphicsSwitching
LogPluginManager: Mounting plugin MaterialAnalyzer
LogPluginManager: Mounting plugin MobileLauncherProfileWizard
LogPluginManager: Mounting plugin PluginBrowser
LogPluginManager: Mounting plugin SpeedTreeImporter
LogPluginManager: Mounting plugin DatasmithContent
LogPluginManager: Mounting plugin VariantManagerContent
LogPluginManager: Mounting plugin AlembicImporter
LogPluginManager: Mounting plugin AutomationUtils
LogPluginManager: Mounting plugin BackChannel
LogPluginManager: Mounting plugin ChaosCloth
LogPluginManager: Mounting plugin ChaosClothEditor
LogPluginManager: Mounting plugin ChaosEditor
LogPluginManager: Mounting plugin ChaosNiagara
LogPluginManager: Mounting plugin ChaosSolverPlugin
LogPluginManager: Mounting plugin CharacterAI
LogPluginManager: Mounting plugin GeometryCache
LogPluginManager: Mounting plugin GeometryCollectionPlugin
LogPluginManager: Mounting plugin GeometryProcessing
LogPluginManager: Mounting plugin MotoSynth
LogPluginManager: Mounting plugin OpenImageDenoise
LogPluginManager: Mounting plugin PlanarCut
LogPluginManager: Mounting plugin PlatformCrypto
LogPluginManager: Mounting plugin ProxyLODPlugin
LogPluginManager: Mounting plugin PythonScriptPlugin
LogPluginManager: Mounting plugin SkeletalReduction
LogPluginManager: Mounting plugin Niagara
LogPluginManager: Mounting plugin LuminPlatformFeatures
LogPluginManager: Mounting plugin MagicLeap
LogPluginManager: Mounting plugin MagicLeapLightEstimation
LogPluginManager: Mounting plugin MagicLeapMedia
LogPluginManager: Mounting plugin MagicLeapPassableWorld
LogPluginManager: Mounting plugin MLSDK
LogPluginManager: Mounting plugin PlayFab
LogPluginManager: Mounting plugin AndroidMedia
LogPluginManager: Mounting plugin AvfMedia
LogPluginManager: Mounting plugin ImgMedia
LogPluginManager: Mounting plugin MediaCompositing
LogPluginManager: Mounting plugin MediaPlayerEditor
LogPluginManager: Mounting plugin WebMMedia
LogPluginManager: Mounting plugin WmfMedia
LogPluginManager: Mounting plugin TcpMessaging
LogPluginManager: Mounting plugin UdpMessaging
LogPluginManager: Mounting plugin ActorSequence
LogPluginManager: Mounting plugin LevelSequenceEditor
LogPluginManager: Mounting plugin MatineeToLevelSequence
LogPluginManager: Mounting plugin TemplateSequence
LogPluginManager: Mounting plugin OnlineSubsystem
LogPluginManager: Mounting plugin OnlineSubsystemNull
LogPluginManager: Mounting plugin OnlineSubsystemUtils
LogPluginManager: Mounting plugin LauncherChunkInstaller
LogPluginManager: Mounting plugin ActorLayerUtilities
LogPluginManager: Mounting plugin AndroidDeviceProfileSelector
LogPluginManager: Mounting plugin AndroidMoviePlayer
LogPluginManager: Mounting plugin AndroidPermission
LogPluginManager: Mounting plugin AppleImageUtils
LogPluginManager: Mounting plugin AppleMoviePlayer
LogPluginManager: Mounting plugin ArchVisCharacter
LogPluginManager: Mounting plugin AssetTags
LogPluginManager: Mounting plugin AudioCapture
LogPluginManager: Mounting plugin AudioSynesthesia
LogPluginManager: Mounting plugin CableComponent
LogPluginManager: Mounting plugin ChunkDownloader
LogPluginManager: Mounting plugin CustomMeshComponent
LogPluginManager: Mounting plugin EditableMesh
LogPluginManager: Mounting plugin ExampleDeviceProfileSelector
LogPluginManager: Mounting plugin GoogleCloudMessaging
LogPluginManager: Mounting plugin GooglePAD
LogPluginManager: Mounting plugin IOSDeviceProfileSelector
LogPluginManager: Mounting plugin LinuxDeviceProfileSelector
LogPluginManager: Mounting plugin LocationServicesBPLibrary
LogPluginManager: Mounting plugin MobilePatchingUtils
LogPluginManager: Mounting plugin OpenXR
LogPluginManager: Mounting plugin OpenXREyeTracker
LogPluginManager: Mounting plugin OpenXRHandTracking
LogPluginManager: Mounting plugin PhysXVehicles
LogPluginManager: Mounting plugin PostSplashScreen
LogPluginManager: Mounting plugin ProceduralMeshComponent
LogPluginManager: Mounting plugin PropertyAccessEditor
LogPluginManager: Mounting plugin RuntimePhysXCooking
LogPluginManager: Mounting plugin SignificanceManager
LogPluginManager: Mounting plugin SoundFields
LogPluginManager: Mounting plugin Synthesis
LogPluginManager: Mounting plugin WebMMoviePlayer
LogPluginManager: Mounting plugin WindowsMoviePlayer
LogPluginManager: Mounting plugin ScreenshotTools
LogPluginManager: Mounting plugin Takes
LogPluginManager: Mounting plugin ContentBrowserAssetDataSource
LogPluginManager: Mounting plugin ContentBrowserClassDataSource
LogPluginManager: Mounting plugin ContentBrowserFileDataSource
LogPluginManager: Mounting plugin OnlineSubsystemGooglePlay
LogPluginManager: Mounting plugin OnlineSubsystemIOS
LogPluginManager: Mounting plugin OculusVR
LogPluginManager: Mounting plugin SteamVR
PixWinPlugin: PIX capture plugin failed to initialize! Check that the process is launched from PIX.
LogInit: Using libcurl 7.55.1-DEV
LogInit:  - built for x86_64-pc-win32
LogInit:  - supports SSL with OpenSSL/1.1.1
LogInit:  - supports HTTP deflate (compression) using libz 1.2.8
LogInit:  - other features:
LogInit:      CURL_VERSION_SSL
LogInit:      CURL_VERSION_LIBZ
LogInit:      CURL_VERSION_IPV6
LogInit:      CURL_VERSION_ASYNCHDNS
LogInit:      CURL_VERSION_LARGEFILE
LogInit:      CURL_VERSION_IDN
LogInit:  CurlRequestOptions (configurable via config and command line):
LogInit:  - bVerifyPeer = true  - Libcurl will verify peer certificate
LogInit:  - bUseHttpProxy = false  - Libcurl will NOT use HTTP proxy
LogInit:  - bDontReuseConnections = false  - Libcurl will reuse connections
LogInit:  - MaxHostConnections = 16  - Libcurl will limit the number of connections to a host
LogInit:  - LocalHostAddr = Default
LogInit:  - BufferSize = 65536
LogOnline: OSS: Creating online subsystem instance for: NULL
LogInit: WinSock: version 1.1 (2.2), MaxSocks=32767, MaxUdp=65467
LogOnline: OSS: TryLoadSubsystemAndSetDefault: Loaded subsystem for module [NULL]
LogInit: Build: ++UE4+Release-4.27-CL-17735300
LogInit: Engine Version: 4.27.1-17735300+++UE4+Release-4.27
LogInit: Compatible Engine Version: 4.27.0-17155196+++UE4+Release-4.27
LogInit: Net CL: 17155196
LogInit: OS: Windows 10 (Release 2009) (), CPU: Intel(R) Core(TM) i5-10500 CPU @ 3.10GHz, GPU: NVIDIA GeForce RTX 3070
LogInit: Compiled (64-bit): Oct  6 2021 14:42:51
LogInit: Compiled with Visual C++: 19.24.28315.00
LogInit: Build Configuration: Development
LogInit: Branch Name: ++UE4+Release-4.27
LogInit: Command Line:  /Game/GameSystem/Maps/WhereTheJourneyBegins -game -PIEVIACONSOLE -Multiprocess -server -log "GameUserSettingsINI=C:/Users/Sagi/Documents/Unreal Projects/TwoDSSG 4.27/Saved/Config/Windows/PIEGameUserSettings0.ini" -MultiprocessSaveConfig -forcepassthrough -messaging -SessionName="Play in Standalone Game" -port=17754 -windowed
LogInit: Base Directory: C:/Program Files/Epic Games/UE_4.27/Engine/Binaries/Win64/
LogInit: Allocator: TBB
LogInit: Installed Engine Build: 1
LogDevObjectVersion: Number of dev versions registered: 29
LogDevObjectVersion:   Dev-Blueprints (B0D832E4-1F89-4F0D-ACCF-7EB736FD4AA2): 10
LogDevObjectVersion:   Dev-Build (E1C64328-A22C-4D53-A36C-8E866417BD8C): 0
LogDevObjectVersion:   Dev-Core (375EC13C-06E4-48FB-B500-84F0262A717E): 4
LogDevObjectVersion:   Dev-Editor (E4B068ED-F494-42E9-A231-DA0B2E46BB41): 40
LogDevObjectVersion:   Dev-Framework (CFFC743F-43B0-4480-9391-14DF171D2073): 37
LogDevObjectVersion:   Dev-Mobile (B02B49B5-BB20-44E9-A304-32B752E40360): 3
LogDevObjectVersion:   Dev-Networking (A4E4105C-59A1-49B5-A7C5-40C4547EDFEE): 0
LogDevObjectVersion:   Dev-Online (39C831C9-5AE6-47DC-9A44-9C173E1C8E7C): 0
LogDevObjectVersion:   Dev-Physics (78F01B33-EBEA-4F98-B9B4-84EACCB95AA2): 14
LogDevObjectVersion:   Dev-Platform (6631380F-2D4D-43E0-8009-CF276956A95A): 0
LogDevObjectVersion:   Dev-Rendering (12F88B9F-8875-4AFC-A67C-D90C383ABD29): 45
LogDevObjectVersion:   Dev-Sequencer (7B5AE74C-D270-4C10-A958-57980B212A5A): 13
LogDevObjectVersion:   Dev-VR (D7296918-1DD6-4BDD-9DE2-64A83CC13884): 3
LogDevObjectVersion:   Dev-LoadTimes (C2A15278-BFE7-4AFE-6C17-90FF531DF755): 1
LogDevObjectVersion:   Private-Geometry (6EACA3D4-40EC-4CC1-B786-8BED09428FC5): 3
LogDevObjectVersion:   Dev-AnimPhys (29E575DD-E0A3-4627-9D10-D276232CDCEA): 17
LogDevObjectVersion:   Dev-Anim (AF43A65D-7FD3-4947-9873-3E8ED9C1BB05): 15
LogDevObjectVersion:   Dev-ReflectionCapture (6B266CEC-1EC7-4B8F-A30B-E4D90942FC07): 1
LogDevObjectVersion:   Dev-Automation (0DF73D61-A23F-47EA-B727-89E90C41499A): 1
LogDevObjectVersion:   FortniteMain (601D1886-AC64-4F84-AA16-D3DE0DEAC7D6): 47
LogDevObjectVersion:   FortniteRelease (E7086368-6B23-4C58-8439-1B7016265E91): 1
LogDevObjectVersion:   Dev-Enterprise (9DFFBCD6-494F-0158-E221-12823C92A888): 10
LogDevObjectVersion:   Dev-Niagara (F2AED0AC-9AFE-416F-8664-AA7FFA26D6FC): 1
LogDevObjectVersion:   Dev-Destruction (174F1F0B-B4C6-45A5-B13F-2EE8D0FB917D): 10
LogDevObjectVersion:   Dev-Physics-Ext (35F94A83-E258-406C-A318-09F59610247C): 41
LogDevObjectVersion:   Dev-PhysicsMaterial-Chaos (B68FC16E-8B1B-42E2-B453-215C058844FE): 1
LogDevObjectVersion:   Dev-CineCamera (B2E18506-4273-CFC2-A54E-F4BB758BBA07): 1
LogDevObjectVersion:   Dev-VirtualProduction (64F58936-FD1B-42BA-BA96-7289D5D0FA4E): 1
LogDevObjectVersion:   Dev-MediaFramework (6F0ED827-A609-4895-9C91-998D90180EA4): 2
LogInit: Presizing for max 25165824 objects, including 0 objects not considered by GC, pre-allocating 0 bytes for permanent pool.
LogConfig: Applying CVar settings from Section [/Script/Engine.StreamingSettings] File [C:/Users/Sagi/Documents/Unreal Projects/TwoDSSG 4.27/Saved/Config/Windows/Engine.ini]
LogConfig: Setting CVar [[s.MinBulkDataSizeForAsyncLoading:131072]]
LogConfig: Setting CVar [[s.AsyncLoadingThreadEnabled:0]]
LogConfig: Setting CVar [[s.EventDrivenLoaderEnabled:1]]
LogConfig: Setting CVar [[s.WarnIfTimeLimitExceeded:0]]
LogConfig: Setting CVar [[s.TimeLimitExceededMultiplier:1.5]]
LogConfig: Setting CVar [[s.TimeLimitExceededMinTime:0.005]]
LogConfig: Setting CVar [[s.UseBackgroundLevelStreaming:1]]
LogConfig: Setting CVar [[s.PriorityAsyncLoadingExtraTime:15.0]]
LogConfig: Setting CVar [[s.LevelStreamingActorsUpdateTimeLimit:5.0]]
LogConfig: Setting CVar [[s.PriorityLevelStreamingActorsUpdateExtraTime:5.0]]
LogConfig: Setting CVar [[s.LevelStreamingComponentsRegistrationGranularity:10]]
LogConfig: Setting CVar [[s.UnregisterComponentsTimeLimit:1.0]]
LogConfig: Setting CVar [[s.LevelStreamingComponentsUnregistrationGranularity:5]]
LogConfig: Setting CVar [[s.FlushStreamingOnExit:1]]
LogInit: Object subsystem initialized
LogConfig: Setting CVar [[con.DebugEarlyDefault:1]]
LogConfig: Setting CVar [[r.setres:1280x720]]
[2022.05.26-17.10.15:029][  0]LogConfig: Setting CVar [[con.DebugEarlyDefault:1]]
[2022.05.26-17.10.15:030][  0]LogConfig: Setting CVar [[r.setres:1280x720]]
[2022.05.26-17.10.15:030][  0]LogConfig: Applying CVar settings from Section [/Script/Engine.RendererSettings] File [C:/Users/Sagi/Documents/Unreal Projects/TwoDSSG 4.27/Saved/Config/Windows/Engine.ini]
[2022.05.26-17.10.15:030][  0]LogConfig: Setting CVar [[r.GPUCrashDebugging:0]]
[2022.05.26-17.10.15:030][  0]LogConfig: Setting CVar [[r.MobileHDR:0]]
[2022.05.26-17.10.15:030][  0]LogConfig: Setting CVar [[r.DefaultFeature.AntiAliasing:0]]
[2022.05.26-17.10.15:031][  0]LogConfig: Setting CVar [[r.TranslucentSortPolicy:2]]
[2022.05.26-17.10.15:031][  0]LogConfig: Setting CVar [[r.DefaultFeature.AutoExposure:1]]
[2022.05.26-17.10.15:031][  0]LogConfig: Applying CVar settings from Section [/Script/Engine.RendererOverrideSettings] File [C:/Users/Sagi/Documents/Unreal Projects/TwoDSSG 4.27/Saved/Config/Windows/Engine.ini]
[2022.05.26-17.10.15:031][  0]LogConfig: Applying CVar settings from Section [/Script/Engine.StreamingSettings] File [C:/Users/Sagi/Documents/Unreal Projects/TwoDSSG 4.27/Saved/Config/Windows/Engine.ini]
[2022.05.26-17.10.15:032][  0]LogConfig: Setting CVar [[s.MinBulkDataSizeForAsyncLoading:131072]]
[2022.05.26-17.10.15:032][  0]LogConfig: Setting CVar [[s.AsyncLoadingThreadEnabled:0]]
[2022.05.26-17.10.15:032][  0]LogConfig: Setting CVar [[s.EventDrivenLoaderEnabled:1]]
[2022.05.26-17.10.15:033][  0]LogConfig: Setting CVar [[s.WarnIfTimeLimitExceeded:0]]
[2022.05.26-17.10.15:035][  0]LogConfig: Setting CVar [[s.TimeLimitExceededMultiplier:1.5]]
[2022.05.26-17.10.15:035][  0]LogConfig: Setting CVar [[s.TimeLimitExceededMinTime:0.005]]
[2022.05.26-17.10.15:036][  0]LogConfig: Setting CVar [[s.UseBackgroundLevelStreaming:1]]
[2022.05.26-17.10.15:036][  0]LogConfig: Setting CVar [[s.PriorityAsyncLoadingExtraTime:15.0]]
[2022.05.26-17.10.15:036][  0]LogConfig: Setting CVar [[s.LevelStreamingActorsUpdateTimeLimit:5.0]]
[2022.05.26-17.10.15:036][  0]LogConfig: Setting CVar [[s.PriorityLevelStreamingActorsUpdateExtraTime:5.0]]
[2022.05.26-17.10.15:037][  0]LogConfig: Setting CVar [[s.LevelStreamingComponentsRegistrationGranularity:10]]
[2022.05.26-17.10.15:037][  0]LogConfig: Setting CVar [[s.UnregisterComponentsTimeLimit:1.0]]
[2022.05.26-17.10.15:037][  0]LogConfig: Setting CVar [[s.LevelStreamingComponentsUnregistrationGranularity:5]]
[2022.05.26-17.10.15:037][  0]LogConfig: Setting CVar [[s.FlushStreamingOnExit:1]]
[2022.05.26-17.10.15:038][  0]LogConfig: Applying CVar settings from Section [/Script/Engine.GarbageCollectionSettings] File [C:/Users/Sagi/Documents/Unreal Projects/TwoDSSG 4.27/Saved/Config/Windows/Engine.ini]
[2022.05.26-17.10.15:038][  0]LogConfig: Setting CVar [[gc.MaxObjectsNotConsideredByGC:1]]
[2022.05.26-17.10.15:038][  0]LogConfig: Setting CVar [[gc.SizeOfPermanentObjectPool:0]]
[2022.05.26-17.10.15:038][  0]LogConfig: Setting CVar [[gc.FlushStreamingOnGC:0]]
[2022.05.26-17.10.15:039][  0]LogConfig: Setting CVar [[gc.NumRetriesBeforeForcingGC:10]]
[2022.05.26-17.10.15:039][  0]LogConfig: Setting CVar [[gc.AllowParallelGC:1]]
[2022.05.26-17.10.15:039][  0]LogConfig: Setting CVar [[gc.TimeBetweenPurgingPendingKillObjects:61.1]]
[2022.05.26-17.10.15:039][  0]LogConfig: Setting CVar [[gc.MaxObjectsInEditor:25165824]]
[2022.05.26-17.10.15:039][  0]LogConfig: Setting CVar [[gc.IncrementalBeginDestroyEnabled:1]]
[2022.05.26-17.10.15:040][  0]LogConfig: Setting CVar [[gc.CreateGCClusters:1]]
[2022.05.26-17.10.15:040][  0]LogConfig: Setting CVar [[gc.MinGCClusterSize:5]]
[2022.05.26-17.10.15:040][  0]LogConfig: Setting CVar [[gc.ActorClusteringEnabled:0]]
[2022.05.26-17.10.15:040][  0]LogConfig: Setting CVar [[gc.BlueprintClusteringEnabled:0]]
[2022.05.26-17.10.15:041][  0]LogConfig: Setting CVar [[gc.UseDisregardForGCOnDedicatedServers:0]]
[2022.05.26-17.10.15:041][  0]LogConfig: Setting CVar [[gc.MultithreadedDestructionEnabled:1]]
[2022.05.26-17.10.15:041][  0]LogConfig: Applying CVar settings from Section [/Script/Engine.NetworkSettings] File [C:/Users/Sagi/Documents/Unreal Projects/TwoDSSG 4.27/Saved/Config/Windows/Engine.ini]
[2022.05.26-17.10.15:042][  0]LogConfig: Applying CVar settings from Section [/Script/UnrealEd.CookerSettings] File [C:/Users/Sagi/Documents/Unreal Projects/TwoDSSG 4.27/Saved/Config/Windows/Engine.ini]
[2022.05.26-17.10.15:042][  0]LogConfig: Applying CVar settings from Section [ViewDistanceQuality@3] File [C:/Users/Sagi/Documents/Unreal Projects/TwoDSSG 4.27/Saved/Config/Windows/Scalability.ini]
[2022.05.26-17.10.15:042][  0]LogConfig: Setting CVar [[r.SkeletalMeshLODBias:0]]
[2022.05.26-17.10.15:042][  0]LogConfig: Setting CVar [[r.ViewDistanceScale:1.0]]
[2022.05.26-17.10.15:043][  0]LogConfig: Applying CVar settings from Section [AntiAliasingQuality@3] File [C:/Users/Sagi/Documents/Unreal Projects/TwoDSSG 4.27/Saved/Config/Windows/Scalability.ini]
[2022.05.26-17.10.15:043][  0]LogConfig: Setting CVar [[r.PostProcessAAQuality:4]]
[2022.05.26-17.10.15:043][  0]LogConfig: Applying CVar settings from Section [ShadowQuality@3] File [C:/Users/Sagi/Documents/Unreal Projects/TwoDSSG 4.27/Saved/Config/Windows/Scalability.ini]
[2022.05.26-17.10.15:044][  0]LogConfig: Setting CVar [[r.LightFunctionQuality:1]]
[2022.05.26-17.10.15:044][  0]LogConfig: Setting CVar [[r.ShadowQuality:5]]
[2022.05.26-17.10.15:044][  0]LogConfig: Setting CVar [[r.Shadow.CSM.MaxCascades:10]]
[2022.05.26-17.10.15:044][  0]LogConfig: Setting CVar [[r.Shadow.MaxResolution:2048]]
[2022.05.26-17.10.15:045][  0]LogConfig: Setting CVar [[r.Shadow.MaxCSMResolution:2048]]
[2022.05.26-17.10.15:045][  0]LogConfig: Setting CVar [[r.Shadow.RadiusThreshold:0.01]]
[2022.05.26-17.10.15:045][  0]LogConfig: Setting CVar [[r.Shadow.DistanceScale:1.0]]
[2022.05.26-17.10.15:045][  0]LogConfig: Setting CVar [[r.Shadow.CSM.TransitionScale:1.0]]
[2022.05.26-17.10.15:045][  0]LogConfig: Setting CVar [[r.Shadow.PreShadowResolutionFactor:1.0]]
[2022.05.26-17.10.15:046][  0]LogConfig: Setting CVar [[r.DistanceFieldShadowing:1]]
[2022.05.26-17.10.15:046][  0]LogConfig: Setting CVar [[r.DistanceFieldAO:1]]
[2022.05.26-17.10.15:046][  0]LogConfig: Setting CVar [[r.AOQuality:2]]
[2022.05.26-17.10.15:046][  0]LogConfig: Setting CVar [[r.VolumetricFog:1]]
[2022.05.26-17.10.15:047][  0]LogConfig: Setting CVar [[r.VolumetricFog.GridPixelSize:8]]
[2022.05.26-17.10.15:047][  0]LogConfig: Setting CVar [[r.VolumetricFog.GridSizeZ:128]]
[2022.05.26-17.10.15:047][  0]LogConfig: Setting CVar [[r.VolumetricFog.HistoryMissSupersampleCount:4]]
[2022.05.26-17.10.15:047][  0]LogConfig: Setting CVar [[r.LightMaxDrawDistanceScale:1]]
[2022.05.26-17.10.15:048][  0]LogConfig: Setting CVar [[r.CapsuleShadows:1]]
[2022.05.26-17.10.15:048][  0]LogConfig: Applying CVar settings from Section [PostProcessQuality@3] File [C:/Users/Sagi/Documents/Unreal Projects/TwoDSSG 4.27/Saved/Config/Windows/Scalability.ini]
[2022.05.26-17.10.15:048][  0]LogConfig: Setting CVar [[r.MotionBlurQuality:4]]
[2022.05.26-17.10.15:048][  0]LogConfig: Setting CVar [[r.AmbientOcclusionMipLevelFactor:0.4]]
[2022.05.26-17.10.15:049][  0]LogConfig: Setting CVar [[r.AmbientOcclusionMaxQuality:100]]
[2022.05.26-17.10.15:051][  0]LogConfig: Setting CVar [[r.AmbientOcclusionLevels:-1]]
[2022.05.26-17.10.15:051][  0]LogConfig: Setting CVar [[r.AmbientOcclusionRadiusScale:1.0]]
[2022.05.26-17.10.15:052][  0]LogConfig: Setting CVar [[r.DepthOfFieldQuality:2]]
[2022.05.26-17.10.15:052][  0]LogConfig: Setting CVar [[r.RenderTargetPoolMin:400]]
[2022.05.26-17.10.15:052][  0]LogConfig: Setting CVar [[r.LensFlareQuality:2]]
[2022.05.26-17.10.15:053][  0]LogConfig: Setting CVar [[r.SceneColorFringeQuality:1]]
[2022.05.26-17.10.15:053][  0]LogConfig: Setting CVar [[r.EyeAdaptationQuality:2]]
[2022.05.26-17.10.15:053][  0]LogConfig: Setting CVar [[r.BloomQuality:5]]
[2022.05.26-17.10.15:053][  0]LogConfig: Setting CVar [[r.FastBlurThreshold:100]]
[2022.05.26-17.10.15:054][  0]LogConfig: Setting CVar [[r.Upscale.Quality:3]]
[2022.05.26-17.10.15:054][  0]LogConfig: Setting CVar [[r.Tonemapper.GrainQuantization:1]]
[2022.05.26-17.10.15:054][  0]LogConfig: Setting CVar [[r.LightShaftQuality:1]]
[2022.05.26-17.10.15:054][  0]LogConfig: Setting CVar [[r.Filter.SizeScale:1]]
[2022.05.26-17.10.15:055][  0]LogConfig: Setting CVar [[r.Tonemapper.Quality:5]]
[2022.05.26-17.10.15:055][  0]LogConfig: Setting CVar [[r.DOF.Gather.AccumulatorQuality:1        ; higher gathering accumulator quality]]
[2022.05.26-17.10.15:055][  0]LogConfig: Setting CVar [[r.DOF.Gather.PostfilterMethod:1          ; Median3x3 postfilering method]]
[2022.05.26-17.10.15:055][  0]LogConfig: Setting CVar [[r.DOF.Gather.EnableBokehSettings:0       ; no bokeh simulation when gathering]]
[2022.05.26-17.10.15:056][  0]LogConfig: Setting CVar [[r.DOF.Gather.RingCount:4                 ; medium number of samples when gathering]]
[2022.05.26-17.10.15:056][  0]LogConfig: Setting CVar [[r.DOF.Scatter.ForegroundCompositing:1    ; additive foreground scattering]]
[2022.05.26-17.10.15:056][  0]LogConfig: Setting CVar [[r.DOF.Scatter.BackgroundCompositing:2    ; additive background scattering]]
[2022.05.26-17.10.15:056][  0]LogConfig: Setting CVar [[r.DOF.Scatter.EnableBokehSettings:1      ; bokeh simulation when scattering]]
[2022.05.26-17.10.15:057][  0]LogConfig: Setting CVar [[r.DOF.Scatter.MaxSpriteRatio:0.1         ; only a maximum of 10% of scattered bokeh]]
[2022.05.26-17.10.15:057][  0]LogConfig: Setting CVar [[r.DOF.Recombine.Quality:1                ; cheap slight out of focus]]
[2022.05.26-17.10.15:057][  0]LogConfig: Setting CVar [[r.DOF.Recombine.EnableBokehSettings:0    ; no bokeh simulation on slight out of focus]]
[2022.05.26-17.10.15:057][  0]LogConfig: Setting CVar [[r.DOF.TemporalAAQuality:1                ; more stable temporal accumulation]]
[2022.05.26-17.10.15:057][  0]LogConfig: Setting CVar [[r.DOF.Kernel.MaxForegroundRadius:0.025]]
[2022.05.26-17.10.15:058][  0]LogConfig: Setting CVar [[r.DOF.Kernel.MaxBackgroundRadius:0.025]]
[2022.05.26-17.10.15:058][  0]LogConfig: Applying CVar settings from Section [TextureQuality@3] File [C:/Users/Sagi/Documents/Unreal Projects/TwoDSSG 4.27/Saved/Config/Windows/Scalability.ini]
[2022.05.26-17.10.15:058][  0]LogConfig: Setting CVar [[r.Streaming.MipBias:0]]
[2022.05.26-17.10.15:058][  0]LogConfig: Setting CVar [[r.Streaming.AmortizeCPUToGPUCopy:0]]
[2022.05.26-17.10.15:058][  0]LogConfig: Setting CVar [[r.Streaming.MaxNumTexturesToStreamPerFrame:0]]
[2022.05.26-17.10.15:059][  0]LogConfig: Setting CVar [[r.Streaming.Boost:1]]
[2022.05.26-17.10.15:059][  0]LogConfig: Setting CVar [[r.MaxAnisotropy:8]]
[2022.05.26-17.10.15:059][  0]LogConfig: Setting CVar [[r.VT.MaxAnisotropy:8]]
[2022.05.26-17.10.15:059][  0]LogConfig: Setting CVar [[r.Streaming.LimitPoolSizeToVRAM:0]]
[2022.05.26-17.10.15:060][  0]LogConfig: Setting CVar [[r.Streaming.PoolSize:1000]]
[2022.05.26-17.10.15:060][  0]LogConfig: Setting CVar [[r.Streaming.MaxEffectiveScreenSize:0]]
[2022.05.26-17.10.15:060][  0]LogConfig: Applying CVar settings from Section [EffectsQuality@3] File [C:/Users/Sagi/Documents/Unreal Projects/TwoDSSG 4.27/Saved/Config/Windows/Scalability.ini]
[2022.05.26-17.10.15:061][  0]LogConfig: Setting CVar [[r.TranslucencyLightingVolumeDim:64]]
[2022.05.26-17.10.15:061][  0]LogConfig: Setting CVar [[r.RefractionQuality:2]]
[2022.05.26-17.10.15:061][  0]LogConfig: Setting CVar [[r.SSR.Quality:3]]
[2022.05.26-17.10.15:061][  0]LogConfig: Setting CVar [[r.SSR.HalfResSceneColor:0]]
[2022.05.26-17.10.15:061][  0]LogConfig: Setting CVar [[r.SceneColorFormat:4]]
[2022.05.26-17.10.15:062][  0]LogConfig: Setting CVar [[r.DetailMode:2]]
[2022.05.26-17.10.15:062][  0]LogConfig: Setting CVar [[r.TranslucencyVolumeBlur:1]]
[2022.05.26-17.10.15:062][  0]LogConfig: Setting CVar [[r.MaterialQualityLevel:1 ; High quality]]
[2022.05.26-17.10.15:063][  0]LogConfig: Setting CVar [[r.AnisotropicMaterials:1]]
[2022.05.26-17.10.15:063][  0]LogConfig: Setting CVar [[r.SSS.Scale:1]]
[2022.05.26-17.10.15:063][  0]LogConfig: Setting CVar [[r.SSS.SampleSet:2]]
[2022.05.26-17.10.15:063][  0]LogConfig: Setting CVar [[r.SSS.Quality:1]]
[2022.05.26-17.10.15:064][  0]LogConfig: Setting CVar [[r.SSS.HalfRes:0]]
[2022.05.26-17.10.15:064][  0]LogConfig: Setting CVar [[r.SSGI.Quality:3]]
[2022.05.26-17.10.15:064][  0]LogConfig: Setting CVar [[r.EmitterSpawnRateScale:1.0]]
[2022.05.26-17.10.15:064][  0]LogConfig: Setting CVar [[r.ParticleLightQuality:2]]
[2022.05.26-17.10.15:064][  0]LogConfig: Setting CVar [[r.SkyAtmosphere.AerialPerspectiveLUT.FastApplyOnOpaque:1 ; Always have FastSkyLUT 1 in this case to avoid wrong sky]]
[2022.05.26-17.10.15:065][  0]LogConfig: Setting CVar [[r.SkyAtmosphere.AerialPerspectiveLUT.SampleCountMaxPerSlice:4]]
[2022.05.26-17.10.15:067][  0]LogConfig: Setting CVar [[r.SkyAtmosphere.AerialPerspectiveLUT.DepthResolution:16.0]]
[2022.05.26-17.10.15:067][  0]LogConfig: Setting CVar [[r.SkyAtmosphere.FastSkyLUT:1]]
[2022.05.26-17.10.15:068][  0]LogConfig: Setting CVar [[r.SkyAtmosphere.FastSkyLUT.SampleCountMin:4.0]]
[2022.05.26-17.10.15:068][  0]LogConfig: Setting CVar [[r.SkyAtmosphere.FastSkyLUT.SampleCountMax:128.0]]
[2022.05.26-17.10.15:068][  0]LogConfig: Setting CVar [[r.SkyAtmosphere.SampleCountMin:4.0]]
[2022.05.26-17.10.15:068][  0]LogConfig: Setting CVar [[r.SkyAtmosphere.SampleCountMax:128.0]]
[2022.05.26-17.10.15:069][  0]LogConfig: Setting CVar [[r.SkyAtmosphere.TransmittanceLUT.UseSmallFormat:0]]
[2022.05.26-17.10.15:069][  0]LogConfig: Setting CVar [[r.SkyAtmosphere.TransmittanceLUT.SampleCount:10.0]]
[2022.05.26-17.10.15:069][  0]LogConfig: Setting CVar [[r.SkyAtmosphere.MultiScatteringLUT.SampleCount:15.0]]
[2022.05.26-17.10.15:069][  0]LogConfig: Setting CVar [[r.SkyLight.RealTimeReflectionCapture:1]]
[2022.05.26-17.10.15:070][  0]LogConfig: Applying CVar settings from Section [FoliageQuality@3] File [C:/Users/Sagi/Documents/Unreal Projects/TwoDSSG 4.27/Saved/Config/Windows/Scalability.ini]
[2022.05.26-17.10.15:070][  0]LogConfig: Setting CVar [[foliage.DensityScale:1.0]]
[2022.05.26-17.10.15:070][  0]LogConfig: Setting CVar [[grass.DensityScale:1.0]]
[2022.05.26-17.10.15:071][  0]LogConfig: Applying CVar settings from Section [ShadingQuality@3] File [C:/Users/Sagi/Documents/Unreal Projects/TwoDSSG 4.27/Saved/Config/Windows/Scalability.ini]
[2022.05.26-17.10.15:071][  0]LogConfig: Setting CVar [[r.HairStrands.SkyLighting.IntegrationType:2]]
[2022.05.26-17.10.15:071][  0]LogConfig: Setting CVar [[r.HairStrands.SkyAO.SampleCount:4]]
[2022.05.26-17.10.15:071][  0]LogConfig: Setting CVar [[r.HairStrands.Visibility.MSAA.SamplePerPixel:4]]
[2022.05.26-17.10.15:071][  0]LogInit: Selected Device Profile: [Windows]
[2022.05.26-17.10.15:072][  0]LogInit: Applying CVar settings loaded from the selected device profile: [Windows]
[2022.05.26-17.10.15:072][  0]LogHAL: Display: Platform has ~ 16 GB [17112363008 / 17179869184 / 16], which maps to Larger [LargestMinGB=32, LargerMinGB=12, DefaultMinGB=8, SmallerMinGB=6, SmallestMinGB=0)
[2022.05.26-17.10.15:072][  0]LogInit: Going up to parent DeviceProfile []
[2022.05.26-17.10.15:072][  0]LogConfig: Applying CVar settings from Section [ViewDistanceQuality@3] File [C:/Users/Sagi/Documents/Unreal Projects/TwoDSSG 4.27/Saved/Config/Windows/Scalability.ini]
[2022.05.26-17.10.15:073][  0]LogConfig: Setting CVar [[r.SkeletalMeshLODBias:0]]
[2022.05.26-17.10.15:073][  0]LogConfig: Setting CVar [[r.ViewDistanceScale:1.0]]
[2022.05.26-17.10.15:073][  0]LogConfig: Applying CVar settings from Section [AntiAliasingQuality@3] File [C:/Users/Sagi/Documents/Unreal Projects/TwoDSSG 4.27/Saved/Config/Windows/Scalability.ini]
[2022.05.26-17.10.15:073][  0]LogConfig: Setting CVar [[r.PostProcessAAQuality:4]]
[2022.05.26-17.10.15:074][  0]LogConfig: Applying CVar settings from Section [ShadowQuality@3] File [C:/Users/Sagi/Documents/Unreal Projects/TwoDSSG 4.27/Saved/Config/Windows/Scalability.ini]
[2022.05.26-17.10.15:074][  0]LogConfig: Setting CVar [[r.LightFunctionQuality:1]]
[2022.05.26-17.10.15:074][  0]LogConfig: Setting CVar [[r.ShadowQuality:5]]
[2022.05.26-17.10.15:075][  0]LogConfig: Setting CVar [[r.Shadow.CSM.MaxCascades:10]]
[2022.05.26-17.10.15:075][  0]LogConfig: Setting CVar [[r.Shadow.MaxResolution:2048]]
[2022.05.26-17.10.15:075][  0]LogConfig: Setting CVar [[r.Shadow.MaxCSMResolution:2048]]
[2022.05.26-17.10.15:075][  0]LogConfig: Setting CVar [[r.Shadow.RadiusThreshold:0.01]]
[2022.05.26-17.10.15:075][  0]LogConfig: Setting CVar [[r.Shadow.DistanceScale:1.0]]
[2022.05.26-17.10.15:076][  0]LogConfig: Setting CVar [[r.Shadow.CSM.TransitionScale:1.0]]
[2022.05.26-17.10.15:076][  0]LogConfig: Setting CVar [[r.Shadow.PreShadowResolutionFactor:1.0]]
[2022.05.26-17.10.15:076][  0]LogConfig: Setting CVar [[r.DistanceFieldShadowing:1]]
[2022.05.26-17.10.15:076][  0]LogConfig: Setting CVar [[r.DistanceFieldAO:1]]
[2022.05.26-17.10.15:077][  0]LogConfig: Setting CVar [[r.AOQuality:2]]
[2022.05.26-17.10.15:077][  0]LogConfig: Setting CVar [[r.VolumetricFog:1]]
[2022.05.26-17.10.15:077][  0]LogConfig: Setting CVar [[r.VolumetricFog.GridPixelSize:8]]
[2022.05.26-17.10.15:077][  0]LogConfig: Setting CVar [[r.VolumetricFog.GridSizeZ:128]]
[2022.05.26-17.10.15:078][  0]LogConfig: Setting CVar [[r.VolumetricFog.HistoryMissSupersampleCount:4]]
[2022.05.26-17.10.15:078][  0]LogConfig: Setting CVar [[r.LightMaxDrawDistanceScale:1]]
[2022.05.26-17.10.15:079][  0]LogConfig: Setting CVar [[r.CapsuleShadows:1]]
[2022.05.26-17.10.15:079][  0]LogConfig: Applying CVar settings from Section [PostProcessQuality@3] File [C:/Users/Sagi/Documents/Unreal Projects/TwoDSSG 4.27/Saved/Config/Windows/Scalability.ini]
[2022.05.26-17.10.15:080][  0]LogConfig: Setting CVar [[r.MotionBlurQuality:4]]
[2022.05.26-17.10.15:080][  0]LogConfig: Setting CVar [[r.AmbientOcclusionMipLevelFactor:0.4]]
[2022.05.26-17.10.15:080][  0]LogConfig: Setting CVar [[r.AmbientOcclusionMaxQuality:100]]
[2022.05.26-17.10.15:083][  0]LogConfig: Setting CVar [[r.AmbientOcclusionLevels:-1]]
[2022.05.26-17.10.15:083][  0]LogConfig: Setting CVar [[r.AmbientOcclusionRadiusScale:1.0]]
[2022.05.26-17.10.15:083][  0]LogConfig: Setting CVar [[r.DepthOfFieldQuality:2]]
[2022.05.26-17.10.15:084][  0]LogConfig: Setting CVar [[r.RenderTargetPoolMin:400]]
[2022.05.26-17.10.15:084][  0]LogConfig: Setting CVar [[r.LensFlareQuality:2]]
[2022.05.26-17.10.15:084][  0]LogConfig: Setting CVar [[r.SceneColorFringeQuality:1]]
[2022.05.26-17.10.15:084][  0]LogConfig: Setting CVar [[r.EyeAdaptationQuality:2]]
[2022.05.26-17.10.15:085][  0]LogConfig: Setting CVar [[r.BloomQuality:5]]
[2022.05.26-17.10.15:085][  0]LogConfig: Setting CVar [[r.FastBlurThreshold:100]]
[2022.05.26-17.10.15:085][  0]LogConfig: Setting CVar [[r.Upscale.Quality:3]]
[2022.05.26-17.10.15:086][  0]LogConfig: Setting CVar [[r.Tonemapper.GrainQuantization:1]]
[2022.05.26-17.10.15:086][  0]LogConfig: Setting CVar [[r.LightShaftQuality:1]]
[2022.05.26-17.10.15:086][  0]LogConfig: Setting CVar [[r.Filter.SizeScale:1]]
[2022.05.26-17.10.15:086][  0]LogConfig: Setting CVar [[r.Tonemapper.Quality:5]]
[2022.05.26-17.10.15:087][  0]LogConfig: Setting CVar [[r.DOF.Gather.AccumulatorQuality:1        ; higher gathering accumulator quality]]
[2022.05.26-17.10.15:087][  0]LogConfig: Setting CVar [[r.DOF.Gather.PostfilterMethod:1          ; Median3x3 postfilering method]]
[2022.05.26-17.10.15:087][  0]LogConfig: Setting CVar [[r.DOF.Gather.EnableBokehSettings:0       ; no bokeh simulation when gathering]]
[2022.05.26-17.10.15:088][  0]LogConfig: Setting CVar [[r.DOF.Gather.RingCount:4                 ; medium number of samples when gathering]]
[2022.05.26-17.10.15:088][  0]LogConfig: Setting CVar [[r.DOF.Scatter.ForegroundCompositing:1    ; additive foreground scattering]]
[2022.05.26-17.10.15:088][  0]LogConfig: Setting CVar [[r.DOF.Scatter.BackgroundCompositing:2    ; additive background scattering]]
[2022.05.26-17.10.15:088][  0]LogConfig: Setting CVar [[r.DOF.Scatter.EnableBokehSettings:1      ; bokeh simulation when scattering]]
[2022.05.26-17.10.15:088][  0]LogConfig: Setting CVar [[r.DOF.Scatter.MaxSpriteRatio:0.1         ; only a maximum of 10% of scattered bokeh]]
[2022.05.26-17.10.15:089][  0]LogConfig: Setting CVar [[r.DOF.Recombine.Quality:1                ; cheap slight out of focus]]
[2022.05.26-17.10.15:089][  0]LogConfig: Setting CVar [[r.DOF.Recombine.EnableBokehSettings:0    ; no bokeh simulation on slight out of focus]]
[2022.05.26-17.10.15:089][  0]LogConfig: Setting CVar [[r.DOF.TemporalAAQuality:1                ; more stable temporal accumulation]]
[2022.05.26-17.10.15:089][  0]LogConfig: Setting CVar [[r.DOF.Kernel.MaxForegroundRadius:0.025]]
[2022.05.26-17.10.15:090][  0]LogConfig: Setting CVar [[r.DOF.Kernel.MaxBackgroundRadius:0.025]]
[2022.05.26-17.10.15:090][  0]LogConfig: Applying CVar settings from Section [TextureQuality@3] File [C:/Users/Sagi/Documents/Unreal Projects/TwoDSSG 4.27/Saved/Config/Windows/Scalability.ini]
[2022.05.26-17.10.15:090][  0]LogConfig: Setting CVar [[r.Streaming.MipBias:0]]
[2022.05.26-17.10.15:090][  0]LogConfig: Setting CVar [[r.Streaming.AmortizeCPUToGPUCopy:0]]
[2022.05.26-17.10.15:090][  0]LogConfig: Setting CVar [[r.Streaming.MaxNumTexturesToStreamPerFrame:0]]
[2022.05.26-17.10.15:091][  0]LogConfig: Setting CVar [[r.Streaming.Boost:1]]
[2022.05.26-17.10.15:091][  0]LogConfig: Setting CVar [[r.MaxAnisotropy:8]]
[2022.05.26-17.10.15:091][  0]LogConfig: Setting CVar [[r.VT.MaxAnisotropy:8]]
[2022.05.26-17.10.15:091][  0]LogConfig: Setting CVar [[r.Streaming.LimitPoolSizeToVRAM:0]]
[2022.05.26-17.10.15:092][  0]LogConfig: Setting CVar [[r.Streaming.PoolSize:1000]]
[2022.05.26-17.10.15:092][  0]LogConfig: Setting CVar [[r.Streaming.MaxEffectiveScreenSize:0]]
[2022.05.26-17.10.15:092][  0]LogConfig: Applying CVar settings from Section [EffectsQuality@3] File [C:/Users/Sagi/Documents/Unreal Projects/TwoDSSG 4.27/Saved/Config/Windows/Scalability.ini]
[2022.05.26-17.10.15:092][  0]LogConfig: Setting CVar [[r.TranslucencyLightingVolumeDim:64]]
[2022.05.26-17.10.15:092][  0]LogConfig: Setting CVar [[r.RefractionQuality:2]]
[2022.05.26-17.10.15:093][  0]LogConfig: Setting CVar [[r.SSR.Quality:3]]
[2022.05.26-17.10.15:093][  0]LogConfig: Setting CVar [[r.SSR.HalfResSceneColor:0]]
[2022.05.26-17.10.15:093][  0]LogConfig: Setting CVar [[r.SceneColorFormat:4]]
[2022.05.26-17.10.15:093][  0]LogConfig: Setting CVar [[r.DetailMode:2]]
[2022.05.26-17.10.15:093][  0]LogConfig: Setting CVar [[r.TranslucencyVolumeBlur:1]]
[2022.05.26-17.10.15:094][  0]LogConfig: Setting CVar [[r.MaterialQualityLevel:1 ; High quality]]
[2022.05.26-17.10.15:094][  0]LogConfig: Setting CVar [[r.AnisotropicMaterials:1]]
[2022.05.26-17.10.15:094][  0]LogConfig: Setting CVar [[r.SSS.Scale:1]]
[2022.05.26-17.10.15:094][  0]LogConfig: Setting CVar [[r.SSS.SampleSet:2]]
[2022.05.26-17.10.15:095][  0]LogConfig: Setting CVar [[r.SSS.Quality:1]]
[2022.05.26-17.10.15:095][  0]LogConfig: Setting CVar [[r.SSS.HalfRes:0]]
[2022.05.26-17.10.15:095][  0]LogConfig: Setting CVar [[r.SSGI.Quality:3]]
[2022.05.26-17.10.15:096][  0]LogConfig: Setting CVar [[r.EmitterSpawnRateScale:1.0]]
[2022.05.26-17.10.15:096][  0]LogConfig: Setting CVar [[r.ParticleLightQuality:2]]
[2022.05.26-17.10.15:096][  0]LogConfig: Setting CVar [[r.SkyAtmosphere.AerialPerspectiveLUT.FastApplyOnOpaque:1 ; Always have FastSkyLUT 1 in this case to avoid wrong sky]]
[2022.05.26-17.10.15:096][  0]LogConfig: Setting CVar [[r.SkyAtmosphere.AerialPerspectiveLUT.SampleCountMaxPerSlice:4]]
[2022.05.26-17.10.15:096][  0]LogConfig: Setting CVar [[r.SkyAtmosphere.AerialPerspectiveLUT.DepthResolution:16.0]]
[2022.05.26-17.10.15:097][  0]LogConfig: Setting CVar [[r.SkyAtmosphere.FastSkyLUT:1]]
[2022.05.26-17.10.15:099][  0]LogConfig: Setting CVar [[r.SkyAtmosphere.FastSkyLUT.SampleCountMin:4.0]]
[2022.05.26-17.10.15:099][  0]LogConfig: Setting CVar [[r.SkyAtmosphere.FastSkyLUT.SampleCountMax:128.0]]
[2022.05.26-17.10.15:100][  0]LogConfig: Setting CVar [[r.SkyAtmosphere.SampleCountMin:4.0]]
[2022.05.26-17.10.15:100][  0]LogConfig: Setting CVar [[r.SkyAtmosphere.SampleCountMax:128.0]]
[2022.05.26-17.10.15:100][  0]LogConfig: Setting CVar [[r.SkyAtmosphere.TransmittanceLUT.UseSmallFormat:0]]
[2022.05.26-17.10.15:100][  0]LogConfig: Setting CVar [[r.SkyAtmosphere.TransmittanceLUT.SampleCount:10.0]]
[2022.05.26-17.10.15:101][  0]LogConfig: Setting CVar [[r.SkyAtmosphere.MultiScatteringLUT.SampleCount:15.0]]
[2022.05.26-17.10.15:101][  0]LogConfig: Setting CVar [[r.SkyLight.RealTimeReflectionCapture:1]]
[2022.05.26-17.10.15:101][  0]LogConfig: Applying CVar settings from Section [FoliageQuality@3] File [C:/Users/Sagi/Documents/Unreal Projects/TwoDSSG 4.27/Saved/Config/Windows/Scalability.ini]
[2022.05.26-17.10.15:101][  0]LogConfig: Setting CVar [[foliage.DensityScale:1.0]]
[2022.05.26-17.10.15:101][  0]LogConfig: Setting CVar [[grass.DensityScale:1.0]]
[2022.05.26-17.10.15:102][  0]LogConfig: Applying CVar settings from Section [ShadingQuality@3] File [C:/Users/Sagi/Documents/Unreal Projects/TwoDSSG 4.27/Saved/Config/Windows/Scalability.ini]
[2022.05.26-17.10.15:102][  0]LogConfig: Setting CVar [[r.HairStrands.SkyLighting.IntegrationType:2]]
[2022.05.26-17.10.15:102][  0]LogConfig: Setting CVar [[r.HairStrands.SkyAO.SampleCount:4]]
[2022.05.26-17.10.15:103][  0]LogConfig: Setting CVar [[r.HairStrands.Visibility.MSAA.SamplePerPixel:4]]
[2022.05.26-17.10.15:103][  0]LogConfig: Applying CVar settings from Section [Startup] File [../../../Engine/Config/ConsoleVariables.ini]
[2022.05.26-17.10.15:104][  0]LogConfig: Setting CVar [[net.UseAdaptiveNetUpdateFrequency:0]]
[2022.05.26-17.10.15:104][  0]LogConfig: Setting CVar [[p.chaos.AllowCreatePhysxBodies:1]]
[2022.05.26-17.10.15:104][  0]LogConfig: Setting CVar [[fx.SkipVectorVMBackendOptimizations:1]]
[2022.05.26-17.10.15:104][  0]LogConfig: Applying CVar settings from Section [ConsoleVariables] File [C:/Users/Sagi/Documents/Unreal Projects/TwoDSSG 4.27/Saved/Config/Windows/Engine.ini]
[2022.05.26-17.10.15:105][  0]LogConfig: Applying CVar settings from Section [ConsoleVariables] File [C:/Users/Sagi/Documents/Unreal Projects/TwoDSSG 4.27/Saved/Config/Windows/Editor.ini]
[2022.05.26-17.10.15:105][  0]LogInit: Computer: DESKTOP-B63J4BI
[2022.05.26-17.10.15:105][  0]LogInit: User: Sagi
[2022.05.26-17.10.15:105][  0]LogInit: CPU Page size=4096, Cores=6
[2022.05.26-17.10.15:105][  0]LogInit: High frequency timer resolution =10.000000 MHz
[2022.05.26-17.10.15:106][  0]LogMemory: Memory total: Physical=15.9GB (16GB approx)
[2022.05.26-17.10.15:106][  0]LogMemory: Platform Memory Stats for Windows
[2022.05.26-17.10.15:106][  0]LogMemory: Process Physical Memory: 138.87 MB used, 138.87 MB peak
[2022.05.26-17.10.15:106][  0]LogMemory: Process Virtual Memory: 121.62 MB used, 121.62 MB peak
[2022.05.26-17.10.15:107][  0]LogMemory: Physical Memory: 7273.18 MB used,  9046.44 MB free, 16319.62 MB total
[2022.05.26-17.10.15:107][  0]LogMemory: Virtual Memory: 134212248.00 MB used,  5477.90 MB free, 134217728.00 MB total
[2022.05.26-17.10.15:109][  0]LogWindows: WindowsPlatformFeatures disabled or dedicated server build
[2022.05.26-17.10.15:137][  0]LogInit: Physics initialised using underlying interface: PhysX
[2022.05.26-17.10.15:137][  0]LogInit: Using OS detected language (en-US).
[2022.05.26-17.10.15:138][  0]LogInit: Using OS detected locale (en-US).
[2022.05.26-17.10.15:141][  0]LogTextLocalizationManager: No specific localization for 'en-US' exists, so the 'en' localization will be used.
[2022.05.26-17.10.15:586][  0]LogTargetPlatformManager: Display: Loaded TargetPlatform 'WindowsNoEditor'
[2022.05.26-17.10.15:590][  0]LogTargetPlatformManager: Display: Loaded TargetPlatform 'Windows'
[2022.05.26-17.10.15:594][  0]LogTargetPlatformManager: Display: Loaded TargetPlatform 'WindowsClient'
[2022.05.26-17.10.15:597][  0]LogTargetPlatformManager: Display: Loaded TargetPlatform 'WindowsServer'
[2022.05.26-17.10.15:597][  0]LogTargetPlatformManager: Display: Building Assets For Windows
[2022.05.26-17.10.15:601][  0]LogAudioDebug: Display: Lib vorbis DLL was dynamically loaded.
[2022.05.26-17.10.15:614][  0]LogTextureFormatOodle: Display: Oodle Texture 2.9.0 init RDO Off
[2022.05.26-17.10.15:627][  0]LogRendererCore: Ray tracing is disabled. Reason: r.RayTracing=0.
[2022.05.26-17.10.15:628][  0]LogShaderCompilers: Guid format shader working directory is -22 characters bigger than the processId version (../../../../../../Users/Sagi/Documents/Unreal Projects/TwoDSSG 4.27/Intermediate/Shaders/WorkingDirectory/4604/).
[2022.05.26-17.10.15:628][  0]LogShaderCompilers: Cleaned the shader compiler working directory 'C:/Users/Sagi/AppData/Local/Temp/UnrealShaderWorkingDir/EC16706A420981671B37ADB21DB2DB42/'.
[2022.05.26-17.10.15:629][  0]LogXGEController: Cannot use XGE Controller as Incredibuild is not installed on this machine.
[2022.05.26-17.10.15:629][  0]LogShaderCompilers: Cannot use XGE Shader Compiler as Incredibuild is not installed on this machine.
[2022.05.26-17.10.15:629][  0]LogShaderCompilers: Display: Using Local Shader Compiler.
[2022.05.26-17.10.16:125][  0]LogDerivedDataCache: Display: Max Cache Size: 512 MB
[2022.05.26-17.10.16:193][  0]LogDerivedDataCache: Loaded boot cache 0.07s 94MB C:/Users/Sagi/AppData/Local/UnrealEngine/4.27/DerivedDataCache/Boot.ddc.
[2022.05.26-17.10.16:193][  0]LogDerivedDataCache: Display: Loaded Boot cache: C:/Users/Sagi/AppData/Local/UnrealEngine/4.27/DerivedDataCache/Boot.ddc
[2022.05.26-17.10.16:194][  0]LogDerivedDataCache: FDerivedDataBackendGraph:  Pak pak cache file ../../../../../../Users/Sagi/Documents/Unreal Projects/TwoDSSG 4.27/DerivedDataCache/DDC.ddp not found, will not use a pak cache.
[2022.05.26-17.10.16:195][  0]LogDerivedDataCache: Unable to find inner node Pak for hierarchical cache Hierarchy.
[2022.05.26-17.10.16:195][  0]LogDerivedDataCache: FDerivedDataBackendGraph:  CompressedPak pak cache file ../../../../../../Users/Sagi/Documents/Unreal Projects/TwoDSSG 4.27/DerivedDataCache/Compressed.ddp not found, will not use a pak cache.
[2022.05.26-17.10.16:195][  0]LogDerivedDataCache: Unable to find inner node CompressedPak for hierarchical cache Hierarchy.
[2022.05.26-17.10.16:211][  0]LogDerivedDataCache: Display: Pak cache opened for reading ../../../Engine/DerivedDataCache/Compressed.ddp.
[2022.05.26-17.10.16:211][  0]LogDerivedDataCache: FDerivedDataBackendGraph:  EnterprisePak pak cache file ../../../Enterprise/DerivedDataCache/Compressed.ddp not found, will not use a pak cache.
[2022.05.26-17.10.16:212][  0]LogDerivedDataCache: Unable to find inner node EnterprisePak for hierarchical cache Hierarchy.
[2022.05.26-17.10.16:220][  0]LogDerivedDataCache: Speed tests for C:/Users/Sagi/AppData/Local/UnrealEngine/Common/DerivedDataCache took 0.01 seconds
[2022.05.26-17.10.16:221][  0]LogDerivedDataCache: Display: Performance to C:/Users/Sagi/AppData/Local/UnrealEngine/Common/DerivedDataCache: Latency=0.02ms. RandomReadSpeed=279.64MBs, RandomWriteSpeed=189.76MBs. Assigned SpeedClass 'Local'
[2022.05.26-17.10.16:222][  0]LogDerivedDataCache: Using Local data cache path C:/Users/Sagi/AppData/Local/UnrealEngine/Common/DerivedDataCache: Writable
[2022.05.26-17.10.16:222][  0]LogDerivedDataCache: Shared data cache path not found in *engine.ini, will not use an Shared cache.
[2022.05.26-17.10.16:222][  0]LogDerivedDataCache: Unable to find inner node Shared for hierarchical cache Hierarchy.
[2022.05.26-17.10.16:224][  0]LogInit: Using OS detected language (en-US).
[2022.05.26-17.10.16:224][  0]LogInit: Using OS detected locale (en-US).
[2022.05.26-17.10.16:224][  0]LogTextLocalizationManager: No localization for 'en-US' exists, so 'en' will be used for the language.
[2022.05.26-17.10.16:224][  0]LogTextLocalizationManager: No localization for 'en-US' exists, so 'en' will be used for the locale.
[2022.05.26-17.10.16:228][  0]LogTextLocalizationManager: Compacting localization data took   0.00ms
[2022.05.26-17.10.16:228][  0]LogAssetRegistry: FAssetRegistry took 0.0020 seconds to start up
[2022.05.26-17.10.16:386][  0]LogPackageLocalizationCache: Processed 27 localized package path(s) for 1 prioritized culture(s) in 0.000861 seconds
[2022.05.26-17.10.16:467][  0]LogInit: Selected Device Profile: [Windows]
[2022.05.26-17.10.16:467][  0]LogInit: Active device profile: [000001CE020B2600][000001CE7FDEF900 49] Windows
[2022.05.26-17.10.16:468][  0]LogInit: Profiles: [000001CE020B2600][000001CE7FDEF900 49] Windows, [000001CE0206A300][000001CE7FDFDBC0 49] WindowsNoEditor, [000001CE020B2A00][000001CE7FDF22C0 49] WindowsServer, [000001CE0206A600][000001CE7FE00540 49] WindowsClient, [000001CE020B2E00][000001CE7FE08800 49] IOS, [000001CE02068C00][000001CE7FE0CAC0 49] iPadAir, [000001CE020B2700][000001CE7FE10D80 49] iPadAir2, [000001CE05819A00][000001CE002692C0 49] IPadPro, [000001CE05819B00][000001CE00253300 49] iPadAir3, [000001CE020B0900][000001CE002615C0 49] iPadAir4, [000001CE05819700][000001CE0025D880 49] iPadMini2, [000001CE020B2000][000001CE00265B40 49] iPadMini3, [000001CE0581BC00][000001CE00272280 49] iPadMini4, [000001CE020B1E00][000001CE7FE04500 49] iPadMini5, [000001CE05849300][000001CE0028AA00 49] iPhone6, [000001CE05849400][000001CE00276A40 49] iPodTouch6, [000001CE05818500][000001CE00292F80 49] iPhone7, [000001CE05818400][000001CE00282FC0 49] iPodTouch7, [000001CE05849D00][000001CE00287280 49] iPhone5S, [000001CE0581A000][000001CE0027F540 49] iPhone6Plus, [000001CE0584B400][000001CE0028F800 49] iPhone6S, [000001CE0581AA00][000001CE00297AC0 49] iPhone6SPlus, [000001CE0584B900][000001CE0029A200 49] iPhone7Plus, [000001CE0581BA00][000001CE0029E4C0 49] iPhoneSE, [000001CE0584B700][000001CE0027A740 49] iPhone8, [000001CE05819F00][000001CE002A29C0 49] iPhone8Plus, [000001CE05848300][000001CE002AAC80 49] iPhoneX, [000001CE05819C00][000001CE002AEF40 49] iPhoneXS, [000001CE05848F00][000001CE002B3200 49] iPhoneXSMax, [000001CE05818800][000001CE002B74C0 49] iPhoneXR, [000001CE05848D00][000001CE002BB780 49] iPhone11, [000001CE05819900][000001CE002BFA40 49] iPhone11Pro, [000001CE0584B800][000001CE002C2180 49] iPhone11ProMax, [000001CE0581A600][000001CE002C6440 49] iPhoneSE2, [000001CE05848400][000001CE002CA700 49] iPhone12Mini, [000001CE0581B200][000001CE002A6980 49] iPhone12, [000001CE05848200][000001CE002CEC00 49] iPhone12Pro, [000001CE05819000][000001CE002D6EC0 49] iPhone12ProMax, [000001CE0584BE00][000001CE002DB180 49] iPadPro105, [000001CE0581B700][000001CE002DF440 49] iPadPro129, [000001CE0206AA00][000001CE002E3700 49] iPadPro97, [000001CE020F8A00][000001CE002E79C0 49] iPadPro2_129, [000001CE02068400][000001CE002EA100 49] iPad5, [000001CE020F9D00][000001CE002EE3C0 49] iPad6, [000001CE02069100][000001CE002F2680 49] iPad7, [000001CE020F9800][000001CE002F6940 49] iPad8, [000001CE0206B800][000001CE002D2BC0 49] iPadPro11, [000001CE020F8D00][000001CE002FAE40 49] iPadPro2_11, [000001CE02068E00][000001CE00303100 49] iPadPro3_129, [000001CE020F9200][000001CE003073C0 49] iPadPro4_129, [000001CE0206A000][000001CE0030B680 49] AppleTV, [000001CE020F8400][000001CE0030F940 49] AppleTV4K, [000001CE0581BE00][000001CE00313C00 49] TVOS, [000001CE0584BF00][000001CE00316340 49] Mac, [000001CE0581AC00][000001CE0031A600 49] MacClient, [000001CE0584B600][000001CE0031E8C0 49] MacNoEditor, [000001CE0581B000][000001CE00322B80 49] MacServer, [000001CE05849000][000001CE002FEE00 49] Linux, [000001CE0581A800][000001CE0032B0C0 49] LinuxAArch64, [000001CE0584AB00][000001CE0032F380 49] LinuxNoEditor, [000001CE05819100][000001CE00333640 49] LinuxAArch64NoEditor, [000001CE05849900][000001CE00337900 49] LinuxClient, [000001CE0581B600][000001CE0033BBC0 49] LinuxAArch64Client, [000001CE05849C00][000001CE0033E300 49] LinuxServer, [000001CE0581A400][000001CE003425C0 49] LinuxAArch64Server, [000001CE0584A200][000001CE00346880 49] Android, [000001CE0581BD00][000001CE0034AB40 49] Android_Low, [000001CE05848700][000001CE00326DC0 49] Android_Mid, [000001CE0581B900][000001CE0034F040 49] Android_High, [000001CE020F9100][000001CE00357300 49] Android_Default, [000001CE05819E00][000001CE0035B5C0 49] Android_Adreno4xx, [000001CE020F8C00][000001CE0035F880 49] Android_Adreno5xx_Low, [000001CE0581A700][000001CE00363B40 49] Android_Adreno5xx, [000001CE0584BA00][000001CE00366280 49] Android_Adreno6xx, [000001CE0581A300][000001CE0036A540 49] Android_Adreno6xx_Vulkan, [000001CE05849800][000001CE0036E800 49] Android_Mali_T6xx, [000001CE05818A00][000001CE00372AC0 49] Android_Mali_T7xx, [000001CE0584A900][000001CE00376D80 49] Android_Mali_T8xx, [000001CE05818600][000001CE00353000 49] Android_Mali_G71, [000001CE0584BC00][000001CE0037B280 49] Android_Mali_G72, [000001CE05819300][000001CE00383540 49] Android_Mali_G72_Vulkan, [000001CE05848900][000001CE00387800 49] Android_Mali_G76, [000001CE05818300][000001CE0038BAC0 49] Android_Mali_G76_Vulkan, [000001CE05849600][000001CE0038E200 49] Android_Mali_G77, [000001CE05819400][000001CE003924C0 49] Android_Mali_G77_Vulkan, [000001CE0584AE00][000001CE00396780 49] Android_Mali_G78, [000001CE05818B00][000001CE0039AA40 49] Android_Mali_G78_Vulkan, [000001CE0584AD00][000001CE0039ED00 49] Android_Mali_G710, [000001CE0581AD00][000001CE003A2FC0 49] Android_Mali_G710_Vulkan, [000001CE05848800][000001CE0037F240 49] Android_Vulkan_SM5, [000001CE0581B800][000001CE003A74C0 49] Android_PowerVR_G6xxx, [000001CE0584AA00][000001CE003AF780 49] Android_PowerVR_GT7xxx, [000001CE0581AB00][000001CE003B3A40 49] Android_PowerVR_GE8xxx, [000001CE05848E00][000001CE003B6180 49] Android_PowerVR_GM9xxx, [000001CE05819200][000001CE003BA440 49] Android_PowerVR_GM9xxx_Vulkan, [000001CE0584B300][000001CE003BE700 49] Android_TegraK1, [000001CE02069600][000001CE003C29C0 49] Android_Unknown_Vulkan, [000001CE0584A500][000001CE003C6C80 49] Lumin, [000001CE020B3800][000001CE003CAF40 49] Lumin_Desktop, [000001CE0581A500][000001CE003CF200 49] HoloLens, 
[2022.05.26-17.10.16:489][  0]LogMeshReduction: Using QuadricMeshReduction for automatic static mesh reduction
[2022.05.26-17.10.16:489][  0]LogMeshReduction: Using SimplygonMeshReduction for automatic skeletal mesh reduction
[2022.05.26-17.10.16:494][  0]LogMeshReduction: Using ProxyLODMeshReduction for automatic mesh merging
[2022.05.26-17.10.16:495][  0]LogMeshReduction: No distributed automatic mesh merging module available
[2022.05.26-17.10.16:499][  0]LogMeshMerging: No distributed automatic mesh merging module available
[2022.05.26-17.10.16:509][  0]LogNetVersion: TwoDSSG 1.0.0, NetCL: 17155196, EngineNetVer: 17, GameNetVer: 0 (Checksum: 3818337013)
[2022.05.26-17.10.16:602][  0]LogTexture: Default maximum texture size for cubemaps generated from long-lat sources has been changed from 512 to unlimited. In order to preserve old behaiour for '/Engine/MapTemplates/Sky/DaylightAmbientCubemap.DaylightAmbientCubemap', its maximum texture size has been explicitly set to 512.
[2022.05.26-17.10.16:621][  0]LogHMD: PokeAHoleMaterial loaded successfully
[2022.05.26-17.10.16:763][  0]LogPython: Using Python 3.7.7
[2022.05.26-17.10.17:167][  0]LogNiagaraDebuggerClient: Niagara Debugger Client Initialized | Session: 00864D2F49F3F0F5006005AAD61E14DC | Instance: 3337ED82449B027C5BC660A6C7EEDBF8 (DESKTOP-B63J4BI-4604).
[2022.05.26-17.10.17:181][  0]LogCollectionManager: Loaded 0 collections in 0.001401 seconds
[2022.05.26-17.10.17:183][  0]LogFileCache: Scanning file cache for directory 'C:/Users/Sagi/Documents/Unreal Projects/TwoDSSG 4.27/Saved/Collections/' took 0.00s
[2022.05.26-17.10.17:183][  0]LogFileCache: Scanning file cache for directory 'C:/Users/Sagi/Documents/Unreal Projects/TwoDSSG 4.27/Content/Developers/Sagi/Collections/' took 0.00s
[2022.05.26-17.10.17:183][  0]LogFileCache: Scanning file cache for directory 'C:/Users/Sagi/Documents/Unreal Projects/TwoDSSG 4.27/Content/Collections/' took 0.00s
[2022.05.26-17.10.17:184][  0]LogCollectionManager: Fixed up redirectors for 0 collections in 0.000002 seconds (updated 0 objects)
[2022.05.26-17.10.17:400][  0]LogTcpMessaging: Initializing TcpMessaging bridge
[2022.05.26-17.10.17:404][  0]LogUdpMessaging: Initializing bridge on interface 0.0.0.0:0 to multicast group 230.0.0.1:6666.
[2022.05.26-17.10.17:487][  0]SourceControl: Source control is disabled
[2022.05.26-17.10.17:488][  0]SourceControl: Source control is disabled
[2022.05.26-17.10.17:492][  0]SourceControl: Source control is disabled
[2022.05.26-17.10.17:498][  0]LogUProjectInfo: Found projects:
[2022.05.26-17.10.17:575][  0]LogOpenImageDenoise: OIDN starting up
[2022.05.26-17.10.17:609][  0]LogAndroidPermission: UAndroidPermissionCallbackProxy::GetInstance
[2022.05.26-17.10.17:632][  0]LogAudioCaptureCore: Display: No Audio Capture implementations found. Audio input will be silent.
[2022.05.26-17.10.17:632][  0]LogAudioCaptureCore: Display: No Audio Capture implementations found. Audio input will be silent.
[2022.05.26-17.10.17:694][  0]LogOcInput: OculusInput pre-init called
[2022.05.26-17.10.17:703][  0]LogUObjectArray: 26472 objects as part of root set at end of initial load.
[2022.05.26-17.10.17:704][  0]LogUObjectAllocator: 7079584 out of 0 bytes used by permanent object pool.
[2022.05.26-17.10.17:704][  0]LogUObjectArray: CloseDisregardForGC: 0/0 objects in disregard for GC pool
[2022.05.26-17.10.17:736][  0]LogClass: Warning: ObjectProperty FPlayFabBaseModel::responseData is not initialized properly. Module:PlayFab File:Classes/PlayFabBaseModel.h
[2022.05.26-17.10.17:738][  0]LogClass: Display: BoolProperty FPlayFabError::hasError is not initialized properly. Module:PlayFab File:Classes/PlayFabBaseModel.h
[2022.05.26-17.10.17:738][  0]LogClass: Display: IntProperty FPlayFabError::ErrorCode is not initialized properly. Module:PlayFab File:Classes/PlayFabBaseModel.h
[2022.05.26-17.10.17:738][  0]LogClass: Display: EnumProperty FAdminAddServerBuildResult::Status is not initialized properly. Module:PlayFab File:Classes/PlayFabAdminModels.h
[2022.05.26-17.10.17:738][  0]LogClass: Display: EnumProperty FAdminCreatePlayerStatisticDefinitionRequest::AggregationMethod is not initialized properly. Module:PlayFab File:Classes/PlayFabAdminModels.h
[2022.05.26-17.10.17:739][  0]LogClass: Display: EnumProperty FAdminCreatePlayerStatisticDefinitionRequest::VersionChangeInterval is not initialized properly. Module:PlayFab File:Classes/PlayFabAdminModels.h
[2022.05.26-17.10.17:739][  0]LogClass: Display: EnumProperty FAdminGetMatchmakerGameInfoResult::Region is not initialized properly. Module:PlayFab File:Classes/PlayFabAdminModels.h
[2022.05.26-17.10.17:739][  0]LogClass: Display: EnumProperty FAdminGetServerBuildInfoResult::Status is not initialized properly. Module:PlayFab File:Classes/PlayFabAdminModels.h
[2022.05.26-17.10.17:739][  0]LogClass: Display: EnumProperty FAdminGetStoreItemsResult::Source is not initialized properly. Module:PlayFab File:Classes/PlayFabAdminModels.h
[2022.05.26-17.10.17:740][  0]LogClass: Display: EnumProperty FAdminModifyServerBuildResult::Status is not initialized properly. Module:PlayFab File:Classes/PlayFabAdminModels.h
[2022.05.26-17.10.17:740][  0]LogClass: Display: EnumProperty FAdminGetPlayerIdFromAuthTokenRequest::TokenType is not initialized properly. Module:PlayFab File:Classes/PlayFabAdminModels.h
[2022.05.26-17.10.17:740][  0]LogClass: Display: EnumProperty FAdminGetTaskInstancesRequest::StatusFilter is not initialized properly. Module:PlayFab File:Classes/PlayFabAdminModels.h
[2022.05.26-17.10.17:740][  0]LogClass: Display: EnumProperty FAdminResolvePurchaseDisputeRequest::Outcome is not initialized properly. Module:PlayFab File:Classes/PlayFabAdminModels.h
[2022.05.26-17.10.17:740][  0]LogClass: Display: EnumProperty FAdminSetupPushNotificationRequest::Platform is not initialized properly. Module:PlayFab File:Classes/PlayFabAdminModels.h
[2022.05.26-17.10.17:741][  0]LogClass: Display: EnumProperty FAdminUpdatePlayerStatisticDefinitionRequest::AggregationMethod is not initialized properly. Module:PlayFab File:Classes/PlayFabAdminModels.h
[2022.05.26-17.10.17:741][  0]LogClass: Display: EnumProperty FAdminUpdatePlayerStatisticDefinitionRequest::VersionChangeInterval is not initialized properly. Module:PlayFab File:Classes/PlayFabAdminModels.h
[2022.05.26-17.10.17:741][  0]LogClass: Display: EnumProperty FAdminUpdateTaskRequest::Type is not initialized properly. Module:PlayFab File:Classes/PlayFabAdminModels.h
[2022.05.26-17.10.17:741][  0]LogClass: Display: EnumProperty FAdminUpdateUserDataRequest::Permission is not initialized properly. Module:PlayFab File:Classes/PlayFabAdminModels.h
[2022.05.26-17.10.17:742][  0]LogClass: Display: EnumProperty FAuthenticationValidateEntityTokenResponse::IdentifiedDeviceType is not initialized properly. Module:PlayFab File:Classes/PlayFabAuthenticationModels.h
[2022.05.26-17.10.17:742][  0]LogClass: Display: EnumProperty FAuthenticationValidateEntityTokenResponse::IdentityProvider is not initialized properly. Module:PlayFab File:Classes/PlayFabAuthenticationModels.h
[2022.05.26-17.10.17:742][  0]LogClass: Display: EnumProperty FClientGetStoreItemsResult::Source is not initialized properly. Module:PlayFab File:Classes/PlayFabClientModels.h
[2022.05.26-17.10.17:742][  0]LogClass: Warning: ObjectProperty FPlayFabLoginResultCommon::AuthenticationContext is not initialized properly. Module:PlayFab File:Classes/PlayFabLoginResultCommon.h
[2022.05.26-17.10.17:743][  0]LogClass: Display: EnumProperty FClientMatchmakeResult::Status is not initialized properly. Module:PlayFab File:Classes/PlayFabClientModels.h
[2022.05.26-17.10.17:743][  0]LogClass: Display: EnumProperty FClientPayForPurchaseResult::Status is not initialized properly. Module:PlayFab File:Classes/PlayFabClientModels.h
[2022.05.26-17.10.17:743][  0]LogClass: Display: EnumProperty FClientExecuteCloudScriptRequest::RevisionSelection is not initialized properly. Module:PlayFab File:Classes/PlayFabClientModels.h
[2022.05.26-17.10.17:743][  0]LogClass: Display: EnumProperty FClientCurrentGamesRequest::Region is not initialized properly. Module:PlayFab File:Classes/PlayFabClientModels.h
[2022.05.26-17.10.17:743][  0]LogClass: Display: EnumProperty FClientGetPlayerTradesRequest::StatusFilter is not initialized properly. Module:PlayFab File:Classes/PlayFabClientModels.h
[2022.05.26-17.10.17:744][  0]LogClass: Display: EnumProperty FClientMatchmakeRequest::Region is not initialized properly. Module:PlayFab File:Classes/PlayFabClientModels.h
[2022.05.26-17.10.17:744][  0]LogClass: Display: EnumProperty FClientReportAdActivityRequest::Activity is not initialized properly. Module:PlayFab File:Classes/PlayFabClientModels.h
[2022.05.26-17.10.17:744][  0]LogClass: Display: EnumProperty FClientStartGameRequest::Region is not initialized properly. Module:PlayFab File:Classes/PlayFabClientModels.h
[2022.05.26-17.10.17:744][  0]LogClass: Display: EnumProperty FClientUpdateCharacterDataRequest::Permission is not initialized properly. Module:PlayFab File:Classes/PlayFabClientModels.h
[2022.05.26-17.10.17:744][  0]LogClass: Display: EnumProperty FClientUpdateSharedGroupDataRequest::Permission is not initialized properly. Module:PlayFab File:Classes/PlayFabClientModels.h
[2022.05.26-17.10.17:745][  0]LogClass: Display: EnumProperty FClientUpdateUserDataRequest::Permission is not initialized properly. Module:PlayFab File:Classes/PlayFabClientModels.h
[2022.05.26-17.10.17:745][  0]LogClass: Display: EnumProperty FCloudScriptExecuteEntityCloudScriptRequest::RevisionSelection is not initialized properly. Module:PlayFab File:Classes/PlayFabCloudScriptModels.h
[2022.05.26-17.10.17:745][  0]LogClass: Display: EnumProperty FExperimentationCreateExperimentRequest::ExperimentType is not initialized properly. Module:PlayFab File:Classes/PlayFabExperimentationModels.h
[2022.05.26-17.10.17:745][  0]LogClass: Display: EnumProperty FExperimentationUpdateExperimentRequest::ExperimentType is not initialized properly. Module:PlayFab File:Classes/PlayFabExperimentationModels.h
[2022.05.26-17.10.17:745][  0]LogClass: Display: EnumProperty FGroupsUpdateGroupResponse::SetResult is not initialized properly. Module:PlayFab File:Classes/PlayFabGroupsModels.h
[2022.05.26-17.10.17:746][  0]LogClass: Display: EnumProperty FGroupsUpdateGroupRoleResponse::SetResult is not initialized properly. Module:PlayFab File:Classes/PlayFabGroupsModels.h
[2022.05.26-17.10.17:746][  0]LogClass: Display: EnumProperty FMatchmakerStartGameRequest::Region is not initialized properly. Module:PlayFab File:Classes/PlayFabMatchmakerModels.h
[2022.05.26-17.10.17:746][  0]LogClass: Display: EnumProperty FMultiplayerCreateBuildWithCustomContainerResponse::ContainerFlavor is not initialized properly. Module:PlayFab File:Classes/PlayFabMultiplayerModels.h
[2022.05.26-17.10.17:746][  0]LogClass: Display: EnumProperty FMultiplayerCreateBuildWithCustomContainerResponse::VmSize is not initialized properly. Module:PlayFab File:Classes/PlayFabMultiplayerModels.h
[2022.05.26-17.10.17:747][  0]LogClass: Display: EnumProperty FMultiplayerCreateBuildWithCustomContainerRequest::ContainerFlavor is not initialized properly. Module:PlayFab File:Classes/PlayFabMultiplayerModels.h
[2022.05.26-17.10.17:747][  0]LogClass: Display: EnumProperty FMultiplayerCreateBuildWithCustomContainerRequest::VmSize is not initialized properly. Module:PlayFab File:Classes/PlayFabMultiplayerModels.h
[2022.05.26-17.10.17:747][  0]LogClass: Display: EnumProperty FMultiplayerCreateBuildWithManagedContainerResponse::ContainerFlavor is not initialized properly. Module:PlayFab File:Classes/PlayFabMultiplayerModels.h
[2022.05.26-17.10.17:747][  0]LogClass: Display: EnumProperty FMultiplayerCreateBuildWithManagedContainerResponse::VmSize is not initialized properly. Module:PlayFab File:Classes/PlayFabMultiplayerModels.h
[2022.05.26-17.10.17:747][  0]LogClass: Display: EnumProperty FMultiplayerCreateBuildWithManagedContainerRequest::ContainerFlavor is not initialized properly. Module:PlayFab File:Classes/PlayFabMultiplayerModels.h
[2022.05.26-17.10.17:748][  0]LogClass: Display: EnumProperty FMultiplayerCreateBuildWithManagedContainerRequest::VmSize is not initialized properly. Module:PlayFab File:Classes/PlayFabMultiplayerModels.h
[2022.05.26-17.10.17:748][  0]LogClass: Display: EnumProperty FMultiplayerCreateBuildWithProcessBasedServerResponse::ContainerFlavor is not initialized properly. Module:PlayFab File:Classes/PlayFabMultiplayerModels.h
[2022.05.26-17.10.17:748][  0]LogClass: Display: EnumProperty FMultiplayerCreateBuildWithProcessBasedServerResponse::VmSize is not initialized properly. Module:PlayFab File:Classes/PlayFabMultiplayerModels.h
[2022.05.26-17.10.17:748][  0]LogClass: Display: EnumProperty FMultiplayerCreateBuildWithProcessBasedServerRequest::VmSize is not initialized properly. Module:PlayFab File:Classes/PlayFabMultiplayerModels.h
[2022.05.26-17.10.17:748][  0]LogClass: Display: EnumProperty FMultiplayerEnableMultiplayerServersForTitleResponse::Status is not initialized properly. Module:PlayFab File:Classes/PlayFabMultiplayerModels.h
[2022.05.26-17.10.17:749][  0]LogClass: Display: EnumProperty FMultiplayerGetBuildResponse::ContainerFlavor is not initialized properly. Module:PlayFab File:Classes/PlayFabMultiplayerModels.h
[2022.05.26-17.10.17:749][  0]LogClass: Display: EnumProperty FMultiplayerGetBuildResponse::VmSize is not initialized properly. Module:PlayFab File:Classes/PlayFabMultiplayerModels.h
[2022.05.26-17.10.17:749][  0]LogClass: Display: EnumProperty FMultiplayerGetTitleEnabledForMultiplayerServersStatusResponse::Status is not initialized properly. Module:PlayFab File:Classes/PlayFabMultiplayerModels.h
[2022.05.26-17.10.17:749][  0]LogClass: Display: EnumProperty FProfilesSetProfileLanguageResponse::OperationResult is not initialized properly. Module:PlayFab File:Classes/PlayFabProfilesModels.h
[2022.05.26-17.10.17:750][  0]LogClass: Display: EnumProperty FServerGetStoreItemsResult::Source is not initialized properly. Module:PlayFab File:Classes/PlayFabServerModels.h
[2022.05.26-17.10.17:750][  0]LogClass: Display: EnumProperty FServerNotifyMatchmakerPlayerLeftResult::PlayerState is not initialized properly. Module:PlayFab File:Classes/PlayFabServerModels.h
[2022.05.26-17.10.17:750][  0]LogClass: Display: EnumProperty FServerExecuteCloudScriptServerRequest::RevisionSelection is not initialized properly. Module:PlayFab File:Classes/PlayFabServerModels.h
[2022.05.26-17.10.17:750][  0]LogClass: Display: EnumProperty FServerRegisterGameRequest::Region is not initialized properly. Module:PlayFab File:Classes/PlayFabServerModels.h
[2022.05.26-17.10.17:750][  0]LogClass: Display: EnumProperty FServerSetGameServerInstanceStateRequest::State is not initialized properly. Module:PlayFab File:Classes/PlayFabServerModels.h
[2022.05.26-17.10.17:751][  0]LogClass: Display: EnumProperty FServerUpdateCharacterDataRequest::Permission is not initialized properly. Module:PlayFab File:Classes/PlayFabServerModels.h
[2022.05.26-17.10.17:751][  0]LogClass: Display: EnumProperty FServerUpdateSharedGroupDataRequest::Permission is not initialized properly. Module:PlayFab File:Classes/PlayFabServerModels.h
[2022.05.26-17.10.17:751][  0]LogClass: Display: EnumProperty FServerUpdateUserDataRequest::Permission is not initialized properly. Module:PlayFab File:Classes/PlayFabServerModels.h
[2022.05.26-17.10.17:752][  0]LogClass: Display: 63 Uninitialized script struct members found including 2 object properties
[2022.05.26-17.10.17:752][  0]LogAutomationTest: Warning: ObjectProperty FPlayFabBaseModel::responseData is not initialized properly. Module:PlayFab File:Classes/PlayFabBaseModel.h
[2022.05.26-17.10.17:753][  0]LogAutomationTest: Warning: ObjectProperty FPlayFabLoginResultCommon::AuthenticationContext is not initialized properly. Module:PlayFab File:Classes/PlayFabLoginResultCommon.h
[2022.05.26-17.10.17:753][  0]LogEngine: Initializing Engine...
[2022.05.26-17.10.17:754][  0]LogStats: UGameplayTagsManager::InitializeManager -  0.000 s
[2022.05.26-17.10.17:766][  0]LogInit: Initializing FReadOnlyCVARCache
[2022.05.26-17.10.17:766][  0]LogNetVersion: Set ProjectVersion to 1.0.0.0. Version Checksum will be recalculated on next use.
[2022.05.26-17.10.17:767][  0]LogInit: Texture streaming: Disabled
[2022.05.26-17.10.17:990][  0]LogProperty: Error: FStructProperty::Serialize Loading: Property 'StructProperty /Game/GameSystem/BluePrints/ItemClasses/BP_MasterItem.BP_MasterItem_C:ItemInfo'. Unknown structure.
[2022.05.26-17.10.18:038][  0]LogProperty: Error: FStructProperty::Serialize Loading: Property 'StructProperty /Game/GameSystem/Widgets/ThrowWidget.ThrowWidget_C:OkayPressedByKeyboard:localItemToDrop'. Unknown structure.
[2022.05.26-17.10.18:039][  0]LogProperty: Error: FStructProperty::Serialize Loading: Property 'StructProperty /Game/GameSystem/Widgets/ThrowWidget.ThrowWidget_C:ExecuteUbergraph_ThrowWidget:CallFunc_GetItemInfoAtIndex_ItemInfo'. Unknown structure.
[2022.05.26-17.10.18:040][  0]LogProperty: Error: FStructProperty::Serialize Loading: Property 'StructProperty /Game/GameSystem/Widgets/ThrowWidget.ThrowWidget_C:ExecuteUbergraph_ThrowWidget:CallFunc_GetItemInfoAtIndex_ItemInfo_1'. Unknown structure.
[2022.05.26-17.10.18:040][  0]LogProperty: Error: FStructProperty::Serialize Loading: Property 'StructProperty /Game/GameSystem/Widgets/ThrowWidget.ThrowWidget_C:ExecuteUbergraph_ThrowWidget:CallFunc_GetItemInfoAtIndex_ItemInfo_2'. Unknown structure.
[2022.05.26-17.10.18:060][  0]LogProperty: Error: FStructProperty::Serialize Loading: Property 'StructProperty /Game/GameSystem/Widgets/ObtainedItemWidget.ObtainedItemWidget_C:ItemInfo'. Unknown structure.
[2022.05.26-17.10.18:062][  0]LogClass: Warning: Property ItemInfo of ItemInfo has a struct type mismatch (tag STRUCT_REINST_S_PickupItemInfo_1 != prop FallbackStruct) in package:  ../../../../../../Users/Sagi/Documents/Unreal Projects/TwoDSSG 4.27/Content/GameSystem/Widgets/ObtainedItemWidget.uasset. If that struct got renamed, add an entry to ActiveStructRedirects.
[2022.05.26-17.10.18:186][  0]LogClass: Warning: Property ItemInfo of ItemInfo has a struct type mismatch (tag STRUCT_REINST_S_PickupItemInfo_1 != prop FallbackStruct) in package:  ../../../../../../Users/Sagi/Documents/Unreal Projects/TwoDSSG 4.27/Content/GameSystem/BluePrints/ItemClasses/BP_MasterItem.uasset. If that struct got renamed, add an entry to ActiveStructRedirects.
[2022.05.26-17.10.21:097][  0]LogClass: Warning: Property ItemInfo of ItemInfo has a struct type mismatch (tag FallbackStruct != prop S_PickupItemInfo) in package:  FObjectReader. If that struct got renamed, add an entry to ActiveStructRedirects.
[2022.05.26-17.10.21:100][  0]LogClass: Warning: Property ItemInfo of ItemInfo has a struct type mismatch (tag FallbackStruct != prop S_PickupItemInfo) in package:  FObjectReader. If that struct got renamed, add an entry to ActiveStructRedirects.
[2022.05.26-17.10.21:101][  0]LogClass: Warning: Property ItemInfo of ItemInfo has a struct type mismatch (tag FallbackStruct != prop S_PickupItemInfo) in package:  FObjectReader. If that struct got renamed, add an entry to ActiveStructRedirects.
[2022.05.26-17.10.21:110][  0]LogClass: Warning: Property ItemInfo of ItemInfo has a struct type mismatch (tag FallbackStruct != prop S_PickupItemInfo) in package:  FObjectReader. If that struct got renamed, add an entry to ActiveStructRedirects.
[2022.05.26-17.10.21:396][  0]LogInit: Display: Game Engine Initialized.
[2022.05.26-17.10.21:397][  0]LogNiagaraEditor: GEditor isn't valid! Particle reset commands will not work for Niagara components!
[2022.05.26-17.10.21:529][  0]LogInit: Display: Starting Game.
[2022.05.26-17.10.21:529][  0]LogNet: Browse: /Game/GameSystem/Maps/WhereTheJourneyBegins?Name=Player
[2022.05.26-17.10.21:530][  0]LogLoad: LoadMap: /Game/GameSystem/Maps/WhereTheJourneyBegins?Name=Player
[2022.05.26-17.10.21:530][  0]LogWorld: BeginTearingDown for /Temp/Untitled_0
[2022.05.26-17.10.21:533][  0]LogWorld: UWorld::CleanupWorld for Untitled, bSessionEnded=true, bCleanupResources=true
[2022.05.26-17.10.21:578][  0]LogUObjectHash: Compacting FUObjectHashTables data took   1.92ms
[2022.05.26-17.10.21:676][  0]LogAIModule: Creating AISystem for world WhereTheJourneyBegins
[2022.05.26-17.10.21:677][  0]LogLoad: Game class is '2DSideScrollerGameMode_C'
[2022.05.26-17.10.21:678][  0]LogNet: ReplicationDriverClass is null! Not using ReplicationDriver.
[2022.05.26-17.10.21:678][  0]LogNetCore: DDoS detection status: detection enabled: 0 analytics enabled: 0
[2022.05.26-17.10.21:679][  0]LogInit: WinSock: Socket queue. Rx: 131072 (config 131072) Tx: 131072 (config 131072)
[2022.05.26-17.10.21:679][  0]LogNet: Created socket for bind address: 0.0.0.0 on port 17754
[2022.05.26-17.10.21:679][  0]PacketHandlerLog: Loaded PacketHandler component: Engine.EngineHandlerComponentFactory (StatelessConnectHandlerComponent)
[2022.05.26-17.10.21:679][  0]LogNet: GameNetDriver IpNetDriver_0 IpNetDriver listening on port 17754
[2022.05.26-17.10.21:686][  0]LogWorld: Bringing World /Game/GameSystem/Maps/WhereTheJourneyBegins.WhereTheJourneyBegins up for play (max tick rate 30) at 2022.05.26-20.10.21
[2022.05.26-17.10.21:687][  0]LogWorld: Bringing up level for play took: 0.006802
[2022.05.26-17.10.21:688][  0]LogScript: Warning: Script Msg: Attempted to access index 0 from array 'ArrayOfMobsInLvl' of length 0 in '/Game/GameSystem/Maps/WhereTheJourneyBegins.WhereTheJourneyBegins_C'!
[2022.05.26-17.10.21:695][  0]LogLoad: Took 0.165147 seconds to LoadMap(/Game/GameSystem/Maps/WhereTheJourneyBegins)
[2022.05.26-17.10.21:721][  0]LogInit: Display: Engine is initialized. Leaving FEngineLoop::Init()
[2022.05.26-17.10.21:721][  0]LogLoad: (Engine Initialization) Total time: 8.77 seconds
[2022.05.26-17.10.21:721][  0]LogLoad: (Engine Initialization) Total Blueprint compile time: 0.00 seconds
[2022.05.26-17.10.22:980][ 37]LogNet: NotifyAcceptingConnection accepted from: 127.0.0.1:55082
[2022.05.26-17.10.22:980][ 37]LogHandshake: SendConnectChallenge. Timestamp: 1.257498, Cookie: 103196252103107171215229061179154158192226011241056247132006
[2022.05.26-17.10.23:013][ 38]LogNet: NotifyAcceptingConnection accepted from: 127.0.0.1:55082
[2022.05.26-17.10.23:013][ 38]LogHandshake: SendChallengeAck. InCookie: 103196252103107171215229061179154158192226011241056247132006
[2022.05.26-17.10.23:013][ 38]LogNet: Server accepting post-challenge connection from: 127.0.0.1:55082
[2022.05.26-17.10.23:014][ 38]PacketHandlerLog: Loaded PacketHandler component: Engine.EngineHandlerComponentFactory (StatelessConnectHandlerComponent)
[2022.05.26-17.10.23:015][ 38]LogNet: NotifyAcceptedConnection: Name: WhereTheJourneyBegins, TimeStamp: 05/26/22 20:10:23, [UNetConnection] RemoteAddr: 127.0.0.1:55082, Name: IpConnection_0, Driver: GameNetDriver IpNetDriver_0, IsServer: YES, PC: NULL, Owner: NULL, UniqueId: INVALID
[2022.05.26-17.10.23:015][ 38]LogNet: AddClientConnection: Added client connection: [UNetConnection] RemoteAddr: 127.0.0.1:55082, Name: IpConnection_0, Driver: GameNetDriver IpNetDriver_0, IsServer: YES, PC: NULL, Owner: NULL, UniqueId: INVALID
[2022.05.26-17.10.23:015][ 38]LogNet: NotifyAcceptingChannel Control 0 server World /Game/GameSystem/Maps/WhereTheJourneyBegins.WhereTheJourneyBegins: Accepted
[2022.05.26-17.10.23:015][ 38]LogNet: Remote platform little endian=1
[2022.05.26-17.10.23:016][ 38]LogNet: This platform little endian=1
[2022.05.26-17.10.23:016][ 38]LogNetVersion: TwoDSSG 1.0.0.0, NetCL: 17155196, EngineNetVer: 17, GameNetVer: 0 (Checksum: 3231054721)
[2022.05.26-17.10.23:046][ 39]LogNet: Login request: ?Name=DESKTOP-B63J4BI-05CC1AA94CDFA53F1F16F5A46EBAACBA userId: NULL:DESKTOP-B63J4BI-05CC1AA94CDFA53F1F16F5A46EBAACBA platform: NULL
[2022.05.26-17.10.23:180][ 43]LogNet: Client netspeed is 100000
[2022.05.26-17.10.23:180][ 43]LogNet: Join request: /Game/GameSystem/Maps/WhereTheJourneyBegins?Name=DESKTOP-B63J4BI-05CC1AA94CDFA53F1F16F5A46EBAACBA?SplitscreenCount=1
[2022.05.26-17.10.23:181][ 43]LogOnlineSession: Warning: OSS: No game present to join for session (GameSession)
[2022.05.26-17.10.23:188][ 43]LogPlayFab: Request: {
}
[2022.05.26-17.10.23:196][ 43]LogNetPackageMap: Warning: FNetGUIDCache::SupportsObject: PaperSpriteComponent /Game/GameSystem/Maps/WhereTheJourneyBegins.WhereTheJourneyBegins:PersistentLevel.2DSideScrollerCharacter_C_0.NODE_AddPaperSpriteComponent-65 NOT Supported.
[2022.05.26-17.10.23:197][ 43]LogNetPackageMap: Warning: FNetGUIDCache::SupportsObject: PaperSpriteComponent /Game/GameSystem/Maps/WhereTheJourneyBegins.WhereTheJourneyBegins:PersistentLevel.2DSideScrollerCharacter_C_0.NODE_AddPaperSpriteComponent-66 NOT Supported.
[2022.05.26-17.10.23:198][ 43]LogNet: Join succeeded: DESKTOP-B63J4BI-05CC
[2022.05.26-17.10.24:252][ 76]LogPlayFab: Response : {"code":401,"status":"Unauthorized","error":"NotAuthenticated","errorCode":1074,"errorMessage":"Not Authenticated"}
[2022.05.26-17.10.24:252][ 76]LogBlueprintUserMessages: [gameInfo_ginstance_C_0] Failed to update currency
[2022.05.26-17.10.38:072][487]LogNetPackageMap: Warning: FNetGUIDCache::SupportsObject: PaperSpriteComponent /Game/GameSystem/Maps/WhereTheJourneyBegins.WhereTheJourneyBegins:PersistentLevel.2DSideScrollerCharacter_C_0.NODE_AddPaperSpriteComponent-57 NOT Supported.
[2022.05.26-17.10.42:480][619]LogScript: Warning: Script Msg: Attempted to access index 0 from array 'CallFunc_GetOverlappingActors_OverlappingActors_5' of length 0 in '/Game/2DSideScrollerBP/Blueprints/2DSideScrollerCharacter.2DSideScrollerCharacter_C:ExecuteUbergraph_2DSideScrollerCharacter'!
[2022.05.26-17.10.44:924][692]LogScript: Warning: Script Msg: Attempted to access index 0 from array 'CallFunc_GetOverlappingActors_OverlappingActors_5' of length 0 in '/Game/2DSideScrollerBP/Blueprints/2DSideScrollerCharacter.2DSideScrollerCharacter_C:ExecuteUbergraph_2DSideScrollerCharacter'!
[2022.05.26-17.10.47:090][757]LogScript: Warning: Script Msg: Attempted to access index 0 from array 'CallFunc_GetOverlappingActors_OverlappingActors_5' of length 0 in '/Game/2DSideScrollerBP/Blueprints/2DSideScrollerCharacter.2DSideScrollerCharacter_C:ExecuteUbergraph_2DSideScrollerCharacter'!
[2022.05.26-17.10.47:921][782]LogScript: Warning: Script Msg: Attempted to access index 0 from array 'CallFunc_GetOverlappingActors_OverlappingActors_5' of length 0 in '/Game/2DSideScrollerBP/Blueprints/2DSideScrollerCharacter.2DSideScrollerCharacter_C:ExecuteUbergraph_2DSideScrollerCharacter'!
[2022.05.26-17.10.50:618][863]LogScript: Warning: Script Msg: Attempted to access index 0 from array 'CallFunc_GetOverlappingActors_OverlappingActors_5' of length 0 in '/Game/2DSideScrollerBP/Blueprints/2DSideScrollerCharacter.2DSideScrollerCharacter_C:ExecuteUbergraph_2DSideScrollerCharacter'!
[2022.05.26-17.10.52:081][907]LogScript: Warning: Script Msg: Attempted to access index 0 from array 'CallFunc_GetOverlappingActors_OverlappingActors_5' of length 0 in '/Game/2DSideScrollerBP/Blueprints/2DSideScrollerCharacter.2DSideScrollerCharacter_C:ExecuteUbergraph_2DSideScrollerCharacter'!
[2022.05.26-17.10.58:190][ 91]LogScript: Warning: Script Msg: Attempted to access index 0 from array 'CallFunc_GetOverlappingActors_OverlappingActors_5' of length 0 in '/Game/2DSideScrollerBP/Blueprints/2DSideScrollerCharacter.2DSideScrollerCharacter_C:ExecuteUbergraph_2DSideScrollerCharacter'!
[2022.05.26-17.11.03:664][255]LogScript: Warning: Script Msg: Attempted to access index 0 from array 'CallFunc_GetOverlappingActors_OverlappingActors_5' of length 0 in '/Game/2DSideScrollerBP/Blueprints/2DSideScrollerCharacter.2DSideScrollerCharacter_C:ExecuteUbergraph_2DSideScrollerCharacter'!
[2022.05.26-17.11.08:545][401]LogNet: UChannel::ReceivedSequencedBunch: Bunch.bClose == true. ChIndex == 0. Calling ConditionalCleanUp.
[2022.05.26-17.11.08:545][401]LogNet: UChannel::CleanUp: ChIndex == 0. Closing connection. [UChannel] ChIndex: 0, Closing: 0 [UNetConnection] RemoteAddr: 127.0.0.1:55082, Name: IpConnection_0, Driver: GameNetDriver IpNetDriver_0, IsServer: YES, PC: GameplayController_C_0, Owner: GameplayController_C_0, UniqueId: NULL:DESKTOP-B63J4BI-05CC1AA94CDFA53F1F16F5A46EBAACBA
[2022.05.26-17.11.08:546][401]LogNet: UNetConnection::Close: [UNetConnection] RemoteAddr: 127.0.0.1:55082, Name: IpConnection_0, Driver: GameNetDriver IpNetDriver_0, IsServer: YES, PC: GameplayController_C_0, Owner: GameplayController_C_0, UniqueId: NULL:DESKTOP-B63J4BI-05CC1AA94CDFA53F1F16F5A46EBAACBA, Channels: 21, Time: 2022.05.26-17.11.08
[2022.05.26-17.11.08:546][401]LogNet: UChannel::Close: Sending CloseBunch. ChIndex == 0. Name: [UChannel] ChIndex: 0, Closing: 0 [UNetConnection] RemoteAddr: 127.0.0.1:55082, Name: IpConnection_0, Driver: GameNetDriver IpNetDriver_0, IsServer: YES, PC: GameplayController_C_0, Owner: GameplayController_C_0, UniqueId: NULL:DESKTOP-B63J4BI-05CC1AA94CDFA53F1F16F5A46EBAACBA
[2022.05.26-17.11.08:547][401]LogOnlineSession: Warning: OSS: No game present to leave for session (GameSession)
