Log file open, 08/16/22 17:41:06
LogWindows: Failed to load 'aqProf.dll' (GetLastError=126)
LogWindows: File 'aqProf.dll' does not exist
LogWindows: Failed to load 'VtuneApi.dll' (GetLastError=126)
LogWindows: File 'VtuneApi.dll' does not exist
LogWindows: Failed to load 'VtuneApi32e.dll' (GetLastError=126)
LogWindows: File 'VtuneApi32e.dll' does not exist
LogConsoleResponse: Display: Failed to find resolution value strings in scalability ini. Falling back to default.
LogConsoleResponse: Display: Failed to find resolution value strings in scalability ini. Falling back to default.
LogInit: Display: Running engine for game: TwoDSSG
LogPlatformFile: Not using cached read wrapper
LogTaskGraph: Started task graph with 5 named threads and 35 total threads with 3 sets of task threads.
LogStats: Stats thread started at 1.741358
LogICUInternationalization: ICU TimeZone Detection - Raw Offset: +2:00, Platform Override: ''
LogInit: Display: Loading text-based GConfig....
LogPluginManager: Mounting plugin MeshPainting
LogPluginManager: Mounting plugin XGEController
LogPluginManager: Mounting plugin AISupport
LogPluginManager: Mounting plugin Paper2D
LogPluginManager: Mounting plugin EnvironmentQueryEditor
LogPluginManager: Mounting plugin LiveLink
LogPluginManager: Mounting plugin LightPropagationVolume
LogPluginManager: Mounting plugin CameraShakePreviewer
LogPluginManager: Mounting plugin AnimationSharing
LogPluginManager: Mounting plugin GameplayCameras
LogPluginManager: Mounting plugin GitSourceControl
LogPluginManager: Mounting plugin KDevelopSourceCodeAccess
LogPluginManager: Mounting plugin CodeLiteSourceCodeAccess
LogPluginManager: Mounting plugin NullSourceCodeAccess
LogPluginManager: Mounting plugin CLionSourceCodeAccess
LogPluginManager: Mounting plugin PerforceSourceControl
LogPluginManager: Mounting plugin PixWinPlugin
LogPluginManager: Mounting plugin PlasticSourceControl
LogPluginManager: Mounting plugin PluginUtils
LogPluginManager: Mounting plugin PropertyAccessNode
LogPluginManager: Mounting plugin RiderSourceCodeAccess
LogPluginManager: Mounting plugin SubversionSourceControl
LogPluginManager: Mounting plugin TextureFormatOodle
LogPluginManager: Mounting plugin UObjectPlugin
LogPluginManager: Mounting plugin VisualStudioSourceCodeAccess
LogPluginManager: Mounting plugin VisualStudioCodeSourceCodeAccess
LogPluginManager: Mounting plugin OodleData
LogPluginManager: Mounting plugin XCodeSourceCodeAccess
LogPluginManager: Mounting plugin AssetManagerEditor
LogPluginManager: Mounting plugin OodleNetwork
LogPluginManager: Mounting plugin CryptoKeys
LogPluginManager: Mounting plugin CurveEditorTools
LogPluginManager: Mounting plugin DataValidation
LogPluginManager: Mounting plugin FacialAnimation
LogPluginManager: Mounting plugin GameplayTagsEditor
LogPluginManager: Mounting plugin GeometryMode
LogPluginManager: Mounting plugin MacGraphicsSwitching
LogPluginManager: Mounting plugin MaterialAnalyzer
LogPluginManager: Mounting plugin MobileLauncherProfileWizard
LogPluginManager: Mounting plugin PluginBrowser
LogPluginManager: Mounting plugin SpeedTreeImporter
LogPluginManager: Mounting plugin AlembicImporter
LogPluginManager: Mounting plugin AutomationUtils
LogPluginManager: Mounting plugin BackChannel
LogPluginManager: Mounting plugin ChaosCloth
LogPluginManager: Mounting plugin ChaosClothEditor
LogPluginManager: Mounting plugin ChaosNiagara
LogPluginManager: Mounting plugin ChaosSolverPlugin
LogPluginManager: Mounting plugin ChaosEditor
LogPluginManager: Mounting plugin CharacterAI
LogPluginManager: Mounting plugin GeometryCache
LogPluginManager: Mounting plugin GeometryCollectionPlugin
LogPluginManager: Mounting plugin GeometryProcessing
LogPluginManager: Mounting plugin DatasmithContent
LogPluginManager: Mounting plugin MotoSynth
LogPluginManager: Mounting plugin PlanarCut
LogPluginManager: Mounting plugin PlatformCrypto
LogPluginManager: Mounting plugin ProxyLODPlugin
LogPluginManager: Mounting plugin PythonScriptPlugin
LogPluginManager: Mounting plugin OpenImageDenoise
LogPluginManager: Mounting plugin SkeletalReduction
LogPluginManager: Mounting plugin LuminPlatformFeatures
LogPluginManager: Mounting plugin MagicLeap
LogPluginManager: Mounting plugin VariantManagerContent
LogPluginManager: Mounting plugin MagicLeapLightEstimation
LogPluginManager: Mounting plugin MagicLeapMedia
LogPluginManager: Mounting plugin MagicLeapPassableWorld
LogPluginManager: Mounting plugin MLSDK
LogPluginManager: Mounting plugin Niagara
LogPluginManager: Mounting plugin ActorSequence
LogPluginManager: Mounting plugin MatineeToLevelSequence
LogPluginManager: Mounting plugin LevelSequenceEditor
LogPluginManager: Mounting plugin TcpMessaging
LogPluginManager: Mounting plugin TemplateSequence
LogPluginManager: Mounting plugin OnlineSubsystem
LogPluginManager: Mounting plugin UdpMessaging
LogPluginManager: Mounting plugin OnlineSubsystemNull
LogPluginManager: Mounting plugin LauncherChunkInstaller
LogPluginManager: Mounting plugin OnlineSubsystemUtils
LogPluginManager: Mounting plugin ActorLayerUtilities
LogPluginManager: Mounting plugin AndroidDeviceProfileSelector
LogPluginManager: Mounting plugin AndroidMoviePlayer
LogPluginManager: Mounting plugin AndroidPermission
LogPluginManager: Mounting plugin AppleImageUtils
LogPluginManager: Mounting plugin ArchVisCharacter
LogPluginManager: Mounting plugin AssetTags
LogPluginManager: Mounting plugin AppleMoviePlayer
LogPluginManager: Mounting plugin AudioCapture
LogPluginManager: Mounting plugin CableComponent
LogPluginManager: Mounting plugin ChunkDownloader
LogPluginManager: Mounting plugin CustomMeshComponent
LogPluginManager: Mounting plugin EditableMesh
LogPluginManager: Mounting plugin ExampleDeviceProfileSelector
LogPluginManager: Mounting plugin GoogleCloudMessaging
LogPluginManager: Mounting plugin GooglePAD
LogPluginManager: Mounting plugin IOSDeviceProfileSelector
LogPluginManager: Mounting plugin LinuxDeviceProfileSelector
LogPluginManager: Mounting plugin LocationServicesBPLibrary
LogPluginManager: Mounting plugin MobilePatchingUtils
LogPluginManager: Mounting plugin OpenXR
LogPluginManager: Mounting plugin OpenXREyeTracker
LogPluginManager: Mounting plugin OpenXRHandTracking
LogPluginManager: Mounting plugin ScreenshotTools
LogPluginManager: Mounting plugin PhysXVehicles
LogPluginManager: Mounting plugin PostSplashScreen
LogPluginManager: Mounting plugin ProceduralMeshComponent
LogPluginManager: Mounting plugin PropertyAccessEditor
LogPluginManager: Mounting plugin RuntimePhysXCooking
LogPluginManager: Mounting plugin SignificanceManager
LogPluginManager: Mounting plugin SoundFields
LogPluginManager: Mounting plugin Synthesis
LogPluginManager: Mounting plugin WebMMoviePlayer
LogPluginManager: Mounting plugin WindowsMoviePlayer
LogPluginManager: Mounting plugin Takes
LogPluginManager: Mounting plugin AndroidMedia
LogPluginManager: Mounting plugin AvfMedia
LogPluginManager: Mounting plugin ImgMedia
LogPluginManager: Mounting plugin MediaCompositing
LogPluginManager: Mounting plugin MediaPlayerEditor
LogPluginManager: Mounting plugin WebMMedia
LogPluginManager: Mounting plugin WmfMedia
LogPluginManager: Mounting plugin AudioSynesthesia
LogPluginManager: Mounting plugin ContentBrowserAssetDataSource
LogPluginManager: Mounting plugin ContentBrowserClassDataSource
LogPluginManager: Mounting plugin ContentBrowserFileDataSource
LogPluginManager: Mounting plugin OnlineSubsystemGooglePlay
LogPluginManager: Mounting plugin OnlineSubsystemIOS
LogPluginManager: Mounting plugin OculusVR
LogPluginManager: Mounting plugin SteamVR
PixWinPlugin: PIX capture plugin failed to initialize! Check that the process is launched from PIX.
LogInit: Using libcurl 7.55.1-DEV
LogInit:  - built for x86_64-pc-win32
LogInit:  - supports SSL with OpenSSL/1.1.1
LogInit:  - supports HTTP deflate (compression) using libz 1.2.8
LogInit:  - other features:
LogInit:      CURL_VERSION_SSL
LogInit:      CURL_VERSION_LIBZ
LogInit:      CURL_VERSION_IPV6
LogInit:      CURL_VERSION_ASYNCHDNS
LogInit:      CURL_VERSION_LARGEFILE
LogInit:      CURL_VERSION_IDN
LogInit:  CurlRequestOptions (configurable via config and command line):
LogInit:  - bVerifyPeer = true  - Libcurl will verify peer certificate
LogInit:  - bUseHttpProxy = false  - Libcurl will NOT use HTTP proxy
LogInit:  - bDontReuseConnections = false  - Libcurl will reuse connections
LogInit:  - MaxHostConnections = 16  - Libcurl will limit the number of connections to a host
LogInit:  - LocalHostAddr = Default
LogInit:  - BufferSize = 65536
LogOnline: OSS: Creating online subsystem instance for: NULL
LogInit: WinSock: version 1.1 (2.2), MaxSocks=32767, MaxUdp=65467
LogOnline: OSS: TryLoadSubsystemAndSetDefault: Loaded subsystem for module [NULL]
LogOculusPluginWrapper: OculusPlugin initialized successfully
LogHMD: Failed initializing OVRPlugin 1.59.0
LogInit: Build: ++UE4+Release-4.27-CL-0
LogInit: Engine Version: 4.27.2-0+++UE4+Release-4.27
LogInit: Compatible Engine Version: 4.27.0-0+++UE4+Release-4.27
LogInit: Net CL: 0
LogInit: OS: Windows 10 (Release 2009) (), CPU: Intel(R) Core(TM) i5-10500 CPU @ 3.10GHz, GPU: NVIDIA GeForce RTX 3070
LogInit: Compiled (64-bit): Jul  8 2022 22:10:36
LogInit: Compiled with Visual C++: 19.29.30145.00
LogInit: Build Configuration: Development
LogInit: Branch Name: ++UE4+Release-4.27
LogInit: Command Line:  -skipcompile
LogInit: Base Directory: C:/Program Files/Epic Games/UE_4.27.2_source/Engine/Binaries/Win64/
LogInit: Allocator: TBB
LogInit: Installed Engine Build: 0
LogDevObjectVersion: Number of dev versions registered: 29
LogDevObjectVersion:   Dev-Blueprints (B0D832E4-1F89-4F0D-ACCF-7EB736FD4AA2): 10
LogDevObjectVersion:   Dev-Build (E1C64328-A22C-4D53-A36C-8E866417BD8C): 0
LogDevObjectVersion:   Dev-Core (375EC13C-06E4-48FB-B500-84F0262A717E): 4
LogDevObjectVersion:   Dev-Editor (E4B068ED-F494-42E9-A231-DA0B2E46BB41): 40
LogDevObjectVersion:   Dev-Framework (CFFC743F-43B0-4480-9391-14DF171D2073): 37
LogDevObjectVersion:   Dev-Mobile (B02B49B5-BB20-44E9-A304-32B752E40360): 3
LogDevObjectVersion:   Dev-Networking (A4E4105C-59A1-49B5-A7C5-40C4547EDFEE): 0
LogDevObjectVersion:   Dev-Online (39C831C9-5AE6-47DC-9A44-9C173E1C8E7C): 0
LogDevObjectVersion:   Dev-Physics (78F01B33-EBEA-4F98-B9B4-84EACCB95AA2): 14
LogDevObjectVersion:   Dev-Platform (6631380F-2D4D-43E0-8009-CF276956A95A): 0
LogDevObjectVersion:   Dev-Rendering (12F88B9F-8875-4AFC-A67C-D90C383ABD29): 45
LogDevObjectVersion:   Dev-Sequencer (7B5AE74C-D270-4C10-A958-57980B212A5A): 13
LogDevObjectVersion:   Dev-VR (D7296918-1DD6-4BDD-9DE2-64A83CC13884): 3
LogDevObjectVersion:   Dev-LoadTimes (C2A15278-BFE7-4AFE-6C17-90FF531DF755): 1
LogDevObjectVersion:   Private-Geometry (6EACA3D4-40EC-4CC1-B786-8BED09428FC5): 3
LogDevObjectVersion:   Dev-AnimPhys (29E575DD-E0A3-4627-9D10-D276232CDCEA): 17
LogDevObjectVersion:   Dev-Anim (AF43A65D-7FD3-4947-9873-3E8ED9C1BB05): 15
LogDevObjectVersion:   Dev-ReflectionCapture (6B266CEC-1EC7-4B8F-A30B-E4D90942FC07): 1
LogDevObjectVersion:   Dev-Automation (0DF73D61-A23F-47EA-B727-89E90C41499A): 1
LogDevObjectVersion:   FortniteMain (601D1886-AC64-4F84-AA16-D3DE0DEAC7D6): 47
LogDevObjectVersion:   FortniteRelease (E7086368-6B23-4C58-8439-1B7016265E91): 1
LogDevObjectVersion:   Dev-Enterprise (9DFFBCD6-494F-0158-E221-12823C92A888): 10
LogDevObjectVersion:   Dev-Niagara (F2AED0AC-9AFE-416F-8664-AA7FFA26D6FC): 1
LogDevObjectVersion:   Dev-Destruction (174F1F0B-B4C6-45A5-B13F-2EE8D0FB917D): 10
LogDevObjectVersion:   Dev-Physics-Ext (35F94A83-E258-406C-A318-09F59610247C): 41
LogDevObjectVersion:   Dev-PhysicsMaterial-Chaos (B68FC16E-8B1B-42E2-B453-215C058844FE): 1
LogDevObjectVersion:   Dev-CineCamera (B2E18506-4273-CFC2-A54E-F4BB758BBA07): 1
LogDevObjectVersion:   Dev-VirtualProduction (64F58936-FD1B-42BA-BA96-7289D5D0FA4E): 1
LogDevObjectVersion:   Dev-MediaFramework (6F0ED827-A609-4895-9C91-998D90180EA4): 2
LogInit: Presizing for max 25165824 objects, including 0 objects not considered by GC, pre-allocating 0 bytes for permanent pool.
LogConfig: Applying CVar settings from Section [/Script/Engine.StreamingSettings] File [C:/Users/Sagi/Documents/Unreal Projects/TwoDSSG 4.27/Saved/Config/Windows/Engine.ini]
LogConfig: Setting CVar [[s.MinBulkDataSizeForAsyncLoading:131072]]
LogConfig: Setting CVar [[s.AsyncLoadingThreadEnabled:0]]
LogConfig: Setting CVar [[s.EventDrivenLoaderEnabled:1]]
LogConfig: Setting CVar [[s.WarnIfTimeLimitExceeded:0]]
LogConfig: Setting CVar [[s.TimeLimitExceededMultiplier:1.5]]
LogConfig: Setting CVar [[s.TimeLimitExceededMinTime:0.005]]
LogConfig: Setting CVar [[s.UseBackgroundLevelStreaming:1]]
LogConfig: Setting CVar [[s.PriorityAsyncLoadingExtraTime:15.0]]
LogConfig: Setting CVar [[s.LevelStreamingActorsUpdateTimeLimit:5.0]]
LogConfig: Setting CVar [[s.PriorityLevelStreamingActorsUpdateExtraTime:5.0]]
LogConfig: Setting CVar [[s.LevelStreamingComponentsRegistrationGranularity:10]]
LogConfig: Setting CVar [[s.UnregisterComponentsTimeLimit:1.0]]
LogConfig: Setting CVar [[s.LevelStreamingComponentsUnregistrationGranularity:5]]
LogConfig: Setting CVar [[s.FlushStreamingOnExit:1]]
LogInit: Object subsystem initialized
LogConfig: Setting CVar [[con.DebugEarlyDefault:1]]
LogConfig: Setting CVar [[r.setres:1280x720]]
[2022.08.16-14.41.09:026][  0]LogConfig: Setting CVar [[r.VSync:0]]
[2022.08.16-14.41.09:026][  0]LogConfig: Setting CVar [[r.RHICmdBypass:0]]
[2022.08.16-14.41.09:026][  0]LogConfig: Applying CVar settings from Section [/Script/Engine.RendererSettings] File [C:/Users/Sagi/Documents/Unreal Projects/TwoDSSG 4.27/Saved/Config/Windows/Engine.ini]
[2022.08.16-14.41.09:027][  0]LogConfig: Setting CVar [[r.GPUCrashDebugging:0]]
[2022.08.16-14.41.09:027][  0]LogConfig: Setting CVar [[r.MobileHDR:0]]
[2022.08.16-14.41.09:027][  0]LogConfig: Setting CVar [[r.DefaultFeature.AntiAliasing:0]]
[2022.08.16-14.41.09:027][  0]LogConfig: Setting CVar [[r.TranslucentSortPolicy:2]]
[2022.08.16-14.41.09:027][  0]LogConfig: Setting CVar [[r.DefaultFeature.AutoExposure:1]]
[2022.08.16-14.41.09:027][  0]LogConfig: Applying CVar settings from Section [/Script/Engine.RendererOverrideSettings] File [C:/Users/Sagi/Documents/Unreal Projects/TwoDSSG 4.27/Saved/Config/Windows/Engine.ini]
[2022.08.16-14.41.09:027][  0]LogConfig: Applying CVar settings from Section [/Script/Engine.StreamingSettings] File [C:/Users/Sagi/Documents/Unreal Projects/TwoDSSG 4.27/Saved/Config/Windows/Engine.ini]
[2022.08.16-14.41.09:027][  0]LogConfig: Setting CVar [[s.MinBulkDataSizeForAsyncLoading:131072]]
[2022.08.16-14.41.09:027][  0]LogConfig: Setting CVar [[s.AsyncLoadingThreadEnabled:0]]
[2022.08.16-14.41.09:027][  0]LogConfig: Setting CVar [[s.EventDrivenLoaderEnabled:1]]
[2022.08.16-14.41.09:027][  0]LogConfig: Setting CVar [[s.WarnIfTimeLimitExceeded:0]]
[2022.08.16-14.41.09:027][  0]LogConfig: Setting CVar [[s.TimeLimitExceededMultiplier:1.5]]
[2022.08.16-14.41.09:027][  0]LogConfig: Setting CVar [[s.TimeLimitExceededMinTime:0.005]]
[2022.08.16-14.41.09:027][  0]LogConfig: Setting CVar [[s.UseBackgroundLevelStreaming:1]]
[2022.08.16-14.41.09:028][  0]LogConfig: Setting CVar [[s.PriorityAsyncLoadingExtraTime:15.0]]
[2022.08.16-14.41.09:028][  0]LogConfig: Setting CVar [[s.LevelStreamingActorsUpdateTimeLimit:5.0]]
[2022.08.16-14.41.09:028][  0]LogConfig: Setting CVar [[s.PriorityLevelStreamingActorsUpdateExtraTime:5.0]]
[2022.08.16-14.41.09:028][  0]LogConfig: Setting CVar [[s.LevelStreamingComponentsRegistrationGranularity:10]]
[2022.08.16-14.41.09:028][  0]LogConfig: Setting CVar [[s.UnregisterComponentsTimeLimit:1.0]]
[2022.08.16-14.41.09:028][  0]LogConfig: Setting CVar [[s.LevelStreamingComponentsUnregistrationGranularity:5]]
[2022.08.16-14.41.09:028][  0]LogConfig: Setting CVar [[s.FlushStreamingOnExit:1]]
[2022.08.16-14.41.09:028][  0]LogConfig: Applying CVar settings from Section [/Script/Engine.GarbageCollectionSettings] File [C:/Users/Sagi/Documents/Unreal Projects/TwoDSSG 4.27/Saved/Config/Windows/Engine.ini]
[2022.08.16-14.41.09:028][  0]LogConfig: Setting CVar [[gc.MaxObjectsNotConsideredByGC:1]]
[2022.08.16-14.41.09:028][  0]LogConfig: Setting CVar [[gc.SizeOfPermanentObjectPool:0]]
[2022.08.16-14.41.09:028][  0]LogConfig: Setting CVar [[gc.FlushStreamingOnGC:0]]
[2022.08.16-14.41.09:028][  0]LogConfig: Setting CVar [[gc.NumRetriesBeforeForcingGC:10]]
[2022.08.16-14.41.09:028][  0]LogConfig: Setting CVar [[gc.AllowParallelGC:1]]
[2022.08.16-14.41.09:028][  0]LogConfig: Setting CVar [[gc.TimeBetweenPurgingPendingKillObjects:61.1]]
[2022.08.16-14.41.09:028][  0]LogConfig: Setting CVar [[gc.MaxObjectsInEditor:25165824]]
[2022.08.16-14.41.09:028][  0]LogConfig: Setting CVar [[gc.IncrementalBeginDestroyEnabled:1]]
[2022.08.16-14.41.09:029][  0]LogConfig: Setting CVar [[gc.CreateGCClusters:1]]
[2022.08.16-14.41.09:029][  0]LogConfig: Setting CVar [[gc.MinGCClusterSize:5]]
[2022.08.16-14.41.09:029][  0]LogConfig: Setting CVar [[gc.ActorClusteringEnabled:0]]
[2022.08.16-14.41.09:029][  0]LogConfig: Setting CVar [[gc.BlueprintClusteringEnabled:0]]
[2022.08.16-14.41.09:029][  0]LogConfig: Setting CVar [[gc.UseDisregardForGCOnDedicatedServers:0]]
[2022.08.16-14.41.09:029][  0]LogConfig: Setting CVar [[gc.MultithreadedDestructionEnabled:1]]
[2022.08.16-14.41.09:029][  0]LogConfig: Applying CVar settings from Section [/Script/Engine.NetworkSettings] File [C:/Users/Sagi/Documents/Unreal Projects/TwoDSSG 4.27/Saved/Config/Windows/Engine.ini]
[2022.08.16-14.41.09:029][  0]LogConfig: Applying CVar settings from Section [/Script/UnrealEd.CookerSettings] File [C:/Users/Sagi/Documents/Unreal Projects/TwoDSSG 4.27/Saved/Config/Windows/Engine.ini]
[2022.08.16-14.41.09:044][  0]LogConfig: Applying CVar settings from Section [ViewDistanceQuality@3] File [C:/Users/Sagi/Documents/Unreal Projects/TwoDSSG 4.27/Saved/Config/Windows/Scalability.ini]
[2022.08.16-14.41.09:044][  0]LogConfig: Setting CVar [[r.SkeletalMeshLODBias:0]]
[2022.08.16-14.41.09:044][  0]LogConfig: Setting CVar [[r.ViewDistanceScale:1.0]]
[2022.08.16-14.41.09:044][  0]LogConfig: Applying CVar settings from Section [AntiAliasingQuality@3] File [C:/Users/Sagi/Documents/Unreal Projects/TwoDSSG 4.27/Saved/Config/Windows/Scalability.ini]
[2022.08.16-14.41.09:044][  0]LogConfig: Setting CVar [[r.PostProcessAAQuality:4]]
[2022.08.16-14.41.09:044][  0]LogConfig: Applying CVar settings from Section [ShadowQuality@3] File [C:/Users/Sagi/Documents/Unreal Projects/TwoDSSG 4.27/Saved/Config/Windows/Scalability.ini]
[2022.08.16-14.41.09:044][  0]LogConfig: Setting CVar [[r.LightFunctionQuality:1]]
[2022.08.16-14.41.09:044][  0]LogConfig: Setting CVar [[r.ShadowQuality:5]]
[2022.08.16-14.41.09:044][  0]LogConfig: Setting CVar [[r.Shadow.CSM.MaxCascades:10]]
[2022.08.16-14.41.09:044][  0]LogConfig: Setting CVar [[r.Shadow.MaxResolution:2048]]
[2022.08.16-14.41.09:044][  0]LogConfig: Setting CVar [[r.Shadow.MaxCSMResolution:2048]]
[2022.08.16-14.41.09:044][  0]LogConfig: Setting CVar [[r.Shadow.RadiusThreshold:0.01]]
[2022.08.16-14.41.09:044][  0]LogConfig: Setting CVar [[r.Shadow.DistanceScale:1.0]]
[2022.08.16-14.41.09:045][  0]LogConfig: Setting CVar [[r.Shadow.CSM.TransitionScale:1.0]]
[2022.08.16-14.41.09:045][  0]LogConfig: Setting CVar [[r.Shadow.PreShadowResolutionFactor:1.0]]
[2022.08.16-14.41.09:045][  0]LogConfig: Setting CVar [[r.DistanceFieldShadowing:1]]
[2022.08.16-14.41.09:045][  0]LogConfig: Setting CVar [[r.DistanceFieldAO:1]]
[2022.08.16-14.41.09:045][  0]LogConfig: Setting CVar [[r.AOQuality:2]]
[2022.08.16-14.41.09:045][  0]LogConfig: Setting CVar [[r.VolumetricFog:1]]
[2022.08.16-14.41.09:045][  0]LogConfig: Setting CVar [[r.VolumetricFog.GridPixelSize:8]]
[2022.08.16-14.41.09:045][  0]LogConfig: Setting CVar [[r.VolumetricFog.GridSizeZ:128]]
[2022.08.16-14.41.09:045][  0]LogConfig: Setting CVar [[r.VolumetricFog.HistoryMissSupersampleCount:4]]
[2022.08.16-14.41.09:045][  0]LogConfig: Setting CVar [[r.LightMaxDrawDistanceScale:1]]
[2022.08.16-14.41.09:045][  0]LogConfig: Setting CVar [[r.CapsuleShadows:1]]
[2022.08.16-14.41.09:045][  0]LogConfig: Applying CVar settings from Section [PostProcessQuality@3] File [C:/Users/Sagi/Documents/Unreal Projects/TwoDSSG 4.27/Saved/Config/Windows/Scalability.ini]
[2022.08.16-14.41.09:045][  0]LogConfig: Setting CVar [[r.MotionBlurQuality:4]]
[2022.08.16-14.41.09:045][  0]LogConfig: Setting CVar [[r.AmbientOcclusionMipLevelFactor:0.4]]
[2022.08.16-14.41.09:045][  0]LogConfig: Setting CVar [[r.AmbientOcclusionMaxQuality:100]]
[2022.08.16-14.41.09:045][  0]LogConfig: Setting CVar [[r.AmbientOcclusionLevels:-1]]
[2022.08.16-14.41.09:046][  0]LogConfig: Setting CVar [[r.AmbientOcclusionRadiusScale:1.0]]
[2022.08.16-14.41.09:046][  0]LogConfig: Setting CVar [[r.DepthOfFieldQuality:2]]
[2022.08.16-14.41.09:046][  0]LogConfig: Setting CVar [[r.RenderTargetPoolMin:400]]
[2022.08.16-14.41.09:046][  0]LogConfig: Setting CVar [[r.LensFlareQuality:2]]
[2022.08.16-14.41.09:046][  0]LogConfig: Setting CVar [[r.SceneColorFringeQuality:1]]
[2022.08.16-14.41.09:046][  0]LogConfig: Setting CVar [[r.EyeAdaptationQuality:2]]
[2022.08.16-14.41.09:046][  0]LogConfig: Setting CVar [[r.BloomQuality:5]]
[2022.08.16-14.41.09:046][  0]LogConfig: Setting CVar [[r.FastBlurThreshold:100]]
[2022.08.16-14.41.09:046][  0]LogConfig: Setting CVar [[r.Upscale.Quality:3]]
[2022.08.16-14.41.09:046][  0]LogConfig: Setting CVar [[r.Tonemapper.GrainQuantization:1]]
[2022.08.16-14.41.09:046][  0]LogConfig: Setting CVar [[r.LightShaftQuality:1]]
[2022.08.16-14.41.09:046][  0]LogConfig: Setting CVar [[r.Filter.SizeScale:1]]
[2022.08.16-14.41.09:046][  0]LogConfig: Setting CVar [[r.Tonemapper.Quality:5]]
[2022.08.16-14.41.09:046][  0]LogConfig: Setting CVar [[r.DOF.Gather.AccumulatorQuality:1        ; higher gathering accumulator quality]]
[2022.08.16-14.41.09:047][  0]LogConfig: Setting CVar [[r.DOF.Gather.PostfilterMethod:1          ; Median3x3 postfilering method]]
[2022.08.16-14.41.09:047][  0]LogConfig: Setting CVar [[r.DOF.Gather.EnableBokehSettings:0       ; no bokeh simulation when gathering]]
[2022.08.16-14.41.09:047][  0]LogConfig: Setting CVar [[r.DOF.Gather.RingCount:4                 ; medium number of samples when gathering]]
[2022.08.16-14.41.09:047][  0]LogConfig: Setting CVar [[r.DOF.Scatter.ForegroundCompositing:1    ; additive foreground scattering]]
[2022.08.16-14.41.09:047][  0]LogConfig: Setting CVar [[r.DOF.Scatter.BackgroundCompositing:2    ; additive background scattering]]
[2022.08.16-14.41.09:047][  0]LogConfig: Setting CVar [[r.DOF.Scatter.EnableBokehSettings:1      ; bokeh simulation when scattering]]
[2022.08.16-14.41.09:047][  0]LogConfig: Setting CVar [[r.DOF.Scatter.MaxSpriteRatio:0.1         ; only a maximum of 10% of scattered bokeh]]
[2022.08.16-14.41.09:047][  0]LogConfig: Setting CVar [[r.DOF.Recombine.Quality:1                ; cheap slight out of focus]]
[2022.08.16-14.41.09:047][  0]LogConfig: Setting CVar [[r.DOF.Recombine.EnableBokehSettings:0    ; no bokeh simulation on slight out of focus]]
[2022.08.16-14.41.09:047][  0]LogConfig: Setting CVar [[r.DOF.TemporalAAQuality:1                ; more stable temporal accumulation]]
[2022.08.16-14.41.09:047][  0]LogConfig: Setting CVar [[r.DOF.Kernel.MaxForegroundRadius:0.025]]
[2022.08.16-14.41.09:047][  0]LogConfig: Setting CVar [[r.DOF.Kernel.MaxBackgroundRadius:0.025]]
[2022.08.16-14.41.09:047][  0]LogConfig: Applying CVar settings from Section [TextureQuality@3] File [C:/Users/Sagi/Documents/Unreal Projects/TwoDSSG 4.27/Saved/Config/Windows/Scalability.ini]
[2022.08.16-14.41.09:047][  0]LogConfig: Setting CVar [[r.Streaming.MipBias:0]]
[2022.08.16-14.41.09:047][  0]LogConfig: Setting CVar [[r.Streaming.AmortizeCPUToGPUCopy:0]]
[2022.08.16-14.41.09:047][  0]LogConfig: Setting CVar [[r.Streaming.MaxNumTexturesToStreamPerFrame:0]]
[2022.08.16-14.41.09:048][  0]LogConfig: Setting CVar [[r.Streaming.Boost:1]]
[2022.08.16-14.41.09:048][  0]LogConfig: Setting CVar [[r.MaxAnisotropy:8]]
[2022.08.16-14.41.09:048][  0]LogConfig: Setting CVar [[r.VT.MaxAnisotropy:8]]
[2022.08.16-14.41.09:048][  0]LogConfig: Setting CVar [[r.Streaming.LimitPoolSizeToVRAM:0]]
[2022.08.16-14.41.09:048][  0]LogConfig: Setting CVar [[r.Streaming.PoolSize:1000]]
[2022.08.16-14.41.09:048][  0]LogConfig: Setting CVar [[r.Streaming.MaxEffectiveScreenSize:0]]
[2022.08.16-14.41.09:048][  0]LogConfig: Applying CVar settings from Section [EffectsQuality@3] File [C:/Users/Sagi/Documents/Unreal Projects/TwoDSSG 4.27/Saved/Config/Windows/Scalability.ini]
[2022.08.16-14.41.09:048][  0]LogConfig: Setting CVar [[r.TranslucencyLightingVolumeDim:64]]
[2022.08.16-14.41.09:048][  0]LogConfig: Setting CVar [[r.RefractionQuality:2]]
[2022.08.16-14.41.09:048][  0]LogConfig: Setting CVar [[r.SSR.Quality:3]]
[2022.08.16-14.41.09:048][  0]LogConfig: Setting CVar [[r.SSR.HalfResSceneColor:0]]
[2022.08.16-14.41.09:048][  0]LogConfig: Setting CVar [[r.SceneColorFormat:4]]
[2022.08.16-14.41.09:048][  0]LogConfig: Setting CVar [[r.DetailMode:2]]
[2022.08.16-14.41.09:048][  0]LogConfig: Setting CVar [[r.TranslucencyVolumeBlur:1]]
[2022.08.16-14.41.09:048][  0]LogConfig: Setting CVar [[r.MaterialQualityLevel:1 ; High quality]]
[2022.08.16-14.41.09:048][  0]LogConfig: Setting CVar [[r.AnisotropicMaterials:1]]
[2022.08.16-14.41.09:048][  0]LogConfig: Setting CVar [[r.SSS.Scale:1]]
[2022.08.16-14.41.09:049][  0]LogConfig: Setting CVar [[r.SSS.SampleSet:2]]
[2022.08.16-14.41.09:049][  0]LogConfig: Setting CVar [[r.SSS.Quality:1]]
[2022.08.16-14.41.09:049][  0]LogConfig: Setting CVar [[r.SSS.HalfRes:0]]
[2022.08.16-14.41.09:049][  0]LogConfig: Setting CVar [[r.SSGI.Quality:3]]
[2022.08.16-14.41.09:049][  0]LogConfig: Setting CVar [[r.EmitterSpawnRateScale:1.0]]
[2022.08.16-14.41.09:049][  0]LogConfig: Setting CVar [[r.ParticleLightQuality:2]]
[2022.08.16-14.41.09:049][  0]LogConfig: Setting CVar [[r.SkyAtmosphere.AerialPerspectiveLUT.FastApplyOnOpaque:1 ; Always have FastSkyLUT 1 in this case to avoid wrong sky]]
[2022.08.16-14.41.09:049][  0]LogConfig: Setting CVar [[r.SkyAtmosphere.AerialPerspectiveLUT.SampleCountMaxPerSlice:4]]
[2022.08.16-14.41.09:049][  0]LogConfig: Setting CVar [[r.SkyAtmosphere.AerialPerspectiveLUT.DepthResolution:16.0]]
[2022.08.16-14.41.09:049][  0]LogConfig: Setting CVar [[r.SkyAtmosphere.FastSkyLUT:1]]
[2022.08.16-14.41.09:049][  0]LogConfig: Setting CVar [[r.SkyAtmosphere.FastSkyLUT.SampleCountMin:4.0]]
[2022.08.16-14.41.09:049][  0]LogConfig: Setting CVar [[r.SkyAtmosphere.FastSkyLUT.SampleCountMax:128.0]]
[2022.08.16-14.41.09:049][  0]LogConfig: Setting CVar [[r.SkyAtmosphere.SampleCountMin:4.0]]
[2022.08.16-14.41.09:049][  0]LogConfig: Setting CVar [[r.SkyAtmosphere.SampleCountMax:128.0]]
[2022.08.16-14.41.09:049][  0]LogConfig: Setting CVar [[r.SkyAtmosphere.TransmittanceLUT.UseSmallFormat:0]]
[2022.08.16-14.41.09:050][  0]LogConfig: Setting CVar [[r.SkyAtmosphere.TransmittanceLUT.SampleCount:10.0]]
[2022.08.16-14.41.09:050][  0]LogConfig: Setting CVar [[r.SkyAtmosphere.MultiScatteringLUT.SampleCount:15.0]]
[2022.08.16-14.41.09:050][  0]LogConfig: Setting CVar [[r.SkyLight.RealTimeReflectionCapture:1]]
[2022.08.16-14.41.09:050][  0]LogConfig: Applying CVar settings from Section [FoliageQuality@3] File [C:/Users/Sagi/Documents/Unreal Projects/TwoDSSG 4.27/Saved/Config/Windows/Scalability.ini]
[2022.08.16-14.41.09:050][  0]LogConfig: Setting CVar [[foliage.DensityScale:1.0]]
[2022.08.16-14.41.09:050][  0]LogConfig: Setting CVar [[grass.DensityScale:1.0]]
[2022.08.16-14.41.09:050][  0]LogConfig: Applying CVar settings from Section [ShadingQuality@3] File [C:/Users/Sagi/Documents/Unreal Projects/TwoDSSG 4.27/Saved/Config/Windows/Scalability.ini]
[2022.08.16-14.41.09:050][  0]LogConfig: Setting CVar [[r.HairStrands.SkyLighting.IntegrationType:2]]
[2022.08.16-14.41.09:050][  0]LogConfig: Setting CVar [[r.HairStrands.SkyAO.SampleCount:4]]
[2022.08.16-14.41.09:050][  0]LogConfig: Setting CVar [[r.HairStrands.Visibility.MSAA.SamplePerPixel:4]]
[2022.08.16-14.41.09:051][  0]LogInit: Selected Device Profile: [Windows]
[2022.08.16-14.41.09:051][  0]LogInit: Applying CVar settings loaded from the selected device profile: [Windows]
[2022.08.16-14.41.09:052][  0]LogHAL: Display: Platform has ~ 16 GB [17112363008 / 17179869184 / 16], which maps to Larger [LargestMinGB=32, LargerMinGB=12, DefaultMinGB=8, SmallerMinGB=6, SmallestMinGB=0)
[2022.08.16-14.41.09:052][  0]LogInit: Going up to parent DeviceProfile []
[2022.08.16-14.41.09:052][  0]LogConfig: Applying CVar settings from Section [ViewDistanceQuality@3] File [C:/Users/Sagi/Documents/Unreal Projects/TwoDSSG 4.27/Saved/Config/Windows/Scalability.ini]
[2022.08.16-14.41.09:053][  0]LogConfig: Setting CVar [[r.SkeletalMeshLODBias:0]]
[2022.08.16-14.41.09:053][  0]LogConfig: Setting CVar [[r.ViewDistanceScale:1.0]]
[2022.08.16-14.41.09:053][  0]LogConfig: Applying CVar settings from Section [AntiAliasingQuality@3] File [C:/Users/Sagi/Documents/Unreal Projects/TwoDSSG 4.27/Saved/Config/Windows/Scalability.ini]
[2022.08.16-14.41.09:053][  0]LogConfig: Setting CVar [[r.PostProcessAAQuality:4]]
[2022.08.16-14.41.09:053][  0]LogConfig: Applying CVar settings from Section [ShadowQuality@3] File [C:/Users/Sagi/Documents/Unreal Projects/TwoDSSG 4.27/Saved/Config/Windows/Scalability.ini]
[2022.08.16-14.41.09:053][  0]LogConfig: Setting CVar [[r.LightFunctionQuality:1]]
[2022.08.16-14.41.09:053][  0]LogConfig: Setting CVar [[r.ShadowQuality:5]]
[2022.08.16-14.41.09:053][  0]LogConfig: Setting CVar [[r.Shadow.CSM.MaxCascades:10]]
[2022.08.16-14.41.09:053][  0]LogConfig: Setting CVar [[r.Shadow.MaxResolution:2048]]
[2022.08.16-14.41.09:053][  0]LogConfig: Setting CVar [[r.Shadow.MaxCSMResolution:2048]]
[2022.08.16-14.41.09:053][  0]LogConfig: Setting CVar [[r.Shadow.RadiusThreshold:0.01]]
[2022.08.16-14.41.09:053][  0]LogConfig: Setting CVar [[r.Shadow.DistanceScale:1.0]]
[2022.08.16-14.41.09:053][  0]LogConfig: Setting CVar [[r.Shadow.CSM.TransitionScale:1.0]]
[2022.08.16-14.41.09:053][  0]LogConfig: Setting CVar [[r.Shadow.PreShadowResolutionFactor:1.0]]
[2022.08.16-14.41.09:053][  0]LogConfig: Setting CVar [[r.DistanceFieldShadowing:1]]
[2022.08.16-14.41.09:053][  0]LogConfig: Setting CVar [[r.DistanceFieldAO:1]]
[2022.08.16-14.41.09:053][  0]LogConfig: Setting CVar [[r.AOQuality:2]]
[2022.08.16-14.41.09:054][  0]LogConfig: Setting CVar [[r.VolumetricFog:1]]
[2022.08.16-14.41.09:054][  0]LogConfig: Setting CVar [[r.VolumetricFog.GridPixelSize:8]]
[2022.08.16-14.41.09:054][  0]LogConfig: Setting CVar [[r.VolumetricFog.GridSizeZ:128]]
[2022.08.16-14.41.09:054][  0]LogConfig: Setting CVar [[r.VolumetricFog.HistoryMissSupersampleCount:4]]
[2022.08.16-14.41.09:054][  0]LogConfig: Setting CVar [[r.LightMaxDrawDistanceScale:1]]
[2022.08.16-14.41.09:054][  0]LogConfig: Setting CVar [[r.CapsuleShadows:1]]
[2022.08.16-14.41.09:054][  0]LogConfig: Applying CVar settings from Section [PostProcessQuality@3] File [C:/Users/Sagi/Documents/Unreal Projects/TwoDSSG 4.27/Saved/Config/Windows/Scalability.ini]
[2022.08.16-14.41.09:054][  0]LogConfig: Setting CVar [[r.MotionBlurQuality:4]]
[2022.08.16-14.41.09:054][  0]LogConfig: Setting CVar [[r.AmbientOcclusionMipLevelFactor:0.4]]
[2022.08.16-14.41.09:054][  0]LogConfig: Setting CVar [[r.AmbientOcclusionMaxQuality:100]]
[2022.08.16-14.41.09:054][  0]LogConfig: Setting CVar [[r.AmbientOcclusionLevels:-1]]
[2022.08.16-14.41.09:054][  0]LogConfig: Setting CVar [[r.AmbientOcclusionRadiusScale:1.0]]
[2022.08.16-14.41.09:054][  0]LogConfig: Setting CVar [[r.DepthOfFieldQuality:2]]
[2022.08.16-14.41.09:054][  0]LogConfig: Setting CVar [[r.RenderTargetPoolMin:400]]
[2022.08.16-14.41.09:054][  0]LogConfig: Setting CVar [[r.LensFlareQuality:2]]
[2022.08.16-14.41.09:054][  0]LogConfig: Setting CVar [[r.SceneColorFringeQuality:1]]
[2022.08.16-14.41.09:054][  0]LogConfig: Setting CVar [[r.EyeAdaptationQuality:2]]
[2022.08.16-14.41.09:055][  0]LogConfig: Setting CVar [[r.BloomQuality:5]]
[2022.08.16-14.41.09:055][  0]LogConfig: Setting CVar [[r.FastBlurThreshold:100]]
[2022.08.16-14.41.09:055][  0]LogConfig: Setting CVar [[r.Upscale.Quality:3]]
[2022.08.16-14.41.09:055][  0]LogConfig: Setting CVar [[r.Tonemapper.GrainQuantization:1]]
[2022.08.16-14.41.09:055][  0]LogConfig: Setting CVar [[r.LightShaftQuality:1]]
[2022.08.16-14.41.09:055][  0]LogConfig: Setting CVar [[r.Filter.SizeScale:1]]
[2022.08.16-14.41.09:055][  0]LogConfig: Setting CVar [[r.Tonemapper.Quality:5]]
[2022.08.16-14.41.09:055][  0]LogConfig: Setting CVar [[r.DOF.Gather.AccumulatorQuality:1        ; higher gathering accumulator quality]]
[2022.08.16-14.41.09:055][  0]LogConfig: Setting CVar [[r.DOF.Gather.PostfilterMethod:1          ; Median3x3 postfilering method]]
[2022.08.16-14.41.09:055][  0]LogConfig: Setting CVar [[r.DOF.Gather.EnableBokehSettings:0       ; no bokeh simulation when gathering]]
[2022.08.16-14.41.09:055][  0]LogConfig: Setting CVar [[r.DOF.Gather.RingCount:4                 ; medium number of samples when gathering]]
[2022.08.16-14.41.09:055][  0]LogConfig: Setting CVar [[r.DOF.Scatter.ForegroundCompositing:1    ; additive foreground scattering]]
[2022.08.16-14.41.09:055][  0]LogConfig: Setting CVar [[r.DOF.Scatter.BackgroundCompositing:2    ; additive background scattering]]
[2022.08.16-14.41.09:055][  0]LogConfig: Setting CVar [[r.DOF.Scatter.EnableBokehSettings:1      ; bokeh simulation when scattering]]
[2022.08.16-14.41.09:055][  0]LogConfig: Setting CVar [[r.DOF.Scatter.MaxSpriteRatio:0.1         ; only a maximum of 10% of scattered bokeh]]
[2022.08.16-14.41.09:055][  0]LogConfig: Setting CVar [[r.DOF.Recombine.Quality:1                ; cheap slight out of focus]]
[2022.08.16-14.41.09:055][  0]LogConfig: Setting CVar [[r.DOF.Recombine.EnableBokehSettings:0    ; no bokeh simulation on slight out of focus]]
[2022.08.16-14.41.09:056][  0]LogConfig: Setting CVar [[r.DOF.TemporalAAQuality:1                ; more stable temporal accumulation]]
[2022.08.16-14.41.09:056][  0]LogConfig: Setting CVar [[r.DOF.Kernel.MaxForegroundRadius:0.025]]
[2022.08.16-14.41.09:056][  0]LogConfig: Setting CVar [[r.DOF.Kernel.MaxBackgroundRadius:0.025]]
[2022.08.16-14.41.09:056][  0]LogConfig: Applying CVar settings from Section [TextureQuality@3] File [C:/Users/Sagi/Documents/Unreal Projects/TwoDSSG 4.27/Saved/Config/Windows/Scalability.ini]
[2022.08.16-14.41.09:056][  0]LogConfig: Setting CVar [[r.Streaming.MipBias:0]]
[2022.08.16-14.41.09:056][  0]LogConfig: Setting CVar [[r.Streaming.AmortizeCPUToGPUCopy:0]]
[2022.08.16-14.41.09:056][  0]LogConfig: Setting CVar [[r.Streaming.MaxNumTexturesToStreamPerFrame:0]]
[2022.08.16-14.41.09:056][  0]LogConfig: Setting CVar [[r.Streaming.Boost:1]]
[2022.08.16-14.41.09:056][  0]LogConfig: Setting CVar [[r.MaxAnisotropy:8]]
[2022.08.16-14.41.09:056][  0]LogConfig: Setting CVar [[r.VT.MaxAnisotropy:8]]
[2022.08.16-14.41.09:056][  0]LogConfig: Setting CVar [[r.Streaming.LimitPoolSizeToVRAM:0]]
[2022.08.16-14.41.09:056][  0]LogConfig: Setting CVar [[r.Streaming.PoolSize:1000]]
[2022.08.16-14.41.09:056][  0]LogConfig: Setting CVar [[r.Streaming.MaxEffectiveScreenSize:0]]
[2022.08.16-14.41.09:056][  0]LogConfig: Applying CVar settings from Section [EffectsQuality@3] File [C:/Users/Sagi/Documents/Unreal Projects/TwoDSSG 4.27/Saved/Config/Windows/Scalability.ini]
[2022.08.16-14.41.09:056][  0]LogConfig: Setting CVar [[r.TranslucencyLightingVolumeDim:64]]
[2022.08.16-14.41.09:056][  0]LogConfig: Setting CVar [[r.RefractionQuality:2]]
[2022.08.16-14.41.09:057][  0]LogConfig: Setting CVar [[r.SSR.Quality:3]]
[2022.08.16-14.41.09:057][  0]LogConfig: Setting CVar [[r.SSR.HalfResSceneColor:0]]
[2022.08.16-14.41.09:057][  0]LogConfig: Setting CVar [[r.SceneColorFormat:4]]
[2022.08.16-14.41.09:057][  0]LogConfig: Setting CVar [[r.DetailMode:2]]
[2022.08.16-14.41.09:057][  0]LogConfig: Setting CVar [[r.TranslucencyVolumeBlur:1]]
[2022.08.16-14.41.09:057][  0]LogConfig: Setting CVar [[r.MaterialQualityLevel:1 ; High quality]]
[2022.08.16-14.41.09:057][  0]LogConfig: Setting CVar [[r.AnisotropicMaterials:1]]
[2022.08.16-14.41.09:057][  0]LogConfig: Setting CVar [[r.SSS.Scale:1]]
[2022.08.16-14.41.09:057][  0]LogConfig: Setting CVar [[r.SSS.SampleSet:2]]
[2022.08.16-14.41.09:057][  0]LogConfig: Setting CVar [[r.SSS.Quality:1]]
[2022.08.16-14.41.09:057][  0]LogConfig: Setting CVar [[r.SSS.HalfRes:0]]
[2022.08.16-14.41.09:057][  0]LogConfig: Setting CVar [[r.SSGI.Quality:3]]
[2022.08.16-14.41.09:057][  0]LogConfig: Setting CVar [[r.EmitterSpawnRateScale:1.0]]
[2022.08.16-14.41.09:057][  0]LogConfig: Setting CVar [[r.ParticleLightQuality:2]]
[2022.08.16-14.41.09:057][  0]LogConfig: Setting CVar [[r.SkyAtmosphere.AerialPerspectiveLUT.FastApplyOnOpaque:1 ; Always have FastSkyLUT 1 in this case to avoid wrong sky]]
[2022.08.16-14.41.09:058][  0]LogConfig: Setting CVar [[r.SkyAtmosphere.AerialPerspectiveLUT.SampleCountMaxPerSlice:4]]
[2022.08.16-14.41.09:058][  0]LogConfig: Setting CVar [[r.SkyAtmosphere.AerialPerspectiveLUT.DepthResolution:16.0]]
[2022.08.16-14.41.09:058][  0]LogConfig: Setting CVar [[r.SkyAtmosphere.FastSkyLUT:1]]
[2022.08.16-14.41.09:058][  0]LogConfig: Setting CVar [[r.SkyAtmosphere.FastSkyLUT.SampleCountMin:4.0]]
[2022.08.16-14.41.09:058][  0]LogConfig: Setting CVar [[r.SkyAtmosphere.FastSkyLUT.SampleCountMax:128.0]]
[2022.08.16-14.41.09:058][  0]LogConfig: Setting CVar [[r.SkyAtmosphere.SampleCountMin:4.0]]
[2022.08.16-14.41.09:058][  0]LogConfig: Setting CVar [[r.SkyAtmosphere.SampleCountMax:128.0]]
[2022.08.16-14.41.09:058][  0]LogConfig: Setting CVar [[r.SkyAtmosphere.TransmittanceLUT.UseSmallFormat:0]]
[2022.08.16-14.41.09:058][  0]LogConfig: Setting CVar [[r.SkyAtmosphere.TransmittanceLUT.SampleCount:10.0]]
[2022.08.16-14.41.09:058][  0]LogConfig: Setting CVar [[r.SkyAtmosphere.MultiScatteringLUT.SampleCount:15.0]]
[2022.08.16-14.41.09:058][  0]LogConfig: Setting CVar [[r.SkyLight.RealTimeReflectionCapture:1]]
[2022.08.16-14.41.09:058][  0]LogConfig: Applying CVar settings from Section [FoliageQuality@3] File [C:/Users/Sagi/Documents/Unreal Projects/TwoDSSG 4.27/Saved/Config/Windows/Scalability.ini]
[2022.08.16-14.41.09:058][  0]LogConfig: Setting CVar [[foliage.DensityScale:1.0]]
[2022.08.16-14.41.09:058][  0]LogConfig: Setting CVar [[grass.DensityScale:1.0]]
[2022.08.16-14.41.09:058][  0]LogConfig: Applying CVar settings from Section [ShadingQuality@3] File [C:/Users/Sagi/Documents/Unreal Projects/TwoDSSG 4.27/Saved/Config/Windows/Scalability.ini]
[2022.08.16-14.41.09:058][  0]LogConfig: Setting CVar [[r.HairStrands.SkyLighting.IntegrationType:2]]
[2022.08.16-14.41.09:059][  0]LogConfig: Setting CVar [[r.HairStrands.SkyAO.SampleCount:4]]
[2022.08.16-14.41.09:059][  0]LogConfig: Setting CVar [[r.HairStrands.Visibility.MSAA.SamplePerPixel:4]]
[2022.08.16-14.41.09:059][  0]LogConfig: Applying CVar settings from Section [Startup] File [../../../Engine/Config/ConsoleVariables.ini]
[2022.08.16-14.41.09:059][  0]LogConfig: Setting CVar [[net.UseAdaptiveNetUpdateFrequency:0]]
[2022.08.16-14.41.09:059][  0]LogConfig: Setting CVar [[p.chaos.AllowCreatePhysxBodies:1]]
[2022.08.16-14.41.09:059][  0]LogConfig: Setting CVar [[fx.SkipVectorVMBackendOptimizations:1]]
[2022.08.16-14.41.09:059][  0]LogConfig: Applying CVar settings from Section [ConsoleVariables] File [C:/Users/Sagi/Documents/Unreal Projects/TwoDSSG 4.27/Saved/Config/Windows/Engine.ini]
[2022.08.16-14.41.09:059][  0]LogConfig: Applying CVar settings from Section [ConsoleVariables] File [C:/Users/Sagi/Documents/Unreal Projects/TwoDSSG 4.27/Saved/Config/Windows/Editor.ini]
[2022.08.16-14.41.09:061][  0]LogInit: Computer: DESKTOP-B63J4BI
[2022.08.16-14.41.09:061][  0]LogInit: User: Sagi
[2022.08.16-14.41.09:061][  0]LogInit: CPU Page size=4096, Cores=6
[2022.08.16-14.41.09:061][  0]LogInit: High frequency timer resolution =10.000000 MHz
[2022.08.16-14.41.09:062][  0]LogMemory: Memory total: Physical=15.9GB (16GB approx)
[2022.08.16-14.41.09:062][  0]LogMemory: Platform Memory Stats for Windows
[2022.08.16-14.41.09:062][  0]LogMemory: Process Physical Memory: 145.03 MB used, 145.03 MB peak
[2022.08.16-14.41.09:062][  0]LogMemory: Process Virtual Memory: 124.87 MB used, 124.87 MB peak
[2022.08.16-14.41.09:062][  0]LogMemory: Physical Memory: 10464.12 MB used,  5855.50 MB free, 16319.62 MB total
[2022.08.16-14.41.09:062][  0]LogMemory: Virtual Memory: 134210680.00 MB used,  7045.38 MB free, 134217728.00 MB total
[2022.08.16-14.41.09:069][  0]LogWindows: WindowsPlatformFeatures enabled
[2022.08.16-14.41.09:450][  0]LogInit: Physics initialised using underlying interface: PhysX
[2022.08.16-14.41.09:453][  0]LogInit: Using OS detected language (en-US).
[2022.08.16-14.41.09:454][  0]LogInit: Using OS detected locale (en-US).
[2022.08.16-14.41.09:463][  0]LogTextLocalizationManager: No specific localization for 'en-US' exists, so the 'en' localization will be used.
[2022.08.16-14.41.09:826][  0]LogInit: Setting process to per monitor DPI aware
[2022.08.16-14.41.09:874][  0]LogWindowsTextInputMethodSystem: Display: IME system deactivated.
[2022.08.16-14.41.09:970][  0]LogSlate: New Slate User Created.  User Index 0, Is Virtual User: 0
[2022.08.16-14.41.09:970][  0]LogSlate: Slate User Registered.  User Index 0, Is Virtual User: 0
[2022.08.16-14.41.12:895][  0]LogD3D11RHI: Loaded GFSDK_Aftermath_Lib.x64.dll
[2022.08.16-14.41.12:904][  0]LogHMD: Failed to initialize OpenVR with code 110
[2022.08.16-14.41.12:904][  0]LogD3D11RHI: D3D11 min allowed feature level: 11_0
[2022.08.16-14.41.12:904][  0]LogD3D11RHI: D3D11 max allowed feature level: 11_0
[2022.08.16-14.41.12:905][  0]LogD3D11RHI: D3D11 adapters:
[2022.08.16-14.41.13:025][  0]LogD3D11RHI:    0. 'NVIDIA GeForce RTX 3070' (Feature Level 11_0)
[2022.08.16-14.41.13:025][  0]LogD3D11RHI:       8043/0/8159 MB DedicatedVideo/DedicatedSystem/SharedSystem, Outputs:2, VendorId:0x10de
[2022.08.16-14.41.13:032][  0]LogD3D11RHI:    1. 'Microsoft Basic Render Driver' (Feature Level 11_0)
[2022.08.16-14.41.13:032][  0]LogD3D11RHI:       0/0/8159 MB DedicatedVideo/DedicatedSystem/SharedSystem, Outputs:0, VendorId:0x1414
[2022.08.16-14.41.13:032][  0]LogD3D11RHI: Chosen D3D11 Adapter:
[2022.08.16-14.41.13:032][  0]LogD3D11RHI:     Description : NVIDIA GeForce RTX 3070
[2022.08.16-14.41.13:032][  0]LogD3D11RHI:     VendorId    : 10de
[2022.08.16-14.41.13:033][  0]LogD3D11RHI:     DeviceId    : 2484
[2022.08.16-14.41.13:033][  0]LogD3D11RHI:     SubSysId    : 146b10de
[2022.08.16-14.41.13:033][  0]LogD3D11RHI:     Revision    : 00a1
[2022.08.16-14.41.13:033][  0]LogD3D11RHI:     DedicatedVideoMemory : 8433696768 bytes
[2022.08.16-14.41.13:033][  0]LogD3D11RHI:     DedicatedSystemMemory : 0 bytes
[2022.08.16-14.41.13:033][  0]LogD3D11RHI:     SharedSystemMemory : 8556181504 bytes
[2022.08.16-14.41.13:033][  0]LogD3D11RHI:     AdapterLuid : 0 41225
[2022.08.16-14.41.13:041][  0]LogD3D11RHI: Creating new Direct3DDevice
[2022.08.16-14.41.13:042][  0]LogD3D11RHI:     GPU DeviceId: 0x2484 (for the marketing name, search the web for "GPU Device Id")
[2022.08.16-14.41.13:042][  0]LogWindows: EnumDisplayDevices:
[2022.08.16-14.41.13:042][  0]LogWindows:    0. 'NVIDIA GeForce RTX 3070' (P:0 D:1)
[2022.08.16-14.41.13:042][  0]LogWindows:    1. 'NVIDIA GeForce RTX 3070' (P:1 D:1)
[2022.08.16-14.41.13:043][  0]LogWindows:    2. 'NVIDIA GeForce RTX 3070' (P:0 D:0)
[2022.08.16-14.41.13:043][  0]LogWindows:    3. 'NVIDIA GeForce RTX 3070' (P:0 D:0)
[2022.08.16-14.41.13:043][  0]LogWindows: DebugString: FoundDriverCount:4 
[2022.08.16-14.41.13:043][  0]LogD3D11RHI:     Adapter Name: NVIDIA GeForce RTX 3070
[2022.08.16-14.41.13:043][  0]LogD3D11RHI:   Driver Version: 512.15 (internal:30.0.15.1215, unified:512.15)
[2022.08.16-14.41.13:043][  0]LogD3D11RHI:      Driver Date: 3-17-2022
[2022.08.16-14.41.13:044][  0]LogRHI: Texture pool is 5630 MB (70% of 8043 MB)
[2022.08.16-14.41.13:044][  0]LogD3D11RHI: Creating D3DDevice using adapter:
[2022.08.16-14.41.13:044][  0]LogD3D11RHI:     Description : NVIDIA GeForce RTX 3070
[2022.08.16-14.41.13:044][  0]LogD3D11RHI:     VendorId    : 10de
[2022.08.16-14.41.13:044][  0]LogD3D11RHI:     DeviceId    : 2484
[2022.08.16-14.41.13:044][  0]LogD3D11RHI:     SubSysId    : 146b10de
[2022.08.16-14.41.13:044][  0]LogD3D11RHI:     Revision    : 00a1
[2022.08.16-14.41.13:044][  0]LogD3D11RHI:     DedicatedVideoMemory : 8433696768 bytes
[2022.08.16-14.41.13:044][  0]LogD3D11RHI:     DedicatedSystemMemory : 0 bytes
[2022.08.16-14.41.13:044][  0]LogD3D11RHI:     SharedSystemMemory : 8556181504 bytes
[2022.08.16-14.41.13:044][  0]LogD3D11RHI:     AdapterLuid : 0 41225
[2022.08.16-14.41.13:121][  0]LogD3D11RHI: RHI has support for 64 bit atomics
[2022.08.16-14.41.13:122][  0]LogD3D11RHI: Async texture creation enabled
[2022.08.16-14.41.13:122][  0]LogD3D11RHI: Array index from any shader is supported
[2022.08.16-14.41.13:171][  0]LogD3D11RHI: GPU Timing Frequency: 1000.000000 (Debug: 2 1)
[2022.08.16-14.41.13:281][  0]LogRHI: GeForceNow SDK initialized: 1
[2022.08.16-14.41.13:960][  0]LogTargetPlatformManager: Display: Loaded TargetPlatform 'AllDesktop'
[2022.08.16-14.41.14:013][  0]LogTargetPlatformManager: Display: Loaded TargetPlatform 'Android'
[2022.08.16-14.41.14:013][  0]LogTargetPlatformManager: Display: Loaded TargetPlatform 'Android_ASTC'
[2022.08.16-14.41.14:013][  0]LogTargetPlatformManager: Display: Loaded TargetPlatform 'Android_DXT'
[2022.08.16-14.41.14:013][  0]LogTargetPlatformManager: Display: Loaded TargetPlatform 'Android_ETC2'
[2022.08.16-14.41.14:013][  0]LogTargetPlatformManager: Display: Loaded TargetPlatform 'AndroidClient'
[2022.08.16-14.41.14:013][  0]LogTargetPlatformManager: Display: Loaded TargetPlatform 'Android_ASTCClient'
[2022.08.16-14.41.14:013][  0]LogTargetPlatformManager: Display: Loaded TargetPlatform 'Android_DXTClient'
[2022.08.16-14.41.14:013][  0]LogTargetPlatformManager: Display: Loaded TargetPlatform 'Android_ETC2Client'
[2022.08.16-14.41.14:013][  0]LogTargetPlatformManager: Display: Loaded TargetPlatform 'Android_Multi'
[2022.08.16-14.41.14:013][  0]LogTargetPlatformManager: Display: Loaded TargetPlatform 'Android_MultiClient'
[2022.08.16-14.41.14:110][  0]LogTargetPlatformManager: Display: Loaded TargetPlatform 'IOSClient'
[2022.08.16-14.41.14:110][  0]LogTargetPlatformManager: Display: Loaded TargetPlatform 'IOS'
[2022.08.16-14.41.14:166][  0]LogTargetPlatformManager: Display: Loaded TargetPlatform 'Lumin'
[2022.08.16-14.41.14:166][  0]LogTargetPlatformManager: Display: Loaded TargetPlatform 'LuminClient'
[2022.08.16-14.41.14:199][  0]LogTargetPlatformManager: Display: Loaded TargetPlatform 'MacNoEditor'
[2022.08.16-14.41.14:229][  0]LogTargetPlatformManager: Display: Loaded TargetPlatform 'Mac'
[2022.08.16-14.41.14:259][  0]LogTargetPlatformManager: Display: Loaded TargetPlatform 'MacClient'
[2022.08.16-14.41.14:288][  0]LogTargetPlatformManager: Display: Loaded TargetPlatform 'MacServer'
[2022.08.16-14.41.14:321][  0]LogTargetPlatformManager: Display: Loaded TargetPlatform 'TVOSClient'
[2022.08.16-14.41.14:321][  0]LogTargetPlatformManager: Display: Loaded TargetPlatform 'TVOS'
[2022.08.16-14.41.14:357][  0]LogTargetPlatformManager: Display: Loaded TargetPlatform 'WindowsNoEditor'
[2022.08.16-14.41.14:388][  0]LogTargetPlatformManager: Display: Loaded TargetPlatform 'Windows'
[2022.08.16-14.41.14:419][  0]LogTargetPlatformManager: Display: Loaded TargetPlatform 'WindowsClient'
[2022.08.16-14.41.14:448][  0]LogTargetPlatformManager: Display: Loaded TargetPlatform 'WindowsServer'
[2022.08.16-14.41.14:448][  0]LogTargetPlatformManager: Display: Building Assets For Windows
[2022.08.16-14.41.14:548][  0]LogAudioDebug: Display: Lib vorbis DLL was dynamically loaded.
[2022.08.16-14.41.14:838][  0]LogTextureFormatOodle: Display: Oodle Texture 2.9.0 init RDO Off
[2022.08.16-14.41.15:209][  0]LogRendererCore: Ray tracing is disabled. Reason: r.RayTracing=0.
[2022.08.16-14.41.15:211][  0]LogShaderCompilers: Guid format shader working directory is -23 characters bigger than the processId version (../../../../../../Users/Sagi/Documents/Unreal Projects/TwoDSSG 4.27/Intermediate/Shaders/WorkingDirectory/12788/).
[2022.08.16-14.41.15:211][  0]LogShaderCompilers: Cleaned the shader compiler working directory 'C:/Users/Sagi/AppData/Local/Temp/UnrealShaderWorkingDir/2D445150437951882DD3FD9C7F134DB9/'.
[2022.08.16-14.41.15:212][  0]LogXGEController: Cannot use XGE Controller as Incredibuild is not installed on this machine.
[2022.08.16-14.41.15:212][  0]LogShaderCompilers: Cannot use XGE Shader Compiler as Incredibuild is not installed on this machine.
[2022.08.16-14.41.15:213][  0]LogShaderCompilers: Display: Using Local Shader Compiler.
[2022.08.16-14.41.18:553][  0]LogDerivedDataCache: Display: Max Cache Size: 512 MB
[2022.08.16-14.41.18:690][  0]LogDerivedDataCache: Loaded boot cache 0.14s 94MB ../../../../../../Users/Sagi/Documents/Unreal Projects/TwoDSSG 4.27/DerivedDataCache/Boot.ddc.
[2022.08.16-14.41.18:690][  0]LogDerivedDataCache: Display: Loaded Boot cache: ../../../../../../Users/Sagi/Documents/Unreal Projects/TwoDSSG 4.27/DerivedDataCache/Boot.ddc
[2022.08.16-14.41.18:690][  0]LogDerivedDataCache: FDerivedDataBackendGraph:  Pak pak cache file ../../../../../../Users/Sagi/Documents/Unreal Projects/TwoDSSG 4.27/DerivedDataCache/DDC.ddp not found, will not use a pak cache.
[2022.08.16-14.41.18:691][  0]LogDerivedDataCache: Unable to find inner node Pak for hierarchical cache Hierarchy.
[2022.08.16-14.41.18:691][  0]LogDerivedDataCache: FDerivedDataBackendGraph:  EnginePak pak cache file ../../../Engine/DerivedDataCache/DDC.ddp not found, will not use a pak cache.
[2022.08.16-14.41.18:691][  0]LogDerivedDataCache: Unable to find inner node EnginePak for hierarchical cache Hierarchy.
[2022.08.16-14.41.18:704][  0]LogDerivedDataCache: Speed tests for ../../../Engine/DerivedDataCache took 0.01 seconds
[2022.08.16-14.41.18:704][  0]LogDerivedDataCache: Display: Performance to ../../../Engine/DerivedDataCache: Latency=0.08ms. RandomReadSpeed=134.84MBs, RandomWriteSpeed=159.77MBs. Assigned SpeedClass 'Local'
[2022.08.16-14.41.18:706][  0]LogDerivedDataCache: Using Local data cache path ../../../Engine/DerivedDataCache: Writable
[2022.08.16-14.41.18:706][  0]LogDerivedDataCache: Shared data cache path not found in *engine.ini, will not use an Shared cache.
[2022.08.16-14.41.18:706][  0]LogDerivedDataCache: Unable to find inner node Shared for hierarchical cache Hierarchy.
[2022.08.16-14.41.18:761][  0]LogSlate: Using FreeType 2.10.0
[2022.08.16-14.41.18:780][  0]LogSlate: SlateFontServices - WITH_FREETYPE: 1, WITH_HARFBUZZ: 1
[2022.08.16-14.41.18:846][  0]LogAssetRegistry: FAssetRegistry took 0.0089 seconds to start up
[2022.08.16-14.41.19:325][  0]LogInit: Selected Device Profile: [Windows]
[2022.08.16-14.41.19:325][  0]LogInit: Active device profile: [0000011B4B77AF00][0000011B49197480 49] Windows
[2022.08.16-14.41.19:325][  0]LogInit: Profiles: [0000011B4B77AF00][0000011B49197480 49] Windows, [0000011B4B715700][0000011B48DD3600 49] WindowsNoEditor, [0000011B4B778C00][0000011B48DCF780 49] WindowsServer, [0000011B4B717300][0000011B48DCB900 49] WindowsClient, [0000011B4B778F00][0000011B48DC7A80 49] IOS, [0000011B4B715E00][0000011B48DADC00 49] iPadAir, [0000011B4B77BD00][0000011B495AC200 49] iPadAir2, [0000011B4B6C4C00][0000011B495964C0 49] IPadPro, [0000011B4B6C4D00][0000011B4959A500 49] iPadAir3, [0000011B4B716F00][0000011B48DDC640 49] iPadAir4, [0000011B4B6C7600][0000011B49592780 49] iPadMini2, [0000011B4B716200][0000011B4958E8C0 49] iPadMini3, [0000011B4B6C7800][0000011B49586A40 49] iPadMini4, [0000011B4B714600][0000011B49582BC0 49] iPadMini5, [0000011B4B6CC400][0000011B4957AE80 49] iPhone6, [0000011B4B6CC500][0000011B4957EEC0 49] iPodTouch6, [0000011B4B778700][0000011B49573180 49] iPhone7, [0000011B4B77BB00][0000011B495771C0 49] iPodTouch7, [0000011B4B6CFC00][0000011B4956F340 49] iPhone5S, [0000011B4B6C4600][0000011B4956B4C0 49] iPhone6Plus, [0000011B4B6CE300][0000011B49567640 49] iPhone6S, [0000011B4B6C5100][0000011B495637C0 49] iPhone6SPlus, [0000011B4B6CF900][0000011B4955F940 49] iPhone7Plus, [0000011B4B6C7500][0000011B4955BAC0 49] iPhoneSE, [0000011B4B778E00][0000011B495560C0 49] iPhone8, [0000011B4B6C4400][0000011B49552240 49] iPhone8Plus, [0000011B4B779B00][0000011B4931C3C0 49] iPhoneX, [0000011B4B6C5000][0000011B49318540 49] iPhoneXS, [0000011B4B77B200][0000011B493146C0 49] iPhoneXSMax, [0000011B4B6C6000][0000011B4958A800 49] iPhoneXR, [0000011B4B778100][0000011B486A4940 49] iPhone11, [0000011B4B6C4B00][0000011B414D0A80 49] iPhone11Pro, [0000011B4B778800][0000011B49192BC0 49] iPhone11ProMax, [0000011B4B6C7700][0000011B48E10D40 49] iPhoneSE2, [0000011B4B778600][0000011B48E14EC0 49] iPhone12Mini, [0000011B4B6C4E00][0000011B4CA7B040 49] iPhone12, [0000011B4B779F00][0000011B4CA7F1C0 49] iPhone12Pro, [0000011B4B6C7100][0000011B4CA83340 49] iPhone12ProMax, [0000011B4B778400][0000011B4CA874C0 49] iPadPro105, [0000011B4B6C7D00][0000011B4CA8B640 49] iPadPro129, [0000011B4B77A900][0000011B4925F7C0 49] iPadPro97, [0000011B4B6C7400][0000011B49263940 49] iPadPro2_129, [0000011B4B77BC00][0000011B49267AC0 49] iPad5, [0000011B4B6C5D00][0000011B4926A0C0 49] iPad6, [0000011B4B779A00][0000011B4926E240 49] iPad7, [0000011B4B6C4900][0000011B492723C0 49] iPad8, [0000011B4B77A300][0000011B49276540 49] iPadPro11, [0000011B4B6C6500][0000011B4927A6C0 49] iPadPro2_11, [0000011B4B779D00][0000011B3E22A840 49] iPadPro3_129, [0000011B4B6C6600][0000011B4919A980 49] iPadPro4_129, [0000011B4B778B00][0000011B3E22EAC0 49] AppleTV, [0000011B4B6C7C00][0000011B3E232C00 49] AppleTV4K, [0000011B4B77AC00][0000011B3E236D40 49] TVOS, [0000011B4B6C4100][0000011B3E23EEC0 49] Mac, [0000011B4B779300][0000011B3E243040 49] MacClient, [0000011B4B6C6800][0000011B3E2471C0 49] MacNoEditor, [0000011B4B77B800][0000011B3E24B340 49] MacServer, [0000011B4B6C6400][0000011B3E24F4C0 49] Linux, [0000011B4B779100][0000011B3E253640 49] LinuxAArch64, [0000011B4B6C7A00][0000011B3E2577C0 49] LinuxNoEditor, [0000011B4B77A000][0000011B3E25B940 49] LinuxAArch64NoEditor, [0000011B4B6C7F00][0000011B3E25FAC0 49] LinuxClient, [0000011B4B779400][0000011B491B00C0 49] LinuxAArch64Client, [0000011B4B6C4A00][0000011B491B4240 49] LinuxServer, [0000011B4B77B400][0000011B491B83C0 49] LinuxAArch64Server, [0000011B4B6C6900][0000011B491BC540 49] Android, [0000011B4B77A200][0000011B491C06C0 49] Android_Low, [0000011B4B6C6A00][0000011B491C4840 49] Android_Mid, [0000011B4B77A600][0000011B491C89C0 49] Android_High, [0000011B4B715F00][0000011B491CCB40 49] Android_Default, [0000011B4B6CCF00][0000011B3E23AC80 49] Android_Adreno4xx, [0000011B4B716600][0000011B491D0DC0 49] Android_Adreno5xx_Low, [0000011B4B6CEA00][0000011B491D4F00 49] Android_Adreno5xx, [0000011B4B714200][0000011B491DD080 49] Android_Adreno6xx, [0000011B4B6CEF00][0000011B491E1200 49] Android_Adreno6xx_Vulkan, [0000011B4B717000][0000011B491E5380 49] Android_Mali_T6xx, [0000011B4B6CC900][0000011B49157500 49] Android_Mali_T7xx, [0000011B4B714700][0000011B4915B680 49] Android_Mali_T8xx, [0000011B4B6CEC00][0000011B4915F800 49] Android_Mali_G71, [0000011B4B717E00][0000011B49163980 49] Android_Mali_G72, [0000011B4B6CDE00][0000011B49167B00 49] Android_Mali_G72_Vulkan, [0000011B4B715100][0000011B4916A100 49] Android_Mali_G76, [0000011B4B6CCC00][0000011B4916E280 49] Android_Mali_G76_Vulkan, [0000011B4B716C00][0000011B49172400 49] Android_Mali_G77, [0000011B4B6CE000][0000011B49176580 49] Android_Mali_G77_Vulkan, [0000011B4B717D00][0000011B4917A700 49] Android_Mali_G78, [0000011B4B6CE400][0000011B4917E880 49] Android_Mali_G78_Vulkan, [0000011B4B717900][0000011B49182A00 49] Android_Mali_G710, [0000011B4B6CF000][0000011B49186B80 49] Android_Mali_G710_Vulkan, [0000011B4B717500][0000011B4918AD00 49] Android_Vulkan_SM5, [0000011B4B6CFD00][0000011B491D8E40 49] Android_PowerVR_G6xxx, [0000011B4B717100][0000011B4918EF80 49] Android_PowerVR_GT7xxx, [0000011B4B6CEE00][0000011B462190C0 49] Android_PowerVR_GE8xxx, [0000011B4B716B00][0000011B46221240 49] Android_PowerVR_GM9xxx, [0000011B4B6CEB00][0000011B462253C0 49] Android_PowerVR_GM9xxx_Vulkan, [0000011B4B715900][0000011B46229540 49] Android_TegraK1, [0000011B4B6CE600][0000011B4622D6C0 49] Android_Unknown_Vulkan, [0000011B4B717700][0000011B46231840 49] Lumin, [0000011B4B6CD700][0000011B462359C0 49] Lumin_Desktop, [0000011B4B716500][0000011B46239B40 49] HoloLens, 
[2022.08.16-14.41.19:890][  0]LogMeshReduction: Using QuadricMeshReduction for automatic static mesh reduction
[2022.08.16-14.41.19:890][  0]LogMeshReduction: Using SimplygonMeshReduction for automatic skeletal mesh reduction
[2022.08.16-14.41.19:890][  0]LogMeshReduction: Using ProxyLODMeshReduction for automatic mesh merging
[2022.08.16-14.41.19:890][  0]LogMeshReduction: No distributed automatic mesh merging module available
[2022.08.16-14.41.19:891][  0]LogMeshMerging: No distributed automatic mesh merging module available
[2022.08.16-14.41.19:978][  0]LogNetVersion: TwoDSSG 1.0.0, NetCL: 0, EngineNetVer: 17, GameNetVer: 0 (Checksum: 2164445238)
[2022.08.16-14.41.21:230][  0]LogTexture: Default maximum texture size for cubemaps generated from long-lat sources has been changed from 512 to unlimited. In order to preserve old behaiour for '/Engine/MapTemplates/Sky/DaylightAmbientCubemap.DaylightAmbientCubemap', its maximum texture size has been explicitly set to 512.
[2022.08.16-14.41.21:405][  0]LogHMD: PokeAHoleMaterial loaded successfully
[2022.08.16-14.41.21:417][  0]LogUObjectArray: 17164 objects as part of root set at end of initial load.
[2022.08.16-14.41.21:418][  0]LogUObjectAllocator: 4298528 out of 0 bytes used by permanent object pool.
[2022.08.16-14.41.21:418][  0]LogUObjectArray: CloseDisregardForGC: 0/0 objects in disregard for GC pool
[2022.08.16-14.41.23:632][  0]LogPython: Using Python 3.7.7
[2022.08.16-14.41.25:059][  0]LogNiagaraDebuggerClient: Niagara Debugger Client Initialized | Session: A4031D77491D09808CB64599EA377026 | Instance: 2787E3144A8C51BF760357BF1168DE79 (DESKTOP-B63J4BI-12788).
[2022.08.16-14.41.25:411][  0]LogTcpMessaging: Initializing TcpMessaging bridge
[2022.08.16-14.41.25:446][  0]LogUdpMessaging: Initializing bridge on interface 0.0.0.0:0 to multicast group 230.0.0.1:6666.
[2022.08.16-14.41.26:632][  0]SourceControl: Source control is disabled
[2022.08.16-14.41.26:632][  0]SourceControl: Source control is disabled
[2022.08.16-14.41.26:709][  0]SourceControl: Source control is disabled
[2022.08.16-14.41.26:741][  0]SourceControl: Source control is disabled
[2022.08.16-14.41.26:838][  0]SourceControl: Source control is disabled
[2022.08.16-14.41.26:893][  0]LogUProjectInfo: Found projects:
[2022.08.16-14.41.28:420][  0]LogOpenImageDenoise: OIDN starting up
[2022.08.16-14.41.28:772][  0]LogAndroidPermission: UAndroidPermissionCallbackProxy::GetInstance
[2022.08.16-14.41.28:960][  0]LogAudioCaptureCore: Display: No Audio Capture implementations found. Audio input will be silent.
[2022.08.16-14.41.28:960][  0]LogAudioCaptureCore: Display: No Audio Capture implementations found. Audio input will be silent.
[2022.08.16-14.41.29:889][  0]LogCollectionManager: Loaded 0 collections in 0.003611 seconds
[2022.08.16-14.41.29:899][  0]LogFileCache: Scanning file cache for directory 'C:/Users/Sagi/Documents/Unreal Projects/TwoDSSG 4.27/Saved/Collections/' took 0.00s
[2022.08.16-14.41.29:899][  0]LogFileCache: Scanning file cache for directory 'C:/Users/Sagi/Documents/Unreal Projects/TwoDSSG 4.27/Content/Developers/Sagi/Collections/' took 0.00s
[2022.08.16-14.41.29:899][  0]LogFileCache: Scanning file cache for directory 'C:/Users/Sagi/Documents/Unreal Projects/TwoDSSG 4.27/Content/Collections/' took 0.00s
[2022.08.16-14.41.30:032][  0]LogOcInput: OculusInput pre-init called
[2022.08.16-14.41.30:613][  0]LogEngine: Initializing Engine...
[2022.08.16-14.41.30:668][  0]LogHMD: Failed to enumerate extensions. Please check that you have a valid OpenXR runtime installed.
[2022.08.16-14.41.30:668][  0]LogHMD: Failed to initialize OpenVR with code 110
[2022.08.16-14.41.30:669][  0]LogMagicLeap: Warning: VR disabled because ZI is not enabled.  To enable, in the editor, Edit -> Project Settings -> Plugins -> Magic Leap Plugin -> Enable Zero Iteration
[2022.08.16-14.41.30:673][  0]LogStats: UGameplayTagsManager::InitializeManager -  0.001 s
[2022.08.16-14.41.31:112][  0]LogInit: Initializing FReadOnlyCVARCache
[2022.08.16-14.41.31:184][  0]LogAIModule: Creating AISystem for world Untitled
[2022.08.16-14.41.31:195][  0]LogAudio: Display: Initializing Audio Device Manager...
[2022.08.16-14.41.31:224][  0]LogAudio: Display: Loading Default Audio Settings Objects...
[2022.08.16-14.41.31:229][  0]LogAudio: Display: No default SoundConcurrencyObject specified (or failed to load).
[2022.08.16-14.41.31:231][  0]LogAudio: Display: Audio Device Manager Initialized
[2022.08.16-14.41.31:231][  0]LogAudio: Display: Creating Audio Device:                 Id: 1, Scope: Shared, Realtime: True
[2022.08.16-14.41.31:233][  0]LogAudioMixer: Display: Audio Mixer Platform Settings:
[2022.08.16-14.41.31:233][  0]LogAudioMixer: Display: 	Sample Rate:						  48000
[2022.08.16-14.41.31:233][  0]LogAudioMixer: Display: 	Callback Buffer Frame Size Requested: 1024
[2022.08.16-14.41.31:233][  0]LogAudioMixer: Display: 	Callback Buffer Frame Size To Use:	  1024
[2022.08.16-14.41.31:233][  0]LogAudioMixer: Display: 	Number of buffers to queue:			  2
[2022.08.16-14.41.31:233][  0]LogAudioMixer: Display: 	Max Channels (voices):				  32
[2022.08.16-14.41.31:233][  0]LogAudioMixer: Display: 	Number of Async Source Workers:		  0
[2022.08.16-14.41.31:233][  0]LogAudio: Display: AudioDevice MaxSources: 32
[2022.08.16-14.41.31:236][  0]LogAudio: Display: Audio Spatialization Plugin: None (built-in).
[2022.08.16-14.41.31:236][  0]LogAudio: Display: Audio Reverb Plugin: None (built-in).
[2022.08.16-14.41.31:236][  0]LogAudio: Display: Audio Occlusion Plugin: None (built-in).
[2022.08.16-14.41.31:236][  0]LogAudioMixer: Display: Initializing audio mixer.
[2022.08.16-14.41.31:294][  0]LogAudioMixer: Display: 0: FrontLeft
[2022.08.16-14.41.31:294][  0]LogAudioMixer: Display: 1: FrontRight
[2022.08.16-14.41.31:358][  0]LogAudioMixer: Display: Using Audio Device Speakers (Realtek High Definition Audio)
[2022.08.16-14.41.31:362][  0]LogAudioMixer: Display: Initializing Sound Submixes...
[2022.08.16-14.41.31:384][  0]LogAudioMixer: Display: Creating Master Submix 'MasterSubmixDefault'
[2022.08.16-14.41.31:384][  0]LogAudioMixer: Display: Creating Master Submix 'MasterReverbSubmixDefault'
[2022.08.16-14.41.31:386][  0]LogAudioMixer: Display: Creating Master Submix 'MasterEQSubmixDefault'
[2022.08.16-14.41.31:386][  0]LogAudioMixer: FMixerPlatformXAudio2::StartAudioStream() called
[2022.08.16-14.41.31:387][  0]LogAudioMixer: Display: Output buffers initialized: Frames=1024, Channels=2, Samples=2048
[2022.08.16-14.41.31:388][  0]LogAudioMixer: Display: Starting AudioMixerPlatformInterface::RunInternal()
[2022.08.16-14.41.31:388][  0]LogAudioMixer: Display: FMixerPlatformXAudio2::SubmitBuffer() called for the first time
[2022.08.16-14.41.31:389][  0]LogInit: FAudioDevice initialized.
[2022.08.16-14.41.31:389][  0]LogAudio: Display: Audio Device (ID: 1) registered with world 'Untitled'.
[2022.08.16-14.41.31:390][  0]LogNetVersion: Set ProjectVersion to 1.0.0.0. Version Checksum will be recalculated on next use.
[2022.08.16-14.41.31:454][  0]LogDerivedDataCache: Saved boot cache 0.06s 94MB ../../../../../../Users/Sagi/Documents/Unreal Projects/TwoDSSG 4.27/DerivedDataCache/Boot.ddc.
[2022.08.16-14.41.31:455][  0]LogInit: Texture streaming: Enabled
[2022.08.16-14.41.31:540][  0]LogAnalytics: Display: [UEEditor.UnrealEngine.Release] APIServer = https://datarouter.ol.epicgames.com/. AppVersion = 4.27.2-0+++UE4+Release-4.27
[2022.08.16-14.41.31:564][  0]LogEngineSessionManager: EngineSessionManager initialized
[2022.08.16-14.41.31:565][  0]LogEditorSessionSummary: Verbose: Initializing EditorSessionSummaryWriter for editor session tracking
[2022.08.16-14.41.31:568][  0]LogEditorSessionSummary: EditorSessionSummaryWriter initialized
[2022.08.16-14.41.31:657][  0]LogInit: Transaction tracking system initialized
[2022.08.16-14.41.31:867][  0]BlueprintLog: New page: Editor Load
[2022.08.16-14.41.32:422][  0]LocalizationService: Localization service is disabled
[2022.08.16-14.41.32:645][  0]TimingProfiler: Initialize
[2022.08.16-14.41.32:647][  0]TimingProfiler: OnSessionChanged
[2022.08.16-14.41.32:647][  0]LoadingProfiler: Initialize
[2022.08.16-14.41.32:648][  0]LoadingProfiler: OnSessionChanged
[2022.08.16-14.41.32:648][  0]NetworkingProfiler: Initialize
[2022.08.16-14.41.32:648][  0]NetworkingProfiler: OnSessionChanged
[2022.08.16-14.41.32:648][  0]MemoryProfiler: Initialize
[2022.08.16-14.41.32:649][  0]MemoryProfiler: OnSessionChanged
[2022.08.16-14.41.32:678][  0]LogClass: Warning: In asset 'None', there is an enum property of type 'EIOSVersion' with an invalid value of 'IOS_11'
[2022.08.16-14.41.32:678][  0]LogObj: Error: LoadConfig (/Script/IOSRuntimeSettings.Default__IOSRuntimeSettings): import failed for MinimumiOSVersion in: IOS_11
[2022.08.16-14.41.33:539][  0]LogCook: Display: CookSettings for Memory: MemoryMaxUsedVirtual 0MiB, MemoryMaxUsedPhysical 16384MiB, MemoryMinFreeVirtual 0MiB, MemoryMinFreePhysical 1024MiB
[2022.08.16-14.41.33:539][  0]LogCook: Display: Mobile HDR setting 0
[2022.08.16-14.41.34:361][  0]LogFileCache: Scanning file cache for directory 'C:/Users/Sagi/Documents/Unreal Projects/TwoDSSG 4.27/Content/' took 0.05s
[2022.08.16-14.41.35:090][  0]LogInit: Display: Engine is initialized. Leaving FEngineLoop::Init()
[2022.08.16-14.41.35:098][  0]SourceControl: Source control is disabled
[2022.08.16-14.41.35:098][  0]LogUnrealEdMisc: Loading editor; pre map load, took 31.602
[2022.08.16-14.41.35:100][  0]Cmd: MAP LOAD FILE="../../../../../../Users/Sagi/Documents/Unreal Projects/TwoDSSG 4.27/Content/GameSystem/Maps/LoginScreen.umap" TEMPLATE=0 SHOWPROGRESS=1 FEATURELEVEL=3
[2022.08.16-14.41.35:105][  0]LightingResults: New page: Lighting Build
[2022.08.16-14.41.35:110][  0]LogWorld: UWorld::CleanupWorld for Untitled, bSessionEnded=true, bCleanupResources=true
[2022.08.16-14.41.35:112][  0]LogSlate: InvalidateAllWidgets triggered.  All widgets were invalidated
[2022.08.16-14.41.35:114][  0]MapCheck: New page: Map Check
[2022.08.16-14.41.35:114][  0]LightingResults: New page: Lighting Build
[2022.08.16-14.41.35:128][  0]LogAudio: Display: Audio Device unregistered from world 'None'.
[2022.08.16-14.41.35:138][  0]LogUObjectHash: Compacting FUObjectHashTables data took   0.87ms
[2022.08.16-14.41.43:205][  0]LogAudio: Display: Audio Device (ID: 1) registered with world 'LoginScreen'.
[2022.08.16-14.41.43:206][  0]LogAIModule: Creating AISystem for world LoginScreen
[2022.08.16-14.41.43:214][  0]LogEditorServer: Finished looking for orphan Actors (0.000 secs)
[2022.08.16-14.41.43:276][  0]LogUObjectHash: Compacting FUObjectHashTables data took   2.66ms
[2022.08.16-14.41.43:282][  0]Cmd: MAP CHECKDEP NOCLEARLOG
[2022.08.16-14.41.43:283][  0]MapCheck: Map check complete: 0 Error(s), 0 Warning(s), took 0.795ms to complete.
[2022.08.16-14.41.43:284][  0]LogFileHelpers: Loading map 'LoginScreen' took 8.185
[2022.08.16-14.41.43:336][  0]LogUnrealEdMisc: Total Editor Startup Time, took 39.839
[2022.08.16-14.41.43:568][  0]LogSlate: Updating window title bar state: overlay mode, drag disabled, window buttons hidden, title bar hidden
[2022.08.16-14.41.43:574][  0]LogSlate: Updating window title bar state: overlay mode, drag disabled, window buttons hidden, title bar hidden
[2022.08.16-14.41.43:580][  0]LogSlate: Updating window title bar state: overlay mode, drag disabled, window buttons hidden, title bar hidden
[2022.08.16-14.41.43:586][  0]LogSlate: Updating window title bar state: overlay mode, drag disabled, window buttons hidden, title bar hidden
[2022.08.16-14.41.43:629][  0]LogNativeClassHierarchy: Verbose: Native class hierarchy populated in 0.0091 seconds. Added 3821 classes and 926 folders.
[2022.08.16-14.41.43:642][  0]LogNativeClassHierarchy: Verbose: Native class hierarchy updated for 'WidgetCarousel' in 0.0003 seconds. Added 0 classes and 0 folders.
[2022.08.16-14.41.43:678][  0]LogShaderLibrary: Display: ShaderCodeLibraryPakFileMountedCallback: PakFile 'C:/Program Files/Epic Games/UE_4.27.2_source/FeaturePacks/FP_FirstPerson.upack' (chunk index -1, root 'root:/') mounted
[2022.08.16-14.41.43:679][  0]LogShaderLibrary: Display: ShaderCodeLibraryPakFileMountedCallback: pending pak file info (ChunkID:-1 Root:root:/ File:C:/Program Files/Epic Games/UE_4.27.2_source/FeaturePacks/FP_FirstPerson.upack)
[2022.08.16-14.41.43:679][  0]LogPakFile: OnPakFileMounted2Time == 0.001491
[2022.08.16-14.41.43:702][  0]LogShaderLibrary: Display: ShaderCodeLibraryPakFileMountedCallback: PakFile 'C:/Program Files/Epic Games/UE_4.27.2_source/FeaturePacks/FP_FirstPersonBP.upack' (chunk index -1, root 'root:/') mounted
[2022.08.16-14.41.43:702][  0]LogShaderLibrary: Display: ShaderCodeLibraryPakFileMountedCallback: pending pak file info (ChunkID:-1 Root:root:/ File:C:/Program Files/Epic Games/UE_4.27.2_source/FeaturePacks/FP_FirstPersonBP.upack)
[2022.08.16-14.41.43:702][  0]LogPakFile: OnPakFileMounted2Time == 0.000377
[2022.08.16-14.41.43:708][  0]LogShaderLibrary: Display: ShaderCodeLibraryPakFileMountedCallback: PakFile 'C:/Program Files/Epic Games/UE_4.27.2_source/FeaturePacks/MobileStarterContent.upack' (chunk index -1, root 'root:/') mounted
[2022.08.16-14.41.43:708][  0]LogShaderLibrary: Display: ShaderCodeLibraryPakFileMountedCallback: pending pak file info (ChunkID:-1 Root:root:/ File:C:/Program Files/Epic Games/UE_4.27.2_source/FeaturePacks/MobileStarterContent.upack)
[2022.08.16-14.41.43:708][  0]LogPakFile: OnPakFileMounted2Time == 0.000393
[2022.08.16-14.41.43:714][  0]LogShaderLibrary: Display: ShaderCodeLibraryPakFileMountedCallback: PakFile 'C:/Program Files/Epic Games/UE_4.27.2_source/FeaturePacks/StarterContent.upack' (chunk index -1, root 'root:/') mounted
[2022.08.16-14.41.43:714][  0]LogShaderLibrary: Display: ShaderCodeLibraryPakFileMountedCallback: pending pak file info (ChunkID:-1 Root:root:/ File:C:/Program Files/Epic Games/UE_4.27.2_source/FeaturePacks/StarterContent.upack)
[2022.08.16-14.41.43:714][  0]LogPakFile: OnPakFileMounted2Time == 0.000444
[2022.08.16-14.41.43:721][  0]LogShaderLibrary: Display: ShaderCodeLibraryPakFileMountedCallback: PakFile 'C:/Program Files/Epic Games/UE_4.27.2_source/FeaturePacks/TP_2DSideScroller.upack' (chunk index -1, root 'root:/') mounted
[2022.08.16-14.41.43:722][  0]LogShaderLibrary: Display: ShaderCodeLibraryPakFileMountedCallback: pending pak file info (ChunkID:-1 Root:root:/ File:C:/Program Files/Epic Games/UE_4.27.2_source/FeaturePacks/TP_2DSideScroller.upack)
[2022.08.16-14.41.43:722][  0]LogPakFile: OnPakFileMounted2Time == 0.000359
[2022.08.16-14.41.43:728][  0]LogShaderLibrary: Display: ShaderCodeLibraryPakFileMountedCallback: PakFile 'C:/Program Files/Epic Games/UE_4.27.2_source/FeaturePacks/TP_2DSideScrollerBP.upack' (chunk index -1, root 'root:/') mounted
[2022.08.16-14.41.43:728][  0]LogShaderLibrary: Display: ShaderCodeLibraryPakFileMountedCallback: pending pak file info (ChunkID:-1 Root:root:/ File:C:/Program Files/Epic Games/UE_4.27.2_source/FeaturePacks/TP_2DSideScrollerBP.upack)
[2022.08.16-14.41.43:728][  0]LogPakFile: OnPakFileMounted2Time == 0.000266
[2022.08.16-14.41.43:734][  0]LogShaderLibrary: Display: ShaderCodeLibraryPakFileMountedCallback: PakFile 'C:/Program Files/Epic Games/UE_4.27.2_source/FeaturePacks/TP_Flying.upack' (chunk index -1, root 'root:/') mounted
[2022.08.16-14.41.43:734][  0]LogShaderLibrary: Display: ShaderCodeLibraryPakFileMountedCallback: pending pak file info (ChunkID:-1 Root:root:/ File:C:/Program Files/Epic Games/UE_4.27.2_source/FeaturePacks/TP_Flying.upack)
[2022.08.16-14.41.43:734][  0]LogPakFile: OnPakFileMounted2Time == 0.000353
[2022.08.16-14.41.43:741][  0]LogShaderLibrary: Display: ShaderCodeLibraryPakFileMountedCallback: PakFile 'C:/Program Files/Epic Games/UE_4.27.2_source/FeaturePacks/TP_FlyingBP.upack' (chunk index -1, root 'root:/') mounted
[2022.08.16-14.41.43:741][  0]LogShaderLibrary: Display: ShaderCodeLibraryPakFileMountedCallback: pending pak file info (ChunkID:-1 Root:root:/ File:C:/Program Files/Epic Games/UE_4.27.2_source/FeaturePacks/TP_FlyingBP.upack)
[2022.08.16-14.41.43:741][  0]LogPakFile: OnPakFileMounted2Time == 0.000320
[2022.08.16-14.41.43:746][  0]LogShaderLibrary: Display: ShaderCodeLibraryPakFileMountedCallback: PakFile 'C:/Program Files/Epic Games/UE_4.27.2_source/FeaturePacks/TP_Puzzle.upack' (chunk index -1, root 'root:/') mounted
[2022.08.16-14.41.43:747][  0]LogShaderLibrary: Display: ShaderCodeLibraryPakFileMountedCallback: pending pak file info (ChunkID:-1 Root:root:/ File:C:/Program Files/Epic Games/UE_4.27.2_source/FeaturePacks/TP_Puzzle.upack)
[2022.08.16-14.41.43:747][  0]LogPakFile: OnPakFileMounted2Time == 0.000226
[2022.08.16-14.41.43:752][  0]LogShaderLibrary: Display: ShaderCodeLibraryPakFileMountedCallback: PakFile 'C:/Program Files/Epic Games/UE_4.27.2_source/FeaturePacks/TP_PuzzleBP.upack' (chunk index -1, root 'root:/') mounted
[2022.08.16-14.41.43:752][  0]LogShaderLibrary: Display: ShaderCodeLibraryPakFileMountedCallback: pending pak file info (ChunkID:-1 Root:root:/ File:C:/Program Files/Epic Games/UE_4.27.2_source/FeaturePacks/TP_PuzzleBP.upack)
[2022.08.16-14.41.43:753][  0]LogPakFile: OnPakFileMounted2Time == 0.000385
[2022.08.16-14.41.43:759][  0]LogShaderLibrary: Display: ShaderCodeLibraryPakFileMountedCallback: PakFile 'C:/Program Files/Epic Games/UE_4.27.2_source/FeaturePacks/TP_Rolling.upack' (chunk index -1, root 'root:/') mounted
[2022.08.16-14.41.43:759][  0]LogShaderLibrary: Display: ShaderCodeLibraryPakFileMountedCallback: pending pak file info (ChunkID:-1 Root:root:/ File:C:/Program Files/Epic Games/UE_4.27.2_source/FeaturePacks/TP_Rolling.upack)
[2022.08.16-14.41.43:759][  0]LogPakFile: OnPakFileMounted2Time == 0.000327
[2022.08.16-14.41.43:764][  0]LogShaderLibrary: Display: ShaderCodeLibraryPakFileMountedCallback: PakFile 'C:/Program Files/Epic Games/UE_4.27.2_source/FeaturePacks/TP_RollingBP.upack' (chunk index -1, root 'root:/') mounted
[2022.08.16-14.41.43:765][  0]LogShaderLibrary: Display: ShaderCodeLibraryPakFileMountedCallback: pending pak file info (ChunkID:-1 Root:root:/ File:C:/Program Files/Epic Games/UE_4.27.2_source/FeaturePacks/TP_RollingBP.upack)
[2022.08.16-14.41.43:765][  0]LogPakFile: OnPakFileMounted2Time == 0.000360
[2022.08.16-14.41.43:771][  0]LogShaderLibrary: Display: ShaderCodeLibraryPakFileMountedCallback: PakFile 'C:/Program Files/Epic Games/UE_4.27.2_source/FeaturePacks/TP_SideScroller.upack' (chunk index -1, root 'root:/') mounted
[2022.08.16-14.41.43:771][  0]LogShaderLibrary: Display: ShaderCodeLibraryPakFileMountedCallback: pending pak file info (ChunkID:-1 Root:root:/ File:C:/Program Files/Epic Games/UE_4.27.2_source/FeaturePacks/TP_SideScroller.upack)
[2022.08.16-14.41.43:771][  0]LogPakFile: OnPakFileMounted2Time == 0.000391
[2022.08.16-14.41.43:777][  0]LogShaderLibrary: Display: ShaderCodeLibraryPakFileMountedCallback: PakFile 'C:/Program Files/Epic Games/UE_4.27.2_source/FeaturePacks/TP_SideScrollerBP.upack' (chunk index -1, root 'root:/') mounted
[2022.08.16-14.41.43:777][  0]LogShaderLibrary: Display: ShaderCodeLibraryPakFileMountedCallback: pending pak file info (ChunkID:-1 Root:root:/ File:C:/Program Files/Epic Games/UE_4.27.2_source/FeaturePacks/TP_SideScrollerBP.upack)
[2022.08.16-14.41.43:777][  0]LogPakFile: OnPakFileMounted2Time == 0.000400
[2022.08.16-14.41.43:782][  0]LogShaderLibrary: Display: ShaderCodeLibraryPakFileMountedCallback: PakFile 'C:/Program Files/Epic Games/UE_4.27.2_source/FeaturePacks/TP_ThirdPerson.upack' (chunk index -1, root 'root:/') mounted
[2022.08.16-14.41.43:783][  0]LogShaderLibrary: Display: ShaderCodeLibraryPakFileMountedCallback: pending pak file info (ChunkID:-1 Root:root:/ File:C:/Program Files/Epic Games/UE_4.27.2_source/FeaturePacks/TP_ThirdPerson.upack)
[2022.08.16-14.41.43:783][  0]LogPakFile: OnPakFileMounted2Time == 0.000271
[2022.08.16-14.41.43:789][  0]LogShaderLibrary: Display: ShaderCodeLibraryPakFileMountedCallback: PakFile 'C:/Program Files/Epic Games/UE_4.27.2_source/FeaturePacks/TP_ThirdPersonBP.upack' (chunk index -1, root 'root:/') mounted
[2022.08.16-14.41.43:789][  0]LogShaderLibrary: Display: ShaderCodeLibraryPakFileMountedCallback: pending pak file info (ChunkID:-1 Root:root:/ File:C:/Program Files/Epic Games/UE_4.27.2_source/FeaturePacks/TP_ThirdPersonBP.upack)
[2022.08.16-14.41.43:789][  0]LogPakFile: OnPakFileMounted2Time == 0.000472
[2022.08.16-14.41.43:795][  0]LogShaderLibrary: Display: ShaderCodeLibraryPakFileMountedCallback: PakFile 'C:/Program Files/Epic Games/UE_4.27.2_source/FeaturePacks/TP_TopDown.upack' (chunk index -1, root 'root:/') mounted
[2022.08.16-14.41.43:795][  0]LogShaderLibrary: Display: ShaderCodeLibraryPakFileMountedCallback: pending pak file info (ChunkID:-1 Root:root:/ File:C:/Program Files/Epic Games/UE_4.27.2_source/FeaturePacks/TP_TopDown.upack)
[2022.08.16-14.41.43:795][  0]LogPakFile: OnPakFileMounted2Time == 0.000271
[2022.08.16-14.41.43:802][  0]LogShaderLibrary: Display: ShaderCodeLibraryPakFileMountedCallback: PakFile 'C:/Program Files/Epic Games/UE_4.27.2_source/FeaturePacks/TP_TopDownBP.upack' (chunk index -1, root 'root:/') mounted
[2022.08.16-14.41.43:802][  0]LogShaderLibrary: Display: ShaderCodeLibraryPakFileMountedCallback: pending pak file info (ChunkID:-1 Root:root:/ File:C:/Program Files/Epic Games/UE_4.27.2_source/FeaturePacks/TP_TopDownBP.upack)
[2022.08.16-14.41.43:802][  0]LogPakFile: OnPakFileMounted2Time == 0.000421
[2022.08.16-14.41.43:808][  0]LogShaderLibrary: Display: ShaderCodeLibraryPakFileMountedCallback: PakFile 'C:/Program Files/Epic Games/UE_4.27.2_source/FeaturePacks/TP_TwinStick.upack' (chunk index -1, root 'root:/') mounted
[2022.08.16-14.41.43:808][  0]LogShaderLibrary: Display: ShaderCodeLibraryPakFileMountedCallback: pending pak file info (ChunkID:-1 Root:root:/ File:C:/Program Files/Epic Games/UE_4.27.2_source/FeaturePacks/TP_TwinStick.upack)
[2022.08.16-14.41.43:808][  0]LogPakFile: OnPakFileMounted2Time == 0.000400
[2022.08.16-14.41.43:813][  0]LogShaderLibrary: Display: ShaderCodeLibraryPakFileMountedCallback: PakFile 'C:/Program Files/Epic Games/UE_4.27.2_source/FeaturePacks/TP_TwinStickBP.upack' (chunk index -1, root 'root:/') mounted
[2022.08.16-14.41.43:813][  0]LogShaderLibrary: Display: ShaderCodeLibraryPakFileMountedCallback: pending pak file info (ChunkID:-1 Root:root:/ File:C:/Program Files/Epic Games/UE_4.27.2_source/FeaturePacks/TP_TwinStickBP.upack)
[2022.08.16-14.41.43:814][  0]LogPakFile: OnPakFileMounted2Time == 0.000314
[2022.08.16-14.41.43:820][  0]LogShaderLibrary: Display: ShaderCodeLibraryPakFileMountedCallback: PakFile 'C:/Program Files/Epic Games/UE_4.27.2_source/FeaturePacks/TP_Vehicle.upack' (chunk index -1, root 'root:/') mounted
[2022.08.16-14.41.43:820][  0]LogShaderLibrary: Display: ShaderCodeLibraryPakFileMountedCallback: pending pak file info (ChunkID:-1 Root:root:/ File:C:/Program Files/Epic Games/UE_4.27.2_source/FeaturePacks/TP_Vehicle.upack)
[2022.08.16-14.41.43:820][  0]LogPakFile: OnPakFileMounted2Time == 0.000335
[2022.08.16-14.41.43:826][  0]LogShaderLibrary: Display: ShaderCodeLibraryPakFileMountedCallback: PakFile 'C:/Program Files/Epic Games/UE_4.27.2_source/FeaturePacks/TP_VehicleAdv.upack' (chunk index -1, root 'root:/') mounted
[2022.08.16-14.41.43:826][  0]LogShaderLibrary: Display: ShaderCodeLibraryPakFileMountedCallback: pending pak file info (ChunkID:-1 Root:root:/ File:C:/Program Files/Epic Games/UE_4.27.2_source/FeaturePacks/TP_VehicleAdv.upack)
[2022.08.16-14.41.43:826][  0]LogPakFile: OnPakFileMounted2Time == 0.000334
[2022.08.16-14.41.43:832][  0]LogShaderLibrary: Display: ShaderCodeLibraryPakFileMountedCallback: PakFile 'C:/Program Files/Epic Games/UE_4.27.2_source/FeaturePacks/TP_VehicleAdvBP.upack' (chunk index -1, root 'root:/') mounted
[2022.08.16-14.41.43:832][  0]LogShaderLibrary: Display: ShaderCodeLibraryPakFileMountedCallback: pending pak file info (ChunkID:-1 Root:root:/ File:C:/Program Files/Epic Games/UE_4.27.2_source/FeaturePacks/TP_VehicleAdvBP.upack)
[2022.08.16-14.41.43:832][  0]LogPakFile: OnPakFileMounted2Time == 0.000293
[2022.08.16-14.41.43:838][  0]LogShaderLibrary: Display: ShaderCodeLibraryPakFileMountedCallback: PakFile 'C:/Program Files/Epic Games/UE_4.27.2_source/FeaturePacks/TP_VehicleBP.upack' (chunk index -1, root 'root:/') mounted
[2022.08.16-14.41.43:838][  0]LogShaderLibrary: Display: ShaderCodeLibraryPakFileMountedCallback: pending pak file info (ChunkID:-1 Root:root:/ File:C:/Program Files/Epic Games/UE_4.27.2_source/FeaturePacks/TP_VehicleBP.upack)
[2022.08.16-14.41.43:838][  0]LogPakFile: OnPakFileMounted2Time == 0.000355
[2022.08.16-14.41.43:844][  0]LogPakFile: PakFile PrimaryIndexSize=192
[2022.08.16-14.41.43:844][  0]LogPakFile: PakFile PathHashIndexSize=101
[2022.08.16-14.41.43:844][  0]LogPakFile: PakFile FullDirectoryIndexSize=158
[2022.08.16-14.41.43:844][  0]LogShaderLibrary: Display: ShaderCodeLibraryPakFileMountedCallback: PakFile 'C:/Program Files/Epic Games/UE_4.27.2_source/FeaturePacks/TP_VirtualRealityBP.upack' (chunk index -1, root 'root:/') mounted
[2022.08.16-14.41.43:844][  0]LogShaderLibrary: Display: ShaderCodeLibraryPakFileMountedCallback: pending pak file info (ChunkID:-1 Root:root:/ File:C:/Program Files/Epic Games/UE_4.27.2_source/FeaturePacks/TP_VirtualRealityBP.upack)
[2022.08.16-14.41.43:844][  0]LogPakFile: OnPakFileMounted2Time == 0.000270
[2022.08.16-14.41.44:099][  0]LogNativeClassHierarchy: Verbose: Native class hierarchy updated for 'AddContentDialog' in 0.0003 seconds. Added 0 classes and 0 folders.
[2022.08.16-14.41.44:106][  0]LogNativeClassHierarchy: Verbose: Native class hierarchy updated for 'SceneOutliner' in 0.0003 seconds. Added 2 classes and 0 folders.
[2022.08.16-14.41.44:240][  0]LogSlate: Took 0.005230 seconds to synchronously load lazily loaded font '../../../Engine/Content/Slate/Fonts/Roboto-Regular.ttf' (155K)
[2022.08.16-14.41.44:247][  0]LogSlate: Took 0.005364 seconds to synchronously load lazily loaded font '../../../Engine/Content/Editor/Slate/Fonts/FontAwesome.ttf' (139K)
[2022.08.16-14.41.44:252][  0]LogSlate: Took 0.004193 seconds to synchronously load lazily loaded font '../../../Engine/Content/Slate/Fonts/Roboto-Bold.ttf' (160K)
[2022.08.16-14.41.44:444][  0]LogRenderer: Reallocating scene render targets to support 1208x568 Format 10 NumSamples 1 (Frame:1).
[2022.08.16-14.41.44:532][  0]LogSlate: Took 0.005192 seconds to synchronously load lazily loaded font '../../../Engine/Content/Slate/Fonts/Roboto-Light.ttf' (167K)
[2022.08.16-14.41.44:627][  0]LogNativeClassHierarchy: Verbose: Native class hierarchy updated for 'HierarchicalLODOutliner' in 0.0003 seconds. Added 0 classes and 0 folders.
[2022.08.16-14.41.44:629][  0]LogLoad: (Engine Initialization) Total time: 41.13 seconds
[2022.08.16-14.41.44:629][  0]LogLoad: (Engine Initialization) Total Blueprint compile time: 0.00 seconds
[2022.08.16-14.41.44:703][  0]LogAssetRegistry: Asset discovery search completed in 25.8606 seconds
[2022.08.16-14.41.44:735][  0]LogCollectionManager: Fixed up redirectors for 0 collections in 0.000004 seconds (updated 0 objects)
[2022.08.16-14.41.44:751][  0]LogContentStreaming: Texture pool size now 1000 MB
[2022.08.16-14.41.49:807][598]LogFileCache: Retrieving MD5 hashes for directory 'C:/Users/Sagi/Documents/Unreal Projects/TwoDSSG 4.27/Content/' took 5.14s
